=============================================
Dataset: HHAR
Method:  TS-TCC
Mode:    train_linear
=============================================
Data loaded ...
Training started ....

Epoch : 1
Train Loss     : 1.4306	 | 	Train Accuracy     : 0.3815
Valid Loss     : 2.8191	 | 	Valid Accuracy     : 0.3242

Epoch : 2
Train Loss     : 0.9686	 | 	Train Accuracy     : 0.5378
Valid Loss     : 2.3151	 | 	Valid Accuracy     : 0.2969

Epoch : 3
Train Loss     : 0.7854	 | 	Train Accuracy     : 0.6133
Valid Loss     : 1.2530	 | 	Valid Accuracy     : 0.4844

Epoch : 4
Train Loss     : 0.6646	 | 	Train Accuracy     : 0.6862
Valid Loss     : 0.8044	 | 	Valid Accuracy     : 0.6953

Epoch : 5
Train Loss     : 0.6339	 | 	Train Accuracy     : 0.7227
Valid Loss     : 0.8105	 | 	Valid Accuracy     : 0.5430

Epoch : 6
Train Loss     : 0.5844	 | 	Train Accuracy     : 0.7318
Valid Loss     : 0.6680	 | 	Valid Accuracy     : 0.7500

Epoch : 7
Train Loss     : 0.5343	 | 	Train Accuracy     : 0.7852
Valid Loss     : 0.6526	 | 	Valid Accuracy     : 0.7148

Epoch : 8
Train Loss     : 0.5412	 | 	Train Accuracy     : 0.7578
Valid Loss     : 0.6170	 | 	Valid Accuracy     : 0.7305

Epoch : 9
Train Loss     : 0.5322	 | 	Train Accuracy     : 0.7865
Valid Loss     : 0.6060	 | 	Valid Accuracy     : 0.7656

Epoch : 10
Train Loss     : 0.5056	 | 	Train Accuracy     : 0.7773
Valid Loss     : 0.5956	 | 	Valid Accuracy     : 0.7227

Epoch : 11
Train Loss     : 0.4876	 | 	Train Accuracy     : 0.7969
Valid Loss     : 0.5693	 | 	Valid Accuracy     : 0.8242

Epoch : 12
Train Loss     : 0.4472	 | 	Train Accuracy     : 0.8359
Valid Loss     : 0.5623	 | 	Valid Accuracy     : 0.8086

Epoch : 13
Train Loss     : 0.4854	 | 	Train Accuracy     : 0.7799
Valid Loss     : 0.5459	 | 	Valid Accuracy     : 0.8320

Epoch : 14
Train Loss     : 0.4080	 | 	Train Accuracy     : 0.8503
Valid Loss     : 0.5094	 | 	Valid Accuracy     : 0.8516

Epoch : 15
Train Loss     : 0.4216	 | 	Train Accuracy     : 0.8451
Valid Loss     : 0.5413	 | 	Valid Accuracy     : 0.8359

Epoch : 16
Train Loss     : 0.4073	 | 	Train Accuracy     : 0.8424
Valid Loss     : 0.5166	 | 	Valid Accuracy     : 0.8125

Epoch : 17
Train Loss     : 0.3736	 | 	Train Accuracy     : 0.8633
Valid Loss     : 0.4946	 | 	Valid Accuracy     : 0.8438

Epoch : 18
Train Loss     : 0.4160	 | 	Train Accuracy     : 0.8464
Valid Loss     : 0.5089	 | 	Valid Accuracy     : 0.8320

Epoch : 19
Train Loss     : 0.4335	 | 	Train Accuracy     : 0.8060
Valid Loss     : 0.4991	 | 	Valid Accuracy     : 0.8320

Epoch : 20
Train Loss     : 0.3664	 | 	Train Accuracy     : 0.8711
Valid Loss     : 0.4643	 | 	Valid Accuracy     : 0.8789

Epoch : 21
Train Loss     : 0.3642	 | 	Train Accuracy     : 0.8698
Valid Loss     : 0.4719	 | 	Valid Accuracy     : 0.9102

Epoch : 22
Train Loss     : 0.3627	 | 	Train Accuracy     : 0.8607
Valid Loss     : 0.5145	 | 	Valid Accuracy     : 0.7891

Epoch : 23
Train Loss     : 0.3312	 | 	Train Accuracy     : 0.8776
Valid Loss     : 0.4698	 | 	Valid Accuracy     : 0.8711

Epoch : 24
Train Loss     : 0.3330	 | 	Train Accuracy     : 0.8828
Valid Loss     : 0.4433	 | 	Valid Accuracy     : 0.8711

Epoch : 25
Train Loss     : 0.3285	 | 	Train Accuracy     : 0.8698
Valid Loss     : 0.4518	 | 	Valid Accuracy     : 0.8633

Epoch : 26
Train Loss     : 0.2906	 | 	Train Accuracy     : 0.9180
Valid Loss     : 0.4233	 | 	Valid Accuracy     : 0.8984

Epoch : 27
Train Loss     : 0.2877	 | 	Train Accuracy     : 0.9206
Valid Loss     : 0.4121	 | 	Valid Accuracy     : 0.8945

Epoch : 28
Train Loss     : 0.2688	 | 	Train Accuracy     : 0.9323
Valid Loss     : 0.4214	 | 	Valid Accuracy     : 0.8906

Epoch : 29
Train Loss     : 0.2858	 | 	Train Accuracy     : 0.9128
Valid Loss     : 0.4196	 | 	Valid Accuracy     : 0.8945

Epoch : 30
Train Loss     : 0.2705	 | 	Train Accuracy     : 0.9154
Valid Loss     : 0.4068	 | 	Valid Accuracy     : 0.8906

Epoch : 31
Train Loss     : 0.2756	 | 	Train Accuracy     : 0.8932
Valid Loss     : 0.4222	 | 	Valid Accuracy     : 0.8984

Epoch : 32
Train Loss     : 0.2934	 | 	Train Accuracy     : 0.8880
Valid Loss     : 0.4443	 | 	Valid Accuracy     : 0.8320

Epoch : 33
Train Loss     : 0.3020	 | 	Train Accuracy     : 0.8880
Valid Loss     : 0.4536	 | 	Valid Accuracy     : 0.8789

Epoch : 34
Train Loss     : 0.2733	 | 	Train Accuracy     : 0.9062
Valid Loss     : 0.4024	 | 	Valid Accuracy     : 0.8750

Epoch : 35
Train Loss     : 0.2742	 | 	Train Accuracy     : 0.8971
Valid Loss     : 0.3916	 | 	Valid Accuracy     : 0.9102

Epoch : 36
Train Loss     : 0.2475	 | 	Train Accuracy     : 0.9271
Valid Loss     : 0.3972	 | 	Valid Accuracy     : 0.8906

Epoch : 37
Train Loss     : 0.2497	 | 	Train Accuracy     : 0.9219
Valid Loss     : 0.4063	 | 	Valid Accuracy     : 0.8945

Epoch : 38
Train Loss     : 0.2439	 | 	Train Accuracy     : 0.9271
Valid Loss     : 0.3935	 | 	Valid Accuracy     : 0.9062

Epoch : 39
Train Loss     : 0.2568	 | 	Train Accuracy     : 0.9193
Valid Loss     : 0.4048	 | 	Valid Accuracy     : 0.8906

Epoch : 40
Train Loss     : 0.2475	 | 	Train Accuracy     : 0.9167
Valid Loss     : 0.4129	 | 	Valid Accuracy     : 0.8711

Evaluate on the Test set:
Test loss      :9.0367	 | Test Accuracy      : 0.1528

################## Training is Done! #########################
Training time is : 0:00:08.152522
