=============================================
Dataset: Epilepsy
Method:  TS-TCC
Mode:    self_supervised
=============================================
Data loaded ...
Training started ....

Epoch : 1
Train Loss     : 26.1342	 | 	Train Accuracy     : 0.0000


Epoch : 2
Train Loss     : 24.7155	 | 	Train Accuracy     : 0.0000


Epoch : 3
Train Loss     : 24.1801	 | 	Train Accuracy     : 0.0000


Epoch : 4
Train Loss     : 23.7061	 | 	Train Accuracy     : 0.0000


Epoch : 5
Train Loss     : 23.5215	 | 	Train Accuracy     : 0.0000


Epoch : 6
Train Loss     : 23.1737	 | 	Train Accuracy     : 0.0000


Epoch : 7
Train Loss     : 23.0714	 | 	Train Accuracy     : 0.0000


Epoch : 8
Train Loss     : 23.1032	 | 	Train Accuracy     : 0.0000


Epoch : 9
Train Loss     : 22.7020	 | 	Train Accuracy     : 0.0000


Epoch : 10
Train Loss     : 22.6820	 | 	Train Accuracy     : 0.0000


Epoch : 11
Train Loss     : 22.3476	 | 	Train Accuracy     : 0.0000


Epoch : 12
Train Loss     : 22.2908	 | 	Train Accuracy     : 0.0000


Epoch : 13
Train Loss     : 22.2529	 | 	Train Accuracy     : 0.0000


Epoch : 14
Train Loss     : 22.2083	 | 	Train Accuracy     : 0.0000


Epoch : 15
Train Loss     : 21.9776	 | 	Train Accuracy     : 0.0000


Epoch : 16
Train Loss     : 21.9092	 | 	Train Accuracy     : 0.0000


Epoch : 17
Train Loss     : 21.7265	 | 	Train Accuracy     : 0.0000


Epoch : 18
Train Loss     : 21.8757	 | 	Train Accuracy     : 0.0000


Epoch : 19
Train Loss     : 21.6060	 | 	Train Accuracy     : 0.0000


Epoch : 20
Train Loss     : 21.4355	 | 	Train Accuracy     : 0.0000


Epoch : 21
Train Loss     : 21.4983	 | 	Train Accuracy     : 0.0000


Epoch : 22
Train Loss     : 21.3796	 | 	Train Accuracy     : 0.0000


Epoch : 23
Train Loss     : 21.3060	 | 	Train Accuracy     : 0.0000


Epoch : 24
Train Loss     : 21.1917	 | 	Train Accuracy     : 0.0000


Epoch : 25
Train Loss     : 21.2557	 | 	Train Accuracy     : 0.0000


Epoch : 26
Train Loss     : 21.0650	 | 	Train Accuracy     : 0.0000


Epoch : 27
Train Loss     : 21.1088	 | 	Train Accuracy     : 0.0000


Epoch : 28
Train Loss     : 20.9538	 | 	Train Accuracy     : 0.0000


Epoch : 29
Train Loss     : 20.7902	 | 	Train Accuracy     : 0.0000


Epoch : 30
Train Loss     : 20.6668	 | 	Train Accuracy     : 0.0000


Epoch : 31
Train Loss     : 20.6402	 | 	Train Accuracy     : 0.0000


Epoch : 32
Train Loss     : 20.8342	 | 	Train Accuracy     : 0.0000


Epoch : 33
Train Loss     : 20.5870	 | 	Train Accuracy     : 0.0000


Epoch : 34
Train Loss     : 20.4440	 | 	Train Accuracy     : 0.0000


Epoch : 35
Train Loss     : 20.5266	 | 	Train Accuracy     : 0.0000


Epoch : 36
Train Loss     : 20.4081	 | 	Train Accuracy     : 0.0000


Epoch : 37
Train Loss     : 20.3508	 | 	Train Accuracy     : 0.0000


Epoch : 38
Train Loss     : 20.2187	 | 	Train Accuracy     : 0.0000


Epoch : 39
Train Loss     : 20.4212	 | 	Train Accuracy     : 0.0000


Epoch : 40
Train Loss     : 20.1850	 | 	Train Accuracy     : 0.0000


################## Training is Done! #########################
Training time is : 0:20:24.765056
