=============================================
Dataset: Epilepsy
Method:  TS-TCC
Mode:    self_supervised
=============================================
Data loaded ...
Training started ....

Epoch : 1
Train Loss     : 26.1104	 | 	Train Accuracy     : 0.0000


Epoch : 2
Train Loss     : 24.5666	 | 	Train Accuracy     : 0.0000


Epoch : 3
Train Loss     : 24.1443	 | 	Train Accuracy     : 0.0000


Epoch : 4
Train Loss     : 23.6926	 | 	Train Accuracy     : 0.0000


Epoch : 5
Train Loss     : 23.3774	 | 	Train Accuracy     : 0.0000


Epoch : 6
Train Loss     : 23.0883	 | 	Train Accuracy     : 0.0000


Epoch : 7
Train Loss     : 23.0158	 | 	Train Accuracy     : 0.0000


Epoch : 8
Train Loss     : 22.7682	 | 	Train Accuracy     : 0.0000


Epoch : 9
Train Loss     : 22.7572	 | 	Train Accuracy     : 0.0000


Epoch : 10
Train Loss     : 22.5292	 | 	Train Accuracy     : 0.0000


Epoch : 11
Train Loss     : 22.4017	 | 	Train Accuracy     : 0.0000


Epoch : 12
Train Loss     : 22.3218	 | 	Train Accuracy     : 0.0000


Epoch : 13
Train Loss     : 22.1164	 | 	Train Accuracy     : 0.0000


Epoch : 14
Train Loss     : 21.9384	 | 	Train Accuracy     : 0.0000


Epoch : 15
Train Loss     : 21.9047	 | 	Train Accuracy     : 0.0000


Epoch : 16
Train Loss     : 21.7180	 | 	Train Accuracy     : 0.0000


Epoch : 17
Train Loss     : 21.7462	 | 	Train Accuracy     : 0.0000


Epoch : 18
Train Loss     : 21.6338	 | 	Train Accuracy     : 0.0000


Epoch : 19
Train Loss     : 21.5387	 | 	Train Accuracy     : 0.0000


Epoch : 20
Train Loss     : 21.5639	 | 	Train Accuracy     : 0.0000


Epoch : 21
Train Loss     : 21.3997	 | 	Train Accuracy     : 0.0000


Epoch : 22
Train Loss     : 21.5327	 | 	Train Accuracy     : 0.0000


Epoch : 23
Train Loss     : 21.3437	 | 	Train Accuracy     : 0.0000


Epoch : 24
Train Loss     : 21.1844	 | 	Train Accuracy     : 0.0000


Epoch : 25
Train Loss     : 20.9890	 | 	Train Accuracy     : 0.0000


Epoch : 26
Train Loss     : 21.0357	 | 	Train Accuracy     : 0.0000


Epoch : 27
Train Loss     : 20.8402	 | 	Train Accuracy     : 0.0000


Epoch : 28
Train Loss     : 21.2573	 | 	Train Accuracy     : 0.0000


Epoch : 29
Train Loss     : 20.8706	 | 	Train Accuracy     : 0.0000


Epoch : 30
Train Loss     : 20.8727	 | 	Train Accuracy     : 0.0000


Epoch : 31
Train Loss     : 20.8229	 | 	Train Accuracy     : 0.0000


Epoch : 32
Train Loss     : 20.5329	 | 	Train Accuracy     : 0.0000


Epoch : 33
Train Loss     : 20.8067	 | 	Train Accuracy     : 0.0000


Epoch : 34
Train Loss     : 20.5536	 | 	Train Accuracy     : 0.0000


Epoch : 35
Train Loss     : 20.4746	 | 	Train Accuracy     : 0.0000


Epoch : 36
Train Loss     : 20.5205	 | 	Train Accuracy     : 0.0000


Epoch : 37
Train Loss     : 20.4064	 | 	Train Accuracy     : 0.0000


Epoch : 38
Train Loss     : 20.3857	 | 	Train Accuracy     : 0.0000


Epoch : 39
Train Loss     : 20.3281	 | 	Train Accuracy     : 0.0000


Epoch : 40
Train Loss     : 20.1821	 | 	Train Accuracy     : 0.0000


################## Training is Done! #########################
Training time is : 0:28:16.093762
