=============================================
Dataset: pFD
Method:  TS-TCC
Mode:    train_linear
=============================================
Data loaded ...
Training started ....

Epoch : 1
Train Loss     : 0.1388	 | 	Train Accuracy     : 0.9434
Valid Loss     : 0.0151	 | 	Valid Accuracy     : 0.9982

Epoch : 2
Train Loss     : 0.0464	 | 	Train Accuracy     : 0.9842
Valid Loss     : 0.0110	 | 	Valid Accuracy     : 0.9978

Epoch : 3
Train Loss     : 0.0378	 | 	Train Accuracy     : 0.9871
Valid Loss     : 0.0046	 | 	Valid Accuracy     : 0.9989

Epoch : 4
Train Loss     : 0.0355	 | 	Train Accuracy     : 0.9865
Valid Loss     : 0.0084	 | 	Valid Accuracy     : 0.9974

Epoch : 5
Train Loss     : 0.0294	 | 	Train Accuracy     : 0.9895
Valid Loss     : 0.0058	 | 	Valid Accuracy     : 0.9985

Epoch : 6
Train Loss     : 0.0320	 | 	Train Accuracy     : 0.9895
Valid Loss     : 0.0020	 | 	Valid Accuracy     : 0.9996

Epoch : 7
Train Loss     : 0.0301	 | 	Train Accuracy     : 0.9897
Valid Loss     : 0.0020	 | 	Valid Accuracy     : 0.9996

Epoch : 8
Train Loss     : 0.0192	 | 	Train Accuracy     : 0.9919
Valid Loss     : 0.0041	 | 	Valid Accuracy     : 0.9985

Epoch : 9
Train Loss     : 0.0199	 | 	Train Accuracy     : 0.9928
Valid Loss     : 0.0041	 | 	Valid Accuracy     : 0.9985

Epoch : 10
Train Loss     : 0.0161	 | 	Train Accuracy     : 0.9944
Valid Loss     : 0.0032	 | 	Valid Accuracy     : 0.9989

Epoch : 11
Train Loss     : 0.0362	 | 	Train Accuracy     : 0.9885
Valid Loss     : 0.0082	 | 	Valid Accuracy     : 0.9974

Epoch : 12
Train Loss     : 0.0123	 | 	Train Accuracy     : 0.9951
Valid Loss     : 0.0222	 | 	Valid Accuracy     : 0.9901

Epoch : 13
Train Loss     : 0.0216	 | 	Train Accuracy     : 0.9933
Valid Loss     : 0.0030	 | 	Valid Accuracy     : 0.9993

Epoch : 14
Train Loss     : 0.0177	 | 	Train Accuracy     : 0.9928
Valid Loss     : 0.0064	 | 	Valid Accuracy     : 0.9971

Epoch : 15
Train Loss     : 0.0177	 | 	Train Accuracy     : 0.9929
Valid Loss     : 0.0021	 | 	Valid Accuracy     : 0.9996

Epoch : 16
Train Loss     : 0.0103	 | 	Train Accuracy     : 0.9967
Valid Loss     : 0.0013	 | 	Valid Accuracy     : 0.9996

Epoch : 17
Train Loss     : 0.0336	 | 	Train Accuracy     : 0.9900
Valid Loss     : 0.0124	 | 	Valid Accuracy     : 0.9952

Epoch : 18
Train Loss     : 0.0124	 | 	Train Accuracy     : 0.9955
Valid Loss     : 0.0091	 | 	Valid Accuracy     : 0.9960

Epoch : 19
Train Loss     : 0.0127	 | 	Train Accuracy     : 0.9953
Valid Loss     : 0.0068	 | 	Valid Accuracy     : 0.9971

Epoch : 20
Train Loss     : 0.0150	 | 	Train Accuracy     : 0.9966
Valid Loss     : 0.0013	 | 	Valid Accuracy     : 1.0000

Epoch : 21
Train Loss     : 0.0159	 | 	Train Accuracy     : 0.9934
Valid Loss     : 0.0017	 | 	Valid Accuracy     : 0.9996

Epoch : 22
Train Loss     : 0.0118	 | 	Train Accuracy     : 0.9961
Valid Loss     : 0.0013	 | 	Valid Accuracy     : 1.0000

Epoch : 23
Train Loss     : 0.0187	 | 	Train Accuracy     : 0.9939
Valid Loss     : 0.0342	 | 	Valid Accuracy     : 0.9879

Epoch : 24
Train Loss     : 0.0138	 | 	Train Accuracy     : 0.9971
Valid Loss     : 0.0023	 | 	Valid Accuracy     : 0.9996

Epoch : 25
Train Loss     : 0.0082	 | 	Train Accuracy     : 0.9971
Valid Loss     : 0.0008	 | 	Valid Accuracy     : 1.0000

Epoch : 26
Train Loss     : 0.0081	 | 	Train Accuracy     : 0.9977
Valid Loss     : 0.0012	 | 	Valid Accuracy     : 1.0000

Epoch : 27
Train Loss     : 0.0148	 | 	Train Accuracy     : 0.9957
Valid Loss     : 0.0018	 | 	Valid Accuracy     : 0.9993

Epoch : 28
Train Loss     : 0.0056	 | 	Train Accuracy     : 0.9979
Valid Loss     : 0.0018	 | 	Valid Accuracy     : 0.9996

Epoch : 29
Train Loss     : 0.0101	 | 	Train Accuracy     : 0.9973
Valid Loss     : 0.0011	 | 	Valid Accuracy     : 0.9996

Epoch : 30
Train Loss     : 0.0051	 | 	Train Accuracy     : 0.9979
Valid Loss     : 0.0012	 | 	Valid Accuracy     : 0.9996

Epoch : 31
Train Loss     : 0.0139	 | 	Train Accuracy     : 0.9953
Valid Loss     : 0.0026	 | 	Valid Accuracy     : 0.9993

Epoch : 32
Train Loss     : 0.0127	 | 	Train Accuracy     : 0.9953
Valid Loss     : 0.0016	 | 	Valid Accuracy     : 0.9993

Epoch : 33
Train Loss     : 0.0089	 | 	Train Accuracy     : 0.9966
Valid Loss     : 0.0007	 | 	Valid Accuracy     : 0.9996

Epoch : 34
Train Loss     : 0.0066	 | 	Train Accuracy     : 0.9975
Valid Loss     : 0.0008	 | 	Valid Accuracy     : 1.0000

Epoch : 35
Train Loss     : 0.0043	 | 	Train Accuracy     : 0.9985
Valid Loss     : 0.0006	 | 	Valid Accuracy     : 1.0000

Epoch : 36
Train Loss     : 0.0069	 | 	Train Accuracy     : 0.9972
Valid Loss     : 0.0008	 | 	Valid Accuracy     : 0.9996

Epoch : 37
Train Loss     : 0.0033	 | 	Train Accuracy     : 0.9989
Valid Loss     : 0.0260	 | 	Valid Accuracy     : 0.9912

Epoch : 38
Train Loss     : 0.0150	 | 	Train Accuracy     : 0.9949
Valid Loss     : 0.0007	 | 	Valid Accuracy     : 0.9996

Epoch : 39
Train Loss     : 0.0068	 | 	Train Accuracy     : 0.9977
Valid Loss     : 0.0015	 | 	Valid Accuracy     : 0.9996

Epoch : 40
Train Loss     : 0.0060	 | 	Train Accuracy     : 0.9977
Valid Loss     : 0.0018	 | 	Valid Accuracy     : 0.9996

Evaluate on the Test set:
Test loss      :12.5441	 | Test Accuracy      : 0.5422

################## Training is Done! #########################
Training time is : 0:20:25.165025
