=============================================
Dataset: Epilepsy
Method:  TS-TCC
Mode:    self_supervised
=============================================
Data loaded ...
Training started ....

Epoch : 1
Train Loss     : 26.2824	 | 	Train Accuracy     : 0.0000


Epoch : 2
Train Loss     : 24.5641	 | 	Train Accuracy     : 0.0000


Epoch : 3
Train Loss     : 24.1263	 | 	Train Accuracy     : 0.0000


Epoch : 4
Train Loss     : 23.6959	 | 	Train Accuracy     : 0.0000


Epoch : 5
Train Loss     : 23.4803	 | 	Train Accuracy     : 0.0000


Epoch : 6
Train Loss     : 23.2012	 | 	Train Accuracy     : 0.0000


Epoch : 7
Train Loss     : 23.1285	 | 	Train Accuracy     : 0.0000


Epoch : 8
Train Loss     : 22.8850	 | 	Train Accuracy     : 0.0000


Epoch : 9
Train Loss     : 22.7964	 | 	Train Accuracy     : 0.0000


Epoch : 10
Train Loss     : 22.6078	 | 	Train Accuracy     : 0.0000


Epoch : 11
Train Loss     : 22.3410	 | 	Train Accuracy     : 0.0000


Epoch : 12
Train Loss     : 22.2953	 | 	Train Accuracy     : 0.0000


Epoch : 13
Train Loss     : 22.0178	 | 	Train Accuracy     : 0.0000


Epoch : 14
Train Loss     : 22.0547	 | 	Train Accuracy     : 0.0000


Epoch : 15
Train Loss     : 22.0846	 | 	Train Accuracy     : 0.0000


Epoch : 16
Train Loss     : 21.7838	 | 	Train Accuracy     : 0.0000


Epoch : 17
Train Loss     : 21.8048	 | 	Train Accuracy     : 0.0000


Epoch : 18
Train Loss     : 21.8601	 | 	Train Accuracy     : 0.0000


Epoch : 19
Train Loss     : 21.7346	 | 	Train Accuracy     : 0.0000


Epoch : 20
Train Loss     : 21.5513	 | 	Train Accuracy     : 0.0000


Epoch : 21
Train Loss     : 21.2893	 | 	Train Accuracy     : 0.0000


Epoch : 22
Train Loss     : 21.3006	 | 	Train Accuracy     : 0.0000


Epoch : 23
Train Loss     : 21.4617	 | 	Train Accuracy     : 0.0000


Epoch : 24
Train Loss     : 21.2791	 | 	Train Accuracy     : 0.0000


Epoch : 25
Train Loss     : 21.2161	 | 	Train Accuracy     : 0.0000


Epoch : 26
Train Loss     : 21.2436	 | 	Train Accuracy     : 0.0000


Epoch : 27
Train Loss     : 21.1552	 | 	Train Accuracy     : 0.0000


Epoch : 28
Train Loss     : 20.9226	 | 	Train Accuracy     : 0.0000


Epoch : 29
Train Loss     : 20.8142	 | 	Train Accuracy     : 0.0000


Epoch : 30
Train Loss     : 20.8385	 | 	Train Accuracy     : 0.0000


Epoch : 31
Train Loss     : 20.9359	 | 	Train Accuracy     : 0.0000


Epoch : 32
Train Loss     : 20.6351	 | 	Train Accuracy     : 0.0000


Epoch : 33
Train Loss     : 20.7734	 | 	Train Accuracy     : 0.0000


Epoch : 34
Train Loss     : 20.5738	 | 	Train Accuracy     : 0.0000


Epoch : 35
Train Loss     : 20.6519	 | 	Train Accuracy     : 0.0000


Epoch : 36
Train Loss     : 20.4201	 | 	Train Accuracy     : 0.0000


Epoch : 37
Train Loss     : 20.3694	 | 	Train Accuracy     : 0.0000


Epoch : 38
Train Loss     : 20.3789	 | 	Train Accuracy     : 0.0000


Epoch : 39
Train Loss     : 20.1257	 | 	Train Accuracy     : 0.0000


Epoch : 40
Train Loss     : 20.1928	 | 	Train Accuracy     : 0.0000


################## Training is Done! #########################
Training time is : 0:19:12.933509
