=============================================
Dataset: HAR
Method:  TS-TCC
Mode:    self_supervised
=============================================
Data loaded ...
Training started ....

Epoch : 1
Train Loss     : 27.2352	 | 	Train Accuracy     : 0.0000


Epoch : 2
Train Loss     : 25.5145	 | 	Train Accuracy     : 0.0000


Epoch : 3
Train Loss     : 24.9262	 | 	Train Accuracy     : 0.0000


Epoch : 4
Train Loss     : 24.5774	 | 	Train Accuracy     : 0.0000


Epoch : 5
Train Loss     : 24.3231	 | 	Train Accuracy     : 0.0000


Epoch : 6
Train Loss     : 24.2284	 | 	Train Accuracy     : 0.0000


Epoch : 7
Train Loss     : 24.0301	 | 	Train Accuracy     : 0.0000


Epoch : 8
Train Loss     : 23.9617	 | 	Train Accuracy     : 0.0000


Epoch : 9
Train Loss     : 23.9187	 | 	Train Accuracy     : 0.0000


Epoch : 10
Train Loss     : 23.7437	 | 	Train Accuracy     : 0.0000


Epoch : 11
Train Loss     : 23.7501	 | 	Train Accuracy     : 0.0000


Epoch : 12
Train Loss     : 23.6591	 | 	Train Accuracy     : 0.0000


Epoch : 13
Train Loss     : 23.6425	 | 	Train Accuracy     : 0.0000


Epoch : 14
Train Loss     : 23.6092	 | 	Train Accuracy     : 0.0000


Epoch : 15
Train Loss     : 23.5191	 | 	Train Accuracy     : 0.0000


Epoch : 16
Train Loss     : 23.5096	 | 	Train Accuracy     : 0.0000


Epoch : 17
Train Loss     : 23.4201	 | 	Train Accuracy     : 0.0000


Epoch : 18
Train Loss     : 23.4319	 | 	Train Accuracy     : 0.0000


Epoch : 19
Train Loss     : 23.3950	 | 	Train Accuracy     : 0.0000


Epoch : 20
Train Loss     : 23.3736	 | 	Train Accuracy     : 0.0000


Epoch : 21
Train Loss     : 23.3657	 | 	Train Accuracy     : 0.0000


Epoch : 22
Train Loss     : 23.3151	 | 	Train Accuracy     : 0.0000


Epoch : 23
Train Loss     : 23.2243	 | 	Train Accuracy     : 0.0000


Epoch : 24
Train Loss     : 23.2321	 | 	Train Accuracy     : 0.0000


Epoch : 25
Train Loss     : 23.2010	 | 	Train Accuracy     : 0.0000


Epoch : 26
Train Loss     : 23.1320	 | 	Train Accuracy     : 0.0000


Epoch : 27
Train Loss     : 23.0824	 | 	Train Accuracy     : 0.0000


Epoch : 28
Train Loss     : 23.1306	 | 	Train Accuracy     : 0.0000


Epoch : 29
Train Loss     : 22.9758	 | 	Train Accuracy     : 0.0000


Epoch : 30
Train Loss     : 23.1284	 | 	Train Accuracy     : 0.0000


Epoch : 31
Train Loss     : 23.0131	 | 	Train Accuracy     : 0.0000


Epoch : 32
Train Loss     : 23.0179	 | 	Train Accuracy     : 0.0000


Epoch : 33
Train Loss     : 22.9972	 | 	Train Accuracy     : 0.0000


Epoch : 34
Train Loss     : 22.9396	 | 	Train Accuracy     : 0.0000


Epoch : 35
Train Loss     : 22.9030	 | 	Train Accuracy     : 0.0000


Epoch : 36
Train Loss     : 22.8823	 | 	Train Accuracy     : 0.0000


Epoch : 37
Train Loss     : 22.8596	 | 	Train Accuracy     : 0.0000


Epoch : 38
Train Loss     : 22.8938	 | 	Train Accuracy     : 0.0000


Epoch : 39
Train Loss     : 22.7996	 | 	Train Accuracy     : 0.0000


Epoch : 40
Train Loss     : 22.6939	 | 	Train Accuracy     : 0.0000


################## Training is Done! #########################
Training time is : 0:19:17.061492
