=============================================
Dataset: pFD
Method:  TS-TCC
Mode:    self_supervised
=============================================
Data loaded ...
Training started ....

Epoch : 1
Train Loss     : 20.4954	 | 	Train Accuracy     : 0.0000


Epoch : 2
Train Loss     : 18.6457	 | 	Train Accuracy     : 0.0000


Epoch : 3
Train Loss     : 17.8592	 | 	Train Accuracy     : 0.0000


Epoch : 4
Train Loss     : 17.4382	 | 	Train Accuracy     : 0.0000


Epoch : 5
Train Loss     : 17.1506	 | 	Train Accuracy     : 0.0000


Epoch : 6
Train Loss     : 16.7782	 | 	Train Accuracy     : 0.0000


Epoch : 7
Train Loss     : 16.5676	 | 	Train Accuracy     : 0.0000


Epoch : 8
Train Loss     : 16.3975	 | 	Train Accuracy     : 0.0000


Epoch : 9
Train Loss     : 16.1929	 | 	Train Accuracy     : 0.0000


Epoch : 10
Train Loss     : 16.1347	 | 	Train Accuracy     : 0.0000


Epoch : 11
Train Loss     : 15.9720	 | 	Train Accuracy     : 0.0000


Epoch : 12
Train Loss     : 15.9322	 | 	Train Accuracy     : 0.0000


Epoch : 13
Train Loss     : 15.8648	 | 	Train Accuracy     : 0.0000


Epoch : 14
Train Loss     : 15.6586	 | 	Train Accuracy     : 0.0000


Epoch : 15
Train Loss     : 15.5444	 | 	Train Accuracy     : 0.0000


Epoch : 16
Train Loss     : 15.4567	 | 	Train Accuracy     : 0.0000


Epoch : 17
Train Loss     : 15.5430	 | 	Train Accuracy     : 0.0000


Epoch : 18
Train Loss     : 15.4328	 | 	Train Accuracy     : 0.0000


Epoch : 19
Train Loss     : 15.3005	 | 	Train Accuracy     : 0.0000


Epoch : 20
Train Loss     : 15.3043	 | 	Train Accuracy     : 0.0000


Epoch : 21
Train Loss     : 15.2849	 | 	Train Accuracy     : 0.0000


Epoch : 22
Train Loss     : 15.1979	 | 	Train Accuracy     : 0.0000


Epoch : 23
Train Loss     : 15.1120	 | 	Train Accuracy     : 0.0000


Epoch : 24
Train Loss     : 15.1494	 | 	Train Accuracy     : 0.0000


Epoch : 25
Train Loss     : 15.0191	 | 	Train Accuracy     : 0.0000


Epoch : 26
Train Loss     : 15.0487	 | 	Train Accuracy     : 0.0000


Epoch : 27
Train Loss     : 14.9706	 | 	Train Accuracy     : 0.0000


Epoch : 28
Train Loss     : 14.9078	 | 	Train Accuracy     : 0.0000


Epoch : 29
Train Loss     : 15.0052	 | 	Train Accuracy     : 0.0000


Epoch : 30
Train Loss     : 14.9167	 | 	Train Accuracy     : 0.0000


Epoch : 31
Train Loss     : 14.8353	 | 	Train Accuracy     : 0.0000


Epoch : 32
Train Loss     : 14.8285	 | 	Train Accuracy     : 0.0000


Epoch : 33
Train Loss     : 14.8078	 | 	Train Accuracy     : 0.0000


Epoch : 34
Train Loss     : 14.7873	 | 	Train Accuracy     : 0.0000


Epoch : 35
Train Loss     : 14.7342	 | 	Train Accuracy     : 0.0000


Epoch : 36
Train Loss     : 14.7660	 | 	Train Accuracy     : 0.0000


Epoch : 37
Train Loss     : 14.7346	 | 	Train Accuracy     : 0.0000


Epoch : 38
Train Loss     : 14.5942	 | 	Train Accuracy     : 0.0000


Epoch : 39
Train Loss     : 14.7281	 | 	Train Accuracy     : 0.0000


Epoch : 40
Train Loss     : 14.5927	 | 	Train Accuracy     : 0.0000


################## Training is Done! #########################
Training time is : 1:05:07.143852
