=============================================
Dataset: Epilepsy
Method:  TS-TCC
Mode:    self_supervised
=============================================
Data loaded ...
Training started ....

Epoch : 1
Train Loss     : 26.2686	 | 	Train Accuracy     : 0.0000


Epoch : 2
Train Loss     : 24.5497	 | 	Train Accuracy     : 0.0000


Epoch : 3
Train Loss     : 24.1172	 | 	Train Accuracy     : 0.0000


Epoch : 4
Train Loss     : 23.6316	 | 	Train Accuracy     : 0.0000


Epoch : 5
Train Loss     : 23.4724	 | 	Train Accuracy     : 0.0000


Epoch : 6
Train Loss     : 23.1958	 | 	Train Accuracy     : 0.0000


Epoch : 7
Train Loss     : 23.1228	 | 	Train Accuracy     : 0.0000


Epoch : 8
Train Loss     : 22.9047	 | 	Train Accuracy     : 0.0000


Epoch : 9
Train Loss     : 22.8160	 | 	Train Accuracy     : 0.0000


Epoch : 10
Train Loss     : 22.6281	 | 	Train Accuracy     : 0.0000


Epoch : 11
Train Loss     : 22.3573	 | 	Train Accuracy     : 0.0000


Epoch : 12
Train Loss     : 22.3163	 | 	Train Accuracy     : 0.0000


Epoch : 13
Train Loss     : 22.0452	 | 	Train Accuracy     : 0.0000


Epoch : 14
Train Loss     : 22.0608	 | 	Train Accuracy     : 0.0000


Epoch : 15
Train Loss     : 22.0891	 | 	Train Accuracy     : 0.0000


Epoch : 16
Train Loss     : 21.8008	 | 	Train Accuracy     : 0.0000


Epoch : 17
Train Loss     : 21.8032	 | 	Train Accuracy     : 0.0000


Epoch : 18
Train Loss     : 21.8839	 | 	Train Accuracy     : 0.0000


Epoch : 19
Train Loss     : 21.7432	 | 	Train Accuracy     : 0.0000


Epoch : 20
Train Loss     : 21.5676	 | 	Train Accuracy     : 0.0000


Epoch : 21
Train Loss     : 21.3114	 | 	Train Accuracy     : 0.0000


Epoch : 22
Train Loss     : 21.3263	 | 	Train Accuracy     : 0.0000


Epoch : 23
Train Loss     : 21.4636	 | 	Train Accuracy     : 0.0000


Epoch : 24
Train Loss     : 21.2851	 | 	Train Accuracy     : 0.0000


Epoch : 25
Train Loss     : 21.2288	 | 	Train Accuracy     : 0.0000


Epoch : 26
Train Loss     : 21.2510	 | 	Train Accuracy     : 0.0000


Epoch : 27
Train Loss     : 21.1565	 | 	Train Accuracy     : 0.0000


Epoch : 28
Train Loss     : 20.9402	 | 	Train Accuracy     : 0.0000


Epoch : 29
Train Loss     : 20.8165	 | 	Train Accuracy     : 0.0000


Epoch : 30
Train Loss     : 20.8518	 | 	Train Accuracy     : 0.0000


Epoch : 31
Train Loss     : 20.9553	 | 	Train Accuracy     : 0.0000


Epoch : 32
Train Loss     : 20.6506	 | 	Train Accuracy     : 0.0000


Epoch : 33
Train Loss     : 20.7719	 | 	Train Accuracy     : 0.0000


Epoch : 34
Train Loss     : 20.5926	 | 	Train Accuracy     : 0.0000


Epoch : 35
Train Loss     : 20.6653	 | 	Train Accuracy     : 0.0000


Epoch : 36
Train Loss     : 20.4428	 | 	Train Accuracy     : 0.0000


Epoch : 37
Train Loss     : 20.3847	 | 	Train Accuracy     : 0.0000


Epoch : 38
Train Loss     : 20.3928	 | 	Train Accuracy     : 0.0000


Epoch : 39
Train Loss     : 20.1611	 | 	Train Accuracy     : 0.0000


Epoch : 40
Train Loss     : 20.2330	 | 	Train Accuracy     : 0.0000


################## Training is Done! #########################
Training time is : 0:27:43.837015
