=============================================
Dataset: Epilepsy
Method:  TS-TCC
Mode:    self_supervised
=============================================
Data loaded ...
Training started ....

Epoch : 1
Train Loss     : 26.3490	 | 	Train Accuracy     : 0.0000


Epoch : 2
Train Loss     : 24.7900	 | 	Train Accuracy     : 0.0000


Epoch : 3
Train Loss     : 24.2064	 | 	Train Accuracy     : 0.0000


Epoch : 4
Train Loss     : 23.7714	 | 	Train Accuracy     : 0.0000


Epoch : 5
Train Loss     : 23.5156	 | 	Train Accuracy     : 0.0000


Epoch : 6
Train Loss     : 23.3094	 | 	Train Accuracy     : 0.0000


Epoch : 7
Train Loss     : 23.0982	 | 	Train Accuracy     : 0.0000


Epoch : 8
Train Loss     : 22.9824	 | 	Train Accuracy     : 0.0000


Epoch : 9
Train Loss     : 22.7920	 | 	Train Accuracy     : 0.0000


Epoch : 10
Train Loss     : 22.5520	 | 	Train Accuracy     : 0.0000


Epoch : 11
Train Loss     : 22.5737	 | 	Train Accuracy     : 0.0000


Epoch : 12
Train Loss     : 22.2650	 | 	Train Accuracy     : 0.0000


Epoch : 13
Train Loss     : 22.3419	 | 	Train Accuracy     : 0.0000


Epoch : 14
Train Loss     : 22.1871	 | 	Train Accuracy     : 0.0000


Epoch : 15
Train Loss     : 22.1089	 | 	Train Accuracy     : 0.0000


Epoch : 16
Train Loss     : 22.0509	 | 	Train Accuracy     : 0.0000


Epoch : 17
Train Loss     : 21.8676	 | 	Train Accuracy     : 0.0000


Epoch : 18
Train Loss     : 21.8841	 | 	Train Accuracy     : 0.0000


Epoch : 19
Train Loss     : 21.9770	 | 	Train Accuracy     : 0.0000


Epoch : 20
Train Loss     : 21.8334	 | 	Train Accuracy     : 0.0000


Epoch : 21
Train Loss     : 21.6048	 | 	Train Accuracy     : 0.0000


Epoch : 22
Train Loss     : 21.5604	 | 	Train Accuracy     : 0.0000


Epoch : 23
Train Loss     : 21.7848	 | 	Train Accuracy     : 0.0000


Epoch : 24
Train Loss     : 21.4157	 | 	Train Accuracy     : 0.0000


Epoch : 25
Train Loss     : 21.6042	 | 	Train Accuracy     : 0.0000


Epoch : 26
Train Loss     : 21.4390	 | 	Train Accuracy     : 0.0000


Epoch : 27
Train Loss     : 21.1212	 | 	Train Accuracy     : 0.0000


Epoch : 28
Train Loss     : 21.1623	 | 	Train Accuracy     : 0.0000


Epoch : 29
Train Loss     : 20.9787	 | 	Train Accuracy     : 0.0000


Epoch : 30
Train Loss     : 20.9330	 | 	Train Accuracy     : 0.0000


Epoch : 31
Train Loss     : 21.1554	 | 	Train Accuracy     : 0.0000


Epoch : 32
Train Loss     : 21.0372	 | 	Train Accuracy     : 0.0000


Epoch : 33
Train Loss     : 20.8657	 | 	Train Accuracy     : 0.0000


Epoch : 34
Train Loss     : 20.8280	 | 	Train Accuracy     : 0.0000


Epoch : 35
Train Loss     : 20.7646	 | 	Train Accuracy     : 0.0000


Epoch : 36
Train Loss     : 20.6245	 | 	Train Accuracy     : 0.0000


Epoch : 37
Train Loss     : 20.6038	 | 	Train Accuracy     : 0.0000


Epoch : 38
Train Loss     : 20.7625	 | 	Train Accuracy     : 0.0000


Epoch : 39
Train Loss     : 20.5670	 | 	Train Accuracy     : 0.0000


Epoch : 40
Train Loss     : 20.4917	 | 	Train Accuracy     : 0.0000


################## Training is Done! #########################
Training time is : 0:15:11.404553
