=============================================
Dataset: HAR
Method:  TS-TCC
Mode:    self_supervised
=============================================
Data loaded ...
Training started ....

Epoch : 1
Train Loss     : 27.2480	 | 	Train Accuracy     : 0.0000


Epoch : 2
Train Loss     : 25.6004	 | 	Train Accuracy     : 0.0000


Epoch : 3
Train Loss     : 24.9504	 | 	Train Accuracy     : 0.0000


Epoch : 4
Train Loss     : 24.5890	 | 	Train Accuracy     : 0.0000


Epoch : 5
Train Loss     : 24.3189	 | 	Train Accuracy     : 0.0000


Epoch : 6
Train Loss     : 24.2414	 | 	Train Accuracy     : 0.0000


Epoch : 7
Train Loss     : 24.0238	 | 	Train Accuracy     : 0.0000


Epoch : 8
Train Loss     : 23.9612	 | 	Train Accuracy     : 0.0000


Epoch : 9
Train Loss     : 23.9222	 | 	Train Accuracy     : 0.0000


Epoch : 10
Train Loss     : 23.7451	 | 	Train Accuracy     : 0.0000


Epoch : 11
Train Loss     : 23.7466	 | 	Train Accuracy     : 0.0000


Epoch : 12
Train Loss     : 23.6565	 | 	Train Accuracy     : 0.0000


Epoch : 13
Train Loss     : 23.6405	 | 	Train Accuracy     : 0.0000


Epoch : 14
Train Loss     : 23.6119	 | 	Train Accuracy     : 0.0000


Epoch : 15
Train Loss     : 23.5162	 | 	Train Accuracy     : 0.0000


Epoch : 16
Train Loss     : 23.5000	 | 	Train Accuracy     : 0.0000


Epoch : 17
Train Loss     : 23.4334	 | 	Train Accuracy     : 0.0000


Epoch : 18
Train Loss     : 23.4304	 | 	Train Accuracy     : 0.0000


Epoch : 19
Train Loss     : 23.3970	 | 	Train Accuracy     : 0.0000


Epoch : 20
Train Loss     : 23.3843	 | 	Train Accuracy     : 0.0000


Epoch : 21
Train Loss     : 23.3729	 | 	Train Accuracy     : 0.0000


Epoch : 22
Train Loss     : 23.3301	 | 	Train Accuracy     : 0.0000


Epoch : 23
Train Loss     : 23.2507	 | 	Train Accuracy     : 0.0000


Epoch : 24
Train Loss     : 23.2730	 | 	Train Accuracy     : 0.0000


Epoch : 25
Train Loss     : 23.2661	 | 	Train Accuracy     : 0.0000


Epoch : 26
Train Loss     : 23.1918	 | 	Train Accuracy     : 0.0000


Epoch : 27
Train Loss     : 23.1238	 | 	Train Accuracy     : 0.0000


Epoch : 28
Train Loss     : 23.1625	 | 	Train Accuracy     : 0.0000


Epoch : 29
Train Loss     : 22.9943	 | 	Train Accuracy     : 0.0000


Epoch : 30
Train Loss     : 23.1343	 | 	Train Accuracy     : 0.0000


Epoch : 31
Train Loss     : 23.0146	 | 	Train Accuracy     : 0.0000


Epoch : 32
Train Loss     : 23.0156	 | 	Train Accuracy     : 0.0000


Epoch : 33
Train Loss     : 22.9791	 | 	Train Accuracy     : 0.0000


Epoch : 34
Train Loss     : 22.9231	 | 	Train Accuracy     : 0.0000


Epoch : 35
Train Loss     : 22.8947	 | 	Train Accuracy     : 0.0000


Epoch : 36
Train Loss     : 22.8608	 | 	Train Accuracy     : 0.0000


Epoch : 37
Train Loss     : 22.8366	 | 	Train Accuracy     : 0.0000


Epoch : 38
Train Loss     : 22.8684	 | 	Train Accuracy     : 0.0000


Epoch : 39
Train Loss     : 22.7758	 | 	Train Accuracy     : 0.0000


Epoch : 40
Train Loss     : 22.6697	 | 	Train Accuracy     : 0.0000


################## Training is Done! #########################
Training time is : 0:17:44.766550
