=============================================
Dataset: Epilepsy
Method:  TS-TCC
Mode:    self_supervised
=============================================
Data loaded ...
Training started ....

Epoch : 1
Train Loss     : 26.3428	 | 	Train Accuracy     : 0.0000


Epoch : 2
Train Loss     : 24.7816	 | 	Train Accuracy     : 0.0000


Epoch : 3
Train Loss     : 24.2122	 | 	Train Accuracy     : 0.0000


Epoch : 4
Train Loss     : 23.7722	 | 	Train Accuracy     : 0.0000


Epoch : 5
Train Loss     : 23.5289	 | 	Train Accuracy     : 0.0000


Epoch : 6
Train Loss     : 23.3099	 | 	Train Accuracy     : 0.0000


Epoch : 7
Train Loss     : 23.1022	 | 	Train Accuracy     : 0.0000


Epoch : 8
Train Loss     : 22.9795	 | 	Train Accuracy     : 0.0000


Epoch : 9
Train Loss     : 22.7942	 | 	Train Accuracy     : 0.0000


Epoch : 10
Train Loss     : 22.5644	 | 	Train Accuracy     : 0.0000


Epoch : 11
Train Loss     : 22.5592	 | 	Train Accuracy     : 0.0000


Epoch : 12
Train Loss     : 22.2834	 | 	Train Accuracy     : 0.0000


Epoch : 13
Train Loss     : 22.3443	 | 	Train Accuracy     : 0.0000


Epoch : 14
Train Loss     : 22.1747	 | 	Train Accuracy     : 0.0000


Epoch : 15
Train Loss     : 22.1200	 | 	Train Accuracy     : 0.0000


Epoch : 16
Train Loss     : 22.0554	 | 	Train Accuracy     : 0.0000


Epoch : 17
Train Loss     : 21.8828	 | 	Train Accuracy     : 0.0000


Epoch : 18
Train Loss     : 21.8938	 | 	Train Accuracy     : 0.0000


Epoch : 19
Train Loss     : 21.9705	 | 	Train Accuracy     : 0.0000


Epoch : 20
Train Loss     : 21.8535	 | 	Train Accuracy     : 0.0000


Epoch : 21
Train Loss     : 21.5931	 | 	Train Accuracy     : 0.0000


Epoch : 22
Train Loss     : 21.5799	 | 	Train Accuracy     : 0.0000


Epoch : 23
Train Loss     : 21.7784	 | 	Train Accuracy     : 0.0000


Epoch : 24
Train Loss     : 21.4125	 | 	Train Accuracy     : 0.0000


Epoch : 25
Train Loss     : 21.6042	 | 	Train Accuracy     : 0.0000


Epoch : 26
Train Loss     : 21.4270	 | 	Train Accuracy     : 0.0000


Epoch : 27
Train Loss     : 21.1170	 | 	Train Accuracy     : 0.0000


Epoch : 28
Train Loss     : 21.1721	 | 	Train Accuracy     : 0.0000


Epoch : 29
Train Loss     : 20.9841	 | 	Train Accuracy     : 0.0000


Epoch : 30
Train Loss     : 20.9237	 | 	Train Accuracy     : 0.0000


Epoch : 31
Train Loss     : 21.1483	 | 	Train Accuracy     : 0.0000


Epoch : 32
Train Loss     : 21.0392	 | 	Train Accuracy     : 0.0000


Epoch : 33
Train Loss     : 20.8644	 | 	Train Accuracy     : 0.0000


Epoch : 34
Train Loss     : 20.8292	 | 	Train Accuracy     : 0.0000


Epoch : 35
Train Loss     : 20.7688	 | 	Train Accuracy     : 0.0000


Epoch : 36
Train Loss     : 20.6268	 | 	Train Accuracy     : 0.0000


Epoch : 37
Train Loss     : 20.5942	 | 	Train Accuracy     : 0.0000


Epoch : 38
Train Loss     : 20.7670	 | 	Train Accuracy     : 0.0000


Epoch : 39
Train Loss     : 20.5758	 | 	Train Accuracy     : 0.0000


Epoch : 40
Train Loss     : 20.4836	 | 	Train Accuracy     : 0.0000


################## Training is Done! #########################
Training time is : 0:18:02.026235
