=============================================
Dataset: Epilepsy
Method:  TS-TCC
Mode:    self_supervised
=============================================
Data loaded ...
Training started ....

Epoch : 1
Train Loss     : 26.3405	 | 	Train Accuracy     : 0.0000


Epoch : 2
Train Loss     : 24.7947	 | 	Train Accuracy     : 0.0000


Epoch : 3
Train Loss     : 24.2314	 | 	Train Accuracy     : 0.0000


Epoch : 4
Train Loss     : 23.7583	 | 	Train Accuracy     : 0.0000


Epoch : 5
Train Loss     : 23.5294	 | 	Train Accuracy     : 0.0000


Epoch : 6
Train Loss     : 23.3104	 | 	Train Accuracy     : 0.0000


Epoch : 7
Train Loss     : 23.0749	 | 	Train Accuracy     : 0.0000


Epoch : 8
Train Loss     : 22.9643	 | 	Train Accuracy     : 0.0000


Epoch : 9
Train Loss     : 22.7642	 | 	Train Accuracy     : 0.0000


Epoch : 10
Train Loss     : 22.5276	 | 	Train Accuracy     : 0.0000


Epoch : 11
Train Loss     : 22.5491	 | 	Train Accuracy     : 0.0000


Epoch : 12
Train Loss     : 22.2657	 | 	Train Accuracy     : 0.0000


Epoch : 13
Train Loss     : 22.3406	 | 	Train Accuracy     : 0.0000


Epoch : 14
Train Loss     : 22.1791	 | 	Train Accuracy     : 0.0000


Epoch : 15
Train Loss     : 22.1075	 | 	Train Accuracy     : 0.0000


Epoch : 16
Train Loss     : 22.0469	 | 	Train Accuracy     : 0.0000


Epoch : 17
Train Loss     : 21.8759	 | 	Train Accuracy     : 0.0000


Epoch : 18
Train Loss     : 21.8914	 | 	Train Accuracy     : 0.0000


Epoch : 19
Train Loss     : 21.9866	 | 	Train Accuracy     : 0.0000


Epoch : 20
Train Loss     : 21.8611	 | 	Train Accuracy     : 0.0000


Epoch : 21
Train Loss     : 21.5996	 | 	Train Accuracy     : 0.0000


Epoch : 22
Train Loss     : 21.5833	 | 	Train Accuracy     : 0.0000


Epoch : 23
Train Loss     : 21.7918	 | 	Train Accuracy     : 0.0000


Epoch : 24
Train Loss     : 21.4293	 | 	Train Accuracy     : 0.0000


Epoch : 25
Train Loss     : 21.6010	 | 	Train Accuracy     : 0.0000


Epoch : 26
Train Loss     : 21.4459	 | 	Train Accuracy     : 0.0000


Epoch : 27
Train Loss     : 21.1394	 | 	Train Accuracy     : 0.0000


Epoch : 28
Train Loss     : 21.1745	 | 	Train Accuracy     : 0.0000


Epoch : 29
Train Loss     : 20.9776	 | 	Train Accuracy     : 0.0000


Epoch : 30
Train Loss     : 20.9308	 | 	Train Accuracy     : 0.0000


Epoch : 31
Train Loss     : 21.1493	 | 	Train Accuracy     : 0.0000


Epoch : 32
Train Loss     : 21.0644	 | 	Train Accuracy     : 0.0000


Epoch : 33
Train Loss     : 20.8821	 | 	Train Accuracy     : 0.0000


Epoch : 34
Train Loss     : 20.8242	 | 	Train Accuracy     : 0.0000


Epoch : 35
Train Loss     : 20.7947	 | 	Train Accuracy     : 0.0000


Epoch : 36
Train Loss     : 20.6607	 | 	Train Accuracy     : 0.0000


Epoch : 37
Train Loss     : 20.6214	 | 	Train Accuracy     : 0.0000


Epoch : 38
Train Loss     : 20.7871	 | 	Train Accuracy     : 0.0000


Epoch : 39
Train Loss     : 20.6035	 | 	Train Accuracy     : 0.0000


Epoch : 40
Train Loss     : 20.5172	 | 	Train Accuracy     : 0.0000


################## Training is Done! #########################
Training time is : 0:14:21.305821
