=============================================
Dataset: Epilepsy
Method:  TS-TCC
Mode:    self_supervised
=============================================
Data loaded ...
Training started ....

Epoch : 1
Train Loss     : 26.3444	 | 	Train Accuracy     : 0.0000


Epoch : 2
Train Loss     : 24.7890	 | 	Train Accuracy     : 0.0000


Epoch : 3
Train Loss     : 24.2187	 | 	Train Accuracy     : 0.0000


Epoch : 4
Train Loss     : 23.7720	 | 	Train Accuracy     : 0.0000


Epoch : 5
Train Loss     : 23.5361	 | 	Train Accuracy     : 0.0000


Epoch : 6
Train Loss     : 23.3111	 | 	Train Accuracy     : 0.0000


Epoch : 7
Train Loss     : 23.1075	 | 	Train Accuracy     : 0.0000


Epoch : 8
Train Loss     : 22.9877	 | 	Train Accuracy     : 0.0000


Epoch : 9
Train Loss     : 22.7941	 | 	Train Accuracy     : 0.0000


Epoch : 10
Train Loss     : 22.5529	 | 	Train Accuracy     : 0.0000


Epoch : 11
Train Loss     : 22.5573	 | 	Train Accuracy     : 0.0000


Epoch : 12
Train Loss     : 22.2716	 | 	Train Accuracy     : 0.0000


Epoch : 13
Train Loss     : 22.3422	 | 	Train Accuracy     : 0.0000


Epoch : 14
Train Loss     : 22.1713	 | 	Train Accuracy     : 0.0000


Epoch : 15
Train Loss     : 22.1136	 | 	Train Accuracy     : 0.0000


Epoch : 16
Train Loss     : 22.0450	 | 	Train Accuracy     : 0.0000


Epoch : 17
Train Loss     : 21.8801	 | 	Train Accuracy     : 0.0000


Epoch : 18
Train Loss     : 21.8756	 | 	Train Accuracy     : 0.0000


Epoch : 19
Train Loss     : 21.9816	 | 	Train Accuracy     : 0.0000


Epoch : 20
Train Loss     : 21.8449	 | 	Train Accuracy     : 0.0000


Epoch : 21
Train Loss     : 21.5960	 | 	Train Accuracy     : 0.0000


Epoch : 22
Train Loss     : 21.5599	 | 	Train Accuracy     : 0.0000


Epoch : 23
Train Loss     : 21.7817	 | 	Train Accuracy     : 0.0000


Epoch : 24
Train Loss     : 21.4152	 | 	Train Accuracy     : 0.0000


Epoch : 25
Train Loss     : 21.5827	 | 	Train Accuracy     : 0.0000


Epoch : 26
Train Loss     : 21.4336	 | 	Train Accuracy     : 0.0000


Epoch : 27
Train Loss     : 21.1050	 | 	Train Accuracy     : 0.0000


Epoch : 28
Train Loss     : 21.1598	 | 	Train Accuracy     : 0.0000


Epoch : 29
Train Loss     : 20.9567	 | 	Train Accuracy     : 0.0000


Epoch : 30
Train Loss     : 20.9020	 | 	Train Accuracy     : 0.0000


Epoch : 31
Train Loss     : 21.1222	 | 	Train Accuracy     : 0.0000


Epoch : 32
Train Loss     : 21.0221	 | 	Train Accuracy     : 0.0000


Epoch : 33
Train Loss     : 20.8389	 | 	Train Accuracy     : 0.0000


Epoch : 34
Train Loss     : 20.8239	 | 	Train Accuracy     : 0.0000


Epoch : 35
Train Loss     : 20.7407	 | 	Train Accuracy     : 0.0000


Epoch : 36
Train Loss     : 20.6229	 | 	Train Accuracy     : 0.0000


Epoch : 37
Train Loss     : 20.5991	 | 	Train Accuracy     : 0.0000


Epoch : 38
Train Loss     : 20.7488	 | 	Train Accuracy     : 0.0000


Epoch : 39
Train Loss     : 20.5789	 | 	Train Accuracy     : 0.0000


Epoch : 40
Train Loss     : 20.4737	 | 	Train Accuracy     : 0.0000


################## Training is Done! #########################
Training time is : 0:19:20.922960
