=============================================
Dataset: Epilepsy
Method:  TS-TCC
Mode:    self_supervised
=============================================
Data loaded ...
Training started ....

Epoch : 1
Train Loss     : 26.2804	 | 	Train Accuracy     : 0.0000


Epoch : 2
Train Loss     : 24.5575	 | 	Train Accuracy     : 0.0000


Epoch : 3
Train Loss     : 24.1194	 | 	Train Accuracy     : 0.0000


Epoch : 4
Train Loss     : 23.6668	 | 	Train Accuracy     : 0.0000


Epoch : 5
Train Loss     : 23.4810	 | 	Train Accuracy     : 0.0000


Epoch : 6
Train Loss     : 23.1900	 | 	Train Accuracy     : 0.0000


Epoch : 7
Train Loss     : 23.1172	 | 	Train Accuracy     : 0.0000


Epoch : 8
Train Loss     : 22.8870	 | 	Train Accuracy     : 0.0000


Epoch : 9
Train Loss     : 22.8062	 | 	Train Accuracy     : 0.0000


Epoch : 10
Train Loss     : 22.6063	 | 	Train Accuracy     : 0.0000


Epoch : 11
Train Loss     : 22.3434	 | 	Train Accuracy     : 0.0000


Epoch : 12
Train Loss     : 22.2998	 | 	Train Accuracy     : 0.0000


Epoch : 13
Train Loss     : 22.0282	 | 	Train Accuracy     : 0.0000


Epoch : 14
Train Loss     : 22.0540	 | 	Train Accuracy     : 0.0000


Epoch : 15
Train Loss     : 22.0894	 | 	Train Accuracy     : 0.0000


Epoch : 16
Train Loss     : 21.7900	 | 	Train Accuracy     : 0.0000


Epoch : 17
Train Loss     : 21.7953	 | 	Train Accuracy     : 0.0000


Epoch : 18
Train Loss     : 21.8706	 | 	Train Accuracy     : 0.0000


Epoch : 19
Train Loss     : 21.7325	 | 	Train Accuracy     : 0.0000


Epoch : 20
Train Loss     : 21.5485	 | 	Train Accuracy     : 0.0000


Epoch : 21
Train Loss     : 21.2971	 | 	Train Accuracy     : 0.0000


Epoch : 22
Train Loss     : 21.2975	 | 	Train Accuracy     : 0.0000


Epoch : 23
Train Loss     : 21.4475	 | 	Train Accuracy     : 0.0000


Epoch : 24
Train Loss     : 21.2621	 | 	Train Accuracy     : 0.0000


Epoch : 25
Train Loss     : 21.2040	 | 	Train Accuracy     : 0.0000


Epoch : 26
Train Loss     : 21.2139	 | 	Train Accuracy     : 0.0000


Epoch : 27
Train Loss     : 21.1180	 | 	Train Accuracy     : 0.0000


Epoch : 28
Train Loss     : 20.8857	 | 	Train Accuracy     : 0.0000


Epoch : 29
Train Loss     : 20.7961	 | 	Train Accuracy     : 0.0000


Epoch : 30
Train Loss     : 20.8015	 | 	Train Accuracy     : 0.0000


Epoch : 31
Train Loss     : 20.9174	 | 	Train Accuracy     : 0.0000


Epoch : 32
Train Loss     : 20.6328	 | 	Train Accuracy     : 0.0000


Epoch : 33
Train Loss     : 20.7294	 | 	Train Accuracy     : 0.0000


Epoch : 34
Train Loss     : 20.5421	 | 	Train Accuracy     : 0.0000


Epoch : 35
Train Loss     : 20.6245	 | 	Train Accuracy     : 0.0000


Epoch : 36
Train Loss     : 20.3919	 | 	Train Accuracy     : 0.0000


Epoch : 37
Train Loss     : 20.3276	 | 	Train Accuracy     : 0.0000


Epoch : 38
Train Loss     : 20.3373	 | 	Train Accuracy     : 0.0000


Epoch : 39
Train Loss     : 20.0952	 | 	Train Accuracy     : 0.0000


Epoch : 40
Train Loss     : 20.1714	 | 	Train Accuracy     : 0.0000


################## Training is Done! #########################
Training time is : 0:15:50.837629
