=============================================
Dataset: Epilepsy
Method:  TS-TCC
Mode:    self_supervised
=============================================
Data loaded ...
Training started ....

Epoch : 1
Train Loss     : 26.3415	 | 	Train Accuracy     : 0.0000


Epoch : 2
Train Loss     : 24.7828	 | 	Train Accuracy     : 0.0000


Epoch : 3
Train Loss     : 24.2244	 | 	Train Accuracy     : 0.0000


Epoch : 4
Train Loss     : 23.7629	 | 	Train Accuracy     : 0.0000


Epoch : 5
Train Loss     : 23.5260	 | 	Train Accuracy     : 0.0000


Epoch : 6
Train Loss     : 23.3142	 | 	Train Accuracy     : 0.0000


Epoch : 7
Train Loss     : 23.0950	 | 	Train Accuracy     : 0.0000


Epoch : 8
Train Loss     : 22.9746	 | 	Train Accuracy     : 0.0000


Epoch : 9
Train Loss     : 22.7875	 | 	Train Accuracy     : 0.0000


Epoch : 10
Train Loss     : 22.5630	 | 	Train Accuracy     : 0.0000


Epoch : 11
Train Loss     : 22.5517	 | 	Train Accuracy     : 0.0000


Epoch : 12
Train Loss     : 22.2716	 | 	Train Accuracy     : 0.0000


Epoch : 13
Train Loss     : 22.3414	 | 	Train Accuracy     : 0.0000


Epoch : 14
Train Loss     : 22.1956	 | 	Train Accuracy     : 0.0000


Epoch : 15
Train Loss     : 22.1208	 | 	Train Accuracy     : 0.0000


Epoch : 16
Train Loss     : 22.0468	 | 	Train Accuracy     : 0.0000


Epoch : 17
Train Loss     : 21.8807	 | 	Train Accuracy     : 0.0000


Epoch : 18
Train Loss     : 21.8829	 | 	Train Accuracy     : 0.0000


Epoch : 19
Train Loss     : 21.9915	 | 	Train Accuracy     : 0.0000


Epoch : 20
Train Loss     : 21.8647	 | 	Train Accuracy     : 0.0000


Epoch : 21
Train Loss     : 21.5962	 | 	Train Accuracy     : 0.0000


Epoch : 22
Train Loss     : 21.5590	 | 	Train Accuracy     : 0.0000


Epoch : 23
Train Loss     : 21.7891	 | 	Train Accuracy     : 0.0000


Epoch : 24
Train Loss     : 21.4178	 | 	Train Accuracy     : 0.0000


Epoch : 25
Train Loss     : 21.5919	 | 	Train Accuracy     : 0.0000


Epoch : 26
Train Loss     : 21.4364	 | 	Train Accuracy     : 0.0000


Epoch : 27
Train Loss     : 21.1147	 | 	Train Accuracy     : 0.0000


Epoch : 28
Train Loss     : 21.1753	 | 	Train Accuracy     : 0.0000


Epoch : 29
Train Loss     : 20.9663	 | 	Train Accuracy     : 0.0000


Epoch : 30
Train Loss     : 20.9212	 | 	Train Accuracy     : 0.0000


Epoch : 31
Train Loss     : 21.1426	 | 	Train Accuracy     : 0.0000


Epoch : 32
Train Loss     : 21.0435	 | 	Train Accuracy     : 0.0000


Epoch : 33
Train Loss     : 20.8587	 | 	Train Accuracy     : 0.0000


Epoch : 34
Train Loss     : 20.8208	 | 	Train Accuracy     : 0.0000


Epoch : 35
Train Loss     : 20.7527	 | 	Train Accuracy     : 0.0000


Epoch : 36
Train Loss     : 20.6400	 | 	Train Accuracy     : 0.0000


Epoch : 37
Train Loss     : 20.6188	 | 	Train Accuracy     : 0.0000


Epoch : 38
Train Loss     : 20.7596	 | 	Train Accuracy     : 0.0000


Epoch : 39
Train Loss     : 20.5786	 | 	Train Accuracy     : 0.0000


Epoch : 40
Train Loss     : 20.4867	 | 	Train Accuracy     : 0.0000


################## Training is Done! #########################
Training time is : 0:14:33.635888
