=============================================
Dataset: Epilepsy
Method:  TS-TCC
Mode:    self_supervised
=============================================
Data loaded ...
Training started ....

Epoch : 1
Train Loss     : 26.3434	 | 	Train Accuracy     : 0.0000


Epoch : 2
Train Loss     : 24.7833	 | 	Train Accuracy     : 0.0000


Epoch : 3
Train Loss     : 24.2223	 | 	Train Accuracy     : 0.0000


Epoch : 4
Train Loss     : 23.7502	 | 	Train Accuracy     : 0.0000


Epoch : 5
Train Loss     : 23.5316	 | 	Train Accuracy     : 0.0000


Epoch : 6
Train Loss     : 23.3063	 | 	Train Accuracy     : 0.0000


Epoch : 7
Train Loss     : 23.0979	 | 	Train Accuracy     : 0.0000


Epoch : 8
Train Loss     : 22.9847	 | 	Train Accuracy     : 0.0000


Epoch : 9
Train Loss     : 22.7989	 | 	Train Accuracy     : 0.0000


Epoch : 10
Train Loss     : 22.5577	 | 	Train Accuracy     : 0.0000


Epoch : 11
Train Loss     : 22.5675	 | 	Train Accuracy     : 0.0000


Epoch : 12
Train Loss     : 22.2736	 | 	Train Accuracy     : 0.0000


Epoch : 13
Train Loss     : 22.3434	 | 	Train Accuracy     : 0.0000


Epoch : 14
Train Loss     : 22.1819	 | 	Train Accuracy     : 0.0000


Epoch : 15
Train Loss     : 22.1126	 | 	Train Accuracy     : 0.0000


Epoch : 16
Train Loss     : 22.0371	 | 	Train Accuracy     : 0.0000


Epoch : 17
Train Loss     : 21.8556	 | 	Train Accuracy     : 0.0000


Epoch : 18
Train Loss     : 21.8657	 | 	Train Accuracy     : 0.0000


Epoch : 19
Train Loss     : 21.9671	 | 	Train Accuracy     : 0.0000


Epoch : 20
Train Loss     : 21.8498	 | 	Train Accuracy     : 0.0000


Epoch : 21
Train Loss     : 21.5791	 | 	Train Accuracy     : 0.0000


Epoch : 22
Train Loss     : 21.5365	 | 	Train Accuracy     : 0.0000


Epoch : 23
Train Loss     : 21.7827	 | 	Train Accuracy     : 0.0000


Epoch : 24
Train Loss     : 21.4069	 | 	Train Accuracy     : 0.0000


Epoch : 25
Train Loss     : 21.5907	 | 	Train Accuracy     : 0.0000


Epoch : 26
Train Loss     : 21.4248	 | 	Train Accuracy     : 0.0000


Epoch : 27
Train Loss     : 21.1011	 | 	Train Accuracy     : 0.0000


Epoch : 28
Train Loss     : 21.1579	 | 	Train Accuracy     : 0.0000


Epoch : 29
Train Loss     : 20.9627	 | 	Train Accuracy     : 0.0000


Epoch : 30
Train Loss     : 20.9134	 | 	Train Accuracy     : 0.0000


Epoch : 31
Train Loss     : 21.1329	 | 	Train Accuracy     : 0.0000


Epoch : 32
Train Loss     : 21.0514	 | 	Train Accuracy     : 0.0000


Epoch : 33
Train Loss     : 20.8700	 | 	Train Accuracy     : 0.0000


Epoch : 34
Train Loss     : 20.8137	 | 	Train Accuracy     : 0.0000


Epoch : 35
Train Loss     : 20.7665	 | 	Train Accuracy     : 0.0000


Epoch : 36
Train Loss     : 20.6366	 | 	Train Accuracy     : 0.0000


Epoch : 37
Train Loss     : 20.6090	 | 	Train Accuracy     : 0.0000


Epoch : 38
Train Loss     : 20.7733	 | 	Train Accuracy     : 0.0000


Epoch : 39
Train Loss     : 20.5831	 | 	Train Accuracy     : 0.0000


Epoch : 40
Train Loss     : 20.4984	 | 	Train Accuracy     : 0.0000


################## Training is Done! #########################
Training time is : 0:13:21.748384
