=============================================
Dataset: pFD
Method:  TS-TCC
Mode:    self_supervised
=============================================
Data loaded ...
Training started ....

Epoch : 1
Train Loss     : 20.7715	 | 	Train Accuracy     : 0.0000


Epoch : 2
Train Loss     : 18.3856	 | 	Train Accuracy     : 0.0000


Epoch : 3
Train Loss     : 17.4048	 | 	Train Accuracy     : 0.0000


Epoch : 4
Train Loss     : 16.7642	 | 	Train Accuracy     : 0.0000


Epoch : 5
Train Loss     : 16.3120	 | 	Train Accuracy     : 0.0000


Epoch : 6
Train Loss     : 15.8354	 | 	Train Accuracy     : 0.0000


Epoch : 7
Train Loss     : 15.5776	 | 	Train Accuracy     : 0.0000


Epoch : 8
Train Loss     : 15.3519	 | 	Train Accuracy     : 0.0000


Epoch : 9
Train Loss     : 15.1616	 | 	Train Accuracy     : 0.0000


Epoch : 10
Train Loss     : 15.0923	 | 	Train Accuracy     : 0.0000


Epoch : 11
Train Loss     : 14.9530	 | 	Train Accuracy     : 0.0000


Epoch : 12
Train Loss     : 14.9138	 | 	Train Accuracy     : 0.0000


Epoch : 13
Train Loss     : 14.8869	 | 	Train Accuracy     : 0.0000


Epoch : 14
Train Loss     : 14.6688	 | 	Train Accuracy     : 0.0000


Epoch : 15
Train Loss     : 14.5932	 | 	Train Accuracy     : 0.0000


Epoch : 16
Train Loss     : 14.4752	 | 	Train Accuracy     : 0.0000


Epoch : 17
Train Loss     : 14.5585	 | 	Train Accuracy     : 0.0000


Epoch : 18
Train Loss     : 14.4771	 | 	Train Accuracy     : 0.0000


Epoch : 19
Train Loss     : 14.3334	 | 	Train Accuracy     : 0.0000


Epoch : 20
Train Loss     : 14.3384	 | 	Train Accuracy     : 0.0000


Epoch : 21
Train Loss     : 14.3804	 | 	Train Accuracy     : 0.0000


Epoch : 22
Train Loss     : 14.2502	 | 	Train Accuracy     : 0.0000


Epoch : 23
Train Loss     : 14.1548	 | 	Train Accuracy     : 0.0000


Epoch : 24
Train Loss     : 14.1831	 | 	Train Accuracy     : 0.0000


Epoch : 25
Train Loss     : 14.0316	 | 	Train Accuracy     : 0.0000


Epoch : 26
Train Loss     : 14.0536	 | 	Train Accuracy     : 0.0000


Epoch : 27
Train Loss     : 14.0223	 | 	Train Accuracy     : 0.0000


Epoch : 28
Train Loss     : 13.9735	 | 	Train Accuracy     : 0.0000


Epoch : 29
Train Loss     : 14.0356	 | 	Train Accuracy     : 0.0000


Epoch : 30
Train Loss     : 13.9488	 | 	Train Accuracy     : 0.0000


Epoch : 31
Train Loss     : 13.8446	 | 	Train Accuracy     : 0.0000


Epoch : 32
Train Loss     : 13.8470	 | 	Train Accuracy     : 0.0000


Epoch : 33
Train Loss     : 13.8390	 | 	Train Accuracy     : 0.0000


Epoch : 34
Train Loss     : 13.8391	 | 	Train Accuracy     : 0.0000


Epoch : 35
Train Loss     : 13.7624	 | 	Train Accuracy     : 0.0000


Epoch : 36
Train Loss     : 13.8053	 | 	Train Accuracy     : 0.0000


Epoch : 37
Train Loss     : 13.8046	 | 	Train Accuracy     : 0.0000


Epoch : 38
Train Loss     : 13.6412	 | 	Train Accuracy     : 0.0000


Epoch : 39
Train Loss     : 13.7590	 | 	Train Accuracy     : 0.0000


Epoch : 40
Train Loss     : 13.6566	 | 	Train Accuracy     : 0.0000


################## Training is Done! #########################
Training time is : 0:54:03.384212
