=============================================
Dataset: Epilepsy
Method:  TS-TCC
Mode:    self_supervised
=============================================
Data loaded ...
Training started ....

Epoch : 1
Train Loss     : 26.4573	 | 	Train Accuracy     : 0.0000


Epoch : 2
Train Loss     : 25.1331	 | 	Train Accuracy     : 0.0000


Epoch : 3
Train Loss     : 24.4213	 | 	Train Accuracy     : 0.0000


Epoch : 4
Train Loss     : 23.8840	 | 	Train Accuracy     : 0.0000


Epoch : 5
Train Loss     : 23.6020	 | 	Train Accuracy     : 0.0000


Epoch : 6
Train Loss     : 23.3856	 | 	Train Accuracy     : 0.0000


Epoch : 7
Train Loss     : 23.1362	 | 	Train Accuracy     : 0.0000


Epoch : 8
Train Loss     : 23.0437	 | 	Train Accuracy     : 0.0000


Epoch : 9
Train Loss     : 22.8516	 | 	Train Accuracy     : 0.0000


Epoch : 10
Train Loss     : 22.7669	 | 	Train Accuracy     : 0.0000


Epoch : 11
Train Loss     : 22.6356	 | 	Train Accuracy     : 0.0000


Epoch : 12
Train Loss     : 22.5371	 | 	Train Accuracy     : 0.0000


Epoch : 13
Train Loss     : 22.2779	 | 	Train Accuracy     : 0.0000


Epoch : 14
Train Loss     : 22.3356	 | 	Train Accuracy     : 0.0000


Epoch : 15
Train Loss     : 22.1246	 | 	Train Accuracy     : 0.0000


Epoch : 16
Train Loss     : 21.9002	 | 	Train Accuracy     : 0.0000


Epoch : 17
Train Loss     : 21.9242	 | 	Train Accuracy     : 0.0000


Epoch : 18
Train Loss     : 21.9657	 | 	Train Accuracy     : 0.0000


Epoch : 19
Train Loss     : 21.8979	 | 	Train Accuracy     : 0.0000


Epoch : 20
Train Loss     : 21.7370	 | 	Train Accuracy     : 0.0000


Epoch : 21
Train Loss     : 21.6662	 | 	Train Accuracy     : 0.0000


Epoch : 22
Train Loss     : 21.5899	 | 	Train Accuracy     : 0.0000


Epoch : 23
Train Loss     : 21.6147	 | 	Train Accuracy     : 0.0000


Epoch : 24
Train Loss     : 21.7520	 | 	Train Accuracy     : 0.0000


Epoch : 25
Train Loss     : 21.3129	 | 	Train Accuracy     : 0.0000


Epoch : 26
Train Loss     : 21.3842	 | 	Train Accuracy     : 0.0000


Epoch : 27
Train Loss     : 21.3114	 | 	Train Accuracy     : 0.0000


Epoch : 28
Train Loss     : 21.2049	 | 	Train Accuracy     : 0.0000


Epoch : 29
Train Loss     : 21.2237	 | 	Train Accuracy     : 0.0000


Epoch : 30
Train Loss     : 21.0007	 | 	Train Accuracy     : 0.0000


Epoch : 31
Train Loss     : 21.2250	 | 	Train Accuracy     : 0.0000


Epoch : 32
Train Loss     : 21.1004	 | 	Train Accuracy     : 0.0000


Epoch : 33
Train Loss     : 21.0629	 | 	Train Accuracy     : 0.0000


Epoch : 34
Train Loss     : 20.8901	 | 	Train Accuracy     : 0.0000


Epoch : 35
Train Loss     : 20.9752	 | 	Train Accuracy     : 0.0000


Epoch : 36
Train Loss     : 20.7333	 | 	Train Accuracy     : 0.0000


Epoch : 37
Train Loss     : 20.8198	 | 	Train Accuracy     : 0.0000


Epoch : 38
Train Loss     : 20.8006	 | 	Train Accuracy     : 0.0000


Epoch : 39
Train Loss     : 20.5848	 | 	Train Accuracy     : 0.0000


Epoch : 40
Train Loss     : 20.6747	 | 	Train Accuracy     : 0.0000


################## Training is Done! #########################
Training time is : 0:14:25.990444
