=============================================
Dataset: HAR
Method:  TS-TCC
Mode:    self_supervised
=============================================
Data loaded ...
Training started ....

Epoch : 1
Train Loss     : 27.2386	 | 	Train Accuracy     : 0.0000


Epoch : 2
Train Loss     : 25.5338	 | 	Train Accuracy     : 0.0000


Epoch : 3
Train Loss     : 24.9340	 | 	Train Accuracy     : 0.0000


Epoch : 4
Train Loss     : 24.5916	 | 	Train Accuracy     : 0.0000


Epoch : 5
Train Loss     : 24.3311	 | 	Train Accuracy     : 0.0000


Epoch : 6
Train Loss     : 24.2382	 | 	Train Accuracy     : 0.0000


Epoch : 7
Train Loss     : 24.0306	 | 	Train Accuracy     : 0.0000


Epoch : 8
Train Loss     : 23.9642	 | 	Train Accuracy     : 0.0000


Epoch : 9
Train Loss     : 23.9227	 | 	Train Accuracy     : 0.0000


Epoch : 10
Train Loss     : 23.7535	 | 	Train Accuracy     : 0.0000


Epoch : 11
Train Loss     : 23.7474	 | 	Train Accuracy     : 0.0000


Epoch : 12
Train Loss     : 23.6583	 | 	Train Accuracy     : 0.0000


Epoch : 13
Train Loss     : 23.6345	 | 	Train Accuracy     : 0.0000


Epoch : 14
Train Loss     : 23.6091	 | 	Train Accuracy     : 0.0000


Epoch : 15
Train Loss     : 23.5187	 | 	Train Accuracy     : 0.0000


Epoch : 16
Train Loss     : 23.5033	 | 	Train Accuracy     : 0.0000


Epoch : 17
Train Loss     : 23.4260	 | 	Train Accuracy     : 0.0000


Epoch : 18
Train Loss     : 23.4313	 | 	Train Accuracy     : 0.0000


Epoch : 19
Train Loss     : 23.3951	 | 	Train Accuracy     : 0.0000


Epoch : 20
Train Loss     : 23.3763	 | 	Train Accuracy     : 0.0000


Epoch : 21
Train Loss     : 23.3651	 | 	Train Accuracy     : 0.0000


Epoch : 22
Train Loss     : 23.3282	 | 	Train Accuracy     : 0.0000


Epoch : 23
Train Loss     : 23.2408	 | 	Train Accuracy     : 0.0000


Epoch : 24
Train Loss     : 23.2496	 | 	Train Accuracy     : 0.0000


Epoch : 25
Train Loss     : 23.2198	 | 	Train Accuracy     : 0.0000


Epoch : 26
Train Loss     : 23.1423	 | 	Train Accuracy     : 0.0000


Epoch : 27
Train Loss     : 23.0941	 | 	Train Accuracy     : 0.0000


Epoch : 28
Train Loss     : 23.1352	 | 	Train Accuracy     : 0.0000


Epoch : 29
Train Loss     : 22.9829	 | 	Train Accuracy     : 0.0000


Epoch : 30
Train Loss     : 23.1323	 | 	Train Accuracy     : 0.0000


Epoch : 31
Train Loss     : 23.0019	 | 	Train Accuracy     : 0.0000


Epoch : 32
Train Loss     : 22.9984	 | 	Train Accuracy     : 0.0000


Epoch : 33
Train Loss     : 22.9818	 | 	Train Accuracy     : 0.0000


Epoch : 34
Train Loss     : 22.9151	 | 	Train Accuracy     : 0.0000


Epoch : 35
Train Loss     : 22.8827	 | 	Train Accuracy     : 0.0000


Epoch : 36
Train Loss     : 22.8626	 | 	Train Accuracy     : 0.0000


Epoch : 37
Train Loss     : 22.8339	 | 	Train Accuracy     : 0.0000


Epoch : 38
Train Loss     : 22.8671	 | 	Train Accuracy     : 0.0000


Epoch : 39
Train Loss     : 22.7807	 | 	Train Accuracy     : 0.0000


Epoch : 40
Train Loss     : 22.6733	 | 	Train Accuracy     : 0.0000


################## Training is Done! #########################
Training time is : 0:16:20.261476
