=============================================
Dataset: Epilepsy
Method:  TS-TCC
Mode:    self_supervised
=============================================
Data loaded ...
Training started ....

Epoch : 1
Train Loss     : 26.2785	 | 	Train Accuracy     : 0.0000


Epoch : 2
Train Loss     : 24.5519	 | 	Train Accuracy     : 0.0000


Epoch : 3
Train Loss     : 24.1174	 | 	Train Accuracy     : 0.0000


Epoch : 4
Train Loss     : 23.6420	 | 	Train Accuracy     : 0.0000


Epoch : 5
Train Loss     : 23.4709	 | 	Train Accuracy     : 0.0000


Epoch : 6
Train Loss     : 23.1945	 | 	Train Accuracy     : 0.0000


Epoch : 7
Train Loss     : 23.1220	 | 	Train Accuracy     : 0.0000


Epoch : 8
Train Loss     : 22.8945	 | 	Train Accuracy     : 0.0000


Epoch : 9
Train Loss     : 22.8230	 | 	Train Accuracy     : 0.0000


Epoch : 10
Train Loss     : 22.6254	 | 	Train Accuracy     : 0.0000


Epoch : 11
Train Loss     : 22.3434	 | 	Train Accuracy     : 0.0000


Epoch : 12
Train Loss     : 22.3184	 | 	Train Accuracy     : 0.0000


Epoch : 13
Train Loss     : 22.0552	 | 	Train Accuracy     : 0.0000


Epoch : 14
Train Loss     : 22.0533	 | 	Train Accuracy     : 0.0000


Epoch : 15
Train Loss     : 22.0916	 | 	Train Accuracy     : 0.0000


Epoch : 16
Train Loss     : 21.7865	 | 	Train Accuracy     : 0.0000


Epoch : 17
Train Loss     : 21.8045	 | 	Train Accuracy     : 0.0000


Epoch : 18
Train Loss     : 21.9036	 | 	Train Accuracy     : 0.0000


Epoch : 19
Train Loss     : 21.7349	 | 	Train Accuracy     : 0.0000


Epoch : 20
Train Loss     : 21.5479	 | 	Train Accuracy     : 0.0000


Epoch : 21
Train Loss     : 21.3140	 | 	Train Accuracy     : 0.0000


Epoch : 22
Train Loss     : 21.3321	 | 	Train Accuracy     : 0.0000


Epoch : 23
Train Loss     : 21.4653	 | 	Train Accuracy     : 0.0000


Epoch : 24
Train Loss     : 21.2848	 | 	Train Accuracy     : 0.0000


Epoch : 25
Train Loss     : 21.2249	 | 	Train Accuracy     : 0.0000


Epoch : 26
Train Loss     : 21.2404	 | 	Train Accuracy     : 0.0000


Epoch : 27
Train Loss     : 21.1401	 | 	Train Accuracy     : 0.0000


Epoch : 28
Train Loss     : 20.9111	 | 	Train Accuracy     : 0.0000


Epoch : 29
Train Loss     : 20.7810	 | 	Train Accuracy     : 0.0000


Epoch : 30
Train Loss     : 20.8439	 | 	Train Accuracy     : 0.0000


Epoch : 31
Train Loss     : 20.9142	 | 	Train Accuracy     : 0.0000


Epoch : 32
Train Loss     : 20.6138	 | 	Train Accuracy     : 0.0000


Epoch : 33
Train Loss     : 20.7311	 | 	Train Accuracy     : 0.0000


Epoch : 34
Train Loss     : 20.5582	 | 	Train Accuracy     : 0.0000


Epoch : 35
Train Loss     : 20.6295	 | 	Train Accuracy     : 0.0000


Epoch : 36
Train Loss     : 20.4015	 | 	Train Accuracy     : 0.0000


Epoch : 37
Train Loss     : 20.3452	 | 	Train Accuracy     : 0.0000


Epoch : 38
Train Loss     : 20.3607	 | 	Train Accuracy     : 0.0000


Epoch : 39
Train Loss     : 20.1072	 | 	Train Accuracy     : 0.0000


Epoch : 40
Train Loss     : 20.1787	 | 	Train Accuracy     : 0.0000


################## Training is Done! #########################
Training time is : 0:20:17.582948
