=============================================
Dataset: Epilepsy
Method:  TS-TCC
Mode:    self_supervised
=============================================
Data loaded ...
Training started ....

Epoch : 1
Train Loss     : 26.5970	 | 	Train Accuracy     : 0.0000


Epoch : 2
Train Loss     : 25.0622	 | 	Train Accuracy     : 0.0000


Epoch : 3
Train Loss     : 23.9583	 | 	Train Accuracy     : 0.0000


Epoch : 4
Train Loss     : 23.4321	 | 	Train Accuracy     : 0.0000


Epoch : 5
Train Loss     : 22.8516	 | 	Train Accuracy     : 0.0000


Epoch : 6
Train Loss     : 22.4694	 | 	Train Accuracy     : 0.0000


Epoch : 7
Train Loss     : 22.1861	 | 	Train Accuracy     : 0.0000


Epoch : 8
Train Loss     : 21.9239	 | 	Train Accuracy     : 0.0000


Epoch : 9
Train Loss     : 21.8140	 | 	Train Accuracy     : 0.0000


Epoch : 10
Train Loss     : 21.6255	 | 	Train Accuracy     : 0.0000


Epoch : 11
Train Loss     : 21.4328	 | 	Train Accuracy     : 0.0000


Epoch : 12
Train Loss     : 21.1885	 | 	Train Accuracy     : 0.0000


Epoch : 13
Train Loss     : 20.9633	 | 	Train Accuracy     : 0.0000


Epoch : 14
Train Loss     : 20.8947	 | 	Train Accuracy     : 0.0000


Epoch : 15
Train Loss     : 20.5887	 | 	Train Accuracy     : 0.0000


Epoch : 16
Train Loss     : 20.4420	 | 	Train Accuracy     : 0.0000


Epoch : 17
Train Loss     : 20.3677	 | 	Train Accuracy     : 0.0000


Epoch : 18
Train Loss     : 20.1084	 | 	Train Accuracy     : 0.0000


Epoch : 19
Train Loss     : 20.0721	 | 	Train Accuracy     : 0.0000


Epoch : 20
Train Loss     : 19.8145	 | 	Train Accuracy     : 0.0000


Epoch : 21
Train Loss     : 19.8723	 | 	Train Accuracy     : 0.0000


Epoch : 22
Train Loss     : 19.6463	 | 	Train Accuracy     : 0.0000


Epoch : 23
Train Loss     : 19.6303	 | 	Train Accuracy     : 0.0000


Epoch : 24
Train Loss     : 19.5950	 | 	Train Accuracy     : 0.0000


Epoch : 25
Train Loss     : 19.3609	 | 	Train Accuracy     : 0.0000


Epoch : 26
Train Loss     : 19.3357	 | 	Train Accuracy     : 0.0000


Epoch : 27
Train Loss     : 19.4509	 | 	Train Accuracy     : 0.0000


Epoch : 28
Train Loss     : 19.2634	 | 	Train Accuracy     : 0.0000


Epoch : 29
Train Loss     : 19.1356	 | 	Train Accuracy     : 0.0000


Epoch : 30
Train Loss     : 18.9583	 | 	Train Accuracy     : 0.0000


Epoch : 31
Train Loss     : 18.8722	 | 	Train Accuracy     : 0.0000


Epoch : 32
Train Loss     : 18.6592	 | 	Train Accuracy     : 0.0000


Epoch : 33
Train Loss     : 18.7070	 | 	Train Accuracy     : 0.0000


Epoch : 34
Train Loss     : 18.6063	 | 	Train Accuracy     : 0.0000


Epoch : 35
Train Loss     : 18.3059	 | 	Train Accuracy     : 0.0000


Epoch : 36
Train Loss     : 18.6408	 | 	Train Accuracy     : 0.0000


Epoch : 37
Train Loss     : 18.1824	 | 	Train Accuracy     : 0.0000


Epoch : 38
Train Loss     : 18.2376	 | 	Train Accuracy     : 0.0000


Epoch : 39
Train Loss     : 18.1232	 | 	Train Accuracy     : 0.0000


Epoch : 40
Train Loss     : 18.1530	 | 	Train Accuracy     : 0.0000


################## Training is Done! #########################
Training time is : 0:19:14.638126
