=============================================
Dataset: Epilepsy
Method:  TS-TCC
Mode:    self_supervised
=============================================
Data loaded ...
Training started ....

Epoch : 1
Train Loss     : 17.9874	 | 	Train Accuracy     : 0.0000


Epoch : 2
Train Loss     : 15.9660	 | 	Train Accuracy     : 0.0000


Epoch : 3
Train Loss     : 15.0023	 | 	Train Accuracy     : 0.0000


Epoch : 4
Train Loss     : 14.4183	 | 	Train Accuracy     : 0.0000


Epoch : 5
Train Loss     : 14.0032	 | 	Train Accuracy     : 0.0000


Epoch : 6
Train Loss     : 13.7827	 | 	Train Accuracy     : 0.0000


Epoch : 7
Train Loss     : 13.4866	 | 	Train Accuracy     : 0.0000


Epoch : 8
Train Loss     : 13.3096	 | 	Train Accuracy     : 0.0000


Epoch : 9
Train Loss     : 13.0969	 | 	Train Accuracy     : 0.0000


Epoch : 10
Train Loss     : 12.9727	 | 	Train Accuracy     : 0.0000


Epoch : 11
Train Loss     : 12.7733	 | 	Train Accuracy     : 0.0000


Epoch : 12
Train Loss     : 12.6519	 | 	Train Accuracy     : 0.0000


Epoch : 13
Train Loss     : 12.4034	 | 	Train Accuracy     : 0.0000


Epoch : 14
Train Loss     : 12.1560	 | 	Train Accuracy     : 0.0000


Epoch : 15
Train Loss     : 12.0533	 | 	Train Accuracy     : 0.0000


Epoch : 16
Train Loss     : 11.9353	 | 	Train Accuracy     : 0.0000


Epoch : 17
Train Loss     : 11.7368	 | 	Train Accuracy     : 0.0000


Epoch : 18
Train Loss     : 11.6010	 | 	Train Accuracy     : 0.0000


Epoch : 19
Train Loss     : 11.4041	 | 	Train Accuracy     : 0.0000


Epoch : 20
Train Loss     : 11.3317	 | 	Train Accuracy     : 0.0000


Epoch : 21
Train Loss     : 11.2287	 | 	Train Accuracy     : 0.0000


Epoch : 22
Train Loss     : 11.0571	 | 	Train Accuracy     : 0.0000


Epoch : 23
Train Loss     : 10.9839	 | 	Train Accuracy     : 0.0000


Epoch : 24
Train Loss     : 10.8718	 | 	Train Accuracy     : 0.0000


Epoch : 25
Train Loss     : 10.7999	 | 	Train Accuracy     : 0.0000


Epoch : 26
Train Loss     : 10.8093	 | 	Train Accuracy     : 0.0000


Epoch : 27
Train Loss     : 10.6115	 | 	Train Accuracy     : 0.0000


Epoch : 28
Train Loss     : 10.5047	 | 	Train Accuracy     : 0.0000


Epoch : 29
Train Loss     : 10.4818	 | 	Train Accuracy     : 0.0000


Epoch : 30
Train Loss     : 10.4123	 | 	Train Accuracy     : 0.0000


Epoch : 31
Train Loss     : 10.3314	 | 	Train Accuracy     : 0.0000


Epoch : 32
Train Loss     : 10.2387	 | 	Train Accuracy     : 0.0000


Epoch : 33
Train Loss     : 10.2666	 | 	Train Accuracy     : 0.0000


Epoch : 34
Train Loss     : 10.1567	 | 	Train Accuracy     : 0.0000


Epoch : 35
Train Loss     : 10.1922	 | 	Train Accuracy     : 0.0000


Epoch : 36
Train Loss     : 9.9812	 | 	Train Accuracy     : 0.0000


Epoch : 37
Train Loss     : 9.8163	 | 	Train Accuracy     : 0.0000


Epoch : 38
Train Loss     : 9.8329	 | 	Train Accuracy     : 0.0000


Epoch : 39
Train Loss     : 9.8942	 | 	Train Accuracy     : 0.0000


Epoch : 40
Train Loss     : 9.7649	 | 	Train Accuracy     : 0.0000


################## Training is Done! #########################
Training time is : 0:46:40.488284
