=============================================
Dataset: HAR
Method:  TS-TCC
Mode:    self_supervised
=============================================
Data loaded ...
Training started ....

Epoch : 1
Train Loss     : 27.2378	 | 	Train Accuracy     : 0.0000


Epoch : 2
Train Loss     : 25.5389	 | 	Train Accuracy     : 0.0000


Epoch : 3
Train Loss     : 24.9339	 | 	Train Accuracy     : 0.0000


Epoch : 4
Train Loss     : 24.5919	 | 	Train Accuracy     : 0.0000


Epoch : 5
Train Loss     : 24.3461	 | 	Train Accuracy     : 0.0000


Epoch : 6
Train Loss     : 24.2506	 | 	Train Accuracy     : 0.0000


Epoch : 7
Train Loss     : 24.0428	 | 	Train Accuracy     : 0.0000


Epoch : 8
Train Loss     : 23.9735	 | 	Train Accuracy     : 0.0000


Epoch : 9
Train Loss     : 23.9303	 | 	Train Accuracy     : 0.0000


Epoch : 10
Train Loss     : 23.7647	 | 	Train Accuracy     : 0.0000


Epoch : 11
Train Loss     : 23.7609	 | 	Train Accuracy     : 0.0000


Epoch : 12
Train Loss     : 23.6700	 | 	Train Accuracy     : 0.0000


Epoch : 13
Train Loss     : 23.6468	 | 	Train Accuracy     : 0.0000


Epoch : 14
Train Loss     : 23.6230	 | 	Train Accuracy     : 0.0000


Epoch : 15
Train Loss     : 23.5387	 | 	Train Accuracy     : 0.0000


Epoch : 16
Train Loss     : 23.5196	 | 	Train Accuracy     : 0.0000


Epoch : 17
Train Loss     : 23.4490	 | 	Train Accuracy     : 0.0000


Epoch : 18
Train Loss     : 23.4352	 | 	Train Accuracy     : 0.0000


Epoch : 19
Train Loss     : 23.4020	 | 	Train Accuracy     : 0.0000


Epoch : 20
Train Loss     : 23.3875	 | 	Train Accuracy     : 0.0000


Epoch : 21
Train Loss     : 23.3677	 | 	Train Accuracy     : 0.0000


Epoch : 22
Train Loss     : 23.3204	 | 	Train Accuracy     : 0.0000


Epoch : 23
Train Loss     : 23.2223	 | 	Train Accuracy     : 0.0000


Epoch : 24
Train Loss     : 23.2397	 | 	Train Accuracy     : 0.0000


Epoch : 25
Train Loss     : 23.2092	 | 	Train Accuracy     : 0.0000


Epoch : 26
Train Loss     : 23.1528	 | 	Train Accuracy     : 0.0000


Epoch : 27
Train Loss     : 23.0911	 | 	Train Accuracy     : 0.0000


Epoch : 28
Train Loss     : 23.1383	 | 	Train Accuracy     : 0.0000


Epoch : 29
Train Loss     : 22.9818	 | 	Train Accuracy     : 0.0000


Epoch : 30
Train Loss     : 23.1236	 | 	Train Accuracy     : 0.0000


Epoch : 31
Train Loss     : 23.0108	 | 	Train Accuracy     : 0.0000


Epoch : 32
Train Loss     : 23.0118	 | 	Train Accuracy     : 0.0000


Epoch : 33
Train Loss     : 22.9905	 | 	Train Accuracy     : 0.0000

