=============================================
Dataset: Epilepsy
Method:  TS-TCC
Mode:    self_supervised
=============================================
Data loaded ...
Training started ....

Epoch : 1
Train Loss     : 26.3407	 | 	Train Accuracy     : 0.0000


Epoch : 2
Train Loss     : 24.7831	 | 	Train Accuracy     : 0.0000


Epoch : 3
Train Loss     : 24.2021	 | 	Train Accuracy     : 0.0000


Epoch : 4
Train Loss     : 23.7610	 | 	Train Accuracy     : 0.0000


Epoch : 5
Train Loss     : 23.5087	 | 	Train Accuracy     : 0.0000


Epoch : 6
Train Loss     : 23.3168	 | 	Train Accuracy     : 0.0000


Epoch : 7
Train Loss     : 23.0944	 | 	Train Accuracy     : 0.0000


Epoch : 8
Train Loss     : 22.9732	 | 	Train Accuracy     : 0.0000


Epoch : 9
Train Loss     : 22.7843	 | 	Train Accuracy     : 0.0000


Epoch : 10
Train Loss     : 22.5273	 | 	Train Accuracy     : 0.0000


Epoch : 11
Train Loss     : 22.5530	 | 	Train Accuracy     : 0.0000


Epoch : 12
Train Loss     : 22.2604	 | 	Train Accuracy     : 0.0000


Epoch : 13
Train Loss     : 22.3306	 | 	Train Accuracy     : 0.0000


Epoch : 14
Train Loss     : 22.1825	 | 	Train Accuracy     : 0.0000


Epoch : 15
Train Loss     : 22.1058	 | 	Train Accuracy     : 0.0000


Epoch : 16
Train Loss     : 22.0424	 | 	Train Accuracy     : 0.0000


Epoch : 17
Train Loss     : 21.8866	 | 	Train Accuracy     : 0.0000


Epoch : 18
Train Loss     : 21.8961	 | 	Train Accuracy     : 0.0000


Epoch : 19
Train Loss     : 22.0066	 | 	Train Accuracy     : 0.0000


Epoch : 20
Train Loss     : 21.8703	 | 	Train Accuracy     : 0.0000


Epoch : 21
Train Loss     : 21.6105	 | 	Train Accuracy     : 0.0000


Epoch : 22
Train Loss     : 21.5887	 | 	Train Accuracy     : 0.0000


Epoch : 23
Train Loss     : 21.8062	 | 	Train Accuracy     : 0.0000


Epoch : 24
Train Loss     : 21.4439	 | 	Train Accuracy     : 0.0000


Epoch : 25
Train Loss     : 21.6269	 | 	Train Accuracy     : 0.0000


Epoch : 26
Train Loss     : 21.4738	 | 	Train Accuracy     : 0.0000


Epoch : 27
Train Loss     : 21.1319	 | 	Train Accuracy     : 0.0000


Epoch : 28
Train Loss     : 21.1984	 | 	Train Accuracy     : 0.0000


Epoch : 29
Train Loss     : 21.0053	 | 	Train Accuracy     : 0.0000


Epoch : 30
Train Loss     : 20.9502	 | 	Train Accuracy     : 0.0000


Epoch : 31
Train Loss     : 21.1507	 | 	Train Accuracy     : 0.0000


Epoch : 32
Train Loss     : 21.0719	 | 	Train Accuracy     : 0.0000


Epoch : 33
Train Loss     : 20.8809	 | 	Train Accuracy     : 0.0000


Epoch : 34
Train Loss     : 20.8512	 | 	Train Accuracy     : 0.0000


Epoch : 35
Train Loss     : 20.7811	 | 	Train Accuracy     : 0.0000


Epoch : 36
Train Loss     : 20.6478	 | 	Train Accuracy     : 0.0000


Epoch : 37
Train Loss     : 20.6157	 | 	Train Accuracy     : 0.0000


Epoch : 38
Train Loss     : 20.7823	 | 	Train Accuracy     : 0.0000


Epoch : 39
Train Loss     : 20.6035	 | 	Train Accuracy     : 0.0000


Epoch : 40
Train Loss     : 20.5279	 | 	Train Accuracy     : 0.0000


################## Training is Done! #########################
Training time is : 0:11:52.532675
