=============================================
Dataset: Epilepsy
Method:  TS-TCC
Mode:    self_supervised
=============================================
Data loaded ...
Training started ....

Epoch : 1
Train Loss     : 26.3548	 | 	Train Accuracy     : 0.0000


Epoch : 2
Train Loss     : 24.8015	 | 	Train Accuracy     : 0.0000


Epoch : 3
Train Loss     : 24.2379	 | 	Train Accuracy     : 0.0000


Epoch : 4
Train Loss     : 23.7668	 | 	Train Accuracy     : 0.0000


Epoch : 5
Train Loss     : 23.5356	 | 	Train Accuracy     : 0.0000


Epoch : 6
Train Loss     : 23.3172	 | 	Train Accuracy     : 0.0000


Epoch : 7
Train Loss     : 23.1016	 | 	Train Accuracy     : 0.0000


Epoch : 8
Train Loss     : 22.9804	 | 	Train Accuracy     : 0.0000


Epoch : 9
Train Loss     : 22.7749	 | 	Train Accuracy     : 0.0000


Epoch : 10
Train Loss     : 22.5478	 | 	Train Accuracy     : 0.0000


Epoch : 11
Train Loss     : 22.5491	 | 	Train Accuracy     : 0.0000


Epoch : 12
Train Loss     : 22.2584	 | 	Train Accuracy     : 0.0000


Epoch : 13
Train Loss     : 22.3442	 | 	Train Accuracy     : 0.0000


Epoch : 14
Train Loss     : 22.1656	 | 	Train Accuracy     : 0.0000


Epoch : 15
Train Loss     : 22.0990	 | 	Train Accuracy     : 0.0000


Epoch : 16
Train Loss     : 22.0207	 | 	Train Accuracy     : 0.0000


Epoch : 17
Train Loss     : 21.8378	 | 	Train Accuracy     : 0.0000


Epoch : 18
Train Loss     : 21.8675	 | 	Train Accuracy     : 0.0000


Epoch : 19
Train Loss     : 21.9659	 | 	Train Accuracy     : 0.0000


Epoch : 20
Train Loss     : 21.8359	 | 	Train Accuracy     : 0.0000


Epoch : 21
Train Loss     : 21.5744	 | 	Train Accuracy     : 0.0000


Epoch : 22
Train Loss     : 21.5229	 | 	Train Accuracy     : 0.0000


Epoch : 23
Train Loss     : 21.7660	 | 	Train Accuracy     : 0.0000


Epoch : 24
Train Loss     : 21.3986	 | 	Train Accuracy     : 0.0000


Epoch : 25
Train Loss     : 21.5818	 | 	Train Accuracy     : 0.0000


Epoch : 26
Train Loss     : 21.4245	 | 	Train Accuracy     : 0.0000


Epoch : 27
Train Loss     : 21.0929	 | 	Train Accuracy     : 0.0000


Epoch : 28
Train Loss     : 21.1436	 | 	Train Accuracy     : 0.0000


Epoch : 29
Train Loss     : 20.9502	 | 	Train Accuracy     : 0.0000


Epoch : 30
Train Loss     : 20.8945	 | 	Train Accuracy     : 0.0000


Epoch : 31
Train Loss     : 21.1137	 | 	Train Accuracy     : 0.0000


Epoch : 32
Train Loss     : 21.0367	 | 	Train Accuracy     : 0.0000


Epoch : 33
Train Loss     : 20.8351	 | 	Train Accuracy     : 0.0000


Epoch : 34
Train Loss     : 20.8000	 | 	Train Accuracy     : 0.0000


Epoch : 35
Train Loss     : 20.7316	 | 	Train Accuracy     : 0.0000


Epoch : 36
Train Loss     : 20.6008	 | 	Train Accuracy     : 0.0000


Epoch : 37
Train Loss     : 20.5848	 | 	Train Accuracy     : 0.0000


Epoch : 38
Train Loss     : 20.7338	 | 	Train Accuracy     : 0.0000


Epoch : 39
Train Loss     : 20.5603	 | 	Train Accuracy     : 0.0000


Epoch : 40
Train Loss     : 20.4633	 | 	Train Accuracy     : 0.0000


################## Training is Done! #########################
Training time is : 0:15:31.464826
