=============================================
Dataset: Epilepsy
Method:  TS-TCC
Mode:    self_supervised
=============================================
Data loaded ...
Training started ....

Epoch : 1
Train Loss     : 26.2675	 | 	Train Accuracy     : 0.0000


Epoch : 2
Train Loss     : 24.5547	 | 	Train Accuracy     : 0.0000


Epoch : 3
Train Loss     : 24.1189	 | 	Train Accuracy     : 0.0000


Epoch : 4
Train Loss     : 23.6534	 | 	Train Accuracy     : 0.0000


Epoch : 5
Train Loss     : 23.4835	 | 	Train Accuracy     : 0.0000


Epoch : 6
Train Loss     : 23.1799	 | 	Train Accuracy     : 0.0000


Epoch : 7
Train Loss     : 23.1065	 | 	Train Accuracy     : 0.0000


Epoch : 8
Train Loss     : 22.8753	 | 	Train Accuracy     : 0.0000


Epoch : 9
Train Loss     : 22.7913	 | 	Train Accuracy     : 0.0000


Epoch : 10
Train Loss     : 22.6032	 | 	Train Accuracy     : 0.0000


Epoch : 11
Train Loss     : 22.3452	 | 	Train Accuracy     : 0.0000


Epoch : 12
Train Loss     : 22.2943	 | 	Train Accuracy     : 0.0000


Epoch : 13
Train Loss     : 22.0220	 | 	Train Accuracy     : 0.0000


Epoch : 14
Train Loss     : 22.0437	 | 	Train Accuracy     : 0.0000


Epoch : 15
Train Loss     : 22.0682	 | 	Train Accuracy     : 0.0000


Epoch : 16
Train Loss     : 21.7840	 | 	Train Accuracy     : 0.0000


Epoch : 17
Train Loss     : 21.7949	 | 	Train Accuracy     : 0.0000


Epoch : 18
Train Loss     : 21.8680	 | 	Train Accuracy     : 0.0000


Epoch : 19
Train Loss     : 21.7127	 | 	Train Accuracy     : 0.0000


Epoch : 20
Train Loss     : 21.5529	 | 	Train Accuracy     : 0.0000


Epoch : 21
Train Loss     : 21.3054	 | 	Train Accuracy     : 0.0000


Epoch : 22
Train Loss     : 21.2978	 | 	Train Accuracy     : 0.0000


Epoch : 23
Train Loss     : 21.4465	 | 	Train Accuracy     : 0.0000


Epoch : 24
Train Loss     : 21.2617	 | 	Train Accuracy     : 0.0000


Epoch : 25
Train Loss     : 21.2150	 | 	Train Accuracy     : 0.0000


Epoch : 26
Train Loss     : 21.2359	 | 	Train Accuracy     : 0.0000


Epoch : 27
Train Loss     : 21.1422	 | 	Train Accuracy     : 0.0000


Epoch : 28
Train Loss     : 20.8977	 | 	Train Accuracy     : 0.0000


Epoch : 29
Train Loss     : 20.8019	 | 	Train Accuracy     : 0.0000


Epoch : 30
Train Loss     : 20.8247	 | 	Train Accuracy     : 0.0000


Epoch : 31
Train Loss     : 20.9250	 | 	Train Accuracy     : 0.0000


Epoch : 32
Train Loss     : 20.6320	 | 	Train Accuracy     : 0.0000


Epoch : 33
Train Loss     : 20.7575	 | 	Train Accuracy     : 0.0000


Epoch : 34
Train Loss     : 20.5646	 | 	Train Accuracy     : 0.0000


Epoch : 35
Train Loss     : 20.6360	 | 	Train Accuracy     : 0.0000


Epoch : 36
Train Loss     : 20.4164	 | 	Train Accuracy     : 0.0000


Epoch : 37
Train Loss     : 20.3640	 | 	Train Accuracy     : 0.0000


Epoch : 38
Train Loss     : 20.3631	 | 	Train Accuracy     : 0.0000


Epoch : 39
Train Loss     : 20.1161	 | 	Train Accuracy     : 0.0000


Epoch : 40
Train Loss     : 20.1924	 | 	Train Accuracy     : 0.0000


################## Training is Done! #########################
Training time is : 0:14:53.984197
