=============================================
Dataset: Epilepsy
Method:  TS-TCC
Mode:    self_supervised
=============================================
Data loaded ...
Training started ....

Epoch : 1
Train Loss     : 26.3469	 | 	Train Accuracy     : 0.0000


Epoch : 2
Train Loss     : 24.7912	 | 	Train Accuracy     : 0.0000


Epoch : 3
Train Loss     : 24.2052	 | 	Train Accuracy     : 0.0000


Epoch : 4
Train Loss     : 23.7812	 | 	Train Accuracy     : 0.0000


Epoch : 5
Train Loss     : 23.5196	 | 	Train Accuracy     : 0.0000


Epoch : 6
Train Loss     : 23.3166	 | 	Train Accuracy     : 0.0000


Epoch : 7
Train Loss     : 23.1046	 | 	Train Accuracy     : 0.0000


Epoch : 8
Train Loss     : 22.9833	 | 	Train Accuracy     : 0.0000


Epoch : 9
Train Loss     : 22.7922	 | 	Train Accuracy     : 0.0000


Epoch : 10
Train Loss     : 22.5529	 | 	Train Accuracy     : 0.0000


Epoch : 11
Train Loss     : 22.5724	 | 	Train Accuracy     : 0.0000


Epoch : 12
Train Loss     : 22.2674	 | 	Train Accuracy     : 0.0000


Epoch : 13
Train Loss     : 22.3494	 | 	Train Accuracy     : 0.0000


Epoch : 14
Train Loss     : 22.1859	 | 	Train Accuracy     : 0.0000


Epoch : 15
Train Loss     : 22.1032	 | 	Train Accuracy     : 0.0000


Epoch : 16
Train Loss     : 22.0467	 | 	Train Accuracy     : 0.0000


Epoch : 17
Train Loss     : 21.8867	 | 	Train Accuracy     : 0.0000


Epoch : 18
Train Loss     : 21.8855	 | 	Train Accuracy     : 0.0000


Epoch : 19
Train Loss     : 21.9713	 | 	Train Accuracy     : 0.0000


Epoch : 20
Train Loss     : 21.8585	 | 	Train Accuracy     : 0.0000


Epoch : 21
Train Loss     : 21.6075	 | 	Train Accuracy     : 0.0000


Epoch : 22
Train Loss     : 21.5670	 | 	Train Accuracy     : 0.0000


Epoch : 23
Train Loss     : 21.7939	 | 	Train Accuracy     : 0.0000


Epoch : 24
Train Loss     : 21.4275	 | 	Train Accuracy     : 0.0000


Epoch : 25
Train Loss     : 21.6087	 | 	Train Accuracy     : 0.0000


Epoch : 26
Train Loss     : 21.4448	 | 	Train Accuracy     : 0.0000


Epoch : 27
Train Loss     : 21.1283	 | 	Train Accuracy     : 0.0000


Epoch : 28
Train Loss     : 21.1756	 | 	Train Accuracy     : 0.0000


Epoch : 29
Train Loss     : 20.9948	 | 	Train Accuracy     : 0.0000


Epoch : 30
Train Loss     : 20.9447	 | 	Train Accuracy     : 0.0000


Epoch : 31
Train Loss     : 21.1486	 | 	Train Accuracy     : 0.0000


Epoch : 32
Train Loss     : 21.0567	 | 	Train Accuracy     : 0.0000


Epoch : 33
Train Loss     : 20.8682	 | 	Train Accuracy     : 0.0000


Epoch : 34
Train Loss     : 20.8465	 | 	Train Accuracy     : 0.0000


Epoch : 35
Train Loss     : 20.7813	 | 	Train Accuracy     : 0.0000


Epoch : 36
Train Loss     : 20.6249	 | 	Train Accuracy     : 0.0000


Epoch : 37
Train Loss     : 20.6187	 | 	Train Accuracy     : 0.0000


Epoch : 38
Train Loss     : 20.7584	 | 	Train Accuracy     : 0.0000


Epoch : 39
Train Loss     : 20.5893	 | 	Train Accuracy     : 0.0000


Epoch : 40
Train Loss     : 20.4949	 | 	Train Accuracy     : 0.0000


################## Training is Done! #########################
Training time is : 0:13:11.169169
