=============================================
Dataset: Epilepsy
Method:  TS-TCC
Mode:    self_supervised
=============================================
Data loaded ...
Training started ....

Epoch : 1
Train Loss     : 26.2589	 | 	Train Accuracy     : 0.0000


Epoch : 2
Train Loss     : 24.5431	 | 	Train Accuracy     : 0.0000


Epoch : 3
Train Loss     : 24.1164	 | 	Train Accuracy     : 0.0000


Epoch : 4
Train Loss     : 23.6465	 | 	Train Accuracy     : 0.0000


Epoch : 5
Train Loss     : 23.4694	 | 	Train Accuracy     : 0.0000


Epoch : 6
Train Loss     : 23.1904	 | 	Train Accuracy     : 0.0000


Epoch : 7
Train Loss     : 23.1165	 | 	Train Accuracy     : 0.0000


Epoch : 8
Train Loss     : 22.8878	 | 	Train Accuracy     : 0.0000


Epoch : 9
Train Loss     : 22.8171	 | 	Train Accuracy     : 0.0000


Epoch : 10
Train Loss     : 22.6150	 | 	Train Accuracy     : 0.0000


Epoch : 11
Train Loss     : 22.3477	 | 	Train Accuracy     : 0.0000


Epoch : 12
Train Loss     : 22.3053	 | 	Train Accuracy     : 0.0000


Epoch : 13
Train Loss     : 22.0521	 | 	Train Accuracy     : 0.0000


Epoch : 14
Train Loss     : 22.0570	 | 	Train Accuracy     : 0.0000


Epoch : 15
Train Loss     : 22.0851	 | 	Train Accuracy     : 0.0000


Epoch : 16
Train Loss     : 21.7906	 | 	Train Accuracy     : 0.0000


Epoch : 17
Train Loss     : 21.7956	 | 	Train Accuracy     : 0.0000


Epoch : 18
Train Loss     : 21.8768	 | 	Train Accuracy     : 0.0000


Epoch : 19
Train Loss     : 21.7448	 | 	Train Accuracy     : 0.0000


Epoch : 20
Train Loss     : 21.5645	 | 	Train Accuracy     : 0.0000


Epoch : 21
Train Loss     : 21.3095	 | 	Train Accuracy     : 0.0000


Epoch : 22
Train Loss     : 21.3107	 | 	Train Accuracy     : 0.0000


Epoch : 23
Train Loss     : 21.4663	 | 	Train Accuracy     : 0.0000


Epoch : 24
Train Loss     : 21.2878	 | 	Train Accuracy     : 0.0000


Epoch : 25
Train Loss     : 21.2075	 | 	Train Accuracy     : 0.0000


Epoch : 26
Train Loss     : 21.2413	 | 	Train Accuracy     : 0.0000


Epoch : 27
Train Loss     : 21.1439	 | 	Train Accuracy     : 0.0000


Epoch : 28
Train Loss     : 20.9098	 | 	Train Accuracy     : 0.0000


Epoch : 29
Train Loss     : 20.7932	 | 	Train Accuracy     : 0.0000


Epoch : 30
Train Loss     : 20.7954	 | 	Train Accuracy     : 0.0000


Epoch : 31
Train Loss     : 20.9327	 | 	Train Accuracy     : 0.0000


Epoch : 32
Train Loss     : 20.6258	 | 	Train Accuracy     : 0.0000


Epoch : 33
Train Loss     : 20.7523	 | 	Train Accuracy     : 0.0000


Epoch : 34
Train Loss     : 20.5730	 | 	Train Accuracy     : 0.0000


Epoch : 35
Train Loss     : 20.6360	 | 	Train Accuracy     : 0.0000


Epoch : 36
Train Loss     : 20.4048	 | 	Train Accuracy     : 0.0000


Epoch : 37
Train Loss     : 20.3452	 | 	Train Accuracy     : 0.0000


Epoch : 38
Train Loss     : 20.3714	 | 	Train Accuracy     : 0.0000


Epoch : 39
Train Loss     : 20.1151	 | 	Train Accuracy     : 0.0000


Epoch : 40
Train Loss     : 20.1803	 | 	Train Accuracy     : 0.0000


################## Training is Done! #########################
Training time is : 0:14:23.791610
