=============================================
Dataset: Epilepsy
Method:  TS-TCC
Mode:    self_supervised
=============================================
Data loaded ...
Training started ....

Epoch : 1
Train Loss     : 26.3454	 | 	Train Accuracy     : 0.0000


Epoch : 2
Train Loss     : 24.7822	 | 	Train Accuracy     : 0.0000


Epoch : 3
Train Loss     : 24.2150	 | 	Train Accuracy     : 0.0000


Epoch : 4
Train Loss     : 23.7743	 | 	Train Accuracy     : 0.0000


Epoch : 5
Train Loss     : 23.5246	 | 	Train Accuracy     : 0.0000


Epoch : 6
Train Loss     : 23.3173	 | 	Train Accuracy     : 0.0000


Epoch : 7
Train Loss     : 23.1099	 | 	Train Accuracy     : 0.0000


Epoch : 8
Train Loss     : 22.9802	 | 	Train Accuracy     : 0.0000


Epoch : 9
Train Loss     : 22.7799	 | 	Train Accuracy     : 0.0000


Epoch : 10
Train Loss     : 22.5583	 | 	Train Accuracy     : 0.0000


Epoch : 11
Train Loss     : 22.5734	 | 	Train Accuracy     : 0.0000


Epoch : 12
Train Loss     : 22.2701	 | 	Train Accuracy     : 0.0000


Epoch : 13
Train Loss     : 22.3448	 | 	Train Accuracy     : 0.0000


Epoch : 14
Train Loss     : 22.1971	 | 	Train Accuracy     : 0.0000


Epoch : 15
Train Loss     : 22.1213	 | 	Train Accuracy     : 0.0000


Epoch : 16
Train Loss     : 22.0680	 | 	Train Accuracy     : 0.0000


Epoch : 17
Train Loss     : 21.8876	 | 	Train Accuracy     : 0.0000


Epoch : 18
Train Loss     : 21.9032	 | 	Train Accuracy     : 0.0000


Epoch : 19
Train Loss     : 21.9836	 | 	Train Accuracy     : 0.0000


Epoch : 20
Train Loss     : 21.8673	 | 	Train Accuracy     : 0.0000


Epoch : 21
Train Loss     : 21.6115	 | 	Train Accuracy     : 0.0000


Epoch : 22
Train Loss     : 21.5746	 | 	Train Accuracy     : 0.0000


Epoch : 23
Train Loss     : 21.7893	 | 	Train Accuracy     : 0.0000


Epoch : 24
Train Loss     : 21.4401	 | 	Train Accuracy     : 0.0000


Epoch : 25
Train Loss     : 21.6110	 | 	Train Accuracy     : 0.0000


Epoch : 26
Train Loss     : 21.4519	 | 	Train Accuracy     : 0.0000


Epoch : 27
Train Loss     : 21.1403	 | 	Train Accuracy     : 0.0000


Epoch : 28
Train Loss     : 21.1895	 | 	Train Accuracy     : 0.0000


Epoch : 29
Train Loss     : 20.9881	 | 	Train Accuracy     : 0.0000


Epoch : 30
Train Loss     : 20.9464	 | 	Train Accuracy     : 0.0000


Epoch : 31
Train Loss     : 21.1375	 | 	Train Accuracy     : 0.0000


Epoch : 32
Train Loss     : 21.0726	 | 	Train Accuracy     : 0.0000


Epoch : 33
Train Loss     : 20.8629	 | 	Train Accuracy     : 0.0000


Epoch : 34
Train Loss     : 20.8254	 | 	Train Accuracy     : 0.0000


Epoch : 35
Train Loss     : 20.7718	 | 	Train Accuracy     : 0.0000


Epoch : 36
Train Loss     : 20.6428	 | 	Train Accuracy     : 0.0000


Epoch : 37
Train Loss     : 20.6106	 | 	Train Accuracy     : 0.0000


Epoch : 38
Train Loss     : 20.7622	 | 	Train Accuracy     : 0.0000


Epoch : 39
Train Loss     : 20.5866	 | 	Train Accuracy     : 0.0000


Epoch : 40
Train Loss     : 20.5129	 | 	Train Accuracy     : 0.0000


################## Training is Done! #########################
Training time is : 0:15:04.618080
