=============================================
Dataset: Epilepsy
Method:  TS-TCC
Mode:    self_supervised
=============================================
Data loaded ...
Training started ....

Epoch : 1
Train Loss     : 26.3511	 | 	Train Accuracy     : 0.0000


Epoch : 2
Train Loss     : 24.7975	 | 	Train Accuracy     : 0.0000


Epoch : 3
Train Loss     : 24.2146	 | 	Train Accuracy     : 0.0000


Epoch : 4
Train Loss     : 23.7817	 | 	Train Accuracy     : 0.0000


Epoch : 5
Train Loss     : 23.5143	 | 	Train Accuracy     : 0.0000


Epoch : 6
Train Loss     : 23.3171	 | 	Train Accuracy     : 0.0000


Epoch : 7
Train Loss     : 23.0975	 | 	Train Accuracy     : 0.0000


Epoch : 8
Train Loss     : 22.9992	 | 	Train Accuracy     : 0.0000


Epoch : 9
Train Loss     : 22.8095	 | 	Train Accuracy     : 0.0000


Epoch : 10
Train Loss     : 22.5686	 | 	Train Accuracy     : 0.0000


Epoch : 11
Train Loss     : 22.5780	 | 	Train Accuracy     : 0.0000


Epoch : 12
Train Loss     : 22.2762	 | 	Train Accuracy     : 0.0000


Epoch : 13
Train Loss     : 22.3542	 | 	Train Accuracy     : 0.0000


Epoch : 14
Train Loss     : 22.1833	 | 	Train Accuracy     : 0.0000


Epoch : 15
Train Loss     : 22.1203	 | 	Train Accuracy     : 0.0000


Epoch : 16
Train Loss     : 22.0522	 | 	Train Accuracy     : 0.0000


Epoch : 17
Train Loss     : 21.8796	 | 	Train Accuracy     : 0.0000


Epoch : 18
Train Loss     : 21.8786	 | 	Train Accuracy     : 0.0000


Epoch : 19
Train Loss     : 21.9650	 | 	Train Accuracy     : 0.0000


Epoch : 20
Train Loss     : 21.8475	 | 	Train Accuracy     : 0.0000


Epoch : 21
Train Loss     : 21.5954	 | 	Train Accuracy     : 0.0000


Epoch : 22
Train Loss     : 21.5666	 | 	Train Accuracy     : 0.0000


Epoch : 23
Train Loss     : 21.7975	 | 	Train Accuracy     : 0.0000


Epoch : 24
Train Loss     : 21.4269	 | 	Train Accuracy     : 0.0000


Epoch : 25
Train Loss     : 21.5995	 | 	Train Accuracy     : 0.0000


Epoch : 26
Train Loss     : 21.4399	 | 	Train Accuracy     : 0.0000


Epoch : 27
Train Loss     : 21.1212	 | 	Train Accuracy     : 0.0000


Epoch : 28
Train Loss     : 21.1700	 | 	Train Accuracy     : 0.0000


Epoch : 29
Train Loss     : 20.9755	 | 	Train Accuracy     : 0.0000


Epoch : 30
Train Loss     : 20.9257	 | 	Train Accuracy     : 0.0000


Epoch : 31
Train Loss     : 21.1502	 | 	Train Accuracy     : 0.0000


Epoch : 32
Train Loss     : 21.0598	 | 	Train Accuracy     : 0.0000


Epoch : 33
Train Loss     : 20.8777	 | 	Train Accuracy     : 0.0000


Epoch : 34
Train Loss     : 20.8298	 | 	Train Accuracy     : 0.0000


Epoch : 35
Train Loss     : 20.7771	 | 	Train Accuracy     : 0.0000


Epoch : 36
Train Loss     : 20.6352	 | 	Train Accuracy     : 0.0000


Epoch : 37
Train Loss     : 20.6045	 | 	Train Accuracy     : 0.0000


Epoch : 38
Train Loss     : 20.7723	 | 	Train Accuracy     : 0.0000


Epoch : 39
Train Loss     : 20.6014	 | 	Train Accuracy     : 0.0000


Epoch : 40
Train Loss     : 20.5083	 | 	Train Accuracy     : 0.0000


################## Training is Done! #########################
Training time is : 0:18:32.399027
