=============================================
Dataset: HAR
Method:  TS-TCC
Mode:    self_supervised
=============================================
Data loaded ...
Training started ....

Epoch : 1
Train Loss     : 27.2474	 | 	Train Accuracy     : 0.0000


Epoch : 2
Train Loss     : 25.7201	 | 	Train Accuracy     : 0.0000


Epoch : 3
Train Loss     : 24.9902	 | 	Train Accuracy     : 0.0000


Epoch : 4
Train Loss     : 24.6118	 | 	Train Accuracy     : 0.0000


Epoch : 5
Train Loss     : 24.3510	 | 	Train Accuracy     : 0.0000


Epoch : 6
Train Loss     : 24.2500	 | 	Train Accuracy     : 0.0000


Epoch : 7
Train Loss     : 24.0276	 | 	Train Accuracy     : 0.0000


Epoch : 8
Train Loss     : 23.9658	 | 	Train Accuracy     : 0.0000


Epoch : 9
Train Loss     : 23.9224	 | 	Train Accuracy     : 0.0000


Epoch : 10
Train Loss     : 23.7532	 | 	Train Accuracy     : 0.0000


Epoch : 11
Train Loss     : 23.7534	 | 	Train Accuracy     : 0.0000


Epoch : 12
Train Loss     : 23.6592	 | 	Train Accuracy     : 0.0000


Epoch : 13
Train Loss     : 23.6432	 | 	Train Accuracy     : 0.0000


Epoch : 14
Train Loss     : 23.6140	 | 	Train Accuracy     : 0.0000


Epoch : 15
Train Loss     : 23.5216	 | 	Train Accuracy     : 0.0000


Epoch : 16
Train Loss     : 23.5049	 | 	Train Accuracy     : 0.0000


Epoch : 17
Train Loss     : 23.4414	 | 	Train Accuracy     : 0.0000


Epoch : 18
Train Loss     : 23.4412	 | 	Train Accuracy     : 0.0000


Epoch : 19
Train Loss     : 23.4021	 | 	Train Accuracy     : 0.0000


Epoch : 20
Train Loss     : 23.3839	 | 	Train Accuracy     : 0.0000


Epoch : 21
Train Loss     : 23.3592	 | 	Train Accuracy     : 0.0000


Epoch : 22
Train Loss     : 23.3213	 | 	Train Accuracy     : 0.0000


Epoch : 23
Train Loss     : 23.2305	 | 	Train Accuracy     : 0.0000


Epoch : 24
Train Loss     : 23.2184	 | 	Train Accuracy     : 0.0000


Epoch : 25
Train Loss     : 23.2130	 | 	Train Accuracy     : 0.0000


Epoch : 26
Train Loss     : 23.1392	 | 	Train Accuracy     : 0.0000


Epoch : 27
Train Loss     : 23.0942	 | 	Train Accuracy     : 0.0000


Epoch : 28
Train Loss     : 23.1366	 | 	Train Accuracy     : 0.0000


Epoch : 29
Train Loss     : 22.9836	 | 	Train Accuracy     : 0.0000


Epoch : 30
Train Loss     : 23.1450	 | 	Train Accuracy     : 0.0000


Epoch : 31
Train Loss     : 23.0200	 | 	Train Accuracy     : 0.0000


Epoch : 32
Train Loss     : 23.0144	 | 	Train Accuracy     : 0.0000


Epoch : 33
Train Loss     : 22.9989	 | 	Train Accuracy     : 0.0000


Epoch : 34
Train Loss     : 22.9424	 | 	Train Accuracy     : 0.0000


Epoch : 35
Train Loss     : 22.9182	 | 	Train Accuracy     : 0.0000


Epoch : 36
Train Loss     : 22.8864	 | 	Train Accuracy     : 0.0000


Epoch : 37
Train Loss     : 22.8778	 | 	Train Accuracy     : 0.0000


Epoch : 38
Train Loss     : 22.9090	 | 	Train Accuracy     : 0.0000


Epoch : 39
Train Loss     : 22.8219	 | 	Train Accuracy     : 0.0000


Epoch : 40
Train Loss     : 22.7225	 | 	Train Accuracy     : 0.0000


################## Training is Done! #########################
Training time is : 0:12:58.317583
