=============================================
Dataset: Epilepsy
Method:  TS-TCC
Mode:    self_supervised
=============================================
Data loaded ...
Training started ....

Epoch : 1
Train Loss     : 26.5590	 | 	Train Accuracy     : 0.0000


Epoch : 2
Train Loss     : 25.0099	 | 	Train Accuracy     : 0.0000


Epoch : 3
Train Loss     : 24.0882	 | 	Train Accuracy     : 0.0000


Epoch : 4
Train Loss     : 23.4912	 | 	Train Accuracy     : 0.0000


Epoch : 5
Train Loss     : 22.9499	 | 	Train Accuracy     : 0.0000


Epoch : 6
Train Loss     : 22.7025	 | 	Train Accuracy     : 0.0000


Epoch : 7
Train Loss     : 22.3642	 | 	Train Accuracy     : 0.0000


Epoch : 8
Train Loss     : 22.2350	 | 	Train Accuracy     : 0.0000


Epoch : 9
Train Loss     : 22.2368	 | 	Train Accuracy     : 0.0000


Epoch : 10
Train Loss     : 21.8460	 | 	Train Accuracy     : 0.0000


Epoch : 11
Train Loss     : 21.6531	 | 	Train Accuracy     : 0.0000


Epoch : 12
Train Loss     : 21.6434	 | 	Train Accuracy     : 0.0000


Epoch : 13
Train Loss     : 21.3214	 | 	Train Accuracy     : 0.0000


Epoch : 14
Train Loss     : 21.0739	 | 	Train Accuracy     : 0.0000


Epoch : 15
Train Loss     : 21.0999	 | 	Train Accuracy     : 0.0000


Epoch : 16
Train Loss     : 20.7454	 | 	Train Accuracy     : 0.0000


Epoch : 17
Train Loss     : 20.7978	 | 	Train Accuracy     : 0.0000


Epoch : 18
Train Loss     : 20.6725	 | 	Train Accuracy     : 0.0000


Epoch : 19
Train Loss     : 20.6174	 | 	Train Accuracy     : 0.0000


Epoch : 20
Train Loss     : 20.3673	 | 	Train Accuracy     : 0.0000


Epoch : 21
Train Loss     : 20.4473	 | 	Train Accuracy     : 0.0000


Epoch : 22
Train Loss     : 20.2030	 | 	Train Accuracy     : 0.0000


Epoch : 23
Train Loss     : 20.1494	 | 	Train Accuracy     : 0.0000


Epoch : 24
Train Loss     : 19.9072	 | 	Train Accuracy     : 0.0000


Epoch : 25
Train Loss     : 19.8447	 | 	Train Accuracy     : 0.0000


Epoch : 26
Train Loss     : 19.5931	 | 	Train Accuracy     : 0.0000


Epoch : 27
Train Loss     : 19.6523	 | 	Train Accuracy     : 0.0000


Epoch : 28
Train Loss     : 19.5323	 | 	Train Accuracy     : 0.0000


Epoch : 29
Train Loss     : 19.3451	 | 	Train Accuracy     : 0.0000


Epoch : 30
Train Loss     : 19.3976	 | 	Train Accuracy     : 0.0000


Epoch : 31
Train Loss     : 19.2954	 | 	Train Accuracy     : 0.0000


Epoch : 32
Train Loss     : 19.2692	 | 	Train Accuracy     : 0.0000


Epoch : 33
Train Loss     : 19.4291	 | 	Train Accuracy     : 0.0000


Epoch : 34
Train Loss     : 19.1669	 | 	Train Accuracy     : 0.0000


Epoch : 35
Train Loss     : 18.9760	 | 	Train Accuracy     : 0.0000


Epoch : 36
Train Loss     : 18.9029	 | 	Train Accuracy     : 0.0000


Epoch : 37
Train Loss     : 19.0837	 | 	Train Accuracy     : 0.0000


Epoch : 38
Train Loss     : 18.5942	 | 	Train Accuracy     : 0.0000


Epoch : 39
Train Loss     : 18.8150	 | 	Train Accuracy     : 0.0000


Epoch : 40
Train Loss     : 18.7128	 | 	Train Accuracy     : 0.0000


################## Training is Done! #########################
Training time is : 0:12:43.794856
