=============================================
Dataset: sleepEDF
Method:  TS-TCC
Mode:    self_supervised
=============================================
Data loaded ...
Training started ....

Epoch : 1
Train Loss     : 28.4714	 | 	Train Accuracy     : 0.0000


Epoch : 2
Train Loss     : 26.1760	 | 	Train Accuracy     : 0.0000


Epoch : 3
Train Loss     : 25.1948	 | 	Train Accuracy     : 0.0000


Epoch : 4
Train Loss     : 24.5817	 | 	Train Accuracy     : 0.0000


Epoch : 5
Train Loss     : 24.3220	 | 	Train Accuracy     : 0.0000


Epoch : 6
Train Loss     : 24.1053	 | 	Train Accuracy     : 0.0000


Epoch : 7
Train Loss     : 23.8517	 | 	Train Accuracy     : 0.0000


Epoch : 8
Train Loss     : 23.5668	 | 	Train Accuracy     : 0.0000


Epoch : 9
Train Loss     : 23.5154	 | 	Train Accuracy     : 0.0000


Epoch : 10
Train Loss     : 23.3407	 | 	Train Accuracy     : 0.0000


Epoch : 11
Train Loss     : 23.5022	 | 	Train Accuracy     : 0.0000


Epoch : 12
Train Loss     : 23.2944	 | 	Train Accuracy     : 0.0000


Epoch : 13
Train Loss     : 23.0497	 | 	Train Accuracy     : 0.0000


Epoch : 14
Train Loss     : 22.9995	 | 	Train Accuracy     : 0.0000


Epoch : 15
Train Loss     : 22.9330	 | 	Train Accuracy     : 0.0000


Epoch : 16
Train Loss     : 23.0833	 | 	Train Accuracy     : 0.0000


Epoch : 17
Train Loss     : 22.8992	 | 	Train Accuracy     : 0.0000


Epoch : 18
Train Loss     : 23.0709	 | 	Train Accuracy     : 0.0000


Epoch : 19
Train Loss     : 22.7479	 | 	Train Accuracy     : 0.0000


Epoch : 20
Train Loss     : 22.7500	 | 	Train Accuracy     : 0.0000

