=============================================
Dataset: Epilepsy
Method:  TS-TCC
Mode:    self_supervised
=============================================
Data loaded ...
Training started ....

Epoch : 1
Train Loss     : 26.3424	 | 	Train Accuracy     : 0.0000


Epoch : 2
Train Loss     : 24.7886	 | 	Train Accuracy     : 0.0000


Epoch : 3
Train Loss     : 24.2221	 | 	Train Accuracy     : 0.0000


Epoch : 4
Train Loss     : 23.7815	 | 	Train Accuracy     : 0.0000


Epoch : 5
Train Loss     : 23.5246	 | 	Train Accuracy     : 0.0000


Epoch : 6
Train Loss     : 23.3159	 | 	Train Accuracy     : 0.0000


Epoch : 7
Train Loss     : 23.0941	 | 	Train Accuracy     : 0.0000


Epoch : 8
Train Loss     : 22.9879	 | 	Train Accuracy     : 0.0000


Epoch : 9
Train Loss     : 22.7833	 | 	Train Accuracy     : 0.0000


Epoch : 10
Train Loss     : 22.5482	 | 	Train Accuracy     : 0.0000


Epoch : 11
Train Loss     : 22.5595	 | 	Train Accuracy     : 0.0000


Epoch : 12
Train Loss     : 22.2772	 | 	Train Accuracy     : 0.0000


Epoch : 13
Train Loss     : 22.3514	 | 	Train Accuracy     : 0.0000


Epoch : 14
Train Loss     : 22.1880	 | 	Train Accuracy     : 0.0000


Epoch : 15
Train Loss     : 22.1301	 | 	Train Accuracy     : 0.0000


Epoch : 16
Train Loss     : 22.0567	 | 	Train Accuracy     : 0.0000


Epoch : 17
Train Loss     : 21.8568	 | 	Train Accuracy     : 0.0000


Epoch : 18
Train Loss     : 21.8835	 | 	Train Accuracy     : 0.0000


Epoch : 19
Train Loss     : 21.9801	 | 	Train Accuracy     : 0.0000


Epoch : 20
Train Loss     : 21.8499	 | 	Train Accuracy     : 0.0000


Epoch : 21
Train Loss     : 21.5777	 | 	Train Accuracy     : 0.0000


Epoch : 22
Train Loss     : 21.5542	 | 	Train Accuracy     : 0.0000


Epoch : 23
Train Loss     : 21.7684	 | 	Train Accuracy     : 0.0000


Epoch : 24
Train Loss     : 21.4082	 | 	Train Accuracy     : 0.0000


Epoch : 25
Train Loss     : 21.5907	 | 	Train Accuracy     : 0.0000


Epoch : 26
Train Loss     : 21.4129	 | 	Train Accuracy     : 0.0000


Epoch : 27
Train Loss     : 21.1131	 | 	Train Accuracy     : 0.0000


Epoch : 28
Train Loss     : 21.1764	 | 	Train Accuracy     : 0.0000


Epoch : 29
Train Loss     : 20.9691	 | 	Train Accuracy     : 0.0000


Epoch : 30
Train Loss     : 20.9217	 | 	Train Accuracy     : 0.0000


Epoch : 31
Train Loss     : 21.1346	 | 	Train Accuracy     : 0.0000


Epoch : 32
Train Loss     : 21.0337	 | 	Train Accuracy     : 0.0000


Epoch : 33
Train Loss     : 20.8588	 | 	Train Accuracy     : 0.0000


Epoch : 34
Train Loss     : 20.8182	 | 	Train Accuracy     : 0.0000


Epoch : 35
Train Loss     : 20.7555	 | 	Train Accuracy     : 0.0000


Epoch : 36
Train Loss     : 20.6256	 | 	Train Accuracy     : 0.0000


Epoch : 37
Train Loss     : 20.6208	 | 	Train Accuracy     : 0.0000


Epoch : 38
Train Loss     : 20.7680	 | 	Train Accuracy     : 0.0000


Epoch : 39
Train Loss     : 20.5893	 | 	Train Accuracy     : 0.0000


Epoch : 40
Train Loss     : 20.4994	 | 	Train Accuracy     : 0.0000


################## Training is Done! #########################
Training time is : 0:13:11.246577
