=============================================
Dataset: Epilepsy
Method:  TS-TCC
Mode:    self_supervised
=============================================
Data loaded ...
Training started ....

Epoch : 1
Train Loss     : 17.9938	 | 	Train Accuracy     : 0.0000


Epoch : 2
Train Loss     : 16.5042	 | 	Train Accuracy     : 0.0000


Epoch : 3
Train Loss     : 15.7219	 | 	Train Accuracy     : 0.0000


Epoch : 4
Train Loss     : 15.3404	 | 	Train Accuracy     : 0.0000


Epoch : 5
Train Loss     : 14.8020	 | 	Train Accuracy     : 0.0000


Epoch : 6
Train Loss     : 14.5603	 | 	Train Accuracy     : 0.0000


Epoch : 7
Train Loss     : 14.1980	 | 	Train Accuracy     : 0.0000


Epoch : 8
Train Loss     : 13.9212	 | 	Train Accuracy     : 0.0000


Epoch : 9
Train Loss     : 13.7950	 | 	Train Accuracy     : 0.0000


Epoch : 10
Train Loss     : 13.5908	 | 	Train Accuracy     : 0.0000


Epoch : 11
Train Loss     : 13.4033	 | 	Train Accuracy     : 0.0000


Epoch : 12
Train Loss     : 13.2103	 | 	Train Accuracy     : 0.0000


Epoch : 13
Train Loss     : 13.0802	 | 	Train Accuracy     : 0.0000


Epoch : 14
Train Loss     : 13.0448	 | 	Train Accuracy     : 0.0000


Epoch : 15
Train Loss     : 12.7853	 | 	Train Accuracy     : 0.0000


Epoch : 16
Train Loss     : 12.6536	 | 	Train Accuracy     : 0.0000


Epoch : 17
Train Loss     : 12.5710	 | 	Train Accuracy     : 0.0000


Epoch : 18
Train Loss     : 12.4555	 | 	Train Accuracy     : 0.0000


Epoch : 19
Train Loss     : 12.3234	 | 	Train Accuracy     : 0.0000


Epoch : 20
Train Loss     : 12.1735	 | 	Train Accuracy     : 0.0000


Epoch : 21
Train Loss     : 12.0926	 | 	Train Accuracy     : 0.0000


Epoch : 22
Train Loss     : 12.0162	 | 	Train Accuracy     : 0.0000


Epoch : 23
Train Loss     : 11.8815	 | 	Train Accuracy     : 0.0000


Epoch : 24
Train Loss     : 11.8365	 | 	Train Accuracy     : 0.0000


Epoch : 25
Train Loss     : 11.7771	 | 	Train Accuracy     : 0.0000


Epoch : 26
Train Loss     : 11.5713	 | 	Train Accuracy     : 0.0000


Epoch : 27
Train Loss     : 11.6556	 | 	Train Accuracy     : 0.0000


Epoch : 28
Train Loss     : 11.5737	 | 	Train Accuracy     : 0.0000


Epoch : 29
Train Loss     : 11.3883	 | 	Train Accuracy     : 0.0000


Epoch : 30
Train Loss     : 11.4187	 | 	Train Accuracy     : 0.0000


Epoch : 31
Train Loss     : 11.4868	 | 	Train Accuracy     : 0.0000


Epoch : 32
Train Loss     : 11.1551	 | 	Train Accuracy     : 0.0000


Epoch : 33
Train Loss     : 11.2250	 | 	Train Accuracy     : 0.0000


Epoch : 34
Train Loss     : 11.1574	 | 	Train Accuracy     : 0.0000


Epoch : 35
Train Loss     : 11.0121	 | 	Train Accuracy     : 0.0000


Epoch : 36
Train Loss     : 11.0675	 | 	Train Accuracy     : 0.0000


Epoch : 37
Train Loss     : 10.9548	 | 	Train Accuracy     : 0.0000


Epoch : 38
Train Loss     : 10.8803	 | 	Train Accuracy     : 0.0000


Epoch : 39
Train Loss     : 10.8077	 | 	Train Accuracy     : 0.0000


Epoch : 40
Train Loss     : 10.8049	 | 	Train Accuracy     : 0.0000


################## Training is Done! #########################
Training time is : 0:47:04.933076
