=============================================
Dataset: Epilepsy
Method:  TS-TCC
Mode:    self_supervised
=============================================
Data loaded ...
Training started ....

Epoch : 1
Train Loss     : 12.9254	 | 	Train Accuracy     : 0.0000


Epoch : 2
Train Loss     : 12.2884	 | 	Train Accuracy     : 0.0000


Epoch : 3
Train Loss     : 12.0094	 | 	Train Accuracy     : 0.0000


Epoch : 4
Train Loss     : 11.8103	 | 	Train Accuracy     : 0.0000


Epoch : 5
Train Loss     : 11.7203	 | 	Train Accuracy     : 0.0000


Epoch : 6
Train Loss     : 11.6190	 | 	Train Accuracy     : 0.0000


Epoch : 7
Train Loss     : 11.4820	 | 	Train Accuracy     : 0.0000


Epoch : 8
Train Loss     : 11.3838	 | 	Train Accuracy     : 0.0000


Epoch : 9
Train Loss     : 11.2851	 | 	Train Accuracy     : 0.0000


Epoch : 10
Train Loss     : 11.2322	 | 	Train Accuracy     : 0.0000


Epoch : 11
Train Loss     : 11.0019	 | 	Train Accuracy     : 0.0000


Epoch : 12
Train Loss     : 11.0104	 | 	Train Accuracy     : 0.0000


Epoch : 13
Train Loss     : 10.9798	 | 	Train Accuracy     : 0.0000


Epoch : 14
Train Loss     : 10.9041	 | 	Train Accuracy     : 0.0000


Epoch : 15
Train Loss     : 10.6968	 | 	Train Accuracy     : 0.0000


Epoch : 16
Train Loss     : 10.7736	 | 	Train Accuracy     : 0.0000


Epoch : 17
Train Loss     : 10.7514	 | 	Train Accuracy     : 0.0000


Epoch : 18
Train Loss     : 10.5846	 | 	Train Accuracy     : 0.0000


Epoch : 19
Train Loss     : 10.6181	 | 	Train Accuracy     : 0.0000


Epoch : 20
Train Loss     : 10.5635	 | 	Train Accuracy     : 0.0000


Epoch : 21
Train Loss     : 10.4417	 | 	Train Accuracy     : 0.0000


Epoch : 22
Train Loss     : 10.3731	 | 	Train Accuracy     : 0.0000


Epoch : 23
Train Loss     : 10.3250	 | 	Train Accuracy     : 0.0000


Epoch : 24
Train Loss     : 10.2993	 | 	Train Accuracy     : 0.0000


Epoch : 25
Train Loss     : 10.2294	 | 	Train Accuracy     : 0.0000


Epoch : 26
Train Loss     : 10.1910	 | 	Train Accuracy     : 0.0000


Epoch : 27
Train Loss     : 10.2085	 | 	Train Accuracy     : 0.0000


Epoch : 28
Train Loss     : 10.1141	 | 	Train Accuracy     : 0.0000


Epoch : 29
Train Loss     : 10.0907	 | 	Train Accuracy     : 0.0000


Epoch : 30
Train Loss     : 10.0664	 | 	Train Accuracy     : 0.0000


Epoch : 31
Train Loss     : 9.9939	 | 	Train Accuracy     : 0.0000


Epoch : 32
Train Loss     : 9.9516	 | 	Train Accuracy     : 0.0000


Epoch : 33
Train Loss     : 9.9536	 | 	Train Accuracy     : 0.0000


Epoch : 34
Train Loss     : 9.9090	 | 	Train Accuracy     : 0.0000


Epoch : 35
Train Loss     : 9.9691	 | 	Train Accuracy     : 0.0000


Epoch : 36
Train Loss     : 9.8564	 | 	Train Accuracy     : 0.0000


Epoch : 37
Train Loss     : 9.8679	 | 	Train Accuracy     : 0.0000


Epoch : 38
Train Loss     : 9.8432	 | 	Train Accuracy     : 0.0000


Epoch : 39
Train Loss     : 9.8512	 | 	Train Accuracy     : 0.0000


Epoch : 40
Train Loss     : 9.7179	 | 	Train Accuracy     : 0.0000


################## Training is Done! #########################
Training time is : 0:07:52.013976
