=============================================
Dataset: Epilepsy
Method:  TS-TCC
Mode:    self_supervised
=============================================
Data loaded ...
Training started ....

Epoch : 1
Train Loss     : 26.2767	 | 	Train Accuracy     : 0.0000


Epoch : 2
Train Loss     : 24.5663	 | 	Train Accuracy     : 0.0000


Epoch : 3
Train Loss     : 24.1328	 | 	Train Accuracy     : 0.0000


Epoch : 4
Train Loss     : 23.6510	 | 	Train Accuracy     : 0.0000


Epoch : 5
Train Loss     : 23.4979	 | 	Train Accuracy     : 0.0000


Epoch : 6
Train Loss     : 23.1830	 | 	Train Accuracy     : 0.0000


Epoch : 7
Train Loss     : 23.1295	 | 	Train Accuracy     : 0.0000


Epoch : 8
Train Loss     : 22.8809	 | 	Train Accuracy     : 0.0000


Epoch : 9
Train Loss     : 22.7881	 | 	Train Accuracy     : 0.0000


Epoch : 10
Train Loss     : 22.6071	 | 	Train Accuracy     : 0.0000


Epoch : 11
Train Loss     : 22.3354	 | 	Train Accuracy     : 0.0000


Epoch : 12
Train Loss     : 22.2972	 | 	Train Accuracy     : 0.0000


Epoch : 13
Train Loss     : 22.0385	 | 	Train Accuracy     : 0.0000


Epoch : 14
Train Loss     : 22.0360	 | 	Train Accuracy     : 0.0000


Epoch : 15
Train Loss     : 22.0662	 | 	Train Accuracy     : 0.0000


Epoch : 16
Train Loss     : 21.7852	 | 	Train Accuracy     : 0.0000


Epoch : 17
Train Loss     : 21.8038	 | 	Train Accuracy     : 0.0000


Epoch : 18
Train Loss     : 21.8681	 | 	Train Accuracy     : 0.0000


Epoch : 19
Train Loss     : 21.7264	 | 	Train Accuracy     : 0.0000


Epoch : 20
Train Loss     : 21.5437	 | 	Train Accuracy     : 0.0000


Epoch : 21
Train Loss     : 21.3043	 | 	Train Accuracy     : 0.0000


Epoch : 22
Train Loss     : 21.3014	 | 	Train Accuracy     : 0.0000


Epoch : 23
Train Loss     : 21.4513	 | 	Train Accuracy     : 0.0000


Epoch : 24
Train Loss     : 21.2644	 | 	Train Accuracy     : 0.0000


Epoch : 25
Train Loss     : 21.2062	 | 	Train Accuracy     : 0.0000


Epoch : 26
Train Loss     : 21.2287	 | 	Train Accuracy     : 0.0000


Epoch : 27
Train Loss     : 21.1378	 | 	Train Accuracy     : 0.0000


Epoch : 28
Train Loss     : 20.9042	 | 	Train Accuracy     : 0.0000


Epoch : 29
Train Loss     : 20.7956	 | 	Train Accuracy     : 0.0000


Epoch : 30
Train Loss     : 20.8366	 | 	Train Accuracy     : 0.0000


Epoch : 31
Train Loss     : 20.9259	 | 	Train Accuracy     : 0.0000


Epoch : 32
Train Loss     : 20.6352	 | 	Train Accuracy     : 0.0000


Epoch : 33
Train Loss     : 20.7611	 | 	Train Accuracy     : 0.0000


Epoch : 34
Train Loss     : 20.5650	 | 	Train Accuracy     : 0.0000


Epoch : 35
Train Loss     : 20.6273	 | 	Train Accuracy     : 0.0000


Epoch : 36
Train Loss     : 20.4099	 | 	Train Accuracy     : 0.0000


Epoch : 37
Train Loss     : 20.3503	 | 	Train Accuracy     : 0.0000


Epoch : 38
Train Loss     : 20.3532	 | 	Train Accuracy     : 0.0000


Epoch : 39
Train Loss     : 20.1073	 | 	Train Accuracy     : 0.0000


Epoch : 40
Train Loss     : 20.1842	 | 	Train Accuracy     : 0.0000


################## Training is Done! #########################
Training time is : 0:20:58.091097
