=============================================
Dataset: Epilepsy
Method:  TS-TCC
Mode:    self_supervised
=============================================
Data loaded ...
Training started ....

Epoch : 1
Train Loss     : 17.9736	 | 	Train Accuracy     : 0.0000


Epoch : 2
Train Loss     : 15.8704	 | 	Train Accuracy     : 0.0000


Epoch : 3
Train Loss     : 15.1482	 | 	Train Accuracy     : 0.0000


Epoch : 4
Train Loss     : 14.6313	 | 	Train Accuracy     : 0.0000


Epoch : 5
Train Loss     : 14.2810	 | 	Train Accuracy     : 0.0000


Epoch : 6
Train Loss     : 14.0446	 | 	Train Accuracy     : 0.0000


Epoch : 7
Train Loss     : 13.8613	 | 	Train Accuracy     : 0.0000


Epoch : 8
Train Loss     : 13.5836	 | 	Train Accuracy     : 0.0000


Epoch : 9
Train Loss     : 13.2815	 | 	Train Accuracy     : 0.0000


Epoch : 10
Train Loss     : 12.9975	 | 	Train Accuracy     : 0.0000


Epoch : 11
Train Loss     : 12.8080	 | 	Train Accuracy     : 0.0000


Epoch : 12
Train Loss     : 12.6190	 | 	Train Accuracy     : 0.0000


Epoch : 13
Train Loss     : 12.4343	 | 	Train Accuracy     : 0.0000


Epoch : 14
Train Loss     : 12.2911	 | 	Train Accuracy     : 0.0000


Epoch : 15
Train Loss     : 12.0980	 | 	Train Accuracy     : 0.0000


Epoch : 16
Train Loss     : 11.8094	 | 	Train Accuracy     : 0.0000


Epoch : 17
Train Loss     : 11.6857	 | 	Train Accuracy     : 0.0000


Epoch : 18
Train Loss     : 11.5769	 | 	Train Accuracy     : 0.0000


Epoch : 19
Train Loss     : 11.4737	 | 	Train Accuracy     : 0.0000


Epoch : 20
Train Loss     : 11.3494	 | 	Train Accuracy     : 0.0000


Epoch : 21
Train Loss     : 11.2593	 | 	Train Accuracy     : 0.0000


Epoch : 22
Train Loss     : 11.1461	 | 	Train Accuracy     : 0.0000


Epoch : 23
Train Loss     : 11.0835	 | 	Train Accuracy     : 0.0000


Epoch : 24
Train Loss     : 10.8944	 | 	Train Accuracy     : 0.0000


Epoch : 25
Train Loss     : 10.9929	 | 	Train Accuracy     : 0.0000


Epoch : 26
Train Loss     : 10.7773	 | 	Train Accuracy     : 0.0000


Epoch : 27
Train Loss     : 10.7638	 | 	Train Accuracy     : 0.0000


Epoch : 28
Train Loss     : 10.5306	 | 	Train Accuracy     : 0.0000


Epoch : 29
Train Loss     : 10.5680	 | 	Train Accuracy     : 0.0000


Epoch : 30
Train Loss     : 10.4360	 | 	Train Accuracy     : 0.0000


Epoch : 31
Train Loss     : 10.2962	 | 	Train Accuracy     : 0.0000


Epoch : 32
Train Loss     : 10.3405	 | 	Train Accuracy     : 0.0000


Epoch : 33
Train Loss     : 10.2596	 | 	Train Accuracy     : 0.0000


Epoch : 34
Train Loss     : 10.1823	 | 	Train Accuracy     : 0.0000


Epoch : 35
Train Loss     : 10.2095	 | 	Train Accuracy     : 0.0000


Epoch : 36
Train Loss     : 10.1093	 | 	Train Accuracy     : 0.0000


Epoch : 37
Train Loss     : 10.0077	 | 	Train Accuracy     : 0.0000


Epoch : 38
Train Loss     : 9.8324	 | 	Train Accuracy     : 0.0000


Epoch : 39
Train Loss     : 9.8710	 | 	Train Accuracy     : 0.0000


Epoch : 40
Train Loss     : 9.8151	 | 	Train Accuracy     : 0.0000


################## Training is Done! #########################
Training time is : 0:45:36.347306
