=============================================
Dataset: Epilepsy
Method:  TS-TCC
Mode:    self_supervised
=============================================
Data loaded ...
Training started ....

Epoch : 1
Train Loss     : 26.3497	 | 	Train Accuracy     : 0.0000


Epoch : 2
Train Loss     : 24.7937	 | 	Train Accuracy     : 0.0000


Epoch : 3
Train Loss     : 24.2164	 | 	Train Accuracy     : 0.0000


Epoch : 4
Train Loss     : 23.7624	 | 	Train Accuracy     : 0.0000


Epoch : 5
Train Loss     : 23.5319	 | 	Train Accuracy     : 0.0000


Epoch : 6
Train Loss     : 23.3138	 | 	Train Accuracy     : 0.0000


Epoch : 7
Train Loss     : 23.0891	 | 	Train Accuracy     : 0.0000


Epoch : 8
Train Loss     : 22.9685	 | 	Train Accuracy     : 0.0000


Epoch : 9
Train Loss     : 22.7791	 | 	Train Accuracy     : 0.0000


Epoch : 10
Train Loss     : 22.5426	 | 	Train Accuracy     : 0.0000


Epoch : 11
Train Loss     : 22.5574	 | 	Train Accuracy     : 0.0000


Epoch : 12
Train Loss     : 22.2613	 | 	Train Accuracy     : 0.0000


Epoch : 13
Train Loss     : 22.3370	 | 	Train Accuracy     : 0.0000


Epoch : 14
Train Loss     : 22.1768	 | 	Train Accuracy     : 0.0000


Epoch : 15
Train Loss     : 22.1136	 | 	Train Accuracy     : 0.0000


Epoch : 16
Train Loss     : 22.0549	 | 	Train Accuracy     : 0.0000


Epoch : 17
Train Loss     : 21.8735	 | 	Train Accuracy     : 0.0000


Epoch : 18
Train Loss     : 21.8762	 | 	Train Accuracy     : 0.0000


Epoch : 19
Train Loss     : 21.9743	 | 	Train Accuracy     : 0.0000


Epoch : 20
Train Loss     : 21.8583	 | 	Train Accuracy     : 0.0000


Epoch : 21
Train Loss     : 21.6046	 | 	Train Accuracy     : 0.0000


Epoch : 22
Train Loss     : 21.5570	 | 	Train Accuracy     : 0.0000


Epoch : 23
Train Loss     : 21.7997	 | 	Train Accuracy     : 0.0000


Epoch : 24
Train Loss     : 21.4226	 | 	Train Accuracy     : 0.0000


Epoch : 25
Train Loss     : 21.6090	 | 	Train Accuracy     : 0.0000


Epoch : 26
Train Loss     : 21.4399	 | 	Train Accuracy     : 0.0000


Epoch : 27
Train Loss     : 21.1226	 | 	Train Accuracy     : 0.0000


Epoch : 28
Train Loss     : 21.1776	 | 	Train Accuracy     : 0.0000


Epoch : 29
Train Loss     : 20.9882	 | 	Train Accuracy     : 0.0000


Epoch : 30
Train Loss     : 20.9512	 | 	Train Accuracy     : 0.0000


Epoch : 31
Train Loss     : 21.1587	 | 	Train Accuracy     : 0.0000


Epoch : 32
Train Loss     : 21.0510	 | 	Train Accuracy     : 0.0000


Epoch : 33
Train Loss     : 20.8785	 | 	Train Accuracy     : 0.0000


Epoch : 34
Train Loss     : 20.8431	 | 	Train Accuracy     : 0.0000


Epoch : 35
Train Loss     : 20.7863	 | 	Train Accuracy     : 0.0000


Epoch : 36
Train Loss     : 20.6552	 | 	Train Accuracy     : 0.0000


Epoch : 37
Train Loss     : 20.6362	 | 	Train Accuracy     : 0.0000


Epoch : 38
Train Loss     : 20.7787	 | 	Train Accuracy     : 0.0000


Epoch : 39
Train Loss     : 20.5949	 | 	Train Accuracy     : 0.0000


Epoch : 40
Train Loss     : 20.5218	 | 	Train Accuracy     : 0.0000


################## Training is Done! #########################
Training time is : 0:18:24.394073
