=============================================
Dataset: Epilepsy
Method:  TS-TCC
Mode:    self_supervised
=============================================
Data loaded ...
Training started ....

Epoch : 1
Train Loss     : 26.3547	 | 	Train Accuracy     : 0.0000


Epoch : 2
Train Loss     : 24.7982	 | 	Train Accuracy     : 0.0000


Epoch : 3
Train Loss     : 24.2309	 | 	Train Accuracy     : 0.0000


Epoch : 4
Train Loss     : 23.7753	 | 	Train Accuracy     : 0.0000


Epoch : 5
Train Loss     : 23.5346	 | 	Train Accuracy     : 0.0000


Epoch : 6
Train Loss     : 23.3173	 | 	Train Accuracy     : 0.0000


Epoch : 7
Train Loss     : 23.1109	 | 	Train Accuracy     : 0.0000


Epoch : 8
Train Loss     : 23.0062	 | 	Train Accuracy     : 0.0000


Epoch : 9
Train Loss     : 22.8024	 | 	Train Accuracy     : 0.0000


Epoch : 10
Train Loss     : 22.5627	 | 	Train Accuracy     : 0.0000


Epoch : 11
Train Loss     : 22.5686	 | 	Train Accuracy     : 0.0000


Epoch : 12
Train Loss     : 22.2710	 | 	Train Accuracy     : 0.0000


Epoch : 13
Train Loss     : 22.3364	 | 	Train Accuracy     : 0.0000


Epoch : 14
Train Loss     : 22.1795	 | 	Train Accuracy     : 0.0000


Epoch : 15
Train Loss     : 22.1032	 | 	Train Accuracy     : 0.0000


Epoch : 16
Train Loss     : 22.0479	 | 	Train Accuracy     : 0.0000


Epoch : 17
Train Loss     : 21.8731	 | 	Train Accuracy     : 0.0000


Epoch : 18
Train Loss     : 21.8698	 | 	Train Accuracy     : 0.0000


Epoch : 19
Train Loss     : 21.9882	 | 	Train Accuracy     : 0.0000


Epoch : 20
Train Loss     : 21.8430	 | 	Train Accuracy     : 0.0000


Epoch : 21
Train Loss     : 21.5947	 | 	Train Accuracy     : 0.0000


Epoch : 22
Train Loss     : 21.5580	 | 	Train Accuracy     : 0.0000


Epoch : 23
Train Loss     : 21.7845	 | 	Train Accuracy     : 0.0000


Epoch : 24
Train Loss     : 21.4171	 | 	Train Accuracy     : 0.0000


Epoch : 25
Train Loss     : 21.5942	 | 	Train Accuracy     : 0.0000


Epoch : 26
Train Loss     : 21.4191	 | 	Train Accuracy     : 0.0000


Epoch : 27
Train Loss     : 21.1165	 | 	Train Accuracy     : 0.0000


Epoch : 28
Train Loss     : 21.1671	 | 	Train Accuracy     : 0.0000


Epoch : 29
Train Loss     : 20.9750	 | 	Train Accuracy     : 0.0000


Epoch : 30
Train Loss     : 20.9165	 | 	Train Accuracy     : 0.0000


Epoch : 31
Train Loss     : 21.1425	 | 	Train Accuracy     : 0.0000


Epoch : 32
Train Loss     : 21.0310	 | 	Train Accuracy     : 0.0000


Epoch : 33
Train Loss     : 20.8412	 | 	Train Accuracy     : 0.0000


Epoch : 34
Train Loss     : 20.8116	 | 	Train Accuracy     : 0.0000


Epoch : 35
Train Loss     : 20.7396	 | 	Train Accuracy     : 0.0000


Epoch : 36
Train Loss     : 20.6243	 | 	Train Accuracy     : 0.0000


Epoch : 37
Train Loss     : 20.6010	 | 	Train Accuracy     : 0.0000


Epoch : 38
Train Loss     : 20.7639	 | 	Train Accuracy     : 0.0000


Epoch : 39
Train Loss     : 20.5753	 | 	Train Accuracy     : 0.0000


Epoch : 40
Train Loss     : 20.4690	 | 	Train Accuracy     : 0.0000


################## Training is Done! #########################
Training time is : 0:18:34.157577
