=============================================
Dataset: Epilepsy
Method:  TS-TCC
Mode:    self_supervised
=============================================
Data loaded ...
Training started ....

Epoch : 1
Train Loss     : 26.5910	 | 	Train Accuracy     : 0.0000


Epoch : 2
Train Loss     : 25.0767	 | 	Train Accuracy     : 0.0000


Epoch : 3
Train Loss     : 23.9449	 | 	Train Accuracy     : 0.0000


Epoch : 4
Train Loss     : 23.4029	 | 	Train Accuracy     : 0.0000


Epoch : 5
Train Loss     : 22.8199	 | 	Train Accuracy     : 0.0000


Epoch : 6
Train Loss     : 22.4548	 | 	Train Accuracy     : 0.0000


Epoch : 7
Train Loss     : 22.1996	 | 	Train Accuracy     : 0.0000


Epoch : 8
Train Loss     : 21.9141	 | 	Train Accuracy     : 0.0000


Epoch : 9
Train Loss     : 21.8215	 | 	Train Accuracy     : 0.0000


Epoch : 10
Train Loss     : 21.6190	 | 	Train Accuracy     : 0.0000


Epoch : 11
Train Loss     : 21.4352	 | 	Train Accuracy     : 0.0000


Epoch : 12
Train Loss     : 21.2315	 | 	Train Accuracy     : 0.0000


Epoch : 13
Train Loss     : 21.0097	 | 	Train Accuracy     : 0.0000


Epoch : 14
Train Loss     : 20.9312	 | 	Train Accuracy     : 0.0000


Epoch : 15
Train Loss     : 20.6372	 | 	Train Accuracy     : 0.0000


Epoch : 16
Train Loss     : 20.4805	 | 	Train Accuracy     : 0.0000


Epoch : 17
Train Loss     : 20.3784	 | 	Train Accuracy     : 0.0000


Epoch : 18
Train Loss     : 20.1299	 | 	Train Accuracy     : 0.0000


Epoch : 19
Train Loss     : 20.0774	 | 	Train Accuracy     : 0.0000


Epoch : 20
Train Loss     : 19.8157	 | 	Train Accuracy     : 0.0000


Epoch : 21
Train Loss     : 19.8719	 | 	Train Accuracy     : 0.0000


Epoch : 22
Train Loss     : 19.6332	 | 	Train Accuracy     : 0.0000


Epoch : 23
Train Loss     : 19.6359	 | 	Train Accuracy     : 0.0000


Epoch : 24
Train Loss     : 19.5589	 | 	Train Accuracy     : 0.0000


Epoch : 25
Train Loss     : 19.3332	 | 	Train Accuracy     : 0.0000


Epoch : 26
Train Loss     : 19.2989	 | 	Train Accuracy     : 0.0000


Epoch : 27
Train Loss     : 19.3810	 | 	Train Accuracy     : 0.0000


Epoch : 28
Train Loss     : 19.1790	 | 	Train Accuracy     : 0.0000


Epoch : 29
Train Loss     : 19.0430	 | 	Train Accuracy     : 0.0000


Epoch : 30
Train Loss     : 18.8721	 | 	Train Accuracy     : 0.0000


Epoch : 31
Train Loss     : 18.7768	 | 	Train Accuracy     : 0.0000


Epoch : 32
Train Loss     : 18.5588	 | 	Train Accuracy     : 0.0000


Epoch : 33
Train Loss     : 18.6294	 | 	Train Accuracy     : 0.0000


Epoch : 34
Train Loss     : 18.5394	 | 	Train Accuracy     : 0.0000


Epoch : 35
Train Loss     : 18.2289	 | 	Train Accuracy     : 0.0000


Epoch : 36
Train Loss     : 18.5913	 | 	Train Accuracy     : 0.0000


Epoch : 37
Train Loss     : 18.0981	 | 	Train Accuracy     : 0.0000


Epoch : 38
Train Loss     : 18.1565	 | 	Train Accuracy     : 0.0000


Epoch : 39
Train Loss     : 18.0858	 | 	Train Accuracy     : 0.0000


Epoch : 40
Train Loss     : 18.1012	 | 	Train Accuracy     : 0.0000


################## Training is Done! #########################
Training time is : 0:14:25.333461
