=============================================
Dataset: Epilepsy
Method:  TS-TCC
Mode:    self_supervised
=============================================
Data loaded ...
Training started ....

Epoch : 1
Train Loss     : 26.3420	 | 	Train Accuracy     : 0.0000


Epoch : 2
Train Loss     : 24.7871	 | 	Train Accuracy     : 0.0000


Epoch : 3
Train Loss     : 24.2102	 | 	Train Accuracy     : 0.0000


Epoch : 4
Train Loss     : 23.7732	 | 	Train Accuracy     : 0.0000


Epoch : 5
Train Loss     : 23.5293	 | 	Train Accuracy     : 0.0000


Epoch : 6
Train Loss     : 23.3086	 | 	Train Accuracy     : 0.0000


Epoch : 7
Train Loss     : 23.0843	 | 	Train Accuracy     : 0.0000


Epoch : 8
Train Loss     : 22.9599	 | 	Train Accuracy     : 0.0000


Epoch : 9
Train Loss     : 22.7630	 | 	Train Accuracy     : 0.0000


Epoch : 10
Train Loss     : 22.5277	 | 	Train Accuracy     : 0.0000


Epoch : 11
Train Loss     : 22.5356	 | 	Train Accuracy     : 0.0000


Epoch : 12
Train Loss     : 22.2643	 | 	Train Accuracy     : 0.0000


Epoch : 13
Train Loss     : 22.3461	 | 	Train Accuracy     : 0.0000


Epoch : 14
Train Loss     : 22.1673	 | 	Train Accuracy     : 0.0000


Epoch : 15
Train Loss     : 22.1061	 | 	Train Accuracy     : 0.0000


Epoch : 16
Train Loss     : 22.0340	 | 	Train Accuracy     : 0.0000


Epoch : 17
Train Loss     : 21.8558	 | 	Train Accuracy     : 0.0000


Epoch : 18
Train Loss     : 21.8668	 | 	Train Accuracy     : 0.0000


Epoch : 19
Train Loss     : 21.9580	 | 	Train Accuracy     : 0.0000


Epoch : 20
Train Loss     : 21.8276	 | 	Train Accuracy     : 0.0000


Epoch : 21
Train Loss     : 21.5735	 | 	Train Accuracy     : 0.0000


Epoch : 22
Train Loss     : 21.5455	 | 	Train Accuracy     : 0.0000


Epoch : 23
Train Loss     : 21.7811	 | 	Train Accuracy     : 0.0000


Epoch : 24
Train Loss     : 21.4055	 | 	Train Accuracy     : 0.0000


Epoch : 25
Train Loss     : 21.5887	 | 	Train Accuracy     : 0.0000


Epoch : 26
Train Loss     : 21.4274	 | 	Train Accuracy     : 0.0000


Epoch : 27
Train Loss     : 21.1108	 | 	Train Accuracy     : 0.0000


Epoch : 28
Train Loss     : 21.1619	 | 	Train Accuracy     : 0.0000


Epoch : 29
Train Loss     : 20.9677	 | 	Train Accuracy     : 0.0000


Epoch : 30
Train Loss     : 20.9140	 | 	Train Accuracy     : 0.0000


Epoch : 31
Train Loss     : 21.1391	 | 	Train Accuracy     : 0.0000


Epoch : 32
Train Loss     : 21.0393	 | 	Train Accuracy     : 0.0000


Epoch : 33
Train Loss     : 20.8630	 | 	Train Accuracy     : 0.0000


Epoch : 34
Train Loss     : 20.8227	 | 	Train Accuracy     : 0.0000


Epoch : 35
Train Loss     : 20.7554	 | 	Train Accuracy     : 0.0000


Epoch : 36
Train Loss     : 20.6434	 | 	Train Accuracy     : 0.0000


Epoch : 37
Train Loss     : 20.6078	 | 	Train Accuracy     : 0.0000


Epoch : 38
Train Loss     : 20.7692	 | 	Train Accuracy     : 0.0000


Epoch : 39
Train Loss     : 20.5832	 | 	Train Accuracy     : 0.0000


Epoch : 40
Train Loss     : 20.5073	 | 	Train Accuracy     : 0.0000


################## Training is Done! #########################
Training time is : 0:11:59.191494
