=============================================
Dataset: Epilepsy
Method:  TS-TCC
Mode:    self_supervised
=============================================
Data loaded ...
Training started ....

Epoch : 1
Train Loss     : 26.2775	 | 	Train Accuracy     : 0.0000


Epoch : 2
Train Loss     : 24.5581	 | 	Train Accuracy     : 0.0000


Epoch : 3
Train Loss     : 24.1198	 | 	Train Accuracy     : 0.0000


Epoch : 4
Train Loss     : 23.6515	 | 	Train Accuracy     : 0.0000


Epoch : 5
Train Loss     : 23.4811	 | 	Train Accuracy     : 0.0000


Epoch : 6
Train Loss     : 23.2073	 | 	Train Accuracy     : 0.0000


Epoch : 7
Train Loss     : 23.1268	 | 	Train Accuracy     : 0.0000


Epoch : 8
Train Loss     : 22.8920	 | 	Train Accuracy     : 0.0000


Epoch : 9
Train Loss     : 22.8351	 | 	Train Accuracy     : 0.0000


Epoch : 10
Train Loss     : 22.6172	 | 	Train Accuracy     : 0.0000


Epoch : 11
Train Loss     : 22.3487	 | 	Train Accuracy     : 0.0000


Epoch : 12
Train Loss     : 22.3166	 | 	Train Accuracy     : 0.0000


Epoch : 13
Train Loss     : 22.0494	 | 	Train Accuracy     : 0.0000


Epoch : 14
Train Loss     : 22.0573	 | 	Train Accuracy     : 0.0000


Epoch : 15
Train Loss     : 22.1074	 | 	Train Accuracy     : 0.0000


Epoch : 16
Train Loss     : 21.7940	 | 	Train Accuracy     : 0.0000


Epoch : 17
Train Loss     : 21.8137	 | 	Train Accuracy     : 0.0000


Epoch : 18
Train Loss     : 21.8999	 | 	Train Accuracy     : 0.0000


Epoch : 19
Train Loss     : 21.7612	 | 	Train Accuracy     : 0.0000


Epoch : 20
Train Loss     : 21.5753	 | 	Train Accuracy     : 0.0000


Epoch : 21
Train Loss     : 21.3346	 | 	Train Accuracy     : 0.0000


Epoch : 22
Train Loss     : 21.3380	 | 	Train Accuracy     : 0.0000


Epoch : 23
Train Loss     : 21.4881	 | 	Train Accuracy     : 0.0000


Epoch : 24
Train Loss     : 21.3018	 | 	Train Accuracy     : 0.0000


Epoch : 25
Train Loss     : 21.2352	 | 	Train Accuracy     : 0.0000


Epoch : 26
Train Loss     : 21.2403	 | 	Train Accuracy     : 0.0000


Epoch : 27
Train Loss     : 21.1451	 | 	Train Accuracy     : 0.0000


Epoch : 28
Train Loss     : 20.9167	 | 	Train Accuracy     : 0.0000


Epoch : 29
Train Loss     : 20.7959	 | 	Train Accuracy     : 0.0000


Epoch : 30
Train Loss     : 20.8168	 | 	Train Accuracy     : 0.0000


Epoch : 31
Train Loss     : 20.9147	 | 	Train Accuracy     : 0.0000


Epoch : 32
Train Loss     : 20.6234	 | 	Train Accuracy     : 0.0000


Epoch : 33
Train Loss     : 20.7318	 | 	Train Accuracy     : 0.0000


Epoch : 34
Train Loss     : 20.5520	 | 	Train Accuracy     : 0.0000


Epoch : 35
Train Loss     : 20.6021	 | 	Train Accuracy     : 0.0000


Epoch : 36
Train Loss     : 20.3848	 | 	Train Accuracy     : 0.0000


Epoch : 37
Train Loss     : 20.3087	 | 	Train Accuracy     : 0.0000


Epoch : 38
Train Loss     : 20.3497	 | 	Train Accuracy     : 0.0000


Epoch : 39
Train Loss     : 20.0927	 | 	Train Accuracy     : 0.0000


Epoch : 40
Train Loss     : 20.1544	 | 	Train Accuracy     : 0.0000


################## Training is Done! #########################
Training time is : 0:13:34.273410
