=============================================
Dataset: Epilepsy
Method:  TS-TCC
Mode:    self_supervised
=============================================
Data loaded ...
Training started ....

Epoch : 1
Train Loss     : 26.3571	 | 	Train Accuracy     : 0.0000


Epoch : 2
Train Loss     : 24.8063	 | 	Train Accuracy     : 0.0000


Epoch : 3
Train Loss     : 24.2231	 | 	Train Accuracy     : 0.0000


Epoch : 4
Train Loss     : 23.7636	 | 	Train Accuracy     : 0.0000


Epoch : 5
Train Loss     : 23.5316	 | 	Train Accuracy     : 0.0000


Epoch : 6
Train Loss     : 23.3086	 | 	Train Accuracy     : 0.0000


Epoch : 7
Train Loss     : 23.0693	 | 	Train Accuracy     : 0.0000


Epoch : 8
Train Loss     : 22.9554	 | 	Train Accuracy     : 0.0000


Epoch : 9
Train Loss     : 22.7705	 | 	Train Accuracy     : 0.0000


Epoch : 10
Train Loss     : 22.5333	 | 	Train Accuracy     : 0.0000


Epoch : 11
Train Loss     : 22.5406	 | 	Train Accuracy     : 0.0000


Epoch : 12
Train Loss     : 22.2597	 | 	Train Accuracy     : 0.0000


Epoch : 13
Train Loss     : 22.3409	 | 	Train Accuracy     : 0.0000


Epoch : 14
Train Loss     : 22.1682	 | 	Train Accuracy     : 0.0000


Epoch : 15
Train Loss     : 22.1083	 | 	Train Accuracy     : 0.0000


Epoch : 16
Train Loss     : 22.0486	 | 	Train Accuracy     : 0.0000


Epoch : 17
Train Loss     : 21.8862	 | 	Train Accuracy     : 0.0000


Epoch : 18
Train Loss     : 21.8939	 | 	Train Accuracy     : 0.0000


Epoch : 19
Train Loss     : 21.9731	 | 	Train Accuracy     : 0.0000


Epoch : 20
Train Loss     : 21.8545	 | 	Train Accuracy     : 0.0000


Epoch : 21
Train Loss     : 21.6069	 | 	Train Accuracy     : 0.0000


Epoch : 22
Train Loss     : 21.5637	 | 	Train Accuracy     : 0.0000


Epoch : 23
Train Loss     : 21.7843	 | 	Train Accuracy     : 0.0000


Epoch : 24
Train Loss     : 21.4183	 | 	Train Accuracy     : 0.0000


Epoch : 25
Train Loss     : 21.5987	 | 	Train Accuracy     : 0.0000


Epoch : 26
Train Loss     : 21.4389	 | 	Train Accuracy     : 0.0000


Epoch : 27
Train Loss     : 21.1210	 | 	Train Accuracy     : 0.0000


Epoch : 28
Train Loss     : 21.1779	 | 	Train Accuracy     : 0.0000


Epoch : 29
Train Loss     : 20.9736	 | 	Train Accuracy     : 0.0000


Epoch : 30
Train Loss     : 20.9293	 | 	Train Accuracy     : 0.0000


Epoch : 31
Train Loss     : 21.1444	 | 	Train Accuracy     : 0.0000


Epoch : 32
Train Loss     : 21.0393	 | 	Train Accuracy     : 0.0000


Epoch : 33
Train Loss     : 20.8755	 | 	Train Accuracy     : 0.0000


Epoch : 34
Train Loss     : 20.8331	 | 	Train Accuracy     : 0.0000


Epoch : 35
Train Loss     : 20.7712	 | 	Train Accuracy     : 0.0000


Epoch : 36
Train Loss     : 20.6393	 | 	Train Accuracy     : 0.0000


Epoch : 37
Train Loss     : 20.6444	 | 	Train Accuracy     : 0.0000


Epoch : 38
Train Loss     : 20.7682	 | 	Train Accuracy     : 0.0000


Epoch : 39
Train Loss     : 20.5875	 | 	Train Accuracy     : 0.0000


Epoch : 40
Train Loss     : 20.5191	 | 	Train Accuracy     : 0.0000


################## Training is Done! #########################
Training time is : 0:13:35.456218
