=============================================
Dataset: HAR
Method:  TS-TCC
Mode:    self_supervised
=============================================
Data loaded ...
Training started ....

Epoch : 1
Train Loss     : 27.2451	 | 	Train Accuracy     : 0.0000


Epoch : 2
Train Loss     : 25.6034	 | 	Train Accuracy     : 0.0000


Epoch : 3
Train Loss     : 24.9422	 | 	Train Accuracy     : 0.0000


Epoch : 4
Train Loss     : 24.5705	 | 	Train Accuracy     : 0.0000


Epoch : 5
Train Loss     : 24.3130	 | 	Train Accuracy     : 0.0000


Epoch : 6
Train Loss     : 24.2421	 | 	Train Accuracy     : 0.0000


Epoch : 7
Train Loss     : 24.0223	 | 	Train Accuracy     : 0.0000


Epoch : 8
Train Loss     : 23.9560	 | 	Train Accuracy     : 0.0000


Epoch : 9
Train Loss     : 23.9198	 | 	Train Accuracy     : 0.0000


Epoch : 10
Train Loss     : 23.7416	 | 	Train Accuracy     : 0.0000


Epoch : 11
Train Loss     : 23.7445	 | 	Train Accuracy     : 0.0000


Epoch : 12
Train Loss     : 23.6599	 | 	Train Accuracy     : 0.0000


Epoch : 13
Train Loss     : 23.6409	 | 	Train Accuracy     : 0.0000


Epoch : 14
Train Loss     : 23.6140	 | 	Train Accuracy     : 0.0000


Epoch : 15
Train Loss     : 23.5115	 | 	Train Accuracy     : 0.0000


Epoch : 16
Train Loss     : 23.4981	 | 	Train Accuracy     : 0.0000


Epoch : 17
Train Loss     : 23.4276	 | 	Train Accuracy     : 0.0000


Epoch : 18
Train Loss     : 23.4329	 | 	Train Accuracy     : 0.0000


Epoch : 19
Train Loss     : 23.3969	 | 	Train Accuracy     : 0.0000


Epoch : 20
Train Loss     : 23.3824	 | 	Train Accuracy     : 0.0000


Epoch : 21
Train Loss     : 23.3641	 | 	Train Accuracy     : 0.0000


Epoch : 22
Train Loss     : 23.3243	 | 	Train Accuracy     : 0.0000


Epoch : 23
Train Loss     : 23.2466	 | 	Train Accuracy     : 0.0000


Epoch : 24
Train Loss     : 23.2448	 | 	Train Accuracy     : 0.0000


Epoch : 25
Train Loss     : 23.2285	 | 	Train Accuracy     : 0.0000


Epoch : 26
Train Loss     : 23.1447	 | 	Train Accuracy     : 0.0000


Epoch : 27
Train Loss     : 23.0962	 | 	Train Accuracy     : 0.0000


Epoch : 28
Train Loss     : 23.1302	 | 	Train Accuracy     : 0.0000


Epoch : 29
Train Loss     : 22.9751	 | 	Train Accuracy     : 0.0000


Epoch : 30
Train Loss     : 23.1210	 | 	Train Accuracy     : 0.0000


Epoch : 31
Train Loss     : 23.0036	 | 	Train Accuracy     : 0.0000


Epoch : 32
Train Loss     : 22.9949	 | 	Train Accuracy     : 0.0000


Epoch : 33
Train Loss     : 22.9628	 | 	Train Accuracy     : 0.0000


Epoch : 34
Train Loss     : 22.9192	 | 	Train Accuracy     : 0.0000


Epoch : 35
Train Loss     : 22.8812	 | 	Train Accuracy     : 0.0000


Epoch : 36
Train Loss     : 22.8636	 | 	Train Accuracy     : 0.0000


Epoch : 37
Train Loss     : 22.8380	 | 	Train Accuracy     : 0.0000


Epoch : 38
Train Loss     : 22.8622	 | 	Train Accuracy     : 0.0000


Epoch : 39
Train Loss     : 22.7728	 | 	Train Accuracy     : 0.0000


Epoch : 40
Train Loss     : 22.6703	 | 	Train Accuracy     : 0.0000


################## Training is Done! #########################
Training time is : 0:19:23.355589
