=============================================
Dataset: Epilepsy
Method:  TS-TCC
Mode:    self_supervised
=============================================
Data loaded ...
Training started ....

Epoch : 1
Train Loss     : 26.3455	 | 	Train Accuracy     : 0.0000


Epoch : 2
Train Loss     : 24.7837	 | 	Train Accuracy     : 0.0000


Epoch : 3
Train Loss     : 24.2120	 | 	Train Accuracy     : 0.0000


Epoch : 4
Train Loss     : 23.7599	 | 	Train Accuracy     : 0.0000


Epoch : 5
Train Loss     : 23.5417	 | 	Train Accuracy     : 0.0000


Epoch : 6
Train Loss     : 23.2991	 | 	Train Accuracy     : 0.0000


Epoch : 7
Train Loss     : 23.1059	 | 	Train Accuracy     : 0.0000


Epoch : 8
Train Loss     : 22.9999	 | 	Train Accuracy     : 0.0000


Epoch : 9
Train Loss     : 22.8151	 | 	Train Accuracy     : 0.0000


Epoch : 10
Train Loss     : 22.5719	 | 	Train Accuracy     : 0.0000


Epoch : 11
Train Loss     : 22.5879	 | 	Train Accuracy     : 0.0000


Epoch : 12
Train Loss     : 22.2824	 | 	Train Accuracy     : 0.0000


Epoch : 13
Train Loss     : 22.3419	 | 	Train Accuracy     : 0.0000


Epoch : 14
Train Loss     : 22.1946	 | 	Train Accuracy     : 0.0000


Epoch : 15
Train Loss     : 22.1124	 | 	Train Accuracy     : 0.0000


Epoch : 16
Train Loss     : 22.0471	 | 	Train Accuracy     : 0.0000


Epoch : 17
Train Loss     : 21.8762	 | 	Train Accuracy     : 0.0000


Epoch : 18
Train Loss     : 21.8954	 | 	Train Accuracy     : 0.0000


Epoch : 19
Train Loss     : 21.9735	 | 	Train Accuracy     : 0.0000


Epoch : 20
Train Loss     : 21.8633	 | 	Train Accuracy     : 0.0000


Epoch : 21
Train Loss     : 21.6065	 | 	Train Accuracy     : 0.0000


Epoch : 22
Train Loss     : 21.5556	 | 	Train Accuracy     : 0.0000


Epoch : 23
Train Loss     : 21.8033	 | 	Train Accuracy     : 0.0000


Epoch : 24
Train Loss     : 21.4164	 | 	Train Accuracy     : 0.0000


Epoch : 25
Train Loss     : 21.6103	 | 	Train Accuracy     : 0.0000


Epoch : 26
Train Loss     : 21.4414	 | 	Train Accuracy     : 0.0000


Epoch : 27
Train Loss     : 21.1216	 | 	Train Accuracy     : 0.0000


Epoch : 28
Train Loss     : 21.1736	 | 	Train Accuracy     : 0.0000


Epoch : 29
Train Loss     : 20.9628	 | 	Train Accuracy     : 0.0000


Epoch : 30
Train Loss     : 20.9248	 | 	Train Accuracy     : 0.0000


Epoch : 31
Train Loss     : 21.1335	 | 	Train Accuracy     : 0.0000


Epoch : 32
Train Loss     : 21.0228	 | 	Train Accuracy     : 0.0000


Epoch : 33
Train Loss     : 20.8450	 | 	Train Accuracy     : 0.0000


Epoch : 34
Train Loss     : 20.8120	 | 	Train Accuracy     : 0.0000


Epoch : 35
Train Loss     : 20.7427	 | 	Train Accuracy     : 0.0000


Epoch : 36
Train Loss     : 20.6155	 | 	Train Accuracy     : 0.0000


Epoch : 37
Train Loss     : 20.5980	 | 	Train Accuracy     : 0.0000


Epoch : 38
Train Loss     : 20.7403	 | 	Train Accuracy     : 0.0000


Epoch : 39
Train Loss     : 20.5640	 | 	Train Accuracy     : 0.0000


Epoch : 40
Train Loss     : 20.4700	 | 	Train Accuracy     : 0.0000


################## Training is Done! #########################
Training time is : 0:18:32.304066
