=============================================
Dataset: Epilepsy
Method:  TS-TCC
Mode:    self_supervised
=============================================
Data loaded ...
Training started ....

Epoch : 1
Train Loss     : 26.3553	 | 	Train Accuracy     : 0.0000


Epoch : 2
Train Loss     : 24.8092	 | 	Train Accuracy     : 0.0000


Epoch : 3
Train Loss     : 24.2379	 | 	Train Accuracy     : 0.0000


Epoch : 4
Train Loss     : 23.7678	 | 	Train Accuracy     : 0.0000


Epoch : 5
Train Loss     : 23.5328	 | 	Train Accuracy     : 0.0000


Epoch : 6
Train Loss     : 23.3135	 | 	Train Accuracy     : 0.0000


Epoch : 7
Train Loss     : 23.0851	 | 	Train Accuracy     : 0.0000


Epoch : 8
Train Loss     : 22.9778	 | 	Train Accuracy     : 0.0000


Epoch : 9
Train Loss     : 22.7862	 | 	Train Accuracy     : 0.0000


Epoch : 10
Train Loss     : 22.5508	 | 	Train Accuracy     : 0.0000


Epoch : 11
Train Loss     : 22.5653	 | 	Train Accuracy     : 0.0000


Epoch : 12
Train Loss     : 22.2576	 | 	Train Accuracy     : 0.0000


Epoch : 13
Train Loss     : 22.3517	 | 	Train Accuracy     : 0.0000


Epoch : 14
Train Loss     : 22.2101	 | 	Train Accuracy     : 0.0000


Epoch : 15
Train Loss     : 22.1349	 | 	Train Accuracy     : 0.0000


Epoch : 16
Train Loss     : 22.0605	 | 	Train Accuracy     : 0.0000


Epoch : 17
Train Loss     : 21.8960	 | 	Train Accuracy     : 0.0000


Epoch : 18
Train Loss     : 21.9354	 | 	Train Accuracy     : 0.0000


Epoch : 19
Train Loss     : 22.0025	 | 	Train Accuracy     : 0.0000


Epoch : 20
Train Loss     : 21.8649	 | 	Train Accuracy     : 0.0000


Epoch : 21
Train Loss     : 21.6298	 | 	Train Accuracy     : 0.0000


Epoch : 22
Train Loss     : 21.5875	 | 	Train Accuracy     : 0.0000


Epoch : 23
Train Loss     : 21.8209	 | 	Train Accuracy     : 0.0000


Epoch : 24
Train Loss     : 21.4339	 | 	Train Accuracy     : 0.0000


Epoch : 25
Train Loss     : 21.6260	 | 	Train Accuracy     : 0.0000


Epoch : 26
Train Loss     : 21.4563	 | 	Train Accuracy     : 0.0000


Epoch : 27
Train Loss     : 21.1433	 | 	Train Accuracy     : 0.0000


Epoch : 28
Train Loss     : 21.1948	 | 	Train Accuracy     : 0.0000


Epoch : 29
Train Loss     : 20.9772	 | 	Train Accuracy     : 0.0000


Epoch : 30
Train Loss     : 20.9375	 | 	Train Accuracy     : 0.0000


Epoch : 31
Train Loss     : 21.1455	 | 	Train Accuracy     : 0.0000


Epoch : 32
Train Loss     : 21.0463	 | 	Train Accuracy     : 0.0000


Epoch : 33
Train Loss     : 20.8789	 | 	Train Accuracy     : 0.0000


Epoch : 34
Train Loss     : 20.8032	 | 	Train Accuracy     : 0.0000


Epoch : 35
Train Loss     : 20.7585	 | 	Train Accuracy     : 0.0000


Epoch : 36
Train Loss     : 20.6254	 | 	Train Accuracy     : 0.0000


Epoch : 37
Train Loss     : 20.6086	 | 	Train Accuracy     : 0.0000


Epoch : 38
Train Loss     : 20.7760	 | 	Train Accuracy     : 0.0000


Epoch : 39
Train Loss     : 20.5783	 | 	Train Accuracy     : 0.0000


Epoch : 40
Train Loss     : 20.4890	 | 	Train Accuracy     : 0.0000


################## Training is Done! #########################
Training time is : 0:13:16.761409
