=============================================
Dataset: Epilepsy
Method:  TS-TCC
Mode:    self_supervised
=============================================
Data loaded ...
Training started ....

Epoch : 1
Train Loss     : 26.3962	 | 	Train Accuracy     : 0.0000


Epoch : 2
Train Loss     : 24.8901	 | 	Train Accuracy     : 0.0000


Epoch : 3
Train Loss     : 24.1215	 | 	Train Accuracy     : 0.0000


Epoch : 4
Train Loss     : 23.8316	 | 	Train Accuracy     : 0.0000


Epoch : 5
Train Loss     : 23.4395	 | 	Train Accuracy     : 0.0000


Epoch : 6
Train Loss     : 22.9747	 | 	Train Accuracy     : 0.0000


Epoch : 7
Train Loss     : 22.8761	 | 	Train Accuracy     : 0.0000


Epoch : 8
Train Loss     : 22.6100	 | 	Train Accuracy     : 0.0000


Epoch : 9
Train Loss     : 22.5932	 | 	Train Accuracy     : 0.0000


Epoch : 10
Train Loss     : 22.3685	 | 	Train Accuracy     : 0.0000


Epoch : 11
Train Loss     : 22.0911	 | 	Train Accuracy     : 0.0000


Epoch : 12
Train Loss     : 21.9397	 | 	Train Accuracy     : 0.0000


Epoch : 13
Train Loss     : 21.8572	 | 	Train Accuracy     : 0.0000


Epoch : 14
Train Loss     : 21.4643	 | 	Train Accuracy     : 0.0000


Epoch : 15
Train Loss     : 21.5456	 | 	Train Accuracy     : 0.0000


Epoch : 16
Train Loss     : 21.3857	 | 	Train Accuracy     : 0.0000


Epoch : 17
Train Loss     : 21.1287	 | 	Train Accuracy     : 0.0000


Epoch : 18
Train Loss     : 21.0949	 | 	Train Accuracy     : 0.0000


Epoch : 19
Train Loss     : 20.9157	 | 	Train Accuracy     : 0.0000


Epoch : 20
Train Loss     : 20.7732	 | 	Train Accuracy     : 0.0000


Epoch : 21
Train Loss     : 20.9086	 | 	Train Accuracy     : 0.0000


Epoch : 22
Train Loss     : 20.6053	 | 	Train Accuracy     : 0.0000


Epoch : 23
Train Loss     : 20.4772	 | 	Train Accuracy     : 0.0000


Epoch : 24
Train Loss     : 20.3489	 | 	Train Accuracy     : 0.0000


Epoch : 25
Train Loss     : 20.3364	 | 	Train Accuracy     : 0.0000


Epoch : 26
Train Loss     : 19.9360	 | 	Train Accuracy     : 0.0000


Epoch : 27
Train Loss     : 20.2465	 | 	Train Accuracy     : 0.0000


Epoch : 28
Train Loss     : 20.0383	 | 	Train Accuracy     : 0.0000


Epoch : 29
Train Loss     : 19.9460	 | 	Train Accuracy     : 0.0000


Epoch : 30
Train Loss     : 19.9097	 | 	Train Accuracy     : 0.0000


Epoch : 31
Train Loss     : 19.7520	 | 	Train Accuracy     : 0.0000


Epoch : 32
Train Loss     : 19.5907	 | 	Train Accuracy     : 0.0000


Epoch : 33
Train Loss     : 19.5655	 | 	Train Accuracy     : 0.0000


Epoch : 34
Train Loss     : 19.4254	 | 	Train Accuracy     : 0.0000


Epoch : 35
Train Loss     : 19.1991	 | 	Train Accuracy     : 0.0000


Epoch : 36
Train Loss     : 19.2435	 | 	Train Accuracy     : 0.0000


Epoch : 37
Train Loss     : 19.3763	 | 	Train Accuracy     : 0.0000


Epoch : 38
Train Loss     : 19.2284	 | 	Train Accuracy     : 0.0000


Epoch : 39
Train Loss     : 19.0586	 | 	Train Accuracy     : 0.0000


Epoch : 40
Train Loss     : 19.0382	 | 	Train Accuracy     : 0.0000


################## Training is Done! #########################
Training time is : 0:14:19.068360
