=============================================
Dataset: HAR
Method:  TS-TCC
Mode:    self_supervised
=============================================
Data loaded ...
Training started ....

Epoch : 1
Train Loss     : 27.2378	 | 	Train Accuracy     : 0.0000


Epoch : 2
Train Loss     : 25.5370	 | 	Train Accuracy     : 0.0000


Epoch : 3
Train Loss     : 24.9482	 | 	Train Accuracy     : 0.0000


Epoch : 4
Train Loss     : 24.5869	 | 	Train Accuracy     : 0.0000


Epoch : 5
Train Loss     : 24.3237	 | 	Train Accuracy     : 0.0000


Epoch : 6
Train Loss     : 24.2462	 | 	Train Accuracy     : 0.0000


Epoch : 7
Train Loss     : 24.0388	 | 	Train Accuracy     : 0.0000


Epoch : 8
Train Loss     : 23.9605	 | 	Train Accuracy     : 0.0000


Epoch : 9
Train Loss     : 23.9227	 | 	Train Accuracy     : 0.0000


Epoch : 10
Train Loss     : 23.7488	 | 	Train Accuracy     : 0.0000


Epoch : 11
Train Loss     : 23.7494	 | 	Train Accuracy     : 0.0000


Epoch : 12
Train Loss     : 23.6673	 | 	Train Accuracy     : 0.0000


Epoch : 13
Train Loss     : 23.6429	 | 	Train Accuracy     : 0.0000


Epoch : 14
Train Loss     : 23.6178	 | 	Train Accuracy     : 0.0000


Epoch : 15
Train Loss     : 23.5198	 | 	Train Accuracy     : 0.0000


Epoch : 16
Train Loss     : 23.5092	 | 	Train Accuracy     : 0.0000


Epoch : 17
Train Loss     : 23.4352	 | 	Train Accuracy     : 0.0000


Epoch : 18
Train Loss     : 23.4336	 | 	Train Accuracy     : 0.0000


Epoch : 19
Train Loss     : 23.3980	 | 	Train Accuracy     : 0.0000


Epoch : 20
Train Loss     : 23.3876	 | 	Train Accuracy     : 0.0000


Epoch : 21
Train Loss     : 23.3709	 | 	Train Accuracy     : 0.0000


Epoch : 22
Train Loss     : 23.3306	 | 	Train Accuracy     : 0.0000


Epoch : 23
Train Loss     : 23.2451	 | 	Train Accuracy     : 0.0000


Epoch : 24
Train Loss     : 23.2511	 | 	Train Accuracy     : 0.0000


Epoch : 25
Train Loss     : 23.2284	 | 	Train Accuracy     : 0.0000


Epoch : 26
Train Loss     : 23.1538	 | 	Train Accuracy     : 0.0000


Epoch : 27
Train Loss     : 23.0975	 | 	Train Accuracy     : 0.0000


Epoch : 28
Train Loss     : 23.1413	 | 	Train Accuracy     : 0.0000


Epoch : 29
Train Loss     : 22.9917	 | 	Train Accuracy     : 0.0000


Epoch : 30
Train Loss     : 23.1372	 | 	Train Accuracy     : 0.0000


Epoch : 31
Train Loss     : 23.0160	 | 	Train Accuracy     : 0.0000


Epoch : 32
Train Loss     : 23.0172	 | 	Train Accuracy     : 0.0000


Epoch : 33
Train Loss     : 22.9778	 | 	Train Accuracy     : 0.0000


Epoch : 34
Train Loss     : 22.9264	 | 	Train Accuracy     : 0.0000


Epoch : 35
Train Loss     : 22.8987	 | 	Train Accuracy     : 0.0000


Epoch : 36
Train Loss     : 22.8656	 | 	Train Accuracy     : 0.0000


Epoch : 37
Train Loss     : 22.8482	 | 	Train Accuracy     : 0.0000


Epoch : 38
Train Loss     : 22.8764	 | 	Train Accuracy     : 0.0000


Epoch : 39
Train Loss     : 22.7890	 | 	Train Accuracy     : 0.0000


Epoch : 40
Train Loss     : 22.6782	 | 	Train Accuracy     : 0.0000


################## Training is Done! #########################
Training time is : 0:17:40.964447
