=============================================
Dataset: Epilepsy
Method:  TS-TCC
Mode:    self_supervised
=============================================
Data loaded ...
Training started ....

Epoch : 1
Train Loss     : 26.5190	 | 	Train Accuracy     : 0.0000


Epoch : 2
Train Loss     : 24.9402	 | 	Train Accuracy     : 0.0000


Epoch : 3
Train Loss     : 24.2802	 | 	Train Accuracy     : 0.0000


Epoch : 4
Train Loss     : 23.7764	 | 	Train Accuracy     : 0.0000


Epoch : 5
Train Loss     : 23.4583	 | 	Train Accuracy     : 0.0000


Epoch : 6
Train Loss     : 23.2186	 | 	Train Accuracy     : 0.0000


Epoch : 7
Train Loss     : 22.9634	 | 	Train Accuracy     : 0.0000


Epoch : 8
Train Loss     : 22.7248	 | 	Train Accuracy     : 0.0000


Epoch : 9
Train Loss     : 22.4582	 | 	Train Accuracy     : 0.0000


Epoch : 10
Train Loss     : 22.3652	 | 	Train Accuracy     : 0.0000


Epoch : 11
Train Loss     : 22.1733	 | 	Train Accuracy     : 0.0000


Epoch : 12
Train Loss     : 21.8530	 | 	Train Accuracy     : 0.0000


Epoch : 13
Train Loss     : 21.9337	 | 	Train Accuracy     : 0.0000


Epoch : 14
Train Loss     : 21.7394	 | 	Train Accuracy     : 0.0000


Epoch : 15
Train Loss     : 21.5067	 | 	Train Accuracy     : 0.0000


Epoch : 16
Train Loss     : 21.3770	 | 	Train Accuracy     : 0.0000


Epoch : 17
Train Loss     : 21.2540	 | 	Train Accuracy     : 0.0000


Epoch : 18
Train Loss     : 20.9667	 | 	Train Accuracy     : 0.0000


Epoch : 19
Train Loss     : 20.9920	 | 	Train Accuracy     : 0.0000


Epoch : 20
Train Loss     : 20.9638	 | 	Train Accuracy     : 0.0000


Epoch : 21
Train Loss     : 20.7615	 | 	Train Accuracy     : 0.0000


Epoch : 22
Train Loss     : 20.9588	 | 	Train Accuracy     : 0.0000


Epoch : 23
Train Loss     : 20.5937	 | 	Train Accuracy     : 0.0000


Epoch : 24
Train Loss     : 20.7051	 | 	Train Accuracy     : 0.0000


Epoch : 25
Train Loss     : 20.6588	 | 	Train Accuracy     : 0.0000


Epoch : 26
Train Loss     : 20.2876	 | 	Train Accuracy     : 0.0000


Epoch : 27
Train Loss     : 20.1507	 | 	Train Accuracy     : 0.0000


Epoch : 28
Train Loss     : 20.1342	 | 	Train Accuracy     : 0.0000


Epoch : 29
Train Loss     : 19.9466	 | 	Train Accuracy     : 0.0000


Epoch : 30
Train Loss     : 19.9048	 | 	Train Accuracy     : 0.0000


Epoch : 31
Train Loss     : 20.0666	 | 	Train Accuracy     : 0.0000


Epoch : 32
Train Loss     : 19.7478	 | 	Train Accuracy     : 0.0000


Epoch : 33
Train Loss     : 19.6206	 | 	Train Accuracy     : 0.0000


Epoch : 34
Train Loss     : 19.9558	 | 	Train Accuracy     : 0.0000


Epoch : 35
Train Loss     : 19.5834	 | 	Train Accuracy     : 0.0000


Epoch : 36
Train Loss     : 19.6418	 | 	Train Accuracy     : 0.0000


Epoch : 37
Train Loss     : 19.4877	 | 	Train Accuracy     : 0.0000


Epoch : 38
Train Loss     : 19.4925	 | 	Train Accuracy     : 0.0000


Epoch : 39
Train Loss     : 19.4789	 | 	Train Accuracy     : 0.0000


Epoch : 40
Train Loss     : 19.2123	 | 	Train Accuracy     : 0.0000


################## Training is Done! #########################
Training time is : 0:12:40.486027
