=============================================
Dataset: Epilepsy
Method:  TS-TCC
Mode:    self_supervised
=============================================
Data loaded ...
Training started ....

Epoch : 1
Train Loss     : 26.3526	 | 	Train Accuracy     : 0.0000


Epoch : 2
Train Loss     : 24.8043	 | 	Train Accuracy     : 0.0000


Epoch : 3
Train Loss     : 24.2207	 | 	Train Accuracy     : 0.0000


Epoch : 4
Train Loss     : 23.7877	 | 	Train Accuracy     : 0.0000


Epoch : 5
Train Loss     : 23.5225	 | 	Train Accuracy     : 0.0000


Epoch : 6
Train Loss     : 23.3169	 | 	Train Accuracy     : 0.0000


Epoch : 7
Train Loss     : 23.1099	 | 	Train Accuracy     : 0.0000


Epoch : 8
Train Loss     : 22.9964	 | 	Train Accuracy     : 0.0000


Epoch : 9
Train Loss     : 22.8006	 | 	Train Accuracy     : 0.0000


Epoch : 10
Train Loss     : 22.5568	 | 	Train Accuracy     : 0.0000


Epoch : 11
Train Loss     : 22.5769	 | 	Train Accuracy     : 0.0000


Epoch : 12
Train Loss     : 22.2817	 | 	Train Accuracy     : 0.0000


Epoch : 13
Train Loss     : 22.3557	 | 	Train Accuracy     : 0.0000


Epoch : 14
Train Loss     : 22.1903	 | 	Train Accuracy     : 0.0000


Epoch : 15
Train Loss     : 22.1154	 | 	Train Accuracy     : 0.0000


Epoch : 16
Train Loss     : 22.0284	 | 	Train Accuracy     : 0.0000


Epoch : 17
Train Loss     : 21.8464	 | 	Train Accuracy     : 0.0000


Epoch : 18
Train Loss     : 21.8641	 | 	Train Accuracy     : 0.0000


Epoch : 19
Train Loss     : 21.9653	 | 	Train Accuracy     : 0.0000


Epoch : 20
Train Loss     : 21.8471	 | 	Train Accuracy     : 0.0000


Epoch : 21
Train Loss     : 21.5771	 | 	Train Accuracy     : 0.0000


Epoch : 22
Train Loss     : 21.5470	 | 	Train Accuracy     : 0.0000


Epoch : 23
Train Loss     : 21.7860	 | 	Train Accuracy     : 0.0000


Epoch : 24
Train Loss     : 21.4090	 | 	Train Accuracy     : 0.0000


Epoch : 25
Train Loss     : 21.5991	 | 	Train Accuracy     : 0.0000


Epoch : 26
Train Loss     : 21.4153	 | 	Train Accuracy     : 0.0000


Epoch : 27
Train Loss     : 21.1192	 | 	Train Accuracy     : 0.0000


Epoch : 28
Train Loss     : 21.1709	 | 	Train Accuracy     : 0.0000


Epoch : 29
Train Loss     : 20.9761	 | 	Train Accuracy     : 0.0000


Epoch : 30
Train Loss     : 20.9300	 | 	Train Accuracy     : 0.0000


Epoch : 31
Train Loss     : 21.1424	 | 	Train Accuracy     : 0.0000


Epoch : 32
Train Loss     : 21.0531	 | 	Train Accuracy     : 0.0000


Epoch : 33
Train Loss     : 20.8775	 | 	Train Accuracy     : 0.0000


Epoch : 34
Train Loss     : 20.8360	 | 	Train Accuracy     : 0.0000


Epoch : 35
Train Loss     : 20.7900	 | 	Train Accuracy     : 0.0000


Epoch : 36
Train Loss     : 20.6576	 | 	Train Accuracy     : 0.0000


Epoch : 37
Train Loss     : 20.6326	 | 	Train Accuracy     : 0.0000


Epoch : 38
Train Loss     : 20.7779	 | 	Train Accuracy     : 0.0000


Epoch : 39
Train Loss     : 20.6065	 | 	Train Accuracy     : 0.0000


Epoch : 40
Train Loss     : 20.5315	 | 	Train Accuracy     : 0.0000


################## Training is Done! #########################
Training time is : 0:18:33.718101
