=============================================
Dataset: Epilepsy
Method:  TS-TCC
Mode:    self_supervised
=============================================
Data loaded ...
Training started ....

Epoch : 1
Train Loss     : 26.4100	 | 	Train Accuracy     : 0.0000


Epoch : 2
Train Loss     : 24.8981	 | 	Train Accuracy     : 0.0000


Epoch : 3
Train Loss     : 24.2707	 | 	Train Accuracy     : 0.0000


Epoch : 4
Train Loss     : 23.8322	 | 	Train Accuracy     : 0.0000


Epoch : 5
Train Loss     : 23.5409	 | 	Train Accuracy     : 0.0000


Epoch : 6
Train Loss     : 23.1545	 | 	Train Accuracy     : 0.0000


Epoch : 7
Train Loss     : 22.8193	 | 	Train Accuracy     : 0.0000


Epoch : 8
Train Loss     : 22.5486	 | 	Train Accuracy     : 0.0000


Epoch : 9
Train Loss     : 22.3475	 | 	Train Accuracy     : 0.0000


Epoch : 10
Train Loss     : 22.3861	 | 	Train Accuracy     : 0.0000


Epoch : 11
Train Loss     : 22.0216	 | 	Train Accuracy     : 0.0000


Epoch : 12
Train Loss     : 22.0192	 | 	Train Accuracy     : 0.0000


Epoch : 13
Train Loss     : 21.7536	 | 	Train Accuracy     : 0.0000


Epoch : 14
Train Loss     : 21.4321	 | 	Train Accuracy     : 0.0000


Epoch : 15
Train Loss     : 21.5329	 | 	Train Accuracy     : 0.0000


Epoch : 16
Train Loss     : 21.4864	 | 	Train Accuracy     : 0.0000


Epoch : 17
Train Loss     : 21.2749	 | 	Train Accuracy     : 0.0000


Epoch : 18
Train Loss     : 21.2086	 | 	Train Accuracy     : 0.0000


Epoch : 19
Train Loss     : 21.0968	 | 	Train Accuracy     : 0.0000


Epoch : 20
Train Loss     : 20.8451	 | 	Train Accuracy     : 0.0000


Epoch : 21
Train Loss     : 20.7436	 | 	Train Accuracy     : 0.0000


Epoch : 22
Train Loss     : 20.7101	 | 	Train Accuracy     : 0.0000


Epoch : 23
Train Loss     : 20.6890	 | 	Train Accuracy     : 0.0000


Epoch : 24
Train Loss     : 20.7027	 | 	Train Accuracy     : 0.0000


Epoch : 25
Train Loss     : 20.5060	 | 	Train Accuracy     : 0.0000


Epoch : 26
Train Loss     : 20.6020	 | 	Train Accuracy     : 0.0000


Epoch : 27
Train Loss     : 20.3102	 | 	Train Accuracy     : 0.0000


Epoch : 28
Train Loss     : 20.1667	 | 	Train Accuracy     : 0.0000


Epoch : 29
Train Loss     : 20.1529	 | 	Train Accuracy     : 0.0000


Epoch : 30
Train Loss     : 19.9841	 | 	Train Accuracy     : 0.0000


Epoch : 31
Train Loss     : 19.9456	 | 	Train Accuracy     : 0.0000


Epoch : 32
Train Loss     : 19.8516	 | 	Train Accuracy     : 0.0000


Epoch : 33
Train Loss     : 19.7160	 | 	Train Accuracy     : 0.0000


Epoch : 34
Train Loss     : 19.7775	 | 	Train Accuracy     : 0.0000


Epoch : 35
Train Loss     : 19.6960	 | 	Train Accuracy     : 0.0000


Epoch : 36
Train Loss     : 19.9210	 | 	Train Accuracy     : 0.0000


Epoch : 37
Train Loss     : 19.7303	 | 	Train Accuracy     : 0.0000


Epoch : 38
Train Loss     : 19.5699	 | 	Train Accuracy     : 0.0000


Epoch : 39
Train Loss     : 19.3749	 | 	Train Accuracy     : 0.0000


Epoch : 40
Train Loss     : 19.4545	 | 	Train Accuracy     : 0.0000


################## Training is Done! #########################
Training time is : 0:17:38.471279
