=============================================
Dataset: Epilepsy
Method:  TS-TCC
Mode:    self_supervised
=============================================
Data loaded ...
Training started ....

Epoch : 1
Train Loss     : 26.3524	 | 	Train Accuracy     : 0.0000


Epoch : 2
Train Loss     : 24.8030	 | 	Train Accuracy     : 0.0000


Epoch : 3
Train Loss     : 24.2297	 | 	Train Accuracy     : 0.0000


Epoch : 4
Train Loss     : 23.7697	 | 	Train Accuracy     : 0.0000


Epoch : 5
Train Loss     : 23.5061	 | 	Train Accuracy     : 0.0000


Epoch : 6
Train Loss     : 23.3120	 | 	Train Accuracy     : 0.0000


Epoch : 7
Train Loss     : 23.1048	 | 	Train Accuracy     : 0.0000


Epoch : 8
Train Loss     : 22.9911	 | 	Train Accuracy     : 0.0000


Epoch : 9
Train Loss     : 22.7982	 | 	Train Accuracy     : 0.0000


Epoch : 10
Train Loss     : 22.5552	 | 	Train Accuracy     : 0.0000


Epoch : 11
Train Loss     : 22.5697	 | 	Train Accuracy     : 0.0000


Epoch : 12
Train Loss     : 22.2873	 | 	Train Accuracy     : 0.0000


Epoch : 13
Train Loss     : 22.3498	 | 	Train Accuracy     : 0.0000


Epoch : 14
Train Loss     : 22.1801	 | 	Train Accuracy     : 0.0000


Epoch : 15
Train Loss     : 22.1082	 | 	Train Accuracy     : 0.0000


Epoch : 16
Train Loss     : 22.0485	 | 	Train Accuracy     : 0.0000


Epoch : 17
Train Loss     : 21.8714	 | 	Train Accuracy     : 0.0000


Epoch : 18
Train Loss     : 21.9011	 | 	Train Accuracy     : 0.0000


Epoch : 19
Train Loss     : 21.9845	 | 	Train Accuracy     : 0.0000


Epoch : 20
Train Loss     : 21.8674	 | 	Train Accuracy     : 0.0000


Epoch : 21
Train Loss     : 21.6055	 | 	Train Accuracy     : 0.0000


Epoch : 22
Train Loss     : 21.5753	 | 	Train Accuracy     : 0.0000


Epoch : 23
Train Loss     : 21.7832	 | 	Train Accuracy     : 0.0000


Epoch : 24
Train Loss     : 21.4222	 | 	Train Accuracy     : 0.0000


Epoch : 25
Train Loss     : 21.6068	 | 	Train Accuracy     : 0.0000


Epoch : 26
Train Loss     : 21.4367	 | 	Train Accuracy     : 0.0000


Epoch : 27
Train Loss     : 21.1359	 | 	Train Accuracy     : 0.0000


Epoch : 28
Train Loss     : 21.1875	 | 	Train Accuracy     : 0.0000


Epoch : 29
Train Loss     : 20.9936	 | 	Train Accuracy     : 0.0000


Epoch : 30
Train Loss     : 20.9465	 | 	Train Accuracy     : 0.0000


Epoch : 31
Train Loss     : 21.1538	 | 	Train Accuracy     : 0.0000


Epoch : 32
Train Loss     : 21.0611	 | 	Train Accuracy     : 0.0000


Epoch : 33
Train Loss     : 20.8870	 | 	Train Accuracy     : 0.0000


Epoch : 34
Train Loss     : 20.8383	 | 	Train Accuracy     : 0.0000


Epoch : 35
Train Loss     : 20.7762	 | 	Train Accuracy     : 0.0000


Epoch : 36
Train Loss     : 20.6495	 | 	Train Accuracy     : 0.0000


Epoch : 37
Train Loss     : 20.6308	 | 	Train Accuracy     : 0.0000


Epoch : 38
Train Loss     : 20.7840	 | 	Train Accuracy     : 0.0000


Epoch : 39
Train Loss     : 20.5926	 | 	Train Accuracy     : 0.0000


Epoch : 40
Train Loss     : 20.5207	 | 	Train Accuracy     : 0.0000


################## Training is Done! #########################
Training time is : 0:11:52.561136
