=============================================
Dataset: Epilepsy
Method:  TS-TCC
Mode:    self_supervised
=============================================
Data loaded ...
Training started ....

Epoch : 1
Train Loss     : 26.2778	 | 	Train Accuracy     : 0.0000


Epoch : 2
Train Loss     : 24.5535	 | 	Train Accuracy     : 0.0000


Epoch : 3
Train Loss     : 24.1225	 | 	Train Accuracy     : 0.0000


Epoch : 4
Train Loss     : 23.6489	 | 	Train Accuracy     : 0.0000


Epoch : 5
Train Loss     : 23.4815	 | 	Train Accuracy     : 0.0000


Epoch : 6
Train Loss     : 23.1848	 | 	Train Accuracy     : 0.0000


Epoch : 7
Train Loss     : 23.1046	 | 	Train Accuracy     : 0.0000


Epoch : 8
Train Loss     : 22.8818	 | 	Train Accuracy     : 0.0000


Epoch : 9
Train Loss     : 22.7882	 | 	Train Accuracy     : 0.0000


Epoch : 10
Train Loss     : 22.5948	 | 	Train Accuracy     : 0.0000


Epoch : 11
Train Loss     : 22.3423	 | 	Train Accuracy     : 0.0000


Epoch : 12
Train Loss     : 22.2959	 | 	Train Accuracy     : 0.0000


Epoch : 13
Train Loss     : 22.0255	 | 	Train Accuracy     : 0.0000


Epoch : 14
Train Loss     : 22.0529	 | 	Train Accuracy     : 0.0000


Epoch : 15
Train Loss     : 22.0831	 | 	Train Accuracy     : 0.0000


Epoch : 16
Train Loss     : 21.7805	 | 	Train Accuracy     : 0.0000


Epoch : 17
Train Loss     : 21.7869	 | 	Train Accuracy     : 0.0000


Epoch : 18
Train Loss     : 21.8723	 | 	Train Accuracy     : 0.0000


Epoch : 19
Train Loss     : 21.7316	 | 	Train Accuracy     : 0.0000


Epoch : 20
Train Loss     : 21.5444	 | 	Train Accuracy     : 0.0000


Epoch : 21
Train Loss     : 21.2959	 | 	Train Accuracy     : 0.0000


Epoch : 22
Train Loss     : 21.2871	 | 	Train Accuracy     : 0.0000


Epoch : 23
Train Loss     : 21.4293	 | 	Train Accuracy     : 0.0000


Epoch : 24
Train Loss     : 21.2569	 | 	Train Accuracy     : 0.0000


Epoch : 25
Train Loss     : 21.1920	 | 	Train Accuracy     : 0.0000


Epoch : 26
Train Loss     : 21.1932	 | 	Train Accuracy     : 0.0000


Epoch : 27
Train Loss     : 21.1069	 | 	Train Accuracy     : 0.0000


Epoch : 28
Train Loss     : 20.8912	 | 	Train Accuracy     : 0.0000


Epoch : 29
Train Loss     : 20.7698	 | 	Train Accuracy     : 0.0000


Epoch : 30
Train Loss     : 20.7948	 | 	Train Accuracy     : 0.0000


Epoch : 31
Train Loss     : 20.8863	 | 	Train Accuracy     : 0.0000


Epoch : 32
Train Loss     : 20.5851	 | 	Train Accuracy     : 0.0000


Epoch : 33
Train Loss     : 20.7120	 | 	Train Accuracy     : 0.0000


Epoch : 34
Train Loss     : 20.5102	 | 	Train Accuracy     : 0.0000


Epoch : 35
Train Loss     : 20.5724	 | 	Train Accuracy     : 0.0000


Epoch : 36
Train Loss     : 20.3559	 | 	Train Accuracy     : 0.0000


Epoch : 37
Train Loss     : 20.3030	 | 	Train Accuracy     : 0.0000


Epoch : 38
Train Loss     : 20.3014	 | 	Train Accuracy     : 0.0000


Epoch : 39
Train Loss     : 20.0542	 | 	Train Accuracy     : 0.0000


Epoch : 40
Train Loss     : 20.1270	 | 	Train Accuracy     : 0.0000


################## Training is Done! #########################
Training time is : 0:22:53.926599
