=============================================
Dataset: HAR
Method:  TS-TCC
Mode:    self_supervised
=============================================
Data loaded ...
Training started ....

Epoch : 1
Train Loss     : 18.5838	 | 	Train Accuracy     : 0.0000


Epoch : 2
Train Loss     : 17.1547	 | 	Train Accuracy     : 0.0000


Epoch : 3
Train Loss     : 16.7002	 | 	Train Accuracy     : 0.0000


Epoch : 4
Train Loss     : 16.4555	 | 	Train Accuracy     : 0.0000


Epoch : 5
Train Loss     : 16.2684	 | 	Train Accuracy     : 0.0000


Epoch : 6
Train Loss     : 16.1219	 | 	Train Accuracy     : 0.0000


Epoch : 7
Train Loss     : 16.0533	 | 	Train Accuracy     : 0.0000


Epoch : 8
Train Loss     : 15.9213	 | 	Train Accuracy     : 0.0000


Epoch : 9
Train Loss     : 15.8017	 | 	Train Accuracy     : 0.0000


Epoch : 10
Train Loss     : 15.7009	 | 	Train Accuracy     : 0.0000


Epoch : 11
Train Loss     : 15.6789	 | 	Train Accuracy     : 0.0000


Epoch : 12
Train Loss     : 15.6458	 | 	Train Accuracy     : 0.0000


Epoch : 13
Train Loss     : 15.5778	 | 	Train Accuracy     : 0.0000


Epoch : 14
Train Loss     : 15.4867	 | 	Train Accuracy     : 0.0000


Epoch : 15
Train Loss     : 15.4705	 | 	Train Accuracy     : 0.0000


Epoch : 16
Train Loss     : 15.3777	 | 	Train Accuracy     : 0.0000


Epoch : 17
Train Loss     : 15.3363	 | 	Train Accuracy     : 0.0000


Epoch : 18
Train Loss     : 15.3128	 | 	Train Accuracy     : 0.0000

