=============================================
Dataset: HAR
Method:  TS-TCC
Mode:    self_supervised
=============================================
Data loaded ...
Training started ....

Epoch : 1
Train Loss     : 27.1757	 | 	Train Accuracy     : 0.0000


Epoch : 2
Train Loss     : 25.3875	 | 	Train Accuracy     : 0.0000


Epoch : 3
Train Loss     : 24.8341	 | 	Train Accuracy     : 0.0000


Epoch : 4
Train Loss     : 24.4695	 | 	Train Accuracy     : 0.0000


Epoch : 5
Train Loss     : 24.1902	 | 	Train Accuracy     : 0.0000


Epoch : 6
Train Loss     : 24.0717	 | 	Train Accuracy     : 0.0000


Epoch : 7
Train Loss     : 23.8954	 | 	Train Accuracy     : 0.0000


Epoch : 8
Train Loss     : 23.7971	 | 	Train Accuracy     : 0.0000


Epoch : 9
Train Loss     : 23.7304	 | 	Train Accuracy     : 0.0000


Epoch : 10
Train Loss     : 23.5731	 | 	Train Accuracy     : 0.0000


Epoch : 11
Train Loss     : 23.5830	 | 	Train Accuracy     : 0.0000


Epoch : 12
Train Loss     : 23.5140	 | 	Train Accuracy     : 0.0000


Epoch : 13
Train Loss     : 23.4586	 | 	Train Accuracy     : 0.0000


Epoch : 14
Train Loss     : 23.4297	 | 	Train Accuracy     : 0.0000


Epoch : 15
Train Loss     : 23.3353	 | 	Train Accuracy     : 0.0000


Epoch : 16
Train Loss     : 23.2731	 | 	Train Accuracy     : 0.0000


Epoch : 17
Train Loss     : 23.2972	 | 	Train Accuracy     : 0.0000


Epoch : 18
Train Loss     : 23.2284	 | 	Train Accuracy     : 0.0000


Epoch : 19
Train Loss     : 23.1523	 | 	Train Accuracy     : 0.0000


Epoch : 20
Train Loss     : 23.0727	 | 	Train Accuracy     : 0.0000


Epoch : 21
Train Loss     : 23.0522	 | 	Train Accuracy     : 0.0000


Epoch : 22
Train Loss     : 22.9947	 | 	Train Accuracy     : 0.0000


Epoch : 23
Train Loss     : 22.9992	 | 	Train Accuracy     : 0.0000


Epoch : 24
Train Loss     : 22.9640	 | 	Train Accuracy     : 0.0000


Epoch : 25
Train Loss     : 22.9436	 | 	Train Accuracy     : 0.0000


Epoch : 26
Train Loss     : 22.8156	 | 	Train Accuracy     : 0.0000


Epoch : 27
Train Loss     : 22.7839	 | 	Train Accuracy     : 0.0000


Epoch : 28
Train Loss     : 22.8881	 | 	Train Accuracy     : 0.0000


Epoch : 29
Train Loss     : 22.7475	 | 	Train Accuracy     : 0.0000


Epoch : 30
Train Loss     : 22.6824	 | 	Train Accuracy     : 0.0000


Epoch : 31
Train Loss     : 22.6965	 | 	Train Accuracy     : 0.0000


Epoch : 32
Train Loss     : 22.6208	 | 	Train Accuracy     : 0.0000


Epoch : 33
Train Loss     : 22.5315	 | 	Train Accuracy     : 0.0000


Epoch : 34
Train Loss     : 22.6741	 | 	Train Accuracy     : 0.0000


Epoch : 35
Train Loss     : 22.5198	 | 	Train Accuracy     : 0.0000


Epoch : 36
Train Loss     : 22.5269	 | 	Train Accuracy     : 0.0000


Epoch : 37
Train Loss     : 22.5249	 | 	Train Accuracy     : 0.0000


Epoch : 38
Train Loss     : 22.3700	 | 	Train Accuracy     : 0.0000


Epoch : 39
Train Loss     : 22.3708	 | 	Train Accuracy     : 0.0000


Epoch : 40
Train Loss     : 22.4468	 | 	Train Accuracy     : 0.0000


################## Training is Done! #########################
Training time is : 0:14:20.937135
