=============================================
Dataset: Epilepsy
Method:  TS-TCC
Mode:    self_supervised
=============================================
Data loaded ...
Training started ....

Epoch : 1
Train Loss     : 26.2696	 | 	Train Accuracy     : 0.0000


Epoch : 2
Train Loss     : 24.5520	 | 	Train Accuracy     : 0.0000


Epoch : 3
Train Loss     : 24.1169	 | 	Train Accuracy     : 0.0000


Epoch : 4
Train Loss     : 23.6453	 | 	Train Accuracy     : 0.0000


Epoch : 5
Train Loss     : 23.4674	 | 	Train Accuracy     : 0.0000


Epoch : 6
Train Loss     : 23.1822	 | 	Train Accuracy     : 0.0000


Epoch : 7
Train Loss     : 23.1015	 | 	Train Accuracy     : 0.0000


Epoch : 8
Train Loss     : 22.8885	 | 	Train Accuracy     : 0.0000


Epoch : 9
Train Loss     : 22.7928	 | 	Train Accuracy     : 0.0000


Epoch : 10
Train Loss     : 22.6035	 | 	Train Accuracy     : 0.0000


Epoch : 11
Train Loss     : 22.3561	 | 	Train Accuracy     : 0.0000


Epoch : 12
Train Loss     : 22.2976	 | 	Train Accuracy     : 0.0000


Epoch : 13
Train Loss     : 22.0197	 | 	Train Accuracy     : 0.0000


Epoch : 14
Train Loss     : 22.0403	 | 	Train Accuracy     : 0.0000


Epoch : 15
Train Loss     : 22.0725	 | 	Train Accuracy     : 0.0000


Epoch : 16
Train Loss     : 21.7791	 | 	Train Accuracy     : 0.0000


Epoch : 17
Train Loss     : 21.7925	 | 	Train Accuracy     : 0.0000


Epoch : 18
Train Loss     : 21.8655	 | 	Train Accuracy     : 0.0000


Epoch : 19
Train Loss     : 21.7138	 | 	Train Accuracy     : 0.0000


Epoch : 20
Train Loss     : 21.5338	 | 	Train Accuracy     : 0.0000


Epoch : 21
Train Loss     : 21.2808	 | 	Train Accuracy     : 0.0000


Epoch : 22
Train Loss     : 21.3099	 | 	Train Accuracy     : 0.0000


Epoch : 23
Train Loss     : 21.4464	 | 	Train Accuracy     : 0.0000


Epoch : 24
Train Loss     : 21.2566	 | 	Train Accuracy     : 0.0000


Epoch : 25
Train Loss     : 21.1971	 | 	Train Accuracy     : 0.0000


Epoch : 26
Train Loss     : 21.2174	 | 	Train Accuracy     : 0.0000


Epoch : 27
Train Loss     : 21.1152	 | 	Train Accuracy     : 0.0000


Epoch : 28
Train Loss     : 20.8767	 | 	Train Accuracy     : 0.0000


Epoch : 29
Train Loss     : 20.7811	 | 	Train Accuracy     : 0.0000


Epoch : 30
Train Loss     : 20.8011	 | 	Train Accuracy     : 0.0000


Epoch : 31
Train Loss     : 20.9206	 | 	Train Accuracy     : 0.0000


Epoch : 32
Train Loss     : 20.6042	 | 	Train Accuracy     : 0.0000


Epoch : 33
Train Loss     : 20.7198	 | 	Train Accuracy     : 0.0000


Epoch : 34
Train Loss     : 20.5412	 | 	Train Accuracy     : 0.0000


Epoch : 35
Train Loss     : 20.6093	 | 	Train Accuracy     : 0.0000


Epoch : 36
Train Loss     : 20.3834	 | 	Train Accuracy     : 0.0000


Epoch : 37
Train Loss     : 20.3273	 | 	Train Accuracy     : 0.0000


Epoch : 38
Train Loss     : 20.3355	 | 	Train Accuracy     : 0.0000


Epoch : 39
Train Loss     : 20.0878	 | 	Train Accuracy     : 0.0000


Epoch : 40
Train Loss     : 20.1644	 | 	Train Accuracy     : 0.0000


################## Training is Done! #########################
Training time is : 0:20:37.392507
