=============================================
Dataset: HAR
Method:  TS-TCC
Mode:    self_supervised
=============================================
Data loaded ...
Training started ....

Epoch : 1
Train Loss     : 27.2475	 | 	Train Accuracy     : 0.0000


Epoch : 2
Train Loss     : 25.7917	 | 	Train Accuracy     : 0.0000


Epoch : 3
Train Loss     : 24.9973	 | 	Train Accuracy     : 0.0000


Epoch : 4
Train Loss     : 24.6143	 | 	Train Accuracy     : 0.0000


Epoch : 5
Train Loss     : 24.3369	 | 	Train Accuracy     : 0.0000


Epoch : 6
Train Loss     : 24.2560	 | 	Train Accuracy     : 0.0000


Epoch : 7
Train Loss     : 24.0430	 | 	Train Accuracy     : 0.0000


Epoch : 8
Train Loss     : 23.9742	 | 	Train Accuracy     : 0.0000


Epoch : 9
Train Loss     : 23.9271	 | 	Train Accuracy     : 0.0000


Epoch : 10
Train Loss     : 23.7537	 | 	Train Accuracy     : 0.0000


Epoch : 11
Train Loss     : 23.7573	 | 	Train Accuracy     : 0.0000


Epoch : 12
Train Loss     : 23.6598	 | 	Train Accuracy     : 0.0000


Epoch : 13
Train Loss     : 23.6451	 | 	Train Accuracy     : 0.0000


Epoch : 14
Train Loss     : 23.6096	 | 	Train Accuracy     : 0.0000


Epoch : 15
Train Loss     : 23.5218	 | 	Train Accuracy     : 0.0000


Epoch : 16
Train Loss     : 23.5090	 | 	Train Accuracy     : 0.0000


Epoch : 17
Train Loss     : 23.4433	 | 	Train Accuracy     : 0.0000


Epoch : 18
Train Loss     : 23.4448	 | 	Train Accuracy     : 0.0000


Epoch : 19
Train Loss     : 23.4030	 | 	Train Accuracy     : 0.0000


Epoch : 20
Train Loss     : 23.3922	 | 	Train Accuracy     : 0.0000


Epoch : 21
Train Loss     : 23.3840	 | 	Train Accuracy     : 0.0000


Epoch : 22
Train Loss     : 23.3432	 | 	Train Accuracy     : 0.0000


Epoch : 23
Train Loss     : 23.2669	 | 	Train Accuracy     : 0.0000


Epoch : 24
Train Loss     : 23.2875	 | 	Train Accuracy     : 0.0000


Epoch : 25
Train Loss     : 23.2786	 | 	Train Accuracy     : 0.0000


Epoch : 26
Train Loss     : 23.2299	 | 	Train Accuracy     : 0.0000


Epoch : 27
Train Loss     : 23.1744	 | 	Train Accuracy     : 0.0000


Epoch : 28
Train Loss     : 23.2143	 | 	Train Accuracy     : 0.0000


Epoch : 29
Train Loss     : 23.0752	 | 	Train Accuracy     : 0.0000


Epoch : 30
Train Loss     : 23.2070	 | 	Train Accuracy     : 0.0000


Epoch : 31
Train Loss     : 23.0789	 | 	Train Accuracy     : 0.0000


Epoch : 32
Train Loss     : 23.0589	 | 	Train Accuracy     : 0.0000


Epoch : 33
Train Loss     : 23.0472	 | 	Train Accuracy     : 0.0000


Epoch : 34
Train Loss     : 22.9811	 | 	Train Accuracy     : 0.0000


Epoch : 35
Train Loss     : 22.9578	 | 	Train Accuracy     : 0.0000


Epoch : 36
Train Loss     : 22.9236	 | 	Train Accuracy     : 0.0000


Epoch : 37
Train Loss     : 22.9033	 | 	Train Accuracy     : 0.0000


Epoch : 38
Train Loss     : 22.9329	 | 	Train Accuracy     : 0.0000


Epoch : 39
Train Loss     : 22.8446	 | 	Train Accuracy     : 0.0000


Epoch : 40
Train Loss     : 22.7441	 | 	Train Accuracy     : 0.0000


################## Training is Done! #########################
Training time is : 0:19:18.013280
