=============================================
Dataset: Epilepsy
Method:  TS-TCC
Mode:    self_supervised
=============================================
Data loaded ...
Training started ....

Epoch : 1
Train Loss     : 26.2654	 | 	Train Accuracy     : 0.0000


Epoch : 2
Train Loss     : 24.5538	 | 	Train Accuracy     : 0.0000


Epoch : 3
Train Loss     : 24.1244	 | 	Train Accuracy     : 0.0000


Epoch : 4
Train Loss     : 23.6543	 | 	Train Accuracy     : 0.0000


Epoch : 5
Train Loss     : 23.4880	 | 	Train Accuracy     : 0.0000


Epoch : 6
Train Loss     : 23.2113	 | 	Train Accuracy     : 0.0000


Epoch : 7
Train Loss     : 23.1323	 | 	Train Accuracy     : 0.0000


Epoch : 8
Train Loss     : 22.9042	 | 	Train Accuracy     : 0.0000


Epoch : 9
Train Loss     : 22.8226	 | 	Train Accuracy     : 0.0000


Epoch : 10
Train Loss     : 22.6059	 | 	Train Accuracy     : 0.0000


Epoch : 11
Train Loss     : 22.3406	 | 	Train Accuracy     : 0.0000


Epoch : 12
Train Loss     : 22.3043	 | 	Train Accuracy     : 0.0000


Epoch : 13
Train Loss     : 22.0267	 | 	Train Accuracy     : 0.0000


Epoch : 14
Train Loss     : 22.0670	 | 	Train Accuracy     : 0.0000


Epoch : 15
Train Loss     : 22.0974	 | 	Train Accuracy     : 0.0000


Epoch : 16
Train Loss     : 21.7941	 | 	Train Accuracy     : 0.0000


Epoch : 17
Train Loss     : 21.7982	 | 	Train Accuracy     : 0.0000


Epoch : 18
Train Loss     : 21.8742	 | 	Train Accuracy     : 0.0000


Epoch : 19
Train Loss     : 21.7324	 | 	Train Accuracy     : 0.0000


Epoch : 20
Train Loss     : 21.5596	 | 	Train Accuracy     : 0.0000


Epoch : 21
Train Loss     : 21.3086	 | 	Train Accuracy     : 0.0000


Epoch : 22
Train Loss     : 21.3084	 | 	Train Accuracy     : 0.0000


Epoch : 23
Train Loss     : 21.4318	 | 	Train Accuracy     : 0.0000


Epoch : 24
Train Loss     : 21.2713	 | 	Train Accuracy     : 0.0000


Epoch : 25
Train Loss     : 21.2087	 | 	Train Accuracy     : 0.0000


Epoch : 26
Train Loss     : 21.2184	 | 	Train Accuracy     : 0.0000


Epoch : 27
Train Loss     : 21.1432	 | 	Train Accuracy     : 0.0000


Epoch : 28
Train Loss     : 20.9169	 | 	Train Accuracy     : 0.0000


Epoch : 29
Train Loss     : 20.7913	 | 	Train Accuracy     : 0.0000


Epoch : 30
Train Loss     : 20.8067	 | 	Train Accuracy     : 0.0000


Epoch : 31
Train Loss     : 20.9118	 | 	Train Accuracy     : 0.0000


Epoch : 32
Train Loss     : 20.6097	 | 	Train Accuracy     : 0.0000


Epoch : 33
Train Loss     : 20.7368	 | 	Train Accuracy     : 0.0000


Epoch : 34
Train Loss     : 20.5427	 | 	Train Accuracy     : 0.0000


Epoch : 35
Train Loss     : 20.5977	 | 	Train Accuracy     : 0.0000


Epoch : 36
Train Loss     : 20.3899	 | 	Train Accuracy     : 0.0000


Epoch : 37
Train Loss     : 20.3308	 | 	Train Accuracy     : 0.0000


Epoch : 38
Train Loss     : 20.3464	 | 	Train Accuracy     : 0.0000


Epoch : 39
Train Loss     : 20.0895	 | 	Train Accuracy     : 0.0000


Epoch : 40
Train Loss     : 20.1631	 | 	Train Accuracy     : 0.0000


################## Training is Done! #########################
Training time is : 0:23:28.875056
