=============================================
Dataset: Epilepsy
Method:  TS-TCC
Mode:    self_supervised
=============================================
Data loaded ...
Training started ....

Epoch : 1
Train Loss     : 26.3571	 | 	Train Accuracy     : 0.0000


Epoch : 2
Train Loss     : 24.7979	 | 	Train Accuracy     : 0.0000


Epoch : 3
Train Loss     : 24.2257	 | 	Train Accuracy     : 0.0000


Epoch : 4
Train Loss     : 23.7604	 | 	Train Accuracy     : 0.0000


Epoch : 5
Train Loss     : 23.5411	 | 	Train Accuracy     : 0.0000


Epoch : 6
Train Loss     : 23.3106	 | 	Train Accuracy     : 0.0000


Epoch : 7
Train Loss     : 23.0998	 | 	Train Accuracy     : 0.0000


Epoch : 8
Train Loss     : 22.9854	 | 	Train Accuracy     : 0.0000


Epoch : 9
Train Loss     : 22.7871	 | 	Train Accuracy     : 0.0000


Epoch : 10
Train Loss     : 22.5467	 | 	Train Accuracy     : 0.0000


Epoch : 11
Train Loss     : 22.5663	 | 	Train Accuracy     : 0.0000


Epoch : 12
Train Loss     : 22.2668	 | 	Train Accuracy     : 0.0000


Epoch : 13
Train Loss     : 22.3356	 | 	Train Accuracy     : 0.0000


Epoch : 14
Train Loss     : 22.1866	 | 	Train Accuracy     : 0.0000


Epoch : 15
Train Loss     : 22.1145	 | 	Train Accuracy     : 0.0000


Epoch : 16
Train Loss     : 22.0385	 | 	Train Accuracy     : 0.0000


Epoch : 17
Train Loss     : 21.8604	 | 	Train Accuracy     : 0.0000


Epoch : 18
Train Loss     : 21.8620	 | 	Train Accuracy     : 0.0000


Epoch : 19
Train Loss     : 21.9595	 | 	Train Accuracy     : 0.0000


Epoch : 20
Train Loss     : 21.8321	 | 	Train Accuracy     : 0.0000


Epoch : 21
Train Loss     : 21.5865	 | 	Train Accuracy     : 0.0000


Epoch : 22
Train Loss     : 21.5537	 | 	Train Accuracy     : 0.0000


Epoch : 23
Train Loss     : 21.7739	 | 	Train Accuracy     : 0.0000


Epoch : 24
Train Loss     : 21.4025	 | 	Train Accuracy     : 0.0000


Epoch : 25
Train Loss     : 21.5906	 | 	Train Accuracy     : 0.0000


Epoch : 26
Train Loss     : 21.4254	 | 	Train Accuracy     : 0.0000


Epoch : 27
Train Loss     : 21.1119	 | 	Train Accuracy     : 0.0000


Epoch : 28
Train Loss     : 21.1679	 | 	Train Accuracy     : 0.0000


Epoch : 29
Train Loss     : 20.9630	 | 	Train Accuracy     : 0.0000


Epoch : 30
Train Loss     : 20.9288	 | 	Train Accuracy     : 0.0000


Epoch : 31
Train Loss     : 21.1361	 | 	Train Accuracy     : 0.0000


Epoch : 32
Train Loss     : 21.0495	 | 	Train Accuracy     : 0.0000


Epoch : 33
Train Loss     : 20.8790	 | 	Train Accuracy     : 0.0000


Epoch : 34
Train Loss     : 20.8151	 | 	Train Accuracy     : 0.0000


Epoch : 35
Train Loss     : 20.7666	 | 	Train Accuracy     : 0.0000


Epoch : 36
Train Loss     : 20.6407	 | 	Train Accuracy     : 0.0000


Epoch : 37
Train Loss     : 20.6023	 | 	Train Accuracy     : 0.0000


Epoch : 38
Train Loss     : 20.7530	 | 	Train Accuracy     : 0.0000


Epoch : 39
Train Loss     : 20.5850	 | 	Train Accuracy     : 0.0000


Epoch : 40
Train Loss     : 20.4933	 | 	Train Accuracy     : 0.0000


################## Training is Done! #########################
Training time is : 0:14:43.160014
