=============================================
Dataset: Epilepsy
Method:  TS-TCC
Mode:    self_supervised
=============================================
Data loaded ...
Training started ....

Epoch : 1
Train Loss     : 26.2648	 | 	Train Accuracy     : 0.0000


Epoch : 2
Train Loss     : 24.5428	 | 	Train Accuracy     : 0.0000


Epoch : 3
Train Loss     : 24.1126	 | 	Train Accuracy     : 0.0000


Epoch : 4
Train Loss     : 23.6428	 | 	Train Accuracy     : 0.0000


Epoch : 5
Train Loss     : 23.4789	 | 	Train Accuracy     : 0.0000


Epoch : 6
Train Loss     : 23.1794	 | 	Train Accuracy     : 0.0000


Epoch : 7
Train Loss     : 23.1047	 | 	Train Accuracy     : 0.0000


Epoch : 8
Train Loss     : 22.8765	 | 	Train Accuracy     : 0.0000


Epoch : 9
Train Loss     : 22.7978	 | 	Train Accuracy     : 0.0000


Epoch : 10
Train Loss     : 22.6040	 | 	Train Accuracy     : 0.0000


Epoch : 11
Train Loss     : 22.3385	 | 	Train Accuracy     : 0.0000


Epoch : 12
Train Loss     : 22.3036	 | 	Train Accuracy     : 0.0000


Epoch : 13
Train Loss     : 22.0250	 | 	Train Accuracy     : 0.0000


Epoch : 14
Train Loss     : 22.0451	 | 	Train Accuracy     : 0.0000


Epoch : 15
Train Loss     : 22.0665	 | 	Train Accuracy     : 0.0000


Epoch : 16
Train Loss     : 21.7750	 | 	Train Accuracy     : 0.0000


Epoch : 17
Train Loss     : 21.7811	 | 	Train Accuracy     : 0.0000


Epoch : 18
Train Loss     : 21.8715	 | 	Train Accuracy     : 0.0000


Epoch : 19
Train Loss     : 21.7021	 | 	Train Accuracy     : 0.0000


Epoch : 20
Train Loss     : 21.5253	 | 	Train Accuracy     : 0.0000


Epoch : 21
Train Loss     : 21.2793	 | 	Train Accuracy     : 0.0000


Epoch : 22
Train Loss     : 21.2946	 | 	Train Accuracy     : 0.0000


Epoch : 23
Train Loss     : 21.4405	 | 	Train Accuracy     : 0.0000


Epoch : 24
Train Loss     : 21.2479	 | 	Train Accuracy     : 0.0000


Epoch : 25
Train Loss     : 21.1917	 | 	Train Accuracy     : 0.0000


Epoch : 26
Train Loss     : 21.2121	 | 	Train Accuracy     : 0.0000


Epoch : 27
Train Loss     : 21.0883	 | 	Train Accuracy     : 0.0000


Epoch : 28
Train Loss     : 20.8836	 | 	Train Accuracy     : 0.0000


Epoch : 29
Train Loss     : 20.7769	 | 	Train Accuracy     : 0.0000


Epoch : 30
Train Loss     : 20.7884	 | 	Train Accuracy     : 0.0000


Epoch : 31
Train Loss     : 20.8856	 | 	Train Accuracy     : 0.0000


Epoch : 32
Train Loss     : 20.6058	 | 	Train Accuracy     : 0.0000


Epoch : 33
Train Loss     : 20.7206	 | 	Train Accuracy     : 0.0000


Epoch : 34
Train Loss     : 20.5426	 | 	Train Accuracy     : 0.0000


Epoch : 35
Train Loss     : 20.5937	 | 	Train Accuracy     : 0.0000


Epoch : 36
Train Loss     : 20.3749	 | 	Train Accuracy     : 0.0000


Epoch : 37
Train Loss     : 20.3225	 | 	Train Accuracy     : 0.0000


Epoch : 38
Train Loss     : 20.3191	 | 	Train Accuracy     : 0.0000


Epoch : 39
Train Loss     : 20.0729	 | 	Train Accuracy     : 0.0000


Epoch : 40
Train Loss     : 20.1540	 | 	Train Accuracy     : 0.0000


################## Training is Done! #########################
Training time is : 0:15:02.148927
