=============================================
Dataset: HAR
Method:  TS-TCC
Mode:    self_supervised
=============================================
Data loaded ...
Training started ....

Epoch : 1
Train Loss     : 18.5576	 | 	Train Accuracy     : 0.0000


Epoch : 2
Train Loss     : 17.2149	 | 	Train Accuracy     : 0.0000


Epoch : 3
Train Loss     : 16.7925	 | 	Train Accuracy     : 0.0000


Epoch : 4
Train Loss     : 16.5571	 | 	Train Accuracy     : 0.0000


Epoch : 5
Train Loss     : 16.4109	 | 	Train Accuracy     : 0.0000


Epoch : 6
Train Loss     : 16.2740	 | 	Train Accuracy     : 0.0000


Epoch : 7
Train Loss     : 16.2186	 | 	Train Accuracy     : 0.0000


Epoch : 8
Train Loss     : 16.1423	 | 	Train Accuracy     : 0.0000


Epoch : 9
Train Loss     : 16.0654	 | 	Train Accuracy     : 0.0000


Epoch : 10
Train Loss     : 16.0098	 | 	Train Accuracy     : 0.0000


Epoch : 11
Train Loss     : 16.0103	 | 	Train Accuracy     : 0.0000


Epoch : 12
Train Loss     : 15.8756	 | 	Train Accuracy     : 0.0000


Epoch : 13
Train Loss     : 15.8445	 | 	Train Accuracy     : 0.0000


Epoch : 14
Train Loss     : 15.7763	 | 	Train Accuracy     : 0.0000


Epoch : 15
Train Loss     : 15.7542	 | 	Train Accuracy     : 0.0000


Epoch : 16
Train Loss     : 15.6531	 | 	Train Accuracy     : 0.0000


Epoch : 17
Train Loss     : 15.6270	 | 	Train Accuracy     : 0.0000


Epoch : 18
Train Loss     : 15.6175	 | 	Train Accuracy     : 0.0000


Epoch : 19
Train Loss     : 15.5524	 | 	Train Accuracy     : 0.0000


Epoch : 20
Train Loss     : 15.5142	 | 	Train Accuracy     : 0.0000


Epoch : 21
Train Loss     : 15.4408	 | 	Train Accuracy     : 0.0000


Epoch : 22
Train Loss     : 15.4394	 | 	Train Accuracy     : 0.0000


Epoch : 23
Train Loss     : 15.4452	 | 	Train Accuracy     : 0.0000


Epoch : 24
Train Loss     : 15.4227	 | 	Train Accuracy     : 0.0000


Epoch : 25
Train Loss     : 15.3628	 | 	Train Accuracy     : 0.0000


Epoch : 26
Train Loss     : 15.2969	 | 	Train Accuracy     : 0.0000


Epoch : 27
Train Loss     : 15.3150	 | 	Train Accuracy     : 0.0000


Epoch : 28
Train Loss     : 15.2841	 | 	Train Accuracy     : 0.0000


Epoch : 29
Train Loss     : 15.2810	 | 	Train Accuracy     : 0.0000


Epoch : 30
Train Loss     : 15.1723	 | 	Train Accuracy     : 0.0000


Epoch : 31
Train Loss     : 15.1787	 | 	Train Accuracy     : 0.0000


Epoch : 32
Train Loss     : 15.1332	 | 	Train Accuracy     : 0.0000


Epoch : 33
Train Loss     : 15.0749	 | 	Train Accuracy     : 0.0000


Epoch : 34
Train Loss     : 15.0890	 | 	Train Accuracy     : 0.0000


Epoch : 35
Train Loss     : 15.0136	 | 	Train Accuracy     : 0.0000


Epoch : 36
Train Loss     : 15.0668	 | 	Train Accuracy     : 0.0000


Epoch : 37
Train Loss     : 14.9949	 | 	Train Accuracy     : 0.0000


Epoch : 38
Train Loss     : 15.0204	 | 	Train Accuracy     : 0.0000


Epoch : 39
Train Loss     : 14.9462	 | 	Train Accuracy     : 0.0000


Epoch : 40
Train Loss     : 14.9364	 | 	Train Accuracy     : 0.0000


################## Training is Done! #########################
Training time is : 0:45:16.951405
