=============================================
Dataset: Epilepsy
Method:  TS-TCC
Mode:    self_supervised
=============================================
Data loaded ...
Training started ....

Epoch : 1
Train Loss     : 26.5950	 | 	Train Accuracy     : 0.0000


Epoch : 2
Train Loss     : 25.0862	 | 	Train Accuracy     : 0.0000


Epoch : 3
Train Loss     : 23.9478	 | 	Train Accuracy     : 0.0000


Epoch : 4
Train Loss     : 23.4052	 | 	Train Accuracy     : 0.0000


Epoch : 5
Train Loss     : 22.8173	 | 	Train Accuracy     : 0.0000


Epoch : 6
Train Loss     : 22.4693	 | 	Train Accuracy     : 0.0000


Epoch : 7
Train Loss     : 22.1946	 | 	Train Accuracy     : 0.0000


Epoch : 8
Train Loss     : 21.9142	 | 	Train Accuracy     : 0.0000


Epoch : 9
Train Loss     : 21.8471	 | 	Train Accuracy     : 0.0000


Epoch : 10
Train Loss     : 21.6182	 | 	Train Accuracy     : 0.0000


Epoch : 11
Train Loss     : 21.4537	 | 	Train Accuracy     : 0.0000


Epoch : 12
Train Loss     : 21.2391	 | 	Train Accuracy     : 0.0000


Epoch : 13
Train Loss     : 21.0381	 | 	Train Accuracy     : 0.0000


Epoch : 14
Train Loss     : 20.9776	 | 	Train Accuracy     : 0.0000


Epoch : 15
Train Loss     : 20.6649	 | 	Train Accuracy     : 0.0000


Epoch : 16
Train Loss     : 20.5039	 | 	Train Accuracy     : 0.0000


Epoch : 17
Train Loss     : 20.4021	 | 	Train Accuracy     : 0.0000


Epoch : 18
Train Loss     : 20.1343	 | 	Train Accuracy     : 0.0000


Epoch : 19
Train Loss     : 20.0963	 | 	Train Accuracy     : 0.0000


Epoch : 20
Train Loss     : 19.8326	 | 	Train Accuracy     : 0.0000


Epoch : 21
Train Loss     : 19.8797	 | 	Train Accuracy     : 0.0000


Epoch : 22
Train Loss     : 19.6641	 | 	Train Accuracy     : 0.0000


Epoch : 23
Train Loss     : 19.6309	 | 	Train Accuracy     : 0.0000


Epoch : 24
Train Loss     : 19.5871	 | 	Train Accuracy     : 0.0000


Epoch : 25
Train Loss     : 19.3619	 | 	Train Accuracy     : 0.0000


Epoch : 26
Train Loss     : 19.3306	 | 	Train Accuracy     : 0.0000


Epoch : 27
Train Loss     : 19.4221	 | 	Train Accuracy     : 0.0000


Epoch : 28
Train Loss     : 19.1979	 | 	Train Accuracy     : 0.0000


Epoch : 29
Train Loss     : 19.0727	 | 	Train Accuracy     : 0.0000


Epoch : 30
Train Loss     : 18.8956	 | 	Train Accuracy     : 0.0000


Epoch : 31
Train Loss     : 18.7990	 | 	Train Accuracy     : 0.0000


Epoch : 32
Train Loss     : 18.5856	 | 	Train Accuracy     : 0.0000


Epoch : 33
Train Loss     : 18.6440	 | 	Train Accuracy     : 0.0000


Epoch : 34
Train Loss     : 18.5572	 | 	Train Accuracy     : 0.0000


Epoch : 35
Train Loss     : 18.2614	 | 	Train Accuracy     : 0.0000


Epoch : 36
Train Loss     : 18.5968	 | 	Train Accuracy     : 0.0000


Epoch : 37
Train Loss     : 18.1230	 | 	Train Accuracy     : 0.0000


Epoch : 38
Train Loss     : 18.1947	 | 	Train Accuracy     : 0.0000


Epoch : 39
Train Loss     : 18.0890	 | 	Train Accuracy     : 0.0000


Epoch : 40
Train Loss     : 18.1050	 | 	Train Accuracy     : 0.0000


Epoch : 41
Train Loss     : 17.8687	 | 	Train Accuracy     : 0.0000


Epoch : 42
Train Loss     : 18.0176	 | 	Train Accuracy     : 0.0000


Epoch : 43
Train Loss     : 17.8827	 | 	Train Accuracy     : 0.0000


Epoch : 44
Train Loss     : 17.9148	 | 	Train Accuracy     : 0.0000


Epoch : 45
Train Loss     : 17.9038	 | 	Train Accuracy     : 0.0000


Epoch : 46
Train Loss     : 17.7805	 | 	Train Accuracy     : 0.0000


Epoch : 47
Train Loss     : 17.7387	 | 	Train Accuracy     : 0.0000


Epoch : 48
Train Loss     : 17.5931	 | 	Train Accuracy     : 0.0000


Epoch : 49
Train Loss     : 17.6293	 | 	Train Accuracy     : 0.0000


Epoch : 50
Train Loss     : 17.5472	 | 	Train Accuracy     : 0.0000


Epoch : 51
Train Loss     : 17.4706	 | 	Train Accuracy     : 0.0000


Epoch : 52
Train Loss     : 17.4858	 | 	Train Accuracy     : 0.0000


Epoch : 53
Train Loss     : 17.3475	 | 	Train Accuracy     : 0.0000


Epoch : 54
Train Loss     : 17.5837	 | 	Train Accuracy     : 0.0000


Epoch : 55
Train Loss     : 17.3997	 | 	Train Accuracy     : 0.0000


Epoch : 56
Train Loss     : 17.3446	 | 	Train Accuracy     : 0.0000


Epoch : 57
Train Loss     : 17.3335	 | 	Train Accuracy     : 0.0000


Epoch : 58
Train Loss     : 17.1286	 | 	Train Accuracy     : 0.0000


Epoch : 59
Train Loss     : 17.1884	 | 	Train Accuracy     : 0.0000


Epoch : 60
Train Loss     : 17.0925	 | 	Train Accuracy     : 0.0000


################## Training is Done! #########################
Training time is : 0:18:28.216535
