=============================================
Dataset: Epilepsy
Method:  TS-TCC
Mode:    self_supervised
=============================================
Data loaded ...
Training started ....

Epoch : 1
Train Loss     : 26.3479	 | 	Train Accuracy     : 0.0000


Epoch : 2
Train Loss     : 24.7918	 | 	Train Accuracy     : 0.0000


Epoch : 3
Train Loss     : 24.2296	 | 	Train Accuracy     : 0.0000


Epoch : 4
Train Loss     : 23.7717	 | 	Train Accuracy     : 0.0000


Epoch : 5
Train Loss     : 23.5158	 | 	Train Accuracy     : 0.0000


Epoch : 6
Train Loss     : 23.3206	 | 	Train Accuracy     : 0.0000


Epoch : 7
Train Loss     : 23.1034	 | 	Train Accuracy     : 0.0000


Epoch : 8
Train Loss     : 22.9907	 | 	Train Accuracy     : 0.0000


Epoch : 9
Train Loss     : 22.7876	 | 	Train Accuracy     : 0.0000


Epoch : 10
Train Loss     : 22.5741	 | 	Train Accuracy     : 0.0000


Epoch : 11
Train Loss     : 22.5822	 | 	Train Accuracy     : 0.0000


Epoch : 12
Train Loss     : 22.2750	 | 	Train Accuracy     : 0.0000


Epoch : 13
Train Loss     : 22.3514	 | 	Train Accuracy     : 0.0000


Epoch : 14
Train Loss     : 22.2137	 | 	Train Accuracy     : 0.0000


Epoch : 15
Train Loss     : 22.1226	 | 	Train Accuracy     : 0.0000


Epoch : 16
Train Loss     : 22.0582	 | 	Train Accuracy     : 0.0000


Epoch : 17
Train Loss     : 21.8797	 | 	Train Accuracy     : 0.0000


Epoch : 18
Train Loss     : 21.8889	 | 	Train Accuracy     : 0.0000


Epoch : 19
Train Loss     : 21.9867	 | 	Train Accuracy     : 0.0000


Epoch : 20
Train Loss     : 21.8777	 | 	Train Accuracy     : 0.0000


Epoch : 21
Train Loss     : 21.6150	 | 	Train Accuracy     : 0.0000


Epoch : 22
Train Loss     : 21.5734	 | 	Train Accuracy     : 0.0000


Epoch : 23
Train Loss     : 21.8008	 | 	Train Accuracy     : 0.0000


Epoch : 24
Train Loss     : 21.4320	 | 	Train Accuracy     : 0.0000


Epoch : 25
Train Loss     : 21.6137	 | 	Train Accuracy     : 0.0000


Epoch : 26
Train Loss     : 21.4427	 | 	Train Accuracy     : 0.0000


Epoch : 27
Train Loss     : 21.1414	 | 	Train Accuracy     : 0.0000


Epoch : 28
Train Loss     : 21.1738	 | 	Train Accuracy     : 0.0000


Epoch : 29
Train Loss     : 20.9740	 | 	Train Accuracy     : 0.0000


Epoch : 30
Train Loss     : 20.9190	 | 	Train Accuracy     : 0.0000


Epoch : 31
Train Loss     : 21.1243	 | 	Train Accuracy     : 0.0000


Epoch : 32
Train Loss     : 21.0439	 | 	Train Accuracy     : 0.0000


Epoch : 33
Train Loss     : 20.8505	 | 	Train Accuracy     : 0.0000


Epoch : 34
Train Loss     : 20.8310	 | 	Train Accuracy     : 0.0000


Epoch : 35
Train Loss     : 20.7473	 | 	Train Accuracy     : 0.0000


Epoch : 36
Train Loss     : 20.6153	 | 	Train Accuracy     : 0.0000


Epoch : 37
Train Loss     : 20.6086	 | 	Train Accuracy     : 0.0000


Epoch : 38
Train Loss     : 20.7550	 | 	Train Accuracy     : 0.0000


Epoch : 39
Train Loss     : 20.5653	 | 	Train Accuracy     : 0.0000


Epoch : 40
Train Loss     : 20.4763	 | 	Train Accuracy     : 0.0000


################## Training is Done! #########################
Training time is : 0:14:57.480943
