=============================================
Dataset: Epilepsy
Method:  TS-TCC
Mode:    self_supervised
=============================================
Data loaded ...
Training started ....

Epoch : 1
Train Loss     : 26.3561	 | 	Train Accuracy     : 0.0000


Epoch : 2
Train Loss     : 24.7982	 | 	Train Accuracy     : 0.0000


Epoch : 3
Train Loss     : 24.2178	 | 	Train Accuracy     : 0.0000


Epoch : 4
Train Loss     : 23.7734	 | 	Train Accuracy     : 0.0000


Epoch : 5
Train Loss     : 23.5276	 | 	Train Accuracy     : 0.0000


Epoch : 6
Train Loss     : 23.3192	 | 	Train Accuracy     : 0.0000


Epoch : 7
Train Loss     : 23.1063	 | 	Train Accuracy     : 0.0000


Epoch : 8
Train Loss     : 22.9951	 | 	Train Accuracy     : 0.0000


Epoch : 9
Train Loss     : 22.8002	 | 	Train Accuracy     : 0.0000


Epoch : 10
Train Loss     : 22.5699	 | 	Train Accuracy     : 0.0000


Epoch : 11
Train Loss     : 22.5858	 | 	Train Accuracy     : 0.0000


Epoch : 12
Train Loss     : 22.2726	 | 	Train Accuracy     : 0.0000


Epoch : 13
Train Loss     : 22.3530	 | 	Train Accuracy     : 0.0000


Epoch : 14
Train Loss     : 22.1856	 | 	Train Accuracy     : 0.0000


Epoch : 15
Train Loss     : 22.1161	 | 	Train Accuracy     : 0.0000


Epoch : 16
Train Loss     : 22.0428	 | 	Train Accuracy     : 0.0000


Epoch : 17
Train Loss     : 21.8670	 | 	Train Accuracy     : 0.0000


Epoch : 18
Train Loss     : 21.8967	 | 	Train Accuracy     : 0.0000


Epoch : 19
Train Loss     : 21.9753	 | 	Train Accuracy     : 0.0000


Epoch : 20
Train Loss     : 21.8466	 | 	Train Accuracy     : 0.0000


Epoch : 21
Train Loss     : 21.5968	 | 	Train Accuracy     : 0.0000


Epoch : 22
Train Loss     : 21.5599	 | 	Train Accuracy     : 0.0000


Epoch : 23
Train Loss     : 21.7827	 | 	Train Accuracy     : 0.0000


Epoch : 24
Train Loss     : 21.4229	 | 	Train Accuracy     : 0.0000


Epoch : 25
Train Loss     : 21.6089	 | 	Train Accuracy     : 0.0000


Epoch : 26
Train Loss     : 21.4435	 | 	Train Accuracy     : 0.0000


Epoch : 27
Train Loss     : 21.1122	 | 	Train Accuracy     : 0.0000


Epoch : 28
Train Loss     : 21.1797	 | 	Train Accuracy     : 0.0000


Epoch : 29
Train Loss     : 20.9806	 | 	Train Accuracy     : 0.0000


Epoch : 30
Train Loss     : 20.9392	 | 	Train Accuracy     : 0.0000


Epoch : 31
Train Loss     : 21.1586	 | 	Train Accuracy     : 0.0000


Epoch : 32
Train Loss     : 21.0484	 | 	Train Accuracy     : 0.0000


Epoch : 33
Train Loss     : 20.8569	 | 	Train Accuracy     : 0.0000


Epoch : 34
Train Loss     : 20.8262	 | 	Train Accuracy     : 0.0000


Epoch : 35
Train Loss     : 20.7676	 | 	Train Accuracy     : 0.0000


Epoch : 36
Train Loss     : 20.6150	 | 	Train Accuracy     : 0.0000


Epoch : 37
Train Loss     : 20.6115	 | 	Train Accuracy     : 0.0000


Epoch : 38
Train Loss     : 20.7575	 | 	Train Accuracy     : 0.0000


Epoch : 39
Train Loss     : 20.5756	 | 	Train Accuracy     : 0.0000


Epoch : 40
Train Loss     : 20.4923	 | 	Train Accuracy     : 0.0000


################## Training is Done! #########################
Training time is : 0:17:15.027898
