=============================================
Dataset: Epilepsy
Method:  TS-TCC
Mode:    self_supervised
=============================================
Data loaded ...
Training started ....

Epoch : 1
Train Loss     : 26.3494	 | 	Train Accuracy     : 0.0000


Epoch : 2
Train Loss     : 24.7882	 | 	Train Accuracy     : 0.0000


Epoch : 3
Train Loss     : 24.2151	 | 	Train Accuracy     : 0.0000


Epoch : 4
Train Loss     : 23.7780	 | 	Train Accuracy     : 0.0000


Epoch : 5
Train Loss     : 23.5195	 | 	Train Accuracy     : 0.0000


Epoch : 6
Train Loss     : 23.3155	 | 	Train Accuracy     : 0.0000


Epoch : 7
Train Loss     : 23.0820	 | 	Train Accuracy     : 0.0000


Epoch : 8
Train Loss     : 22.9642	 | 	Train Accuracy     : 0.0000


Epoch : 9
Train Loss     : 22.7824	 | 	Train Accuracy     : 0.0000


Epoch : 10
Train Loss     : 22.5449	 | 	Train Accuracy     : 0.0000


Epoch : 11
Train Loss     : 22.5582	 | 	Train Accuracy     : 0.0000


Epoch : 12
Train Loss     : 22.2581	 | 	Train Accuracy     : 0.0000


Epoch : 13
Train Loss     : 22.3398	 | 	Train Accuracy     : 0.0000


Epoch : 14
Train Loss     : 22.1690	 | 	Train Accuracy     : 0.0000


Epoch : 15
Train Loss     : 22.1092	 | 	Train Accuracy     : 0.0000


Epoch : 16
Train Loss     : 22.0469	 | 	Train Accuracy     : 0.0000


Epoch : 17
Train Loss     : 21.8679	 | 	Train Accuracy     : 0.0000


Epoch : 18
Train Loss     : 21.8739	 | 	Train Accuracy     : 0.0000


Epoch : 19
Train Loss     : 21.9646	 | 	Train Accuracy     : 0.0000


Epoch : 20
Train Loss     : 21.8498	 | 	Train Accuracy     : 0.0000


Epoch : 21
Train Loss     : 21.5931	 | 	Train Accuracy     : 0.0000


Epoch : 22
Train Loss     : 21.5540	 | 	Train Accuracy     : 0.0000


Epoch : 23
Train Loss     : 21.7769	 | 	Train Accuracy     : 0.0000


Epoch : 24
Train Loss     : 21.4080	 | 	Train Accuracy     : 0.0000


Epoch : 25
Train Loss     : 21.5917	 | 	Train Accuracy     : 0.0000


Epoch : 26
Train Loss     : 21.4277	 | 	Train Accuracy     : 0.0000


Epoch : 27
Train Loss     : 21.1208	 | 	Train Accuracy     : 0.0000


Epoch : 28
Train Loss     : 21.1648	 | 	Train Accuracy     : 0.0000


Epoch : 29
Train Loss     : 20.9714	 | 	Train Accuracy     : 0.0000


Epoch : 30
Train Loss     : 20.9316	 | 	Train Accuracy     : 0.0000


Epoch : 31
Train Loss     : 21.1436	 | 	Train Accuracy     : 0.0000


Epoch : 32
Train Loss     : 21.0426	 | 	Train Accuracy     : 0.0000


Epoch : 33
Train Loss     : 20.8588	 | 	Train Accuracy     : 0.0000


Epoch : 34
Train Loss     : 20.8187	 | 	Train Accuracy     : 0.0000


Epoch : 35
Train Loss     : 20.7664	 | 	Train Accuracy     : 0.0000


Epoch : 36
Train Loss     : 20.6321	 | 	Train Accuracy     : 0.0000


Epoch : 37
Train Loss     : 20.6390	 | 	Train Accuracy     : 0.0000


Epoch : 38
Train Loss     : 20.7740	 | 	Train Accuracy     : 0.0000


Epoch : 39
Train Loss     : 20.5878	 | 	Train Accuracy     : 0.0000


Epoch : 40
Train Loss     : 20.5096	 | 	Train Accuracy     : 0.0000


################## Training is Done! #########################
Training time is : 0:12:15.788191
