=============================================
Dataset: HAR
Method:  TS-TCC
Mode:    self_supervised
=============================================
Data loaded ...
Training started ....

Epoch : 1
Train Loss     : 27.2394	 | 	Train Accuracy     : 0.0000


Epoch : 2
Train Loss     : 25.5438	 | 	Train Accuracy     : 0.0000


Epoch : 3
Train Loss     : 24.9393	 | 	Train Accuracy     : 0.0000


Epoch : 4
Train Loss     : 24.5905	 | 	Train Accuracy     : 0.0000


Epoch : 5
Train Loss     : 24.3283	 | 	Train Accuracy     : 0.0000


Epoch : 6
Train Loss     : 24.2445	 | 	Train Accuracy     : 0.0000


Epoch : 7
Train Loss     : 24.0407	 | 	Train Accuracy     : 0.0000


Epoch : 8
Train Loss     : 23.9717	 | 	Train Accuracy     : 0.0000


Epoch : 9
Train Loss     : 23.9263	 | 	Train Accuracy     : 0.0000


Epoch : 10
Train Loss     : 23.7563	 | 	Train Accuracy     : 0.0000


Epoch : 11
Train Loss     : 23.7563	 | 	Train Accuracy     : 0.0000


Epoch : 12
Train Loss     : 23.6640	 | 	Train Accuracy     : 0.0000


Epoch : 13
Train Loss     : 23.6455	 | 	Train Accuracy     : 0.0000


Epoch : 14
Train Loss     : 23.6097	 | 	Train Accuracy     : 0.0000


Epoch : 15
Train Loss     : 23.5281	 | 	Train Accuracy     : 0.0000


Epoch : 16
Train Loss     : 23.5118	 | 	Train Accuracy     : 0.0000


Epoch : 17
Train Loss     : 23.4300	 | 	Train Accuracy     : 0.0000


Epoch : 18
Train Loss     : 23.4295	 | 	Train Accuracy     : 0.0000


Epoch : 19
Train Loss     : 23.4007	 | 	Train Accuracy     : 0.0000


Epoch : 20
Train Loss     : 23.3777	 | 	Train Accuracy     : 0.0000


Epoch : 21
Train Loss     : 23.3541	 | 	Train Accuracy     : 0.0000


Epoch : 22
Train Loss     : 23.2975	 | 	Train Accuracy     : 0.0000


Epoch : 23
Train Loss     : 23.2044	 | 	Train Accuracy     : 0.0000


Epoch : 24
Train Loss     : 23.2149	 | 	Train Accuracy     : 0.0000


Epoch : 25
Train Loss     : 23.1915	 | 	Train Accuracy     : 0.0000


Epoch : 26
Train Loss     : 23.1222	 | 	Train Accuracy     : 0.0000


Epoch : 27
Train Loss     : 23.0693	 | 	Train Accuracy     : 0.0000


Epoch : 28
Train Loss     : 23.1097	 | 	Train Accuracy     : 0.0000


Epoch : 29
Train Loss     : 22.9593	 | 	Train Accuracy     : 0.0000


Epoch : 30
Train Loss     : 23.1040	 | 	Train Accuracy     : 0.0000


Epoch : 31
Train Loss     : 22.9881	 | 	Train Accuracy     : 0.0000


Epoch : 32
Train Loss     : 22.9830	 | 	Train Accuracy     : 0.0000


Epoch : 33
Train Loss     : 22.9643	 | 	Train Accuracy     : 0.0000


Epoch : 34
Train Loss     : 22.9080	 | 	Train Accuracy     : 0.0000


Epoch : 35
Train Loss     : 22.8729	 | 	Train Accuracy     : 0.0000


Epoch : 36
Train Loss     : 22.8449	 | 	Train Accuracy     : 0.0000


Epoch : 37
Train Loss     : 22.8358	 | 	Train Accuracy     : 0.0000


Epoch : 38
Train Loss     : 22.8579	 | 	Train Accuracy     : 0.0000


Epoch : 39
Train Loss     : 22.7696	 | 	Train Accuracy     : 0.0000


Epoch : 40
Train Loss     : 22.6561	 | 	Train Accuracy     : 0.0000


################## Training is Done! #########################
Training time is : 0:16:02.721677
