=============================================
Dataset: HAR
Method:  TS-TCC
Mode:    self_supervised
=============================================
Data loaded ...
Training started ....

Epoch : 1
Train Loss     : 27.2416	 | 	Train Accuracy     : 0.0000


Epoch : 2
Train Loss     : 25.5401	 | 	Train Accuracy     : 0.0000


Epoch : 3
Train Loss     : 24.9386	 | 	Train Accuracy     : 0.0000


Epoch : 4
Train Loss     : 24.5805	 | 	Train Accuracy     : 0.0000


Epoch : 5
Train Loss     : 24.3142	 | 	Train Accuracy     : 0.0000


Epoch : 6
Train Loss     : 24.2326	 | 	Train Accuracy     : 0.0000


Epoch : 7
Train Loss     : 24.0327	 | 	Train Accuracy     : 0.0000


Epoch : 8
Train Loss     : 23.9521	 | 	Train Accuracy     : 0.0000


Epoch : 9
Train Loss     : 23.9132	 | 	Train Accuracy     : 0.0000


Epoch : 10
Train Loss     : 23.7449	 | 	Train Accuracy     : 0.0000


Epoch : 11
Train Loss     : 23.7476	 | 	Train Accuracy     : 0.0000


Epoch : 12
Train Loss     : 23.6530	 | 	Train Accuracy     : 0.0000


Epoch : 13
Train Loss     : 23.6349	 | 	Train Accuracy     : 0.0000


Epoch : 14
Train Loss     : 23.6024	 | 	Train Accuracy     : 0.0000


Epoch : 15
Train Loss     : 23.5238	 | 	Train Accuracy     : 0.0000


Epoch : 16
Train Loss     : 23.5073	 | 	Train Accuracy     : 0.0000


Epoch : 17
Train Loss     : 23.4252	 | 	Train Accuracy     : 0.0000


Epoch : 18
Train Loss     : 23.4246	 | 	Train Accuracy     : 0.0000


Epoch : 19
Train Loss     : 23.3828	 | 	Train Accuracy     : 0.0000


Epoch : 20
Train Loss     : 23.3608	 | 	Train Accuracy     : 0.0000


Epoch : 21
Train Loss     : 23.3276	 | 	Train Accuracy     : 0.0000


Epoch : 22
Train Loss     : 23.2786	 | 	Train Accuracy     : 0.0000


Epoch : 23
Train Loss     : 23.1767	 | 	Train Accuracy     : 0.0000


Epoch : 24
Train Loss     : 23.1835	 | 	Train Accuracy     : 0.0000


Epoch : 25
Train Loss     : 23.1667	 | 	Train Accuracy     : 0.0000


Epoch : 26
Train Loss     : 23.1019	 | 	Train Accuracy     : 0.0000


Epoch : 27
Train Loss     : 23.0542	 | 	Train Accuracy     : 0.0000


Epoch : 28
Train Loss     : 23.1023	 | 	Train Accuracy     : 0.0000


Epoch : 29
Train Loss     : 22.9394	 | 	Train Accuracy     : 0.0000


Epoch : 30
Train Loss     : 23.1047	 | 	Train Accuracy     : 0.0000


Epoch : 31
Train Loss     : 22.9783	 | 	Train Accuracy     : 0.0000


Epoch : 32
Train Loss     : 22.9828	 | 	Train Accuracy     : 0.0000


Epoch : 33
Train Loss     : 22.9656	 | 	Train Accuracy     : 0.0000


Epoch : 34
Train Loss     : 22.9102	 | 	Train Accuracy     : 0.0000


Epoch : 35
Train Loss     : 22.8857	 | 	Train Accuracy     : 0.0000


Epoch : 36
Train Loss     : 22.8552	 | 	Train Accuracy     : 0.0000


Epoch : 37
Train Loss     : 22.8345	 | 	Train Accuracy     : 0.0000


Epoch : 38
Train Loss     : 22.8638	 | 	Train Accuracy     : 0.0000


Epoch : 39
Train Loss     : 22.7718	 | 	Train Accuracy     : 0.0000


Epoch : 40
Train Loss     : 22.6681	 | 	Train Accuracy     : 0.0000


################## Training is Done! #########################
Training time is : 0:14:33.187522
