=============================================
Dataset: Epilepsy
Method:  TS-TCC
Mode:    self_supervised
=============================================
Data loaded ...
Training started ....

Epoch : 1
Train Loss     : 26.3531	 | 	Train Accuracy     : 0.0000


Epoch : 2
Train Loss     : 24.7903	 | 	Train Accuracy     : 0.0000


Epoch : 3
Train Loss     : 24.2107	 | 	Train Accuracy     : 0.0000


Epoch : 4
Train Loss     : 23.7720	 | 	Train Accuracy     : 0.0000


Epoch : 5
Train Loss     : 23.5140	 | 	Train Accuracy     : 0.0000


Epoch : 6
Train Loss     : 23.3171	 | 	Train Accuracy     : 0.0000


Epoch : 7
Train Loss     : 23.0971	 | 	Train Accuracy     : 0.0000


Epoch : 8
Train Loss     : 23.0003	 | 	Train Accuracy     : 0.0000


Epoch : 9
Train Loss     : 22.8015	 | 	Train Accuracy     : 0.0000


Epoch : 10
Train Loss     : 22.5748	 | 	Train Accuracy     : 0.0000


Epoch : 11
Train Loss     : 22.5637	 | 	Train Accuracy     : 0.0000


Epoch : 12
Train Loss     : 22.2865	 | 	Train Accuracy     : 0.0000


Epoch : 13
Train Loss     : 22.3466	 | 	Train Accuracy     : 0.0000


Epoch : 14
Train Loss     : 22.1832	 | 	Train Accuracy     : 0.0000


Epoch : 15
Train Loss     : 22.1052	 | 	Train Accuracy     : 0.0000


Epoch : 16
Train Loss     : 22.0408	 | 	Train Accuracy     : 0.0000


Epoch : 17
Train Loss     : 21.8599	 | 	Train Accuracy     : 0.0000


Epoch : 18
Train Loss     : 21.8631	 | 	Train Accuracy     : 0.0000


Epoch : 19
Train Loss     : 21.9564	 | 	Train Accuracy     : 0.0000


Epoch : 20
Train Loss     : 21.8330	 | 	Train Accuracy     : 0.0000


Epoch : 21
Train Loss     : 21.5753	 | 	Train Accuracy     : 0.0000


Epoch : 22
Train Loss     : 21.5444	 | 	Train Accuracy     : 0.0000


Epoch : 23
Train Loss     : 21.7715	 | 	Train Accuracy     : 0.0000


Epoch : 24
Train Loss     : 21.4104	 | 	Train Accuracy     : 0.0000


Epoch : 25
Train Loss     : 21.5887	 | 	Train Accuracy     : 0.0000


Epoch : 26
Train Loss     : 21.4341	 | 	Train Accuracy     : 0.0000


Epoch : 27
Train Loss     : 21.1040	 | 	Train Accuracy     : 0.0000


Epoch : 28
Train Loss     : 21.1519	 | 	Train Accuracy     : 0.0000


Epoch : 29
Train Loss     : 20.9584	 | 	Train Accuracy     : 0.0000


Epoch : 30
Train Loss     : 20.9049	 | 	Train Accuracy     : 0.0000


Epoch : 31
Train Loss     : 21.1325	 | 	Train Accuracy     : 0.0000


Epoch : 32
Train Loss     : 21.0443	 | 	Train Accuracy     : 0.0000


Epoch : 33
Train Loss     : 20.8630	 | 	Train Accuracy     : 0.0000


Epoch : 34
Train Loss     : 20.8209	 | 	Train Accuracy     : 0.0000


Epoch : 35
Train Loss     : 20.7727	 | 	Train Accuracy     : 0.0000


Epoch : 36
Train Loss     : 20.6518	 | 	Train Accuracy     : 0.0000


Epoch : 37
Train Loss     : 20.6229	 | 	Train Accuracy     : 0.0000


Epoch : 38
Train Loss     : 20.7786	 | 	Train Accuracy     : 0.0000


Epoch : 39
Train Loss     : 20.5886	 | 	Train Accuracy     : 0.0000


Epoch : 40
Train Loss     : 20.5238	 | 	Train Accuracy     : 0.0000


################## Training is Done! #########################
Training time is : 0:13:17.518514
