=============================================
Dataset: Epilepsy
Method:  TS-TCC
Mode:    self_supervised
=============================================
Data loaded ...
Training started ....

Epoch : 1
Train Loss     : 26.5468	 | 	Train Accuracy     : 0.0000


Epoch : 2
Train Loss     : 24.8056	 | 	Train Accuracy     : 0.0000


Epoch : 3
Train Loss     : 23.7551	 | 	Train Accuracy     : 0.0000


Epoch : 4
Train Loss     : 23.0695	 | 	Train Accuracy     : 0.0000


Epoch : 5
Train Loss     : 22.5042	 | 	Train Accuracy     : 0.0000


Epoch : 6
Train Loss     : 22.1115	 | 	Train Accuracy     : 0.0000


Epoch : 7
Train Loss     : 21.8049	 | 	Train Accuracy     : 0.0000


Epoch : 8
Train Loss     : 21.5958	 | 	Train Accuracy     : 0.0000


Epoch : 9
Train Loss     : 21.4478	 | 	Train Accuracy     : 0.0000


Epoch : 10
Train Loss     : 21.1782	 | 	Train Accuracy     : 0.0000


Epoch : 11
Train Loss     : 20.9706	 | 	Train Accuracy     : 0.0000


Epoch : 12
Train Loss     : 20.8923	 | 	Train Accuracy     : 0.0000


Epoch : 13
Train Loss     : 20.7291	 | 	Train Accuracy     : 0.0000


Epoch : 14
Train Loss     : 20.5034	 | 	Train Accuracy     : 0.0000


Epoch : 15
Train Loss     : 20.4851	 | 	Train Accuracy     : 0.0000


Epoch : 16
Train Loss     : 20.3767	 | 	Train Accuracy     : 0.0000


Epoch : 17
Train Loss     : 20.1807	 | 	Train Accuracy     : 0.0000


Epoch : 18
Train Loss     : 20.1235	 | 	Train Accuracy     : 0.0000


Epoch : 19
Train Loss     : 19.9197	 | 	Train Accuracy     : 0.0000


Epoch : 20
Train Loss     : 19.8989	 | 	Train Accuracy     : 0.0000


Epoch : 21
Train Loss     : 19.6658	 | 	Train Accuracy     : 0.0000


Epoch : 22
Train Loss     : 19.4564	 | 	Train Accuracy     : 0.0000


Epoch : 23
Train Loss     : 19.4306	 | 	Train Accuracy     : 0.0000


Epoch : 24
Train Loss     : 19.1608	 | 	Train Accuracy     : 0.0000


Epoch : 25
Train Loss     : 19.1362	 | 	Train Accuracy     : 0.0000


Epoch : 26
Train Loss     : 19.0778	 | 	Train Accuracy     : 0.0000


Epoch : 27
Train Loss     : 18.7457	 | 	Train Accuracy     : 0.0000


Epoch : 28
Train Loss     : 18.8061	 | 	Train Accuracy     : 0.0000


Epoch : 29
Train Loss     : 18.8212	 | 	Train Accuracy     : 0.0000


Epoch : 30
Train Loss     : 18.7112	 | 	Train Accuracy     : 0.0000


Epoch : 31
Train Loss     : 18.6333	 | 	Train Accuracy     : 0.0000


Epoch : 32
Train Loss     : 18.5686	 | 	Train Accuracy     : 0.0000


Epoch : 33
Train Loss     : 18.3819	 | 	Train Accuracy     : 0.0000


Epoch : 34
Train Loss     : 18.3790	 | 	Train Accuracy     : 0.0000


Epoch : 35
Train Loss     : 18.4846	 | 	Train Accuracy     : 0.0000


Epoch : 36
Train Loss     : 18.2179	 | 	Train Accuracy     : 0.0000


Epoch : 37
Train Loss     : 18.1870	 | 	Train Accuracy     : 0.0000


Epoch : 38
Train Loss     : 18.2769	 | 	Train Accuracy     : 0.0000


Epoch : 39
Train Loss     : 18.1530	 | 	Train Accuracy     : 0.0000


Epoch : 40
Train Loss     : 17.9517	 | 	Train Accuracy     : 0.0000


################## Training is Done! #########################
Training time is : 0:15:36.596145
