=============================================
Dataset: Epilepsy
Method:  TS-TCC
Mode:    self_supervised
=============================================
Data loaded ...
Training started ....

Epoch : 1
Train Loss     : 26.2774	 | 	Train Accuracy     : 0.0000


Epoch : 2
Train Loss     : 24.5560	 | 	Train Accuracy     : 0.0000


Epoch : 3
Train Loss     : 24.1219	 | 	Train Accuracy     : 0.0000


Epoch : 4
Train Loss     : 23.6540	 | 	Train Accuracy     : 0.0000


Epoch : 5
Train Loss     : 23.4916	 | 	Train Accuracy     : 0.0000


Epoch : 6
Train Loss     : 23.1920	 | 	Train Accuracy     : 0.0000


Epoch : 7
Train Loss     : 23.1309	 | 	Train Accuracy     : 0.0000


Epoch : 8
Train Loss     : 22.8940	 | 	Train Accuracy     : 0.0000


Epoch : 9
Train Loss     : 22.8279	 | 	Train Accuracy     : 0.0000


Epoch : 10
Train Loss     : 22.6166	 | 	Train Accuracy     : 0.0000


Epoch : 11
Train Loss     : 22.3619	 | 	Train Accuracy     : 0.0000


Epoch : 12
Train Loss     : 22.3174	 | 	Train Accuracy     : 0.0000


Epoch : 13
Train Loss     : 22.0642	 | 	Train Accuracy     : 0.0000


Epoch : 14
Train Loss     : 22.0589	 | 	Train Accuracy     : 0.0000


Epoch : 15
Train Loss     : 22.1002	 | 	Train Accuracy     : 0.0000


Epoch : 16
Train Loss     : 21.8115	 | 	Train Accuracy     : 0.0000


Epoch : 17
Train Loss     : 21.8225	 | 	Train Accuracy     : 0.0000


Epoch : 18
Train Loss     : 21.8848	 | 	Train Accuracy     : 0.0000


Epoch : 19
Train Loss     : 21.7443	 | 	Train Accuracy     : 0.0000


Epoch : 20
Train Loss     : 21.5577	 | 	Train Accuracy     : 0.0000


Epoch : 21
Train Loss     : 21.3107	 | 	Train Accuracy     : 0.0000


Epoch : 22
Train Loss     : 21.3051	 | 	Train Accuracy     : 0.0000


Epoch : 23
Train Loss     : 21.4696	 | 	Train Accuracy     : 0.0000


Epoch : 24
Train Loss     : 21.2817	 | 	Train Accuracy     : 0.0000


Epoch : 25
Train Loss     : 21.2133	 | 	Train Accuracy     : 0.0000


Epoch : 26
Train Loss     : 21.2396	 | 	Train Accuracy     : 0.0000


Epoch : 27
Train Loss     : 21.1407	 | 	Train Accuracy     : 0.0000


Epoch : 28
Train Loss     : 20.8953	 | 	Train Accuracy     : 0.0000


Epoch : 29
Train Loss     : 20.7987	 | 	Train Accuracy     : 0.0000


Epoch : 30
Train Loss     : 20.7979	 | 	Train Accuracy     : 0.0000


Epoch : 31
Train Loss     : 20.9222	 | 	Train Accuracy     : 0.0000


Epoch : 32
Train Loss     : 20.6366	 | 	Train Accuracy     : 0.0000


Epoch : 33
Train Loss     : 20.7499	 | 	Train Accuracy     : 0.0000


Epoch : 34
Train Loss     : 20.5599	 | 	Train Accuracy     : 0.0000


Epoch : 35
Train Loss     : 20.6455	 | 	Train Accuracy     : 0.0000


Epoch : 36
Train Loss     : 20.4086	 | 	Train Accuracy     : 0.0000


Epoch : 37
Train Loss     : 20.3489	 | 	Train Accuracy     : 0.0000


Epoch : 38
Train Loss     : 20.3761	 | 	Train Accuracy     : 0.0000


Epoch : 39
Train Loss     : 20.1045	 | 	Train Accuracy     : 0.0000


Epoch : 40
Train Loss     : 20.1909	 | 	Train Accuracy     : 0.0000


################## Training is Done! #########################
Training time is : 0:15:07.897577
