=============================================
Dataset: HAR
Method:  TS-TCC
Mode:    self_supervised
=============================================
Data loaded ...
Training started ....

Epoch : 1
Train Loss     : 28.1728	 | 	Train Accuracy     : 0.0000


Epoch : 2
Train Loss     : 27.8851	 | 	Train Accuracy     : 0.0000


Epoch : 3
Train Loss     : 27.9765	 | 	Train Accuracy     : 0.0000


Epoch : 4
Train Loss     : 27.8819	 | 	Train Accuracy     : 0.0000


Epoch : 5
Train Loss     : 27.8046	 | 	Train Accuracy     : 0.0000


Epoch : 6
Train Loss     : 27.6779	 | 	Train Accuracy     : 0.0000


Epoch : 7
Train Loss     : 27.6953	 | 	Train Accuracy     : 0.0000


Epoch : 8
Train Loss     : 27.7163	 | 	Train Accuracy     : 0.0000


Epoch : 9
Train Loss     : 27.7033	 | 	Train Accuracy     : 0.0000


Epoch : 10
Train Loss     : 27.5592	 | 	Train Accuracy     : 0.0000


Epoch : 11
Train Loss     : 27.6878	 | 	Train Accuracy     : 0.0000


Epoch : 12
Train Loss     : 27.6286	 | 	Train Accuracy     : 0.0000


Epoch : 13
Train Loss     : 27.6555	 | 	Train Accuracy     : 0.0000


Epoch : 14
Train Loss     : 27.5700	 | 	Train Accuracy     : 0.0000


Epoch : 15
Train Loss     : 27.5173	 | 	Train Accuracy     : 0.0000


Epoch : 16
Train Loss     : 27.4611	 | 	Train Accuracy     : 0.0000


Epoch : 17
Train Loss     : 27.5263	 | 	Train Accuracy     : 0.0000


Epoch : 18
Train Loss     : 27.3685	 | 	Train Accuracy     : 0.0000


Epoch : 19
Train Loss     : 27.5209	 | 	Train Accuracy     : 0.0000


Epoch : 20
Train Loss     : 27.4043	 | 	Train Accuracy     : 0.0000


Epoch : 21
Train Loss     : 27.4703	 | 	Train Accuracy     : 0.0000


Epoch : 22
Train Loss     : 27.3111	 | 	Train Accuracy     : 0.0000


Epoch : 23
Train Loss     : 27.4278	 | 	Train Accuracy     : 0.0000


Epoch : 24
Train Loss     : 27.2733	 | 	Train Accuracy     : 0.0000


Epoch : 25
Train Loss     : 27.3057	 | 	Train Accuracy     : 0.0000


Epoch : 26
Train Loss     : 27.2838	 | 	Train Accuracy     : 0.0000


Epoch : 27
Train Loss     : 27.3108	 | 	Train Accuracy     : 0.0000


Epoch : 28
Train Loss     : 27.2913	 | 	Train Accuracy     : 0.0000


Epoch : 29
Train Loss     : 27.2912	 | 	Train Accuracy     : 0.0000


Epoch : 30
Train Loss     : 27.3045	 | 	Train Accuracy     : 0.0000


Epoch : 31
Train Loss     : 27.1140	 | 	Train Accuracy     : 0.0000


Epoch : 32
Train Loss     : 27.1868	 | 	Train Accuracy     : 0.0000


Epoch : 33
Train Loss     : 27.1360	 | 	Train Accuracy     : 0.0000


Epoch : 34
Train Loss     : 27.1909	 | 	Train Accuracy     : 0.0000


Epoch : 35
Train Loss     : 27.3323	 | 	Train Accuracy     : 0.0000


Epoch : 36
Train Loss     : 27.1472	 | 	Train Accuracy     : 0.0000


Epoch : 37
Train Loss     : 26.9426	 | 	Train Accuracy     : 0.0000


Epoch : 38
Train Loss     : 27.2153	 | 	Train Accuracy     : 0.0000


Epoch : 39
Train Loss     : 27.0323	 | 	Train Accuracy     : 0.0000


Epoch : 40
Train Loss     : 27.1398	 | 	Train Accuracy     : 0.0000


################## Training is Done! #########################
Training time is : 0:00:09.366982
