=============================================
Dataset: HAR
Method:  TS-TCC
Mode:    self_supervised
=============================================
Data loaded ...
Training started ....

Epoch : 1
Train Loss     : 27.2926	 | 	Train Accuracy     : 0.0000


Epoch : 2
Train Loss     : 25.7067	 | 	Train Accuracy     : 0.0000


Epoch : 3
Train Loss     : 24.9173	 | 	Train Accuracy     : 0.0000


Epoch : 4
Train Loss     : 24.6234	 | 	Train Accuracy     : 0.0000


Epoch : 5
Train Loss     : 24.4486	 | 	Train Accuracy     : 0.0000


Epoch : 6
Train Loss     : 24.2339	 | 	Train Accuracy     : 0.0000


Epoch : 7
Train Loss     : 24.0752	 | 	Train Accuracy     : 0.0000


Epoch : 8
Train Loss     : 23.9029	 | 	Train Accuracy     : 0.0000


Epoch : 9
Train Loss     : 23.8509	 | 	Train Accuracy     : 0.0000


Epoch : 10
Train Loss     : 23.8155	 | 	Train Accuracy     : 0.0000


Epoch : 11
Train Loss     : 23.7212	 | 	Train Accuracy     : 0.0000


Epoch : 12
Train Loss     : 23.6012	 | 	Train Accuracy     : 0.0000


Epoch : 13
Train Loss     : 23.6458	 | 	Train Accuracy     : 0.0000


Epoch : 14
Train Loss     : 23.5957	 | 	Train Accuracy     : 0.0000


Epoch : 15
Train Loss     : 23.4810	 | 	Train Accuracy     : 0.0000


Epoch : 16
Train Loss     : 23.4311	 | 	Train Accuracy     : 0.0000


Epoch : 17
Train Loss     : 23.4818	 | 	Train Accuracy     : 0.0000


Epoch : 18
Train Loss     : 23.3846	 | 	Train Accuracy     : 0.0000


Epoch : 19
Train Loss     : 23.3292	 | 	Train Accuracy     : 0.0000


Epoch : 20
Train Loss     : 23.2456	 | 	Train Accuracy     : 0.0000


Epoch : 21
Train Loss     : 23.3270	 | 	Train Accuracy     : 0.0000


Epoch : 22
Train Loss     : 23.1793	 | 	Train Accuracy     : 0.0000


Epoch : 23
Train Loss     : 23.2741	 | 	Train Accuracy     : 0.0000


Epoch : 24
Train Loss     : 23.1566	 | 	Train Accuracy     : 0.0000


Epoch : 25
Train Loss     : 23.1888	 | 	Train Accuracy     : 0.0000


Epoch : 26
Train Loss     : 23.0347	 | 	Train Accuracy     : 0.0000


Epoch : 27
Train Loss     : 23.0376	 | 	Train Accuracy     : 0.0000


Epoch : 28
Train Loss     : 23.0062	 | 	Train Accuracy     : 0.0000


Epoch : 29
Train Loss     : 22.9884	 | 	Train Accuracy     : 0.0000


Epoch : 30
Train Loss     : 23.0491	 | 	Train Accuracy     : 0.0000


Epoch : 31
Train Loss     : 23.0299	 | 	Train Accuracy     : 0.0000


Epoch : 32
Train Loss     : 22.9865	 | 	Train Accuracy     : 0.0000


Epoch : 33
Train Loss     : 22.8631	 | 	Train Accuracy     : 0.0000


Epoch : 34
Train Loss     : 22.8145	 | 	Train Accuracy     : 0.0000


Epoch : 35
Train Loss     : 22.9329	 | 	Train Accuracy     : 0.0000


Epoch : 36
Train Loss     : 22.7965	 | 	Train Accuracy     : 0.0000


Epoch : 37
Train Loss     : 22.8903	 | 	Train Accuracy     : 0.0000


Epoch : 38
Train Loss     : 22.8758	 | 	Train Accuracy     : 0.0000


Epoch : 39
Train Loss     : 22.7966	 | 	Train Accuracy     : 0.0000


Epoch : 40
Train Loss     : 22.8312	 | 	Train Accuracy     : 0.0000


################## Training is Done! #########################
Training time is : 0:16:30.148368
