=============================================
Dataset: HHAR
Method:  TS-TCC
Mode:    train_linear
=============================================
Data loaded ...
Training started ....

Epoch : 1
Train Loss     : 0.8098	 | 	Train Accuracy     : 0.6719
Valid Loss     : 1.5943	 | 	Valid Accuracy     : 0.5391

Epoch : 2
Train Loss     : 0.2772	 | 	Train Accuracy     : 0.8932
Valid Loss     : 1.1915	 | 	Valid Accuracy     : 0.5898

Epoch : 3
Train Loss     : 0.2256	 | 	Train Accuracy     : 0.9023
Valid Loss     : 0.6609	 | 	Valid Accuracy     : 0.7305

Epoch : 4
Train Loss     : 0.1862	 | 	Train Accuracy     : 0.9349
Valid Loss     : 0.2255	 | 	Valid Accuracy     : 0.8984

Epoch : 5
Train Loss     : 0.1766	 | 	Train Accuracy     : 0.9206
Valid Loss     : 0.1518	 | 	Valid Accuracy     : 0.9336

Epoch : 6
Train Loss     : 0.1676	 | 	Train Accuracy     : 0.9414
Valid Loss     : 0.1311	 | 	Valid Accuracy     : 0.9492

Epoch : 7
Train Loss     : 0.1516	 | 	Train Accuracy     : 0.9310
Valid Loss     : 0.1682	 | 	Valid Accuracy     : 0.9414

Epoch : 8
Train Loss     : 0.1570	 | 	Train Accuracy     : 0.9414
Valid Loss     : 0.1553	 | 	Valid Accuracy     : 0.9336

Epoch : 9
Train Loss     : 0.1267	 | 	Train Accuracy     : 0.9492
Valid Loss     : 0.1134	 | 	Valid Accuracy     : 0.9570

Epoch : 10
Train Loss     : 0.1195	 | 	Train Accuracy     : 0.9557
Valid Loss     : 0.0992	 | 	Valid Accuracy     : 0.9688

Epoch : 11
Train Loss     : 0.1247	 | 	Train Accuracy     : 0.9518
Valid Loss     : 0.1549	 | 	Valid Accuracy     : 0.9336

Epoch : 12
Train Loss     : 0.1237	 | 	Train Accuracy     : 0.9609
Valid Loss     : 0.1248	 | 	Valid Accuracy     : 0.9531

Epoch : 13
Train Loss     : 0.0965	 | 	Train Accuracy     : 0.9661
Valid Loss     : 0.0915	 | 	Valid Accuracy     : 0.9727

Epoch : 14
Train Loss     : 0.0836	 | 	Train Accuracy     : 0.9727
Valid Loss     : 0.0919	 | 	Valid Accuracy     : 0.9688

Epoch : 15
Train Loss     : 0.0984	 | 	Train Accuracy     : 0.9701
Valid Loss     : 0.1079	 | 	Valid Accuracy     : 0.9648

Epoch : 16
Train Loss     : 0.0846	 | 	Train Accuracy     : 0.9714
Valid Loss     : 0.1216	 | 	Valid Accuracy     : 0.9609

Epoch : 17
Train Loss     : 0.0727	 | 	Train Accuracy     : 0.9727
Valid Loss     : 0.1366	 | 	Valid Accuracy     : 0.9375

Epoch : 18
Train Loss     : 0.0835	 | 	Train Accuracy     : 0.9727
Valid Loss     : 0.0847	 | 	Valid Accuracy     : 0.9727

Epoch : 19
Train Loss     : 0.0819	 | 	Train Accuracy     : 0.9688
Valid Loss     : 0.0817	 | 	Valid Accuracy     : 0.9766

Epoch : 20
Train Loss     : 0.0911	 | 	Train Accuracy     : 0.9701
Valid Loss     : 0.1020	 | 	Valid Accuracy     : 0.9688

Epoch : 21
Train Loss     : 0.0821	 | 	Train Accuracy     : 0.9688
Valid Loss     : 0.1223	 | 	Valid Accuracy     : 0.9609

Epoch : 22
Train Loss     : 0.0645	 | 	Train Accuracy     : 0.9766
Valid Loss     : 0.0846	 | 	Valid Accuracy     : 0.9688

Epoch : 23
Train Loss     : 0.0689	 | 	Train Accuracy     : 0.9714
Valid Loss     : 0.0965	 | 	Valid Accuracy     : 0.9609

Epoch : 24
Train Loss     : 0.0607	 | 	Train Accuracy     : 0.9870
Valid Loss     : 0.0778	 | 	Valid Accuracy     : 0.9844

Epoch : 25
Train Loss     : 0.0620	 | 	Train Accuracy     : 0.9792
Valid Loss     : 0.0819	 | 	Valid Accuracy     : 0.9805

Epoch : 26
Train Loss     : 0.0512	 | 	Train Accuracy     : 0.9870
Valid Loss     : 0.0970	 | 	Valid Accuracy     : 0.9648

Epoch : 27
Train Loss     : 0.0526	 | 	Train Accuracy     : 0.9844
Valid Loss     : 0.0823	 | 	Valid Accuracy     : 0.9844

Epoch : 28
Train Loss     : 0.0654	 | 	Train Accuracy     : 0.9740
Valid Loss     : 0.0795	 | 	Valid Accuracy     : 0.9805

Epoch : 29
Train Loss     : 0.0652	 | 	Train Accuracy     : 0.9818
Valid Loss     : 0.0869	 | 	Valid Accuracy     : 0.9766

Epoch : 30
Train Loss     : 0.0475	 | 	Train Accuracy     : 0.9870
Valid Loss     : 0.0900	 | 	Valid Accuracy     : 0.9766

Epoch : 31
Train Loss     : 0.0536	 | 	Train Accuracy     : 0.9857
Valid Loss     : 0.0800	 | 	Valid Accuracy     : 0.9805

Epoch : 32
Train Loss     : 0.0522	 | 	Train Accuracy     : 0.9844
Valid Loss     : 0.1047	 | 	Valid Accuracy     : 0.9688

Epoch : 33
Train Loss     : 0.0657	 | 	Train Accuracy     : 0.9740
Valid Loss     : 0.0871	 | 	Valid Accuracy     : 0.9766

Epoch : 34
Train Loss     : 0.0410	 | 	Train Accuracy     : 0.9883
Valid Loss     : 0.0668	 | 	Valid Accuracy     : 0.9883

Epoch : 35
Train Loss     : 0.0462	 | 	Train Accuracy     : 0.9896
Valid Loss     : 0.0760	 | 	Valid Accuracy     : 0.9883

Epoch : 36
Train Loss     : 0.0375	 | 	Train Accuracy     : 0.9922
Valid Loss     : 0.0864	 | 	Valid Accuracy     : 0.9766

Epoch : 37
Train Loss     : 0.0657	 | 	Train Accuracy     : 0.9792
Valid Loss     : 0.0850	 | 	Valid Accuracy     : 0.9727

Epoch : 38
Train Loss     : 0.0762	 | 	Train Accuracy     : 0.9753
Valid Loss     : 0.0971	 | 	Valid Accuracy     : 0.9688

Epoch : 39
Train Loss     : 0.0849	 | 	Train Accuracy     : 0.9727
Valid Loss     : 0.0767	 | 	Valid Accuracy     : 0.9766

Epoch : 40
Train Loss     : 0.1100	 | 	Train Accuracy     : 0.9701
Valid Loss     : 0.1061	 | 	Valid Accuracy     : 0.9492

Evaluate on the Test set:
Test loss      :11.1608	 | Test Accuracy      : 0.2029

################## Training is Done! #########################
Training time is : 0:00:08.075239
