=============================================
Dataset: sleepEDF
Method:  TS-TCC
Mode:    train_linear
=============================================
Data loaded ...
Training started ....

Epoch : 1
Train Loss     : 0.9543	 | 	Train Accuracy     : 0.6434
Valid Loss     : 0.7126	 | 	Valid Accuracy     : 0.7312

Epoch : 2
Train Loss     : 0.5300	 | 	Train Accuracy     : 0.8088
Valid Loss     : 0.5862	 | 	Valid Accuracy     : 0.7875

Epoch : 3
Train Loss     : 0.4500	 | 	Train Accuracy     : 0.8281
Valid Loss     : 0.5794	 | 	Valid Accuracy     : 0.7875

Epoch : 4
Train Loss     : 0.4034	 | 	Train Accuracy     : 0.8410
Valid Loss     : 0.6072	 | 	Valid Accuracy     : 0.7969

Epoch : 5
Train Loss     : 0.3730	 | 	Train Accuracy     : 0.8621
Valid Loss     : 0.5668	 | 	Valid Accuracy     : 0.8062

Epoch : 6
Train Loss     : 0.3583	 | 	Train Accuracy     : 0.8741
Valid Loss     : 0.5353	 | 	Valid Accuracy     : 0.8062

Epoch : 7
Train Loss     : 0.3477	 | 	Train Accuracy     : 0.8695
Valid Loss     : 0.5481	 | 	Valid Accuracy     : 0.8219

Epoch : 8
Train Loss     : 0.3042	 | 	Train Accuracy     : 0.8971
Valid Loss     : 0.6063	 | 	Valid Accuracy     : 0.7906

Epoch : 9
Train Loss     : 0.2935	 | 	Train Accuracy     : 0.8998
Valid Loss     : 0.5735	 | 	Valid Accuracy     : 0.7781

Epoch : 10
Train Loss     : 0.2994	 | 	Train Accuracy     : 0.8925
Valid Loss     : 0.5755	 | 	Valid Accuracy     : 0.7937

Epoch : 11
Train Loss     : 0.2921	 | 	Train Accuracy     : 0.8952
Valid Loss     : 0.6193	 | 	Valid Accuracy     : 0.7812

Epoch : 12
Train Loss     : 0.2717	 | 	Train Accuracy     : 0.9007
Valid Loss     : 0.7086	 | 	Valid Accuracy     : 0.7469

Epoch : 13
Train Loss     : 0.2622	 | 	Train Accuracy     : 0.9090
Valid Loss     : 0.7010	 | 	Valid Accuracy     : 0.7781

Epoch : 14
Train Loss     : 0.2305	 | 	Train Accuracy     : 0.9191
Valid Loss     : 0.6559	 | 	Valid Accuracy     : 0.7750

Epoch : 15
Train Loss     : 0.2317	 | 	Train Accuracy     : 0.9237
Valid Loss     : 0.6029	 | 	Valid Accuracy     : 0.7875

Epoch : 16
Train Loss     : 0.2277	 | 	Train Accuracy     : 0.9182
Valid Loss     : 0.6213	 | 	Valid Accuracy     : 0.7812

Epoch : 17
Train Loss     : 0.2204	 | 	Train Accuracy     : 0.9219
Valid Loss     : 0.7047	 | 	Valid Accuracy     : 0.7594

Epoch : 18
Train Loss     : 0.1797	 | 	Train Accuracy     : 0.9476
Valid Loss     : 0.5927	 | 	Valid Accuracy     : 0.7969

Epoch : 19
Train Loss     : 0.1709	 | 	Train Accuracy     : 0.9494
Valid Loss     : 0.6024	 | 	Valid Accuracy     : 0.7844

Epoch : 20
Train Loss     : 0.1602	 | 	Train Accuracy     : 0.9577
Valid Loss     : 0.6101	 | 	Valid Accuracy     : 0.7875

Epoch : 21
Train Loss     : 0.1628	 | 	Train Accuracy     : 0.9559
Valid Loss     : 0.6098	 | 	Valid Accuracy     : 0.7937

Epoch : 22
Train Loss     : 0.1562	 | 	Train Accuracy     : 0.9605
Valid Loss     : 0.6107	 | 	Valid Accuracy     : 0.7875

Epoch : 23
Train Loss     : 0.1622	 | 	Train Accuracy     : 0.9522
Valid Loss     : 0.5963	 | 	Valid Accuracy     : 0.7906

Epoch : 24
Train Loss     : 0.1698	 | 	Train Accuracy     : 0.9485
Valid Loss     : 0.6060	 | 	Valid Accuracy     : 0.7875

Epoch : 25
Train Loss     : 0.1674	 | 	Train Accuracy     : 0.9504
Valid Loss     : 0.6147	 | 	Valid Accuracy     : 0.7969

Epoch : 26
Train Loss     : 0.1683	 | 	Train Accuracy     : 0.9540
Valid Loss     : 0.6010	 | 	Valid Accuracy     : 0.7969

Epoch : 27
Train Loss     : 0.1581	 | 	Train Accuracy     : 0.9632
Valid Loss     : 0.6022	 | 	Valid Accuracy     : 0.7875

Epoch : 28
Train Loss     : 0.1590	 | 	Train Accuracy     : 0.9522
Valid Loss     : 0.6156	 | 	Valid Accuracy     : 0.7937

Epoch : 29
Train Loss     : 0.1519	 | 	Train Accuracy     : 0.9605
Valid Loss     : 0.6108	 | 	Valid Accuracy     : 0.7969

Epoch : 30
Train Loss     : 0.1613	 | 	Train Accuracy     : 0.9504
Valid Loss     : 0.6051	 | 	Valid Accuracy     : 0.7937

Epoch : 31
Train Loss     : 0.1527	 | 	Train Accuracy     : 0.9651
Valid Loss     : 0.6096	 | 	Valid Accuracy     : 0.7937

Epoch : 32
Train Loss     : 0.1566	 | 	Train Accuracy     : 0.9568
Valid Loss     : 0.6072	 | 	Valid Accuracy     : 0.7937

Epoch : 33
Train Loss     : 0.1657	 | 	Train Accuracy     : 0.9550
Valid Loss     : 0.6080	 | 	Valid Accuracy     : 0.7937

Epoch : 34
Train Loss     : 0.1595	 | 	Train Accuracy     : 0.9540
Valid Loss     : 0.6080	 | 	Valid Accuracy     : 0.7969

Epoch : 35
Train Loss     : 0.1507	 | 	Train Accuracy     : 0.9596
Valid Loss     : 0.6059	 | 	Valid Accuracy     : 0.7969

Epoch : 36
Train Loss     : 0.1519	 | 	Train Accuracy     : 0.9632
Valid Loss     : 0.6074	 | 	Valid Accuracy     : 0.7937

Epoch : 37
Train Loss     : 0.1677	 | 	Train Accuracy     : 0.9531
Valid Loss     : 0.6070	 | 	Valid Accuracy     : 0.7969

Epoch : 38
Train Loss     : 0.1568	 | 	Train Accuracy     : 0.9605
Valid Loss     : 0.6029	 | 	Valid Accuracy     : 0.7937

Epoch : 39
Train Loss     : 0.1476	 | 	Train Accuracy     : 0.9651
Valid Loss     : 0.6040	 | 	Valid Accuracy     : 0.7969

Epoch : 40
Train Loss     : 0.1554	 | 	Train Accuracy     : 0.9586
Valid Loss     : 0.6065	 | 	Valid Accuracy     : 0.7906

Evaluate on the Test set:
Test loss      :1.1848	 | Test Accuracy      : 0.5892

################## Training is Done! #########################
Training time is : 0:00:27.285962
