=============================================
Dataset: sleepEDF
Method:  TS-TCC
Mode:    train_linear
=============================================
Data loaded ...
Training started ....

Epoch : 1
Train Loss     : 0.7185	 | 	Train Accuracy     : 0.7422
Valid Loss     : 0.6559	 | 	Valid Accuracy     : 0.7500

Epoch : 2
Train Loss     : 0.4840	 | 	Train Accuracy     : 0.8369
Valid Loss     : 0.4525	 | 	Valid Accuracy     : 0.8469

Epoch : 3
Train Loss     : 0.4301	 | 	Train Accuracy     : 0.8457
Valid Loss     : 0.3892	 | 	Valid Accuracy     : 0.8813

Epoch : 4
Train Loss     : 0.3577	 | 	Train Accuracy     : 0.8613
Valid Loss     : 0.3636	 | 	Valid Accuracy     : 0.8969

Epoch : 5
Train Loss     : 0.3220	 | 	Train Accuracy     : 0.8838
Valid Loss     : 0.3928	 | 	Valid Accuracy     : 0.8594

Epoch : 6
Train Loss     : 0.2566	 | 	Train Accuracy     : 0.9131
Valid Loss     : 0.3819	 | 	Valid Accuracy     : 0.8594

Epoch : 7
Train Loss     : 0.2848	 | 	Train Accuracy     : 0.8975
Valid Loss     : 0.4010	 | 	Valid Accuracy     : 0.8687

Epoch : 8
Train Loss     : 0.2671	 | 	Train Accuracy     : 0.8975
Valid Loss     : 0.3779	 | 	Valid Accuracy     : 0.8813

Epoch : 9
Train Loss     : 0.2497	 | 	Train Accuracy     : 0.9033
Valid Loss     : 0.4319	 | 	Valid Accuracy     : 0.8687

Epoch : 10
Train Loss     : 0.1967	 | 	Train Accuracy     : 0.9395
Valid Loss     : 0.4040	 | 	Valid Accuracy     : 0.8500

Epoch : 11
Train Loss     : 0.2227	 | 	Train Accuracy     : 0.9150
Valid Loss     : 0.4362	 | 	Valid Accuracy     : 0.8562

Epoch : 12
Train Loss     : 0.1735	 | 	Train Accuracy     : 0.9453
Valid Loss     : 0.3987	 | 	Valid Accuracy     : 0.8531

Epoch : 13
Train Loss     : 0.1905	 | 	Train Accuracy     : 0.9355
Valid Loss     : 0.4286	 | 	Valid Accuracy     : 0.8438

Epoch : 14
Train Loss     : 0.1764	 | 	Train Accuracy     : 0.9375
Valid Loss     : 0.4272	 | 	Valid Accuracy     : 0.8438

Epoch : 15
Train Loss     : 0.1918	 | 	Train Accuracy     : 0.9414
Valid Loss     : 0.3865	 | 	Valid Accuracy     : 0.8562

Epoch : 16
Train Loss     : 0.1553	 | 	Train Accuracy     : 0.9502
Valid Loss     : 0.3774	 | 	Valid Accuracy     : 0.8750

Epoch : 17
Train Loss     : 0.1493	 | 	Train Accuracy     : 0.9512
Valid Loss     : 0.3901	 | 	Valid Accuracy     : 0.8625

Epoch : 18
Train Loss     : 0.1488	 | 	Train Accuracy     : 0.9521
Valid Loss     : 0.3858	 | 	Valid Accuracy     : 0.8750

Epoch : 19
Train Loss     : 0.1381	 | 	Train Accuracy     : 0.9609
Valid Loss     : 0.3791	 | 	Valid Accuracy     : 0.8687

Epoch : 20
Train Loss     : 0.1293	 | 	Train Accuracy     : 0.9668
Valid Loss     : 0.3852	 | 	Valid Accuracy     : 0.8719

Epoch : 21
Train Loss     : 0.1279	 | 	Train Accuracy     : 0.9600
Valid Loss     : 0.3882	 | 	Valid Accuracy     : 0.8687

Epoch : 22
Train Loss     : 0.1312	 | 	Train Accuracy     : 0.9629
Valid Loss     : 0.3850	 | 	Valid Accuracy     : 0.8625

Epoch : 23
Train Loss     : 0.1252	 | 	Train Accuracy     : 0.9648
Valid Loss     : 0.3839	 | 	Valid Accuracy     : 0.8687

Epoch : 24
Train Loss     : 0.1495	 | 	Train Accuracy     : 0.9463
Valid Loss     : 0.3888	 | 	Valid Accuracy     : 0.8656

Epoch : 25
Train Loss     : 0.1275	 | 	Train Accuracy     : 0.9707
Valid Loss     : 0.3888	 | 	Valid Accuracy     : 0.8719

Epoch : 26
Train Loss     : 0.1187	 | 	Train Accuracy     : 0.9736
Valid Loss     : 0.3829	 | 	Valid Accuracy     : 0.8719

Epoch : 27
Train Loss     : 0.1289	 | 	Train Accuracy     : 0.9707
Valid Loss     : 0.3917	 | 	Valid Accuracy     : 0.8594

Epoch : 28
Train Loss     : 0.1217	 | 	Train Accuracy     : 0.9727
Valid Loss     : 0.3865	 | 	Valid Accuracy     : 0.8687

Epoch : 29
Train Loss     : 0.1576	 | 	Train Accuracy     : 0.9473
Valid Loss     : 0.3853	 | 	Valid Accuracy     : 0.8719

Epoch : 30
Train Loss     : 0.1295	 | 	Train Accuracy     : 0.9629
Valid Loss     : 0.3890	 | 	Valid Accuracy     : 0.8625

Epoch : 31
Train Loss     : 0.1482	 | 	Train Accuracy     : 0.9551
Valid Loss     : 0.3910	 | 	Valid Accuracy     : 0.8625

Epoch : 32
Train Loss     : 0.1260	 | 	Train Accuracy     : 0.9658
Valid Loss     : 0.3851	 | 	Valid Accuracy     : 0.8750

Epoch : 33
Train Loss     : 0.1155	 | 	Train Accuracy     : 0.9717
Valid Loss     : 0.3879	 | 	Valid Accuracy     : 0.8719

Epoch : 34
Train Loss     : 0.1371	 | 	Train Accuracy     : 0.9609
Valid Loss     : 0.3944	 | 	Valid Accuracy     : 0.8625

Epoch : 35
Train Loss     : 0.1393	 | 	Train Accuracy     : 0.9580
Valid Loss     : 0.3896	 | 	Valid Accuracy     : 0.8656

Epoch : 36
Train Loss     : 0.1230	 | 	Train Accuracy     : 0.9707
Valid Loss     : 0.3857	 | 	Valid Accuracy     : 0.8687

Epoch : 37
Train Loss     : 0.1325	 | 	Train Accuracy     : 0.9609
Valid Loss     : 0.3870	 | 	Valid Accuracy     : 0.8687

Epoch : 38
Train Loss     : 0.1248	 | 	Train Accuracy     : 0.9678
Valid Loss     : 0.3865	 | 	Valid Accuracy     : 0.8687

Epoch : 39
Train Loss     : 0.1299	 | 	Train Accuracy     : 0.9629
Valid Loss     : 0.3845	 | 	Valid Accuracy     : 0.8750

Epoch : 40
Train Loss     : 0.1112	 | 	Train Accuracy     : 0.9746
Valid Loss     : 0.3816	 | 	Valid Accuracy     : 0.8750

Evaluate on the Test set:
Test loss      :13.9740	 | Test Accuracy      : 0.4789

################## Training is Done! #########################
Training time is : 0:00:25.015503
