=============================================
Dataset: Epilepsy
Method:  TS-TCC
Mode:    self_supervised
=============================================
Data loaded ...
Training started ....

Epoch : 1
Train Loss     : 26.0407	 | 	Train Accuracy     : 0.0000


Epoch : 2
Train Loss     : 24.6528	 | 	Train Accuracy     : 0.0000


Epoch : 3
Train Loss     : 24.1646	 | 	Train Accuracy     : 0.0000


Epoch : 4
Train Loss     : 23.6904	 | 	Train Accuracy     : 0.0000


Epoch : 5
Train Loss     : 23.4265	 | 	Train Accuracy     : 0.0000


Epoch : 6
Train Loss     : 23.0971	 | 	Train Accuracy     : 0.0000


Epoch : 7
Train Loss     : 23.0052	 | 	Train Accuracy     : 0.0000


Epoch : 8
Train Loss     : 22.7207	 | 	Train Accuracy     : 0.0000


Epoch : 9
Train Loss     : 22.4604	 | 	Train Accuracy     : 0.0000


Epoch : 10
Train Loss     : 22.5395	 | 	Train Accuracy     : 0.0000


Epoch : 11
Train Loss     : 22.4265	 | 	Train Accuracy     : 0.0000


Epoch : 12
Train Loss     : 22.1525	 | 	Train Accuracy     : 0.0000


Epoch : 13
Train Loss     : 21.8636	 | 	Train Accuracy     : 0.0000


Epoch : 14
Train Loss     : 21.9255	 | 	Train Accuracy     : 0.0000


Epoch : 15
Train Loss     : 21.7723	 | 	Train Accuracy     : 0.0000


Epoch : 16
Train Loss     : 21.8709	 | 	Train Accuracy     : 0.0000


Epoch : 17
Train Loss     : 21.5846	 | 	Train Accuracy     : 0.0000


Epoch : 18
Train Loss     : 21.6472	 | 	Train Accuracy     : 0.0000


Epoch : 19
Train Loss     : 21.5558	 | 	Train Accuracy     : 0.0000


Epoch : 20
Train Loss     : 21.4330	 | 	Train Accuracy     : 0.0000


Epoch : 21
Train Loss     : 21.3938	 | 	Train Accuracy     : 0.0000


Epoch : 22
Train Loss     : 21.2616	 | 	Train Accuracy     : 0.0000


Epoch : 23
Train Loss     : 21.2421	 | 	Train Accuracy     : 0.0000


Epoch : 24
Train Loss     : 21.3547	 | 	Train Accuracy     : 0.0000


Epoch : 25
Train Loss     : 21.2312	 | 	Train Accuracy     : 0.0000


Epoch : 26
Train Loss     : 21.0838	 | 	Train Accuracy     : 0.0000


Epoch : 27
Train Loss     : 20.9649	 | 	Train Accuracy     : 0.0000


Epoch : 28
Train Loss     : 20.7405	 | 	Train Accuracy     : 0.0000


Epoch : 29
Train Loss     : 20.7715	 | 	Train Accuracy     : 0.0000


Epoch : 30
Train Loss     : 20.8242	 | 	Train Accuracy     : 0.0000


Epoch : 31
Train Loss     : 20.6882	 | 	Train Accuracy     : 0.0000


Epoch : 32
Train Loss     : 20.5765	 | 	Train Accuracy     : 0.0000


Epoch : 33
Train Loss     : 20.5300	 | 	Train Accuracy     : 0.0000


Epoch : 34
Train Loss     : 20.5553	 | 	Train Accuracy     : 0.0000


Epoch : 35
Train Loss     : 20.3741	 | 	Train Accuracy     : 0.0000


Epoch : 36
Train Loss     : 20.3967	 | 	Train Accuracy     : 0.0000


Epoch : 37
Train Loss     : 20.3421	 | 	Train Accuracy     : 0.0000


Epoch : 38
Train Loss     : 20.2432	 | 	Train Accuracy     : 0.0000


Epoch : 39
Train Loss     : 20.4401	 | 	Train Accuracy     : 0.0000


Epoch : 40
Train Loss     : 20.2384	 | 	Train Accuracy     : 0.0000


################## Training is Done! #########################
Training time is : 0:15:09.085960
