=============================================
Dataset: HAR
Method:  TS-TCC
Mode:    self_supervised
=============================================
Data loaded ...
Training started ....

Epoch : 1
Train Loss     : 27.0337	 | 	Train Accuracy     : 0.0000


Epoch : 2
Train Loss     : 25.4084	 | 	Train Accuracy     : 0.0000


Epoch : 3
Train Loss     : 24.8381	 | 	Train Accuracy     : 0.0000


Epoch : 4
Train Loss     : 24.5391	 | 	Train Accuracy     : 0.0000


Epoch : 5
Train Loss     : 24.3125	 | 	Train Accuracy     : 0.0000


Epoch : 6
Train Loss     : 24.1601	 | 	Train Accuracy     : 0.0000


Epoch : 7
Train Loss     : 24.0022	 | 	Train Accuracy     : 0.0000


Epoch : 8
Train Loss     : 23.9470	 | 	Train Accuracy     : 0.0000


Epoch : 9
Train Loss     : 23.8319	 | 	Train Accuracy     : 0.0000


Epoch : 10
Train Loss     : 23.7624	 | 	Train Accuracy     : 0.0000


Epoch : 11
Train Loss     : 23.7076	 | 	Train Accuracy     : 0.0000


Epoch : 12
Train Loss     : 23.6226	 | 	Train Accuracy     : 0.0000


Epoch : 13
Train Loss     : 23.6092	 | 	Train Accuracy     : 0.0000


Epoch : 14
Train Loss     : 23.6623	 | 	Train Accuracy     : 0.0000


Epoch : 15
Train Loss     : 23.5948	 | 	Train Accuracy     : 0.0000


Epoch : 16
Train Loss     : 23.4611	 | 	Train Accuracy     : 0.0000


Epoch : 17
Train Loss     : 23.4177	 | 	Train Accuracy     : 0.0000


Epoch : 18
Train Loss     : 23.4358	 | 	Train Accuracy     : 0.0000


Epoch : 19
Train Loss     : 23.4153	 | 	Train Accuracy     : 0.0000


Epoch : 20
Train Loss     : 23.3455	 | 	Train Accuracy     : 0.0000


Epoch : 21
Train Loss     : 23.3396	 | 	Train Accuracy     : 0.0000


Epoch : 22
Train Loss     : 23.2897	 | 	Train Accuracy     : 0.0000


Epoch : 23
Train Loss     : 23.1821	 | 	Train Accuracy     : 0.0000


Epoch : 24
Train Loss     : 23.1824	 | 	Train Accuracy     : 0.0000


Epoch : 25
Train Loss     : 23.1694	 | 	Train Accuracy     : 0.0000


Epoch : 26
Train Loss     : 23.1923	 | 	Train Accuracy     : 0.0000


Epoch : 27
Train Loss     : 23.1372	 | 	Train Accuracy     : 0.0000


Epoch : 28
Train Loss     : 23.0946	 | 	Train Accuracy     : 0.0000


Epoch : 29
Train Loss     : 23.0019	 | 	Train Accuracy     : 0.0000


Epoch : 30
Train Loss     : 23.0193	 | 	Train Accuracy     : 0.0000


Epoch : 31
Train Loss     : 23.0250	 | 	Train Accuracy     : 0.0000


Epoch : 32
Train Loss     : 22.9297	 | 	Train Accuracy     : 0.0000


Epoch : 33
Train Loss     : 22.9554	 | 	Train Accuracy     : 0.0000


Epoch : 34
Train Loss     : 22.9259	 | 	Train Accuracy     : 0.0000


Epoch : 35
Train Loss     : 22.9721	 | 	Train Accuracy     : 0.0000


Epoch : 36
Train Loss     : 22.8682	 | 	Train Accuracy     : 0.0000


Epoch : 37
Train Loss     : 22.8430	 | 	Train Accuracy     : 0.0000


Epoch : 38
Train Loss     : 22.7960	 | 	Train Accuracy     : 0.0000


Epoch : 39
Train Loss     : 22.7382	 | 	Train Accuracy     : 0.0000


Epoch : 40
Train Loss     : 22.8081	 | 	Train Accuracy     : 0.0000


################## Training is Done! #########################
Training time is : 0:14:57.052157
