=============================================
Dataset: HAR
Method:  TS-TCC
Mode:    train_linear
=============================================
Data loaded ...
Training started ....

Epoch : 1
Train Loss     : 1.7207	 | 	Train Accuracy     : 0.1953
Valid Loss     : nan	 | 	Valid Accuracy     : nan

Epoch : 2
Train Loss     : 0.8066	 | 	Train Accuracy     : 0.7656
Valid Loss     : nan	 | 	Valid Accuracy     : nan

Epoch : 3
Train Loss     : 0.6042	 | 	Train Accuracy     : 0.8750
Valid Loss     : nan	 | 	Valid Accuracy     : nan

Epoch : 4
Train Loss     : 0.4583	 | 	Train Accuracy     : 0.8438
Valid Loss     : nan	 | 	Valid Accuracy     : nan

Epoch : 5
Train Loss     : 0.3810	 | 	Train Accuracy     : 0.8828
Valid Loss     : nan	 | 	Valid Accuracy     : nan

Epoch : 6
Train Loss     : 0.3020	 | 	Train Accuracy     : 0.9297
Valid Loss     : nan	 | 	Valid Accuracy     : nan

Epoch : 7
Train Loss     : 0.3197	 | 	Train Accuracy     : 0.9219
Valid Loss     : nan	 | 	Valid Accuracy     : nan

Epoch : 8
Train Loss     : 0.2322	 | 	Train Accuracy     : 0.9375
Valid Loss     : nan	 | 	Valid Accuracy     : nan

Epoch : 9
Train Loss     : 0.2035	 | 	Train Accuracy     : 0.9531
Valid Loss     : nan	 | 	Valid Accuracy     : nan

Epoch : 10
Train Loss     : 0.1817	 | 	Train Accuracy     : 0.9531
Valid Loss     : nan	 | 	Valid Accuracy     : nan

Epoch : 11
Train Loss     : 0.1505	 | 	Train Accuracy     : 0.9688
Valid Loss     : nan	 | 	Valid Accuracy     : nan

Epoch : 12
Train Loss     : 0.1259	 | 	Train Accuracy     : 0.9688
Valid Loss     : nan	 | 	Valid Accuracy     : nan

Epoch : 13
Train Loss     : 0.1116	 | 	Train Accuracy     : 0.9766
Valid Loss     : nan	 | 	Valid Accuracy     : nan

Epoch : 14
Train Loss     : 0.1212	 | 	Train Accuracy     : 0.9766
Valid Loss     : nan	 | 	Valid Accuracy     : nan

Epoch : 15
Train Loss     : 0.1015	 | 	Train Accuracy     : 0.9844
Valid Loss     : nan	 | 	Valid Accuracy     : nan

Epoch : 16
Train Loss     : 0.1072	 | 	Train Accuracy     : 0.9688
Valid Loss     : nan	 | 	Valid Accuracy     : nan

Epoch : 17
Train Loss     : 0.1156	 | 	Train Accuracy     : 0.9688
Valid Loss     : nan	 | 	Valid Accuracy     : nan

Epoch : 18
Train Loss     : 0.1184	 | 	Train Accuracy     : 0.9766
Valid Loss     : nan	 | 	Valid Accuracy     : nan

Epoch : 19
Train Loss     : 0.0976	 | 	Train Accuracy     : 0.9844
Valid Loss     : nan	 | 	Valid Accuracy     : nan

Epoch : 20
Train Loss     : 0.1044	 | 	Train Accuracy     : 0.9922
Valid Loss     : nan	 | 	Valid Accuracy     : nan

Epoch : 21
Train Loss     : 0.1063	 | 	Train Accuracy     : 0.9766
Valid Loss     : nan	 | 	Valid Accuracy     : nan

Epoch : 22
Train Loss     : 0.0871	 | 	Train Accuracy     : 1.0000
Valid Loss     : nan	 | 	Valid Accuracy     : nan

Epoch : 23
Train Loss     : 0.1298	 | 	Train Accuracy     : 0.9844
Valid Loss     : nan	 | 	Valid Accuracy     : nan

Epoch : 24
Train Loss     : 0.0967	 | 	Train Accuracy     : 0.9844
Valid Loss     : nan	 | 	Valid Accuracy     : nan

Epoch : 25
Train Loss     : 0.0866	 | 	Train Accuracy     : 0.9922
Valid Loss     : nan	 | 	Valid Accuracy     : nan

Epoch : 26
Train Loss     : 0.0903	 | 	Train Accuracy     : 0.9922
Valid Loss     : nan	 | 	Valid Accuracy     : nan

Epoch : 27
Train Loss     : 0.0939	 | 	Train Accuracy     : 1.0000
Valid Loss     : nan	 | 	Valid Accuracy     : nan

Epoch : 28
Train Loss     : 0.1003	 | 	Train Accuracy     : 0.9844
Valid Loss     : nan	 | 	Valid Accuracy     : nan

Epoch : 29
Train Loss     : 0.0958	 | 	Train Accuracy     : 0.9766
Valid Loss     : nan	 | 	Valid Accuracy     : nan

Epoch : 30
Train Loss     : 0.0939	 | 	Train Accuracy     : 0.9766
Valid Loss     : nan	 | 	Valid Accuracy     : nan

Epoch : 31
Train Loss     : 0.0915	 | 	Train Accuracy     : 0.9844
Valid Loss     : nan	 | 	Valid Accuracy     : nan

Epoch : 32
Train Loss     : 0.1097	 | 	Train Accuracy     : 0.9688
Valid Loss     : nan	 | 	Valid Accuracy     : nan

Epoch : 33
Train Loss     : 0.0881	 | 	Train Accuracy     : 0.9922
Valid Loss     : nan	 | 	Valid Accuracy     : nan

Epoch : 34
Train Loss     : 0.1027	 | 	Train Accuracy     : 0.9844
Valid Loss     : nan	 | 	Valid Accuracy     : nan

Epoch : 35
Train Loss     : 0.0890	 | 	Train Accuracy     : 0.9844
Valid Loss     : nan	 | 	Valid Accuracy     : nan

Epoch : 36
Train Loss     : 0.1052	 | 	Train Accuracy     : 0.9766
Valid Loss     : nan	 | 	Valid Accuracy     : nan

Epoch : 37
Train Loss     : 0.1161	 | 	Train Accuracy     : 0.9609
Valid Loss     : nan	 | 	Valid Accuracy     : nan

Epoch : 38
Train Loss     : 0.0771	 | 	Train Accuracy     : 1.0000
Valid Loss     : nan	 | 	Valid Accuracy     : nan

Epoch : 39
Train Loss     : 0.1043	 | 	Train Accuracy     : 0.9844
Valid Loss     : nan	 | 	Valid Accuracy     : nan

Epoch : 40
Train Loss     : 0.0960	 | 	Train Accuracy     : 0.9766
Valid Loss     : nan	 | 	Valid Accuracy     : nan

Evaluate on the Test set:
