=============================================
Dataset: HAR
Method:  TS-TCC
Mode:    train_linear
=============================================
Data loaded ...
Training started ....

Epoch : 1
Train Loss     : 2.0532	 | 	Train Accuracy     : 0.0156
Valid Loss     : nan	 | 	Valid Accuracy     : nan

Epoch : 2
Train Loss     : 0.9214	 | 	Train Accuracy     : 0.6094
Valid Loss     : nan	 | 	Valid Accuracy     : nan

Epoch : 3
Train Loss     : 0.7133	 | 	Train Accuracy     : 0.6562
Valid Loss     : nan	 | 	Valid Accuracy     : nan

Epoch : 4
Train Loss     : 0.5743	 | 	Train Accuracy     : 0.6719
Valid Loss     : nan	 | 	Valid Accuracy     : nan

Epoch : 5
Train Loss     : 0.6185	 | 	Train Accuracy     : 0.7031
Valid Loss     : nan	 | 	Valid Accuracy     : nan

Epoch : 6
Train Loss     : 0.4438	 | 	Train Accuracy     : 0.8438
Valid Loss     : nan	 | 	Valid Accuracy     : nan

Epoch : 7
Train Loss     : 0.4118	 | 	Train Accuracy     : 0.8047
Valid Loss     : nan	 | 	Valid Accuracy     : nan

Epoch : 8
Train Loss     : 0.3636	 | 	Train Accuracy     : 0.8594
Valid Loss     : nan	 | 	Valid Accuracy     : nan

Epoch : 9
Train Loss     : 0.3892	 | 	Train Accuracy     : 0.8516
Valid Loss     : nan	 | 	Valid Accuracy     : nan

Epoch : 10
Train Loss     : 0.2961	 | 	Train Accuracy     : 0.9297
Valid Loss     : nan	 | 	Valid Accuracy     : nan

Epoch : 11
Train Loss     : 0.2881	 | 	Train Accuracy     : 0.8750
Valid Loss     : nan	 | 	Valid Accuracy     : nan

Epoch : 12
Train Loss     : 0.2382	 | 	Train Accuracy     : 0.9375
Valid Loss     : nan	 | 	Valid Accuracy     : nan

Epoch : 13
Train Loss     : 0.2618	 | 	Train Accuracy     : 0.9453
Valid Loss     : nan	 | 	Valid Accuracy     : nan

Epoch : 14
Train Loss     : 0.2635	 | 	Train Accuracy     : 0.9219
Valid Loss     : nan	 | 	Valid Accuracy     : nan

Epoch : 15
Train Loss     : 0.2545	 | 	Train Accuracy     : 0.9453
Valid Loss     : nan	 | 	Valid Accuracy     : nan

Epoch : 16
Train Loss     : 0.2428	 | 	Train Accuracy     : 0.9531
Valid Loss     : nan	 | 	Valid Accuracy     : nan

Epoch : 17
Train Loss     : 0.2441	 | 	Train Accuracy     : 0.9766
Valid Loss     : nan	 | 	Valid Accuracy     : nan

Epoch : 18
Train Loss     : 0.2461	 | 	Train Accuracy     : 0.9375
Valid Loss     : nan	 | 	Valid Accuracy     : nan

Epoch : 19
Train Loss     : 0.2527	 | 	Train Accuracy     : 0.9453
Valid Loss     : nan	 | 	Valid Accuracy     : nan

Epoch : 20
Train Loss     : 0.2551	 | 	Train Accuracy     : 0.9375
Valid Loss     : nan	 | 	Valid Accuracy     : nan

Epoch : 21
Train Loss     : 0.2347	 | 	Train Accuracy     : 0.9453
Valid Loss     : nan	 | 	Valid Accuracy     : nan

Epoch : 22
Train Loss     : 0.2340	 | 	Train Accuracy     : 0.9453
Valid Loss     : nan	 | 	Valid Accuracy     : nan

Epoch : 23
Train Loss     : 0.2196	 | 	Train Accuracy     : 0.9609
Valid Loss     : nan	 | 	Valid Accuracy     : nan

Epoch : 24
Train Loss     : 0.2240	 | 	Train Accuracy     : 0.9375
Valid Loss     : nan	 | 	Valid Accuracy     : nan

Epoch : 25
Train Loss     : 0.2200	 | 	Train Accuracy     : 0.9688
Valid Loss     : nan	 | 	Valid Accuracy     : nan

Epoch : 26
Train Loss     : 0.2394	 | 	Train Accuracy     : 0.9375
Valid Loss     : nan	 | 	Valid Accuracy     : nan

Epoch : 27
Train Loss     : 0.2184	 | 	Train Accuracy     : 0.9531
Valid Loss     : nan	 | 	Valid Accuracy     : nan

Epoch : 28
Train Loss     : 0.2130	 | 	Train Accuracy     : 0.9766
Valid Loss     : nan	 | 	Valid Accuracy     : nan

Epoch : 29
Train Loss     : 0.2357	 | 	Train Accuracy     : 0.9609
Valid Loss     : nan	 | 	Valid Accuracy     : nan

Epoch : 30
Train Loss     : 0.2013	 | 	Train Accuracy     : 0.9688
Valid Loss     : nan	 | 	Valid Accuracy     : nan

Epoch : 31
Train Loss     : 0.2349	 | 	Train Accuracy     : 0.9375
Valid Loss     : nan	 | 	Valid Accuracy     : nan

Epoch : 32
Train Loss     : 0.2255	 | 	Train Accuracy     : 0.9531
Valid Loss     : nan	 | 	Valid Accuracy     : nan

Epoch : 33
Train Loss     : 0.2281	 | 	Train Accuracy     : 0.9609
Valid Loss     : nan	 | 	Valid Accuracy     : nan

Epoch : 34
Train Loss     : 0.2250	 | 	Train Accuracy     : 0.9453
Valid Loss     : nan	 | 	Valid Accuracy     : nan

Epoch : 35
Train Loss     : 0.2602	 | 	Train Accuracy     : 0.9375
Valid Loss     : nan	 | 	Valid Accuracy     : nan

Epoch : 36
Train Loss     : 0.2266	 | 	Train Accuracy     : 0.9531
Valid Loss     : nan	 | 	Valid Accuracy     : nan

Epoch : 37
Train Loss     : 0.2267	 | 	Train Accuracy     : 0.9453
Valid Loss     : nan	 | 	Valid Accuracy     : nan

Epoch : 38
Train Loss     : 0.2495	 | 	Train Accuracy     : 0.9531
Valid Loss     : nan	 | 	Valid Accuracy     : nan

Epoch : 39
Train Loss     : 0.2099	 | 	Train Accuracy     : 0.9844
Valid Loss     : nan	 | 	Valid Accuracy     : nan

Epoch : 40
Train Loss     : 0.2292	 | 	Train Accuracy     : 0.9453
Valid Loss     : nan	 | 	Valid Accuracy     : nan

Epoch : 41
Train Loss     : 0.2288	 | 	Train Accuracy     : 0.9688
Valid Loss     : nan	 | 	Valid Accuracy     : nan

Epoch : 42
Train Loss     : 0.2379	 | 	Train Accuracy     : 0.9531
Valid Loss     : nan	 | 	Valid Accuracy     : nan

Epoch : 43
Train Loss     : 0.2287	 | 	Train Accuracy     : 0.9453
Valid Loss     : nan	 | 	Valid Accuracy     : nan

Epoch : 44
Train Loss     : 0.2265	 | 	Train Accuracy     : 0.9609
Valid Loss     : nan	 | 	Valid Accuracy     : nan

Epoch : 45
Train Loss     : 0.2160	 | 	Train Accuracy     : 0.9609
Valid Loss     : nan	 | 	Valid Accuracy     : nan

Epoch : 46
Train Loss     : 0.2471	 | 	Train Accuracy     : 0.9453
Valid Loss     : nan	 | 	Valid Accuracy     : nan

Epoch : 47
Train Loss     : 0.2231	 | 	Train Accuracy     : 0.9688
Valid Loss     : nan	 | 	Valid Accuracy     : nan

Epoch : 48
Train Loss     : 0.2196	 | 	Train Accuracy     : 0.9375
Valid Loss     : nan	 | 	Valid Accuracy     : nan

Epoch : 49
Train Loss     : 0.2294	 | 	Train Accuracy     : 0.9297
Valid Loss     : nan	 | 	Valid Accuracy     : nan

Epoch : 50
Train Loss     : 0.2297	 | 	Train Accuracy     : 0.9375
Valid Loss     : nan	 | 	Valid Accuracy     : nan

Epoch : 51
Train Loss     : 0.2245	 | 	Train Accuracy     : 0.9688
Valid Loss     : nan	 | 	Valid Accuracy     : nan

Epoch : 52
Train Loss     : 0.2256	 | 	Train Accuracy     : 0.9531
Valid Loss     : nan	 | 	Valid Accuracy     : nan

Epoch : 53
Train Loss     : 0.2373	 | 	Train Accuracy     : 0.9297
Valid Loss     : nan	 | 	Valid Accuracy     : nan

Epoch : 54
Train Loss     : 0.2443	 | 	Train Accuracy     : 0.9531
Valid Loss     : nan	 | 	Valid Accuracy     : nan

Epoch : 55
Train Loss     : 0.2277	 | 	Train Accuracy     : 0.9531
Valid Loss     : nan	 | 	Valid Accuracy     : nan

Epoch : 56
Train Loss     : 0.2284	 | 	Train Accuracy     : 0.9531
Valid Loss     : nan	 | 	Valid Accuracy     : nan

Epoch : 57
Train Loss     : 0.2511	 | 	Train Accuracy     : 0.9453
Valid Loss     : nan	 | 	Valid Accuracy     : nan

Epoch : 58
Train Loss     : 0.2358	 | 	Train Accuracy     : 0.9453
Valid Loss     : nan	 | 	Valid Accuracy     : nan

Epoch : 59
Train Loss     : 0.2191	 | 	Train Accuracy     : 0.9766
Valid Loss     : nan	 | 	Valid Accuracy     : nan

Epoch : 60
Train Loss     : 0.2335	 | 	Train Accuracy     : 0.9453
Valid Loss     : nan	 | 	Valid Accuracy     : nan

Epoch : 61
Train Loss     : 0.2160	 | 	Train Accuracy     : 0.9531
Valid Loss     : nan	 | 	Valid Accuracy     : nan

Epoch : 62
Train Loss     : 0.2271	 | 	Train Accuracy     : 0.9219
Valid Loss     : nan	 | 	Valid Accuracy     : nan

Epoch : 63
Train Loss     : 0.2328	 | 	Train Accuracy     : 0.9531
Valid Loss     : nan	 | 	Valid Accuracy     : nan

Epoch : 64
Train Loss     : 0.2081	 | 	Train Accuracy     : 0.9766
Valid Loss     : nan	 | 	Valid Accuracy     : nan

Epoch : 65
Train Loss     : 0.2255	 | 	Train Accuracy     : 0.9531
Valid Loss     : nan	 | 	Valid Accuracy     : nan

Epoch : 66
Train Loss     : 0.2349	 | 	Train Accuracy     : 0.9375
Valid Loss     : nan	 | 	Valid Accuracy     : nan

Epoch : 67
Train Loss     : 0.2412	 | 	Train Accuracy     : 0.9297
Valid Loss     : nan	 | 	Valid Accuracy     : nan

Epoch : 68
Train Loss     : 0.2486	 | 	Train Accuracy     : 0.9297
Valid Loss     : nan	 | 	Valid Accuracy     : nan

Epoch : 69
Train Loss     : 0.2241	 | 	Train Accuracy     : 0.9453
Valid Loss     : nan	 | 	Valid Accuracy     : nan

Epoch : 70
Train Loss     : 0.2265	 | 	Train Accuracy     : 0.9531
Valid Loss     : nan	 | 	Valid Accuracy     : nan

Epoch : 71
Train Loss     : 0.2313	 | 	Train Accuracy     : 0.9609
Valid Loss     : nan	 | 	Valid Accuracy     : nan

Epoch : 72
Train Loss     : 0.2219	 | 	Train Accuracy     : 0.9609
Valid Loss     : nan	 | 	Valid Accuracy     : nan

Epoch : 73
Train Loss     : 0.2460	 | 	Train Accuracy     : 0.9609
Valid Loss     : nan	 | 	Valid Accuracy     : nan

Epoch : 74
Train Loss     : 0.2271	 | 	Train Accuracy     : 0.9609
Valid Loss     : nan	 | 	Valid Accuracy     : nan

Epoch : 75
Train Loss     : 0.2310	 | 	Train Accuracy     : 0.9531
Valid Loss     : nan	 | 	Valid Accuracy     : nan

Epoch : 76
Train Loss     : 0.2008	 | 	Train Accuracy     : 0.9766
Valid Loss     : nan	 | 	Valid Accuracy     : nan

Epoch : 77
Train Loss     : 0.2514	 | 	Train Accuracy     : 0.9375
Valid Loss     : nan	 | 	Valid Accuracy     : nan

Epoch : 78
Train Loss     : 0.2680	 | 	Train Accuracy     : 0.9219
Valid Loss     : nan	 | 	Valid Accuracy     : nan

Epoch : 79
Train Loss     : 0.2129	 | 	Train Accuracy     : 0.9531
Valid Loss     : nan	 | 	Valid Accuracy     : nan

Epoch : 80
Train Loss     : 0.2378	 | 	Train Accuracy     : 0.9531
Valid Loss     : nan	 | 	Valid Accuracy     : nan

Epoch : 81
Train Loss     : 0.2310	 | 	Train Accuracy     : 0.9453
Valid Loss     : nan	 | 	Valid Accuracy     : nan

Epoch : 82
Train Loss     : 0.2166	 | 	Train Accuracy     : 0.9453
Valid Loss     : nan	 | 	Valid Accuracy     : nan

Epoch : 83
Train Loss     : 0.2041	 | 	Train Accuracy     : 0.9531
Valid Loss     : nan	 | 	Valid Accuracy     : nan

Epoch : 84
Train Loss     : 0.2203	 | 	Train Accuracy     : 0.9609
Valid Loss     : nan	 | 	Valid Accuracy     : nan

Epoch : 85
Train Loss     : 0.2539	 | 	Train Accuracy     : 0.9609
Valid Loss     : nan	 | 	Valid Accuracy     : nan

Epoch : 86
Train Loss     : 0.2380	 | 	Train Accuracy     : 0.9453
Valid Loss     : nan	 | 	Valid Accuracy     : nan

Epoch : 87
Train Loss     : 0.2269	 | 	Train Accuracy     : 0.9453
Valid Loss     : nan	 | 	Valid Accuracy     : nan

Epoch : 88
Train Loss     : 0.2323	 | 	Train Accuracy     : 0.9531
Valid Loss     : nan	 | 	Valid Accuracy     : nan

Epoch : 89
Train Loss     : 0.2329	 | 	Train Accuracy     : 0.9609
Valid Loss     : nan	 | 	Valid Accuracy     : nan

Epoch : 90
Train Loss     : 0.2176	 | 	Train Accuracy     : 0.9531
Valid Loss     : nan	 | 	Valid Accuracy     : nan

Epoch : 91
Train Loss     : 0.2203	 | 	Train Accuracy     : 0.9609
Valid Loss     : nan	 | 	Valid Accuracy     : nan

Epoch : 92
Train Loss     : 0.2236	 | 	Train Accuracy     : 0.9531
Valid Loss     : nan	 | 	Valid Accuracy     : nan

Epoch : 93
Train Loss     : 0.2354	 | 	Train Accuracy     : 0.9453
Valid Loss     : nan	 | 	Valid Accuracy     : nan

Epoch : 94
Train Loss     : 0.2334	 | 	Train Accuracy     : 0.9531
Valid Loss     : nan	 | 	Valid Accuracy     : nan

Epoch : 95
Train Loss     : 0.2557	 | 	Train Accuracy     : 0.9297
Valid Loss     : nan	 | 	Valid Accuracy     : nan

Epoch : 96
Train Loss     : 0.2231	 | 	Train Accuracy     : 0.9453
Valid Loss     : nan	 | 	Valid Accuracy     : nan

Epoch : 97
Train Loss     : 0.1900	 | 	Train Accuracy     : 0.9688
Valid Loss     : nan	 | 	Valid Accuracy     : nan

Epoch : 98
Train Loss     : 0.2058	 | 	Train Accuracy     : 0.9766
Valid Loss     : nan	 | 	Valid Accuracy     : nan

Epoch : 99
Train Loss     : 0.2107	 | 	Train Accuracy     : 0.9766
Valid Loss     : nan	 | 	Valid Accuracy     : nan

Epoch : 100
Train Loss     : 0.2007	 | 	Train Accuracy     : 0.9766
Valid Loss     : nan	 | 	Valid Accuracy     : nan

Epoch : 101
Train Loss     : 0.2444	 | 	Train Accuracy     : 0.9453
Valid Loss     : nan	 | 	Valid Accuracy     : nan

Epoch : 102
Train Loss     : 0.1986	 | 	Train Accuracy     : 0.9766
Valid Loss     : nan	 | 	Valid Accuracy     : nan

Epoch : 103
Train Loss     : 0.2349	 | 	Train Accuracy     : 0.9375
Valid Loss     : nan	 | 	Valid Accuracy     : nan

Epoch : 104
Train Loss     : 0.2429	 | 	Train Accuracy     : 0.9297
Valid Loss     : nan	 | 	Valid Accuracy     : nan

Epoch : 105
Train Loss     : 0.2208	 | 	Train Accuracy     : 0.9297
Valid Loss     : nan	 | 	Valid Accuracy     : nan

Epoch : 106
Train Loss     : 0.2208	 | 	Train Accuracy     : 0.9609
Valid Loss     : nan	 | 	Valid Accuracy     : nan

Epoch : 107
Train Loss     : 0.2487	 | 	Train Accuracy     : 0.9219
Valid Loss     : nan	 | 	Valid Accuracy     : nan

Epoch : 108
Train Loss     : 0.2357	 | 	Train Accuracy     : 0.9531
Valid Loss     : nan	 | 	Valid Accuracy     : nan

Epoch : 109
Train Loss     : 0.2242	 | 	Train Accuracy     : 0.9766
Valid Loss     : nan	 | 	Valid Accuracy     : nan

Epoch : 110
Train Loss     : 0.2409	 | 	Train Accuracy     : 0.9453
Valid Loss     : nan	 | 	Valid Accuracy     : nan

Epoch : 111
Train Loss     : 0.2468	 | 	Train Accuracy     : 0.9453
Valid Loss     : nan	 | 	Valid Accuracy     : nan

Epoch : 112
Train Loss     : 0.2047	 | 	Train Accuracy     : 0.9844
Valid Loss     : nan	 | 	Valid Accuracy     : nan

Epoch : 113
Train Loss     : 0.2303	 | 	Train Accuracy     : 0.9688
Valid Loss     : nan	 | 	Valid Accuracy     : nan

Epoch : 114
Train Loss     : 0.2280	 | 	Train Accuracy     : 0.9609
Valid Loss     : nan	 | 	Valid Accuracy     : nan

Epoch : 115
Train Loss     : 0.2327	 | 	Train Accuracy     : 0.9453
Valid Loss     : nan	 | 	Valid Accuracy     : nan

Epoch : 116
Train Loss     : 0.2399	 | 	Train Accuracy     : 0.9688
Valid Loss     : nan	 | 	Valid Accuracy     : nan

Epoch : 117
Train Loss     : 0.2291	 | 	Train Accuracy     : 0.9609
Valid Loss     : nan	 | 	Valid Accuracy     : nan

Epoch : 118
Train Loss     : 0.2311	 | 	Train Accuracy     : 0.9531
Valid Loss     : nan	 | 	Valid Accuracy     : nan

Epoch : 119
Train Loss     : 0.2096	 | 	Train Accuracy     : 0.9531
Valid Loss     : nan	 | 	Valid Accuracy     : nan

Epoch : 120
Train Loss     : 0.2306	 | 	Train Accuracy     : 0.9609
Valid Loss     : nan	 | 	Valid Accuracy     : nan

Epoch : 121
Train Loss     : 0.2271	 | 	Train Accuracy     : 0.9453
Valid Loss     : nan	 | 	Valid Accuracy     : nan

Epoch : 122
Train Loss     : 0.2483	 | 	Train Accuracy     : 0.9375
Valid Loss     : nan	 | 	Valid Accuracy     : nan

Epoch : 123
Train Loss     : 0.2391	 | 	Train Accuracy     : 0.9375
Valid Loss     : nan	 | 	Valid Accuracy     : nan

Epoch : 124
Train Loss     : 0.2266	 | 	Train Accuracy     : 0.9609
Valid Loss     : nan	 | 	Valid Accuracy     : nan

Epoch : 125
Train Loss     : 0.2052	 | 	Train Accuracy     : 0.9531
Valid Loss     : nan	 | 	Valid Accuracy     : nan

Epoch : 126
Train Loss     : 0.2261	 | 	Train Accuracy     : 0.9531
Valid Loss     : nan	 | 	Valid Accuracy     : nan

Epoch : 127
Train Loss     : 0.2485	 | 	Train Accuracy     : 0.9375
Valid Loss     : nan	 | 	Valid Accuracy     : nan

Epoch : 128
Train Loss     : 0.2525	 | 	Train Accuracy     : 0.9453
Valid Loss     : nan	 | 	Valid Accuracy     : nan

Epoch : 129
Train Loss     : 0.2008	 | 	Train Accuracy     : 0.9609
Valid Loss     : nan	 | 	Valid Accuracy     : nan

Epoch : 130
Train Loss     : 0.2267	 | 	Train Accuracy     : 0.9453
Valid Loss     : nan	 | 	Valid Accuracy     : nan

Epoch : 131
Train Loss     : 0.2388	 | 	Train Accuracy     : 0.9297
Valid Loss     : nan	 | 	Valid Accuracy     : nan

Epoch : 132
Train Loss     : 0.2241	 | 	Train Accuracy     : 0.9375
Valid Loss     : nan	 | 	Valid Accuracy     : nan

Epoch : 133
Train Loss     : 0.2353	 | 	Train Accuracy     : 0.9453
Valid Loss     : nan	 | 	Valid Accuracy     : nan

Epoch : 134
Train Loss     : 0.2057	 | 	Train Accuracy     : 0.9531
Valid Loss     : nan	 | 	Valid Accuracy     : nan

Epoch : 135
Train Loss     : 0.2141	 | 	Train Accuracy     : 0.9297
Valid Loss     : nan	 | 	Valid Accuracy     : nan

Epoch : 136
Train Loss     : 0.2109	 | 	Train Accuracy     : 0.9609
Valid Loss     : nan	 | 	Valid Accuracy     : nan

Epoch : 137
Train Loss     : 0.2364	 | 	Train Accuracy     : 0.9688
Valid Loss     : nan	 | 	Valid Accuracy     : nan

Epoch : 138
Train Loss     : 0.2482	 | 	Train Accuracy     : 0.9375
Valid Loss     : nan	 | 	Valid Accuracy     : nan

Epoch : 139
Train Loss     : 0.1920	 | 	Train Accuracy     : 0.9766
Valid Loss     : nan	 | 	Valid Accuracy     : nan

Epoch : 140
Train Loss     : 0.2478	 | 	Train Accuracy     : 0.9453
Valid Loss     : nan	 | 	Valid Accuracy     : nan

Epoch : 141
Train Loss     : 0.2168	 | 	Train Accuracy     : 0.9609
Valid Loss     : nan	 | 	Valid Accuracy     : nan

Epoch : 142
Train Loss     : 0.2246	 | 	Train Accuracy     : 0.9531
Valid Loss     : nan	 | 	Valid Accuracy     : nan

Epoch : 143
Train Loss     : 0.2060	 | 	Train Accuracy     : 0.9688
Valid Loss     : nan	 | 	Valid Accuracy     : nan

Epoch : 144
Train Loss     : 0.2339	 | 	Train Accuracy     : 0.9531
Valid Loss     : nan	 | 	Valid Accuracy     : nan

Epoch : 145
Train Loss     : 0.2122	 | 	Train Accuracy     : 0.9609
Valid Loss     : nan	 | 	Valid Accuracy     : nan

Epoch : 146
Train Loss     : 0.2378	 | 	Train Accuracy     : 0.9531
Valid Loss     : nan	 | 	Valid Accuracy     : nan

Epoch : 147
Train Loss     : 0.2211	 | 	Train Accuracy     : 0.9609
Valid Loss     : nan	 | 	Valid Accuracy     : nan

Epoch : 148
Train Loss     : 0.2225	 | 	Train Accuracy     : 0.9531
Valid Loss     : nan	 | 	Valid Accuracy     : nan

Epoch : 149
Train Loss     : 0.2315	 | 	Train Accuracy     : 0.9375
Valid Loss     : nan	 | 	Valid Accuracy     : nan

Epoch : 150
Train Loss     : 0.2249	 | 	Train Accuracy     : 0.9375
Valid Loss     : nan	 | 	Valid Accuracy     : nan

Epoch : 151
Train Loss     : 0.2034	 | 	Train Accuracy     : 0.9766
Valid Loss     : nan	 | 	Valid Accuracy     : nan

Epoch : 152
Train Loss     : 0.2392	 | 	Train Accuracy     : 0.9531
Valid Loss     : nan	 | 	Valid Accuracy     : nan

Epoch : 153
Train Loss     : 0.2328	 | 	Train Accuracy     : 0.9141
Valid Loss     : nan	 | 	Valid Accuracy     : nan

Epoch : 154
Train Loss     : 0.2086	 | 	Train Accuracy     : 0.9609
Valid Loss     : nan	 | 	Valid Accuracy     : nan

Epoch : 155
Train Loss     : 0.2283	 | 	Train Accuracy     : 0.9609
Valid Loss     : nan	 | 	Valid Accuracy     : nan

Epoch : 156
Train Loss     : 0.2245	 | 	Train Accuracy     : 0.9609
Valid Loss     : nan	 | 	Valid Accuracy     : nan

Epoch : 157
Train Loss     : 0.2423	 | 	Train Accuracy     : 0.9609
Valid Loss     : nan	 | 	Valid Accuracy     : nan

Epoch : 158
Train Loss     : 0.2474	 | 	Train Accuracy     : 0.9531
Valid Loss     : nan	 | 	Valid Accuracy     : nan

Epoch : 159
Train Loss     : 0.2551	 | 	Train Accuracy     : 0.9375
Valid Loss     : nan	 | 	Valid Accuracy     : nan

Epoch : 160
Train Loss     : 0.2206	 | 	Train Accuracy     : 0.9609
Valid Loss     : nan	 | 	Valid Accuracy     : nan

Epoch : 161
Train Loss     : 0.2146	 | 	Train Accuracy     : 0.9609
Valid Loss     : nan	 | 	Valid Accuracy     : nan

Epoch : 162
Train Loss     : 0.2208	 | 	Train Accuracy     : 0.9609
Valid Loss     : nan	 | 	Valid Accuracy     : nan

Epoch : 163
Train Loss     : 0.2201	 | 	Train Accuracy     : 0.9609
Valid Loss     : nan	 | 	Valid Accuracy     : nan

Epoch : 164
Train Loss     : 0.2333	 | 	Train Accuracy     : 0.9688
Valid Loss     : nan	 | 	Valid Accuracy     : nan

Epoch : 165
Train Loss     : 0.2168	 | 	Train Accuracy     : 0.9609
Valid Loss     : nan	 | 	Valid Accuracy     : nan

Epoch : 166
Train Loss     : 0.2270	 | 	Train Accuracy     : 0.9531
Valid Loss     : nan	 | 	Valid Accuracy     : nan

Epoch : 167
Train Loss     : 0.2160	 | 	Train Accuracy     : 0.9609
Valid Loss     : nan	 | 	Valid Accuracy     : nan

Epoch : 168
Train Loss     : 0.2058	 | 	Train Accuracy     : 0.9531
Valid Loss     : nan	 | 	Valid Accuracy     : nan

Epoch : 169
Train Loss     : 0.2338	 | 	Train Accuracy     : 0.9531
Valid Loss     : nan	 | 	Valid Accuracy     : nan

Epoch : 170
Train Loss     : 0.2375	 | 	Train Accuracy     : 0.9531
Valid Loss     : nan	 | 	Valid Accuracy     : nan

Epoch : 171
Train Loss     : 0.2543	 | 	Train Accuracy     : 0.9453
Valid Loss     : nan	 | 	Valid Accuracy     : nan

Epoch : 172
Train Loss     : 0.2060	 | 	Train Accuracy     : 0.9609
Valid Loss     : nan	 | 	Valid Accuracy     : nan

Epoch : 173
Train Loss     : 0.2145	 | 	Train Accuracy     : 0.9609
Valid Loss     : nan	 | 	Valid Accuracy     : nan

Epoch : 174
Train Loss     : 0.2150	 | 	Train Accuracy     : 0.9688
Valid Loss     : nan	 | 	Valid Accuracy     : nan

Epoch : 175
Train Loss     : 0.2423	 | 	Train Accuracy     : 0.9453
Valid Loss     : nan	 | 	Valid Accuracy     : nan

Epoch : 176
Train Loss     : 0.2110	 | 	Train Accuracy     : 0.9609
Valid Loss     : nan	 | 	Valid Accuracy     : nan

Epoch : 177
Train Loss     : 0.2435	 | 	Train Accuracy     : 0.9531
Valid Loss     : nan	 | 	Valid Accuracy     : nan

Epoch : 178
Train Loss     : 0.2272	 | 	Train Accuracy     : 0.9531
Valid Loss     : nan	 | 	Valid Accuracy     : nan

Epoch : 179
Train Loss     : 0.2095	 | 	Train Accuracy     : 0.9688
Valid Loss     : nan	 | 	Valid Accuracy     : nan

Epoch : 180
Train Loss     : 0.2289	 | 	Train Accuracy     : 0.9609
Valid Loss     : nan	 | 	Valid Accuracy     : nan

Epoch : 181
Train Loss     : 0.2371	 | 	Train Accuracy     : 0.9375
Valid Loss     : nan	 | 	Valid Accuracy     : nan

Epoch : 182
Train Loss     : 0.2032	 | 	Train Accuracy     : 0.9609
Valid Loss     : nan	 | 	Valid Accuracy     : nan

Epoch : 183
Train Loss     : 0.2268	 | 	Train Accuracy     : 0.9609
Valid Loss     : nan	 | 	Valid Accuracy     : nan

Epoch : 184
Train Loss     : 0.2421	 | 	Train Accuracy     : 0.9375
Valid Loss     : nan	 | 	Valid Accuracy     : nan

Epoch : 185
Train Loss     : 0.2565	 | 	Train Accuracy     : 0.9297
Valid Loss     : nan	 | 	Valid Accuracy     : nan

Epoch : 186
Train Loss     : 0.2325	 | 	Train Accuracy     : 0.9297
Valid Loss     : nan	 | 	Valid Accuracy     : nan

Epoch : 187
Train Loss     : 0.2357	 | 	Train Accuracy     : 0.9531
Valid Loss     : nan	 | 	Valid Accuracy     : nan

Epoch : 188
Train Loss     : 0.2196	 | 	Train Accuracy     : 0.9688
Valid Loss     : nan	 | 	Valid Accuracy     : nan

Epoch : 189
Train Loss     : 0.2367	 | 	Train Accuracy     : 0.9297
Valid Loss     : nan	 | 	Valid Accuracy     : nan

Epoch : 190
Train Loss     : 0.2301	 | 	Train Accuracy     : 0.9531
Valid Loss     : nan	 | 	Valid Accuracy     : nan

Epoch : 191
Train Loss     : 0.2074	 | 	Train Accuracy     : 0.9609
Valid Loss     : nan	 | 	Valid Accuracy     : nan

Epoch : 192
Train Loss     : 0.2118	 | 	Train Accuracy     : 0.9453
Valid Loss     : nan	 | 	Valid Accuracy     : nan

Epoch : 193
Train Loss     : 0.1967	 | 	Train Accuracy     : 0.9766
Valid Loss     : nan	 | 	Valid Accuracy     : nan

Epoch : 194
Train Loss     : 0.2334	 | 	Train Accuracy     : 0.9688
Valid Loss     : nan	 | 	Valid Accuracy     : nan

Epoch : 195
Train Loss     : 0.2323	 | 	Train Accuracy     : 0.9375
Valid Loss     : nan	 | 	Valid Accuracy     : nan

Epoch : 196
Train Loss     : 0.2291	 | 	Train Accuracy     : 0.9766
Valid Loss     : nan	 | 	Valid Accuracy     : nan

Epoch : 197
Train Loss     : 0.2081	 | 	Train Accuracy     : 0.9688
Valid Loss     : nan	 | 	Valid Accuracy     : nan

Epoch : 198
Train Loss     : 0.2321	 | 	Train Accuracy     : 0.9609
Valid Loss     : nan	 | 	Valid Accuracy     : nan

Epoch : 199
Train Loss     : 0.2336	 | 	Train Accuracy     : 0.9531
Valid Loss     : nan	 | 	Valid Accuracy     : nan

Epoch : 200
Train Loss     : 0.2300	 | 	Train Accuracy     : 0.9531
Valid Loss     : nan	 | 	Valid Accuracy     : nan

Evaluate on the Test set:
Test loss      :1.3786	 | Test Accuracy      : 0.4000

################## Training is Done! #########################
Training time is : 0:00:07.012238
