=============================================
Dataset: HAR
Method:  TS-TCC
Mode:    train_linear
=============================================
Data loaded ...
Training started ....

Epoch : 1
Train Loss     : 1.7132	 | 	Train Accuracy     : 0.2109
Valid Loss     : nan	 | 	Valid Accuracy     : nan

Epoch : 2
Train Loss     : 0.8033	 | 	Train Accuracy     : 0.7500
Valid Loss     : nan	 | 	Valid Accuracy     : nan

Epoch : 3
Train Loss     : 0.5867	 | 	Train Accuracy     : 0.8750
Valid Loss     : nan	 | 	Valid Accuracy     : nan

Epoch : 4
Train Loss     : 0.4592	 | 	Train Accuracy     : 0.8438
Valid Loss     : nan	 | 	Valid Accuracy     : nan

Epoch : 5
Train Loss     : 0.3680	 | 	Train Accuracy     : 0.9062
Valid Loss     : nan	 | 	Valid Accuracy     : nan

Epoch : 6
Train Loss     : 0.3068	 | 	Train Accuracy     : 0.9375
Valid Loss     : nan	 | 	Valid Accuracy     : nan

Epoch : 7
Train Loss     : 0.3149	 | 	Train Accuracy     : 0.9219
Valid Loss     : nan	 | 	Valid Accuracy     : nan

Epoch : 8
Train Loss     : 0.2246	 | 	Train Accuracy     : 0.9375
Valid Loss     : nan	 | 	Valid Accuracy     : nan

Epoch : 9
Train Loss     : 0.2173	 | 	Train Accuracy     : 0.9453
Valid Loss     : nan	 | 	Valid Accuracy     : nan

Epoch : 10
Train Loss     : 0.1886	 | 	Train Accuracy     : 0.9531
Valid Loss     : nan	 | 	Valid Accuracy     : nan

Epoch : 11
Train Loss     : 0.1504	 | 	Train Accuracy     : 0.9688
Valid Loss     : nan	 | 	Valid Accuracy     : nan

Epoch : 12
Train Loss     : 0.1204	 | 	Train Accuracy     : 0.9766
Valid Loss     : nan	 | 	Valid Accuracy     : nan

Epoch : 13
Train Loss     : 0.1120	 | 	Train Accuracy     : 0.9844
Valid Loss     : nan	 | 	Valid Accuracy     : nan

Epoch : 14
Train Loss     : 0.1179	 | 	Train Accuracy     : 0.9766
Valid Loss     : nan	 | 	Valid Accuracy     : nan

Epoch : 15
Train Loss     : 0.1030	 | 	Train Accuracy     : 0.9922
Valid Loss     : nan	 | 	Valid Accuracy     : nan

Epoch : 16
Train Loss     : 0.1060	 | 	Train Accuracy     : 0.9688
Valid Loss     : nan	 | 	Valid Accuracy     : nan

Epoch : 17
Train Loss     : 0.1127	 | 	Train Accuracy     : 0.9688
Valid Loss     : nan	 | 	Valid Accuracy     : nan

Epoch : 18
Train Loss     : 0.1171	 | 	Train Accuracy     : 0.9688
Valid Loss     : nan	 | 	Valid Accuracy     : nan

Epoch : 19
Train Loss     : 0.0977	 | 	Train Accuracy     : 0.9844
Valid Loss     : nan	 | 	Valid Accuracy     : nan

Epoch : 20
Train Loss     : 0.1059	 | 	Train Accuracy     : 0.9922
Valid Loss     : nan	 | 	Valid Accuracy     : nan

Epoch : 21
Train Loss     : 0.1059	 | 	Train Accuracy     : 0.9766
Valid Loss     : nan	 | 	Valid Accuracy     : nan

Epoch : 22
Train Loss     : 0.0871	 | 	Train Accuracy     : 1.0000
Valid Loss     : nan	 | 	Valid Accuracy     : nan

Epoch : 23
Train Loss     : 0.1298	 | 	Train Accuracy     : 0.9844
Valid Loss     : nan	 | 	Valid Accuracy     : nan

Epoch : 24
Train Loss     : 0.0967	 | 	Train Accuracy     : 0.9844
Valid Loss     : nan	 | 	Valid Accuracy     : nan

Epoch : 25
Train Loss     : 0.0866	 | 	Train Accuracy     : 0.9922
Valid Loss     : nan	 | 	Valid Accuracy     : nan

Epoch : 26
Train Loss     : 0.0914	 | 	Train Accuracy     : 0.9922
Valid Loss     : nan	 | 	Valid Accuracy     : nan

Epoch : 27
Train Loss     : 0.0947	 | 	Train Accuracy     : 1.0000
Valid Loss     : nan	 | 	Valid Accuracy     : nan

Epoch : 28
Train Loss     : 0.0985	 | 	Train Accuracy     : 0.9844
Valid Loss     : nan	 | 	Valid Accuracy     : nan

Epoch : 29
Train Loss     : 0.0951	 | 	Train Accuracy     : 0.9766
Valid Loss     : nan	 | 	Valid Accuracy     : nan

Epoch : 30
Train Loss     : 0.0927	 | 	Train Accuracy     : 0.9844
Valid Loss     : nan	 | 	Valid Accuracy     : nan

Epoch : 31
Train Loss     : 0.0917	 | 	Train Accuracy     : 0.9844
Valid Loss     : nan	 | 	Valid Accuracy     : nan

Epoch : 32
Train Loss     : 0.1101	 | 	Train Accuracy     : 0.9688
Valid Loss     : nan	 | 	Valid Accuracy     : nan

Epoch : 33
Train Loss     : 0.0881	 | 	Train Accuracy     : 0.9922
Valid Loss     : nan	 | 	Valid Accuracy     : nan

Epoch : 34
Train Loss     : 0.1018	 | 	Train Accuracy     : 0.9844
Valid Loss     : nan	 | 	Valid Accuracy     : nan

Epoch : 35
Train Loss     : 0.0886	 | 	Train Accuracy     : 0.9844
Valid Loss     : nan	 | 	Valid Accuracy     : nan

Epoch : 36
Train Loss     : 0.1042	 | 	Train Accuracy     : 0.9844
Valid Loss     : nan	 | 	Valid Accuracy     : nan

Epoch : 37
Train Loss     : 0.1159	 | 	Train Accuracy     : 0.9688
Valid Loss     : nan	 | 	Valid Accuracy     : nan

Epoch : 38
Train Loss     : 0.0774	 | 	Train Accuracy     : 1.0000
Valid Loss     : nan	 | 	Valid Accuracy     : nan

Epoch : 39
Train Loss     : 0.1038	 | 	Train Accuracy     : 0.9844
Valid Loss     : nan	 | 	Valid Accuracy     : nan

Epoch : 40
Train Loss     : 0.0960	 | 	Train Accuracy     : 0.9766
Valid Loss     : nan	 | 	Valid Accuracy     : nan

Evaluate on the Test set:
