=============================================
Dataset: HAR
Method:  TS-TCC
Mode:    train_linear
=============================================
Data loaded ...
Training started ....

Epoch : 1
Train Loss     : 1.9147	 | 	Train Accuracy     : 0.0625
Valid Loss     : nan	 | 	Valid Accuracy     : nan

Epoch : 2
Train Loss     : 0.9086	 | 	Train Accuracy     : 0.5547
Valid Loss     : nan	 | 	Valid Accuracy     : nan

Epoch : 3
Train Loss     : 0.8522	 | 	Train Accuracy     : 0.5469
Valid Loss     : nan	 | 	Valid Accuracy     : nan

Epoch : 4
Train Loss     : 0.6726	 | 	Train Accuracy     : 0.6406
Valid Loss     : nan	 | 	Valid Accuracy     : nan

Epoch : 5
Train Loss     : 0.5035	 | 	Train Accuracy     : 0.7266
Valid Loss     : nan	 | 	Valid Accuracy     : nan

Epoch : 6
Train Loss     : 0.5023	 | 	Train Accuracy     : 0.7031
Valid Loss     : nan	 | 	Valid Accuracy     : nan

Epoch : 7
Train Loss     : 0.4847	 | 	Train Accuracy     : 0.7422
Valid Loss     : nan	 | 	Valid Accuracy     : nan

Epoch : 8
Train Loss     : 0.4118	 | 	Train Accuracy     : 0.7656
Valid Loss     : nan	 | 	Valid Accuracy     : nan

Epoch : 9
Train Loss     : 0.4463	 | 	Train Accuracy     : 0.7578
Valid Loss     : nan	 | 	Valid Accuracy     : nan

Epoch : 10
Train Loss     : 0.3882	 | 	Train Accuracy     : 0.7734
Valid Loss     : nan	 | 	Valid Accuracy     : nan

Epoch : 11
Train Loss     : 0.3491	 | 	Train Accuracy     : 0.8750
Valid Loss     : nan	 | 	Valid Accuracy     : nan

Epoch : 12
Train Loss     : 0.3500	 | 	Train Accuracy     : 0.7969
Valid Loss     : nan	 | 	Valid Accuracy     : nan

Epoch : 13
Train Loss     : 0.3750	 | 	Train Accuracy     : 0.7734
Valid Loss     : nan	 | 	Valid Accuracy     : nan

Epoch : 14
Train Loss     : 0.3329	 | 	Train Accuracy     : 0.8125
Valid Loss     : nan	 | 	Valid Accuracy     : nan

Epoch : 15
Train Loss     : 0.3510	 | 	Train Accuracy     : 0.8047
Valid Loss     : nan	 | 	Valid Accuracy     : nan

Epoch : 16
Train Loss     : 0.3328	 | 	Train Accuracy     : 0.8125
Valid Loss     : nan	 | 	Valid Accuracy     : nan

Epoch : 17
Train Loss     : 0.3295	 | 	Train Accuracy     : 0.8203
Valid Loss     : nan	 | 	Valid Accuracy     : nan

Epoch : 18
Train Loss     : 0.3395	 | 	Train Accuracy     : 0.7969
Valid Loss     : nan	 | 	Valid Accuracy     : nan

Epoch : 19
Train Loss     : 0.3170	 | 	Train Accuracy     : 0.8672
Valid Loss     : nan	 | 	Valid Accuracy     : nan

Epoch : 20
Train Loss     : 0.3184	 | 	Train Accuracy     : 0.8750
Valid Loss     : nan	 | 	Valid Accuracy     : nan

Epoch : 21
Train Loss     : 0.3353	 | 	Train Accuracy     : 0.8594
Valid Loss     : nan	 | 	Valid Accuracy     : nan

Epoch : 22
Train Loss     : 0.3253	 | 	Train Accuracy     : 0.8594
Valid Loss     : nan	 | 	Valid Accuracy     : nan

Epoch : 23
Train Loss     : 0.3160	 | 	Train Accuracy     : 0.8516
Valid Loss     : nan	 | 	Valid Accuracy     : nan

Epoch : 24
Train Loss     : 0.3182	 | 	Train Accuracy     : 0.8672
Valid Loss     : nan	 | 	Valid Accuracy     : nan

Epoch : 25
Train Loss     : 0.3202	 | 	Train Accuracy     : 0.8750
Valid Loss     : nan	 | 	Valid Accuracy     : nan

Epoch : 26
Train Loss     : 0.3285	 | 	Train Accuracy     : 0.8516
Valid Loss     : nan	 | 	Valid Accuracy     : nan

Epoch : 27
Train Loss     : 0.3109	 | 	Train Accuracy     : 0.8594
Valid Loss     : nan	 | 	Valid Accuracy     : nan

Epoch : 28
Train Loss     : 0.3342	 | 	Train Accuracy     : 0.8594
Valid Loss     : nan	 | 	Valid Accuracy     : nan

Epoch : 29
Train Loss     : 0.3194	 | 	Train Accuracy     : 0.8828
Valid Loss     : nan	 | 	Valid Accuracy     : nan

Epoch : 30
Train Loss     : 0.3280	 | 	Train Accuracy     : 0.8516
Valid Loss     : nan	 | 	Valid Accuracy     : nan

Epoch : 31
Train Loss     : 0.3265	 | 	Train Accuracy     : 0.8594
Valid Loss     : nan	 | 	Valid Accuracy     : nan

Epoch : 32
Train Loss     : 0.3128	 | 	Train Accuracy     : 0.8750
Valid Loss     : nan	 | 	Valid Accuracy     : nan

Epoch : 33
Train Loss     : 0.3133	 | 	Train Accuracy     : 0.8828
Valid Loss     : nan	 | 	Valid Accuracy     : nan

Epoch : 34
Train Loss     : 0.3223	 | 	Train Accuracy     : 0.8594
Valid Loss     : nan	 | 	Valid Accuracy     : nan

Epoch : 35
Train Loss     : 0.3043	 | 	Train Accuracy     : 0.8750
Valid Loss     : nan	 | 	Valid Accuracy     : nan

Epoch : 36
Train Loss     : 0.3075	 | 	Train Accuracy     : 0.8984
Valid Loss     : nan	 | 	Valid Accuracy     : nan

Epoch : 37
Train Loss     : 0.2983	 | 	Train Accuracy     : 0.8984
Valid Loss     : nan	 | 	Valid Accuracy     : nan

Epoch : 38
Train Loss     : 0.3273	 | 	Train Accuracy     : 0.8594
Valid Loss     : nan	 | 	Valid Accuracy     : nan

Epoch : 39
Train Loss     : 0.3233	 | 	Train Accuracy     : 0.8672
Valid Loss     : nan	 | 	Valid Accuracy     : nan

Epoch : 40
Train Loss     : 0.3188	 | 	Train Accuracy     : 0.8750
Valid Loss     : nan	 | 	Valid Accuracy     : nan

Epoch : 41
Train Loss     : 0.3140	 | 	Train Accuracy     : 0.8906
Valid Loss     : nan	 | 	Valid Accuracy     : nan

Epoch : 42
Train Loss     : 0.3209	 | 	Train Accuracy     : 0.8906
Valid Loss     : nan	 | 	Valid Accuracy     : nan

Epoch : 43
Train Loss     : 0.3111	 | 	Train Accuracy     : 0.8750
Valid Loss     : nan	 | 	Valid Accuracy     : nan

Epoch : 44
Train Loss     : 0.2944	 | 	Train Accuracy     : 0.8984
Valid Loss     : nan	 | 	Valid Accuracy     : nan

Epoch : 45
Train Loss     : 0.3210	 | 	Train Accuracy     : 0.8516
Valid Loss     : nan	 | 	Valid Accuracy     : nan

Epoch : 46
Train Loss     : 0.3100	 | 	Train Accuracy     : 0.8906
Valid Loss     : nan	 | 	Valid Accuracy     : nan

Epoch : 47
Train Loss     : 0.3228	 | 	Train Accuracy     : 0.8594
Valid Loss     : nan	 | 	Valid Accuracy     : nan

Epoch : 48
Train Loss     : 0.3325	 | 	Train Accuracy     : 0.8594
Valid Loss     : nan	 | 	Valid Accuracy     : nan

Epoch : 49
Train Loss     : 0.3248	 | 	Train Accuracy     : 0.8750
Valid Loss     : nan	 | 	Valid Accuracy     : nan

Epoch : 50
Train Loss     : 0.3432	 | 	Train Accuracy     : 0.8438
Valid Loss     : nan	 | 	Valid Accuracy     : nan

Epoch : 51
Train Loss     : 0.3196	 | 	Train Accuracy     : 0.8906
Valid Loss     : nan	 | 	Valid Accuracy     : nan

Epoch : 52
Train Loss     : 0.3268	 | 	Train Accuracy     : 0.8516
Valid Loss     : nan	 | 	Valid Accuracy     : nan

Epoch : 53
Train Loss     : 0.3228	 | 	Train Accuracy     : 0.8906
Valid Loss     : nan	 | 	Valid Accuracy     : nan

Epoch : 54
Train Loss     : 0.3181	 | 	Train Accuracy     : 0.8906
Valid Loss     : nan	 | 	Valid Accuracy     : nan

Epoch : 55
Train Loss     : 0.3276	 | 	Train Accuracy     : 0.8750
Valid Loss     : nan	 | 	Valid Accuracy     : nan

Epoch : 56
Train Loss     : 0.3283	 | 	Train Accuracy     : 0.8516
Valid Loss     : nan	 | 	Valid Accuracy     : nan

Epoch : 57
Train Loss     : 0.3198	 | 	Train Accuracy     : 0.8672
Valid Loss     : nan	 | 	Valid Accuracy     : nan

Epoch : 58
Train Loss     : 0.3188	 | 	Train Accuracy     : 0.8438
Valid Loss     : nan	 | 	Valid Accuracy     : nan

Epoch : 59
Train Loss     : 0.3233	 | 	Train Accuracy     : 0.8672
Valid Loss     : nan	 | 	Valid Accuracy     : nan

Epoch : 60
Train Loss     : 0.3120	 | 	Train Accuracy     : 0.8750
Valid Loss     : nan	 | 	Valid Accuracy     : nan

Epoch : 61
Train Loss     : 0.2978	 | 	Train Accuracy     : 0.9141
Valid Loss     : nan	 | 	Valid Accuracy     : nan

Epoch : 62
Train Loss     : 0.3339	 | 	Train Accuracy     : 0.8516
Valid Loss     : nan	 | 	Valid Accuracy     : nan

Epoch : 63
Train Loss     : 0.3161	 | 	Train Accuracy     : 0.8750
Valid Loss     : nan	 | 	Valid Accuracy     : nan

Epoch : 64
Train Loss     : 0.3100	 | 	Train Accuracy     : 0.8828
Valid Loss     : nan	 | 	Valid Accuracy     : nan

Epoch : 65
Train Loss     : 0.3263	 | 	Train Accuracy     : 0.8281
Valid Loss     : nan	 | 	Valid Accuracy     : nan

Epoch : 66
Train Loss     : 0.3151	 | 	Train Accuracy     : 0.8672
Valid Loss     : nan	 | 	Valid Accuracy     : nan

Epoch : 67
Train Loss     : 0.3316	 | 	Train Accuracy     : 0.8906
Valid Loss     : nan	 | 	Valid Accuracy     : nan

Epoch : 68
Train Loss     : 0.3241	 | 	Train Accuracy     : 0.8516
Valid Loss     : nan	 | 	Valid Accuracy     : nan

Epoch : 69
Train Loss     : 0.3139	 | 	Train Accuracy     : 0.8828
Valid Loss     : nan	 | 	Valid Accuracy     : nan

Epoch : 70
Train Loss     : 0.3089	 | 	Train Accuracy     : 0.8750
Valid Loss     : nan	 | 	Valid Accuracy     : nan

Epoch : 71
Train Loss     : 0.3226	 | 	Train Accuracy     : 0.8672
Valid Loss     : nan	 | 	Valid Accuracy     : nan

Epoch : 72
Train Loss     : 0.3320	 | 	Train Accuracy     : 0.8516
Valid Loss     : nan	 | 	Valid Accuracy     : nan

Epoch : 73
Train Loss     : 0.3168	 | 	Train Accuracy     : 0.8594
Valid Loss     : nan	 | 	Valid Accuracy     : nan

Epoch : 74
Train Loss     : 0.3195	 | 	Train Accuracy     : 0.8750
Valid Loss     : nan	 | 	Valid Accuracy     : nan

Epoch : 75
Train Loss     : 0.3352	 | 	Train Accuracy     : 0.8516
Valid Loss     : nan	 | 	Valid Accuracy     : nan

Epoch : 76
Train Loss     : 0.3418	 | 	Train Accuracy     : 0.8594
Valid Loss     : nan	 | 	Valid Accuracy     : nan

Epoch : 77
Train Loss     : 0.3296	 | 	Train Accuracy     : 0.8672
Valid Loss     : nan	 | 	Valid Accuracy     : nan

Epoch : 78
Train Loss     : 0.3118	 | 	Train Accuracy     : 0.8750
Valid Loss     : nan	 | 	Valid Accuracy     : nan

Epoch : 79
Train Loss     : 0.3149	 | 	Train Accuracy     : 0.8750
Valid Loss     : nan	 | 	Valid Accuracy     : nan

Epoch : 80
Train Loss     : 0.3473	 | 	Train Accuracy     : 0.7969
Valid Loss     : nan	 | 	Valid Accuracy     : nan

Epoch : 81
Train Loss     : 0.3157	 | 	Train Accuracy     : 0.8984
Valid Loss     : nan	 | 	Valid Accuracy     : nan

Epoch : 82
Train Loss     : 0.3111	 | 	Train Accuracy     : 0.8828
Valid Loss     : nan	 | 	Valid Accuracy     : nan

Epoch : 83
Train Loss     : 0.3104	 | 	Train Accuracy     : 0.8828
Valid Loss     : nan	 | 	Valid Accuracy     : nan

Epoch : 84
Train Loss     : 0.3194	 | 	Train Accuracy     : 0.8672
Valid Loss     : nan	 | 	Valid Accuracy     : nan

Epoch : 85
Train Loss     : 0.3159	 | 	Train Accuracy     : 0.8828
Valid Loss     : nan	 | 	Valid Accuracy     : nan

Epoch : 86
Train Loss     : 0.3210	 | 	Train Accuracy     : 0.8516
Valid Loss     : nan	 | 	Valid Accuracy     : nan

Epoch : 87
Train Loss     : 0.3097	 | 	Train Accuracy     : 0.8984
Valid Loss     : nan	 | 	Valid Accuracy     : nan

Epoch : 88
Train Loss     : 0.3212	 | 	Train Accuracy     : 0.8906
Valid Loss     : nan	 | 	Valid Accuracy     : nan

Epoch : 89
Train Loss     : 0.3130	 | 	Train Accuracy     : 0.8750
Valid Loss     : nan	 | 	Valid Accuracy     : nan

Epoch : 90
Train Loss     : 0.3274	 | 	Train Accuracy     : 0.8750
Valid Loss     : nan	 | 	Valid Accuracy     : nan

Epoch : 91
Train Loss     : 0.3099	 | 	Train Accuracy     : 0.8906
Valid Loss     : nan	 | 	Valid Accuracy     : nan

Epoch : 92
Train Loss     : 0.3148	 | 	Train Accuracy     : 0.8906
Valid Loss     : nan	 | 	Valid Accuracy     : nan

Epoch : 93
Train Loss     : 0.3198	 | 	Train Accuracy     : 0.8828
Valid Loss     : nan	 | 	Valid Accuracy     : nan

Epoch : 94
Train Loss     : 0.3224	 | 	Train Accuracy     : 0.8594
Valid Loss     : nan	 | 	Valid Accuracy     : nan

Epoch : 95
Train Loss     : 0.3136	 | 	Train Accuracy     : 0.8750
Valid Loss     : nan	 | 	Valid Accuracy     : nan

Epoch : 96
Train Loss     : 0.3211	 | 	Train Accuracy     : 0.8750
Valid Loss     : nan	 | 	Valid Accuracy     : nan

Epoch : 97
Train Loss     : 0.3126	 | 	Train Accuracy     : 0.8672
Valid Loss     : nan	 | 	Valid Accuracy     : nan

Epoch : 98
Train Loss     : 0.3203	 | 	Train Accuracy     : 0.8828
Valid Loss     : nan	 | 	Valid Accuracy     : nan

Epoch : 99
Train Loss     : 0.3102	 | 	Train Accuracy     : 0.9062
Valid Loss     : nan	 | 	Valid Accuracy     : nan

Epoch : 100
Train Loss     : 0.3237	 | 	Train Accuracy     : 0.8750
Valid Loss     : nan	 | 	Valid Accuracy     : nan

Epoch : 101
Train Loss     : 0.3071	 | 	Train Accuracy     : 0.8750
Valid Loss     : nan	 | 	Valid Accuracy     : nan

Epoch : 102
Train Loss     : 0.3262	 | 	Train Accuracy     : 0.8828
Valid Loss     : nan	 | 	Valid Accuracy     : nan

Epoch : 103
Train Loss     : 0.3321	 | 	Train Accuracy     : 0.8516
Valid Loss     : nan	 | 	Valid Accuracy     : nan

Epoch : 104
Train Loss     : 0.3081	 | 	Train Accuracy     : 0.8750
Valid Loss     : nan	 | 	Valid Accuracy     : nan

Epoch : 105
Train Loss     : 0.3141	 | 	Train Accuracy     : 0.8750
Valid Loss     : nan	 | 	Valid Accuracy     : nan

Epoch : 106
Train Loss     : 0.3308	 | 	Train Accuracy     : 0.8516
Valid Loss     : nan	 | 	Valid Accuracy     : nan

Epoch : 107
Train Loss     : 0.3280	 | 	Train Accuracy     : 0.8906
Valid Loss     : nan	 | 	Valid Accuracy     : nan

Epoch : 108
Train Loss     : 0.3294	 | 	Train Accuracy     : 0.8516
Valid Loss     : nan	 | 	Valid Accuracy     : nan

Epoch : 109
Train Loss     : 0.3123	 | 	Train Accuracy     : 0.8750
Valid Loss     : nan	 | 	Valid Accuracy     : nan

Epoch : 110
Train Loss     : 0.3209	 | 	Train Accuracy     : 0.8672
Valid Loss     : nan	 | 	Valid Accuracy     : nan

Epoch : 111
Train Loss     : 0.3035	 | 	Train Accuracy     : 0.8906
Valid Loss     : nan	 | 	Valid Accuracy     : nan

Epoch : 112
Train Loss     : 0.3061	 | 	Train Accuracy     : 0.8984
Valid Loss     : nan	 | 	Valid Accuracy     : nan

Epoch : 113
Train Loss     : 0.3163	 | 	Train Accuracy     : 0.8672
Valid Loss     : nan	 | 	Valid Accuracy     : nan

Epoch : 114
Train Loss     : 0.3005	 | 	Train Accuracy     : 0.8906
Valid Loss     : nan	 | 	Valid Accuracy     : nan

Epoch : 115
Train Loss     : 0.3218	 | 	Train Accuracy     : 0.8750
Valid Loss     : nan	 | 	Valid Accuracy     : nan

Epoch : 116
Train Loss     : 0.3194	 | 	Train Accuracy     : 0.8672
Valid Loss     : nan	 | 	Valid Accuracy     : nan

Epoch : 117
Train Loss     : 0.3141	 | 	Train Accuracy     : 0.8750
Valid Loss     : nan	 | 	Valid Accuracy     : nan

Epoch : 118
Train Loss     : 0.3122	 | 	Train Accuracy     : 0.8828
Valid Loss     : nan	 | 	Valid Accuracy     : nan

Epoch : 119
Train Loss     : 0.3204	 | 	Train Accuracy     : 0.8594
Valid Loss     : nan	 | 	Valid Accuracy     : nan

Epoch : 120
Train Loss     : 0.3135	 | 	Train Accuracy     : 0.8828
Valid Loss     : nan	 | 	Valid Accuracy     : nan

Epoch : 121
Train Loss     : 0.3144	 | 	Train Accuracy     : 0.8828
Valid Loss     : nan	 | 	Valid Accuracy     : nan

Epoch : 122
Train Loss     : 0.3323	 | 	Train Accuracy     : 0.8672
Valid Loss     : nan	 | 	Valid Accuracy     : nan

Epoch : 123
Train Loss     : 0.3163	 | 	Train Accuracy     : 0.8750
Valid Loss     : nan	 | 	Valid Accuracy     : nan

Epoch : 124
Train Loss     : 0.3189	 | 	Train Accuracy     : 0.8906
Valid Loss     : nan	 | 	Valid Accuracy     : nan

Epoch : 125
Train Loss     : 0.3190	 | 	Train Accuracy     : 0.8828
Valid Loss     : nan	 | 	Valid Accuracy     : nan

Epoch : 126
Train Loss     : 0.3142	 | 	Train Accuracy     : 0.8672
Valid Loss     : nan	 | 	Valid Accuracy     : nan

Epoch : 127
Train Loss     : 0.3148	 | 	Train Accuracy     : 0.8828
Valid Loss     : nan	 | 	Valid Accuracy     : nan

Epoch : 128
Train Loss     : 0.3183	 | 	Train Accuracy     : 0.8828
Valid Loss     : nan	 | 	Valid Accuracy     : nan

Epoch : 129
Train Loss     : 0.3395	 | 	Train Accuracy     : 0.8203
Valid Loss     : nan	 | 	Valid Accuracy     : nan

Epoch : 130
Train Loss     : 0.3234	 | 	Train Accuracy     : 0.8594
Valid Loss     : nan	 | 	Valid Accuracy     : nan

Epoch : 131
Train Loss     : 0.3188	 | 	Train Accuracy     : 0.8594
Valid Loss     : nan	 | 	Valid Accuracy     : nan

Epoch : 132
Train Loss     : 0.3154	 | 	Train Accuracy     : 0.8984
Valid Loss     : nan	 | 	Valid Accuracy     : nan

Epoch : 133
Train Loss     : 0.3133	 | 	Train Accuracy     : 0.8906
Valid Loss     : nan	 | 	Valid Accuracy     : nan

Epoch : 134
Train Loss     : 0.3164	 | 	Train Accuracy     : 0.8516
Valid Loss     : nan	 | 	Valid Accuracy     : nan

Epoch : 135
Train Loss     : 0.3111	 | 	Train Accuracy     : 0.8750
Valid Loss     : nan	 | 	Valid Accuracy     : nan

Epoch : 136
Train Loss     : 0.3139	 | 	Train Accuracy     : 0.8750
Valid Loss     : nan	 | 	Valid Accuracy     : nan

Epoch : 137
Train Loss     : 0.3216	 | 	Train Accuracy     : 0.8750
Valid Loss     : nan	 | 	Valid Accuracy     : nan

Epoch : 138
Train Loss     : 0.3242	 | 	Train Accuracy     : 0.8516
Valid Loss     : nan	 | 	Valid Accuracy     : nan

Epoch : 139
Train Loss     : 0.3115	 | 	Train Accuracy     : 0.8828
Valid Loss     : nan	 | 	Valid Accuracy     : nan

Epoch : 140
Train Loss     : 0.3095	 | 	Train Accuracy     : 0.8906
Valid Loss     : nan	 | 	Valid Accuracy     : nan

Epoch : 141
Train Loss     : 0.3160	 | 	Train Accuracy     : 0.8672
Valid Loss     : nan	 | 	Valid Accuracy     : nan

Epoch : 142
Train Loss     : 0.3382	 | 	Train Accuracy     : 0.8516
Valid Loss     : nan	 | 	Valid Accuracy     : nan

Epoch : 143
Train Loss     : 0.3143	 | 	Train Accuracy     : 0.8984
Valid Loss     : nan	 | 	Valid Accuracy     : nan

Epoch : 144
Train Loss     : 0.2982	 | 	Train Accuracy     : 0.8906
Valid Loss     : nan	 | 	Valid Accuracy     : nan

Epoch : 145
Train Loss     : 0.3241	 | 	Train Accuracy     : 0.8672
Valid Loss     : nan	 | 	Valid Accuracy     : nan

Epoch : 146
Train Loss     : 0.3322	 | 	Train Accuracy     : 0.8672
Valid Loss     : nan	 | 	Valid Accuracy     : nan

Epoch : 147
Train Loss     : 0.3291	 | 	Train Accuracy     : 0.8516
Valid Loss     : nan	 | 	Valid Accuracy     : nan

Epoch : 148
Train Loss     : 0.3090	 | 	Train Accuracy     : 0.8750
Valid Loss     : nan	 | 	Valid Accuracy     : nan

Epoch : 149
Train Loss     : 0.2975	 | 	Train Accuracy     : 0.8828
Valid Loss     : nan	 | 	Valid Accuracy     : nan

Epoch : 150
Train Loss     : 0.3083	 | 	Train Accuracy     : 0.8828
Valid Loss     : nan	 | 	Valid Accuracy     : nan

Epoch : 151
Train Loss     : 0.3206	 | 	Train Accuracy     : 0.8594
Valid Loss     : nan	 | 	Valid Accuracy     : nan

Epoch : 152
Train Loss     : 0.3280	 | 	Train Accuracy     : 0.8516
Valid Loss     : nan	 | 	Valid Accuracy     : nan

Epoch : 153
Train Loss     : 0.3094	 | 	Train Accuracy     : 0.8984
Valid Loss     : nan	 | 	Valid Accuracy     : nan

Epoch : 154
Train Loss     : 0.3186	 | 	Train Accuracy     : 0.8906
Valid Loss     : nan	 | 	Valid Accuracy     : nan

Epoch : 155
Train Loss     : 0.3092	 | 	Train Accuracy     : 0.8906
Valid Loss     : nan	 | 	Valid Accuracy     : nan

Epoch : 156
Train Loss     : 0.3584	 | 	Train Accuracy     : 0.8359
Valid Loss     : nan	 | 	Valid Accuracy     : nan

Epoch : 157
Train Loss     : 0.3137	 | 	Train Accuracy     : 0.8516
Valid Loss     : nan	 | 	Valid Accuracy     : nan

Epoch : 158
Train Loss     : 0.3139	 | 	Train Accuracy     : 0.8438
Valid Loss     : nan	 | 	Valid Accuracy     : nan

Epoch : 159
Train Loss     : 0.3213	 | 	Train Accuracy     : 0.8594
Valid Loss     : nan	 | 	Valid Accuracy     : nan

Epoch : 160
Train Loss     : 0.3131	 | 	Train Accuracy     : 0.8828
Valid Loss     : nan	 | 	Valid Accuracy     : nan

Epoch : 161
Train Loss     : 0.3240	 | 	Train Accuracy     : 0.8594
Valid Loss     : nan	 | 	Valid Accuracy     : nan

Epoch : 162
Train Loss     : 0.3100	 | 	Train Accuracy     : 0.9062
Valid Loss     : nan	 | 	Valid Accuracy     : nan

Epoch : 163
Train Loss     : 0.2978	 | 	Train Accuracy     : 0.8750
Valid Loss     : nan	 | 	Valid Accuracy     : nan

Epoch : 164
Train Loss     : 0.3369	 | 	Train Accuracy     : 0.8359
Valid Loss     : nan	 | 	Valid Accuracy     : nan

Epoch : 165
Train Loss     : 0.3436	 | 	Train Accuracy     : 0.8281
Valid Loss     : nan	 | 	Valid Accuracy     : nan

Epoch : 166
Train Loss     : 0.3095	 | 	Train Accuracy     : 0.8906
Valid Loss     : nan	 | 	Valid Accuracy     : nan

Epoch : 167
Train Loss     : 0.3296	 | 	Train Accuracy     : 0.8438
Valid Loss     : nan	 | 	Valid Accuracy     : nan

Epoch : 168
Train Loss     : 0.3136	 | 	Train Accuracy     : 0.8750
Valid Loss     : nan	 | 	Valid Accuracy     : nan

Epoch : 169
Train Loss     : 0.3101	 | 	Train Accuracy     : 0.8750
Valid Loss     : nan	 | 	Valid Accuracy     : nan

Epoch : 170
Train Loss     : 0.3385	 | 	Train Accuracy     : 0.8750
Valid Loss     : nan	 | 	Valid Accuracy     : nan

Epoch : 171
Train Loss     : 0.3005	 | 	Train Accuracy     : 0.9062
Valid Loss     : nan	 | 	Valid Accuracy     : nan

Epoch : 172
Train Loss     : 0.3314	 | 	Train Accuracy     : 0.8594
Valid Loss     : nan	 | 	Valid Accuracy     : nan

Epoch : 173
Train Loss     : 0.3224	 | 	Train Accuracy     : 0.8516
Valid Loss     : nan	 | 	Valid Accuracy     : nan

Epoch : 174
Train Loss     : 0.3254	 | 	Train Accuracy     : 0.8750
Valid Loss     : nan	 | 	Valid Accuracy     : nan

Epoch : 175
Train Loss     : 0.3381	 | 	Train Accuracy     : 0.8359
Valid Loss     : nan	 | 	Valid Accuracy     : nan

Epoch : 176
Train Loss     : 0.3261	 | 	Train Accuracy     : 0.8594
Valid Loss     : nan	 | 	Valid Accuracy     : nan

Epoch : 177
Train Loss     : 0.3093	 | 	Train Accuracy     : 0.8828
Valid Loss     : nan	 | 	Valid Accuracy     : nan

Epoch : 178
Train Loss     : 0.3041	 | 	Train Accuracy     : 0.8984
Valid Loss     : nan	 | 	Valid Accuracy     : nan

Epoch : 179
Train Loss     : 0.3191	 | 	Train Accuracy     : 0.8828
Valid Loss     : nan	 | 	Valid Accuracy     : nan

Epoch : 180
Train Loss     : 0.3236	 | 	Train Accuracy     : 0.8750
Valid Loss     : nan	 | 	Valid Accuracy     : nan

Epoch : 181
Train Loss     : 0.2989	 | 	Train Accuracy     : 0.8906
Valid Loss     : nan	 | 	Valid Accuracy     : nan

Epoch : 182
Train Loss     : 0.3260	 | 	Train Accuracy     : 0.8750
Valid Loss     : nan	 | 	Valid Accuracy     : nan

Epoch : 183
Train Loss     : 0.3113	 | 	Train Accuracy     : 0.8828
Valid Loss     : nan	 | 	Valid Accuracy     : nan

Epoch : 184
Train Loss     : 0.3218	 | 	Train Accuracy     : 0.8750
Valid Loss     : nan	 | 	Valid Accuracy     : nan

Epoch : 185
Train Loss     : 0.3253	 | 	Train Accuracy     : 0.8438
Valid Loss     : nan	 | 	Valid Accuracy     : nan

Epoch : 186
Train Loss     : 0.3182	 | 	Train Accuracy     : 0.8984
Valid Loss     : nan	 | 	Valid Accuracy     : nan

Epoch : 187
Train Loss     : 0.3260	 | 	Train Accuracy     : 0.8672
Valid Loss     : nan	 | 	Valid Accuracy     : nan

Epoch : 188
Train Loss     : 0.3345	 | 	Train Accuracy     : 0.8750
Valid Loss     : nan	 | 	Valid Accuracy     : nan

Epoch : 189
Train Loss     : 0.3190	 | 	Train Accuracy     : 0.8672
Valid Loss     : nan	 | 	Valid Accuracy     : nan

Epoch : 190
Train Loss     : 0.3108	 | 	Train Accuracy     : 0.8750
Valid Loss     : nan	 | 	Valid Accuracy     : nan

Epoch : 191
Train Loss     : 0.3186	 | 	Train Accuracy     : 0.8516
Valid Loss     : nan	 | 	Valid Accuracy     : nan

Epoch : 192
Train Loss     : 0.3151	 | 	Train Accuracy     : 0.8828
Valid Loss     : nan	 | 	Valid Accuracy     : nan

Epoch : 193
Train Loss     : 0.3163	 | 	Train Accuracy     : 0.8828
Valid Loss     : nan	 | 	Valid Accuracy     : nan

Epoch : 194
Train Loss     : 0.3183	 | 	Train Accuracy     : 0.8672
Valid Loss     : nan	 | 	Valid Accuracy     : nan

Epoch : 195
Train Loss     : 0.3074	 | 	Train Accuracy     : 0.8984
Valid Loss     : nan	 | 	Valid Accuracy     : nan

Epoch : 196
Train Loss     : 0.3482	 | 	Train Accuracy     : 0.8516
Valid Loss     : nan	 | 	Valid Accuracy     : nan

Epoch : 197
Train Loss     : 0.3286	 | 	Train Accuracy     : 0.8828
Valid Loss     : nan	 | 	Valid Accuracy     : nan

Epoch : 198
Train Loss     : 0.3193	 | 	Train Accuracy     : 0.8906
Valid Loss     : nan	 | 	Valid Accuracy     : nan

Epoch : 199
Train Loss     : 0.3354	 | 	Train Accuracy     : 0.8672
Valid Loss     : nan	 | 	Valid Accuracy     : nan

Epoch : 200
Train Loss     : 0.3288	 | 	Train Accuracy     : 0.8438
Valid Loss     : nan	 | 	Valid Accuracy     : nan

Epoch : 201
Train Loss     : 0.3429	 | 	Train Accuracy     : 0.8438
Valid Loss     : nan	 | 	Valid Accuracy     : nan

Epoch : 202
Train Loss     : 0.3223	 | 	Train Accuracy     : 0.8594
Valid Loss     : nan	 | 	Valid Accuracy     : nan

Epoch : 203
Train Loss     : 0.3183	 | 	Train Accuracy     : 0.8672
Valid Loss     : nan	 | 	Valid Accuracy     : nan

Epoch : 204
Train Loss     : 0.3247	 | 	Train Accuracy     : 0.8672
Valid Loss     : nan	 | 	Valid Accuracy     : nan

Epoch : 205
Train Loss     : 0.3279	 | 	Train Accuracy     : 0.8672
Valid Loss     : nan	 | 	Valid Accuracy     : nan

Epoch : 206
Train Loss     : 0.3152	 | 	Train Accuracy     : 0.8750
Valid Loss     : nan	 | 	Valid Accuracy     : nan

Epoch : 207
Train Loss     : 0.3249	 | 	Train Accuracy     : 0.8438
Valid Loss     : nan	 | 	Valid Accuracy     : nan

Epoch : 208
Train Loss     : 0.3088	 | 	Train Accuracy     : 0.8828
Valid Loss     : nan	 | 	Valid Accuracy     : nan

Epoch : 209
Train Loss     : 0.3152	 | 	Train Accuracy     : 0.8906
Valid Loss     : nan	 | 	Valid Accuracy     : nan

Epoch : 210
Train Loss     : 0.3228	 | 	Train Accuracy     : 0.8828
Valid Loss     : nan	 | 	Valid Accuracy     : nan

Epoch : 211
Train Loss     : 0.3167	 | 	Train Accuracy     : 0.8438
Valid Loss     : nan	 | 	Valid Accuracy     : nan

Epoch : 212
Train Loss     : 0.3162	 | 	Train Accuracy     : 0.8906
Valid Loss     : nan	 | 	Valid Accuracy     : nan

Epoch : 213
Train Loss     : 0.3384	 | 	Train Accuracy     : 0.8359
Valid Loss     : nan	 | 	Valid Accuracy     : nan

Epoch : 214
Train Loss     : 0.3118	 | 	Train Accuracy     : 0.8672
Valid Loss     : nan	 | 	Valid Accuracy     : nan

Epoch : 215
Train Loss     : 0.3150	 | 	Train Accuracy     : 0.8828
Valid Loss     : nan	 | 	Valid Accuracy     : nan

Epoch : 216
Train Loss     : 0.3084	 | 	Train Accuracy     : 0.8984
Valid Loss     : nan	 | 	Valid Accuracy     : nan

Epoch : 217
Train Loss     : 0.3099	 | 	Train Accuracy     : 0.8906
Valid Loss     : nan	 | 	Valid Accuracy     : nan

Epoch : 218
Train Loss     : 0.3052	 | 	Train Accuracy     : 0.8828
Valid Loss     : nan	 | 	Valid Accuracy     : nan

Epoch : 219
Train Loss     : 0.3264	 | 	Train Accuracy     : 0.8438
Valid Loss     : nan	 | 	Valid Accuracy     : nan

Epoch : 220
Train Loss     : 0.3025	 | 	Train Accuracy     : 0.9062
Valid Loss     : nan	 | 	Valid Accuracy     : nan

Epoch : 221
Train Loss     : 0.3056	 | 	Train Accuracy     : 0.8672
Valid Loss     : nan	 | 	Valid Accuracy     : nan

Epoch : 222
Train Loss     : 0.3209	 | 	Train Accuracy     : 0.8750
Valid Loss     : nan	 | 	Valid Accuracy     : nan

Epoch : 223
Train Loss     : 0.3233	 | 	Train Accuracy     : 0.8672
Valid Loss     : nan	 | 	Valid Accuracy     : nan

Epoch : 224
Train Loss     : 0.3217	 | 	Train Accuracy     : 0.8438
Valid Loss     : nan	 | 	Valid Accuracy     : nan

Epoch : 225
Train Loss     : 0.3189	 | 	Train Accuracy     : 0.8984
Valid Loss     : nan	 | 	Valid Accuracy     : nan

Epoch : 226
Train Loss     : 0.3387	 | 	Train Accuracy     : 0.8438
Valid Loss     : nan	 | 	Valid Accuracy     : nan

Epoch : 227
Train Loss     : 0.3193	 | 	Train Accuracy     : 0.8594
Valid Loss     : nan	 | 	Valid Accuracy     : nan

Epoch : 228
Train Loss     : 0.3243	 | 	Train Accuracy     : 0.8672
Valid Loss     : nan	 | 	Valid Accuracy     : nan

Epoch : 229
Train Loss     : 0.3376	 | 	Train Accuracy     : 0.8516
Valid Loss     : nan	 | 	Valid Accuracy     : nan

Epoch : 230
Train Loss     : 0.2956	 | 	Train Accuracy     : 0.8906
Valid Loss     : nan	 | 	Valid Accuracy     : nan

Epoch : 231
Train Loss     : 0.3155	 | 	Train Accuracy     : 0.8672
Valid Loss     : nan	 | 	Valid Accuracy     : nan

Epoch : 232
Train Loss     : 0.3164	 | 	Train Accuracy     : 0.8828
Valid Loss     : nan	 | 	Valid Accuracy     : nan

Epoch : 233
Train Loss     : 0.3138	 | 	Train Accuracy     : 0.8828
Valid Loss     : nan	 | 	Valid Accuracy     : nan

Epoch : 234
Train Loss     : 0.3180	 | 	Train Accuracy     : 0.8516
Valid Loss     : nan	 | 	Valid Accuracy     : nan

Epoch : 235
Train Loss     : 0.3128	 | 	Train Accuracy     : 0.8828
Valid Loss     : nan	 | 	Valid Accuracy     : nan

Epoch : 236
Train Loss     : 0.3159	 | 	Train Accuracy     : 0.8750
Valid Loss     : nan	 | 	Valid Accuracy     : nan

Epoch : 237
Train Loss     : 0.3565	 | 	Train Accuracy     : 0.8281
Valid Loss     : nan	 | 	Valid Accuracy     : nan

Epoch : 238
Train Loss     : 0.3169	 | 	Train Accuracy     : 0.8828
Valid Loss     : nan	 | 	Valid Accuracy     : nan

Epoch : 239
Train Loss     : 0.3204	 | 	Train Accuracy     : 0.8828
Valid Loss     : nan	 | 	Valid Accuracy     : nan

Epoch : 240
Train Loss     : 0.3179	 | 	Train Accuracy     : 0.8828
Valid Loss     : nan	 | 	Valid Accuracy     : nan

Epoch : 241
Train Loss     : 0.3345	 | 	Train Accuracy     : 0.8516
Valid Loss     : nan	 | 	Valid Accuracy     : nan

Epoch : 242
Train Loss     : 0.3051	 | 	Train Accuracy     : 0.8828
Valid Loss     : nan	 | 	Valid Accuracy     : nan

Epoch : 243
Train Loss     : 0.3211	 | 	Train Accuracy     : 0.8359
Valid Loss     : nan	 | 	Valid Accuracy     : nan

Epoch : 244
Train Loss     : 0.3205	 | 	Train Accuracy     : 0.8594
Valid Loss     : nan	 | 	Valid Accuracy     : nan

Epoch : 245
Train Loss     : 0.3209	 | 	Train Accuracy     : 0.8516
Valid Loss     : nan	 | 	Valid Accuracy     : nan

Epoch : 246
Train Loss     : 0.3346	 | 	Train Accuracy     : 0.8594
Valid Loss     : nan	 | 	Valid Accuracy     : nan

Epoch : 247
Train Loss     : 0.3127	 | 	Train Accuracy     : 0.8750
Valid Loss     : nan	 | 	Valid Accuracy     : nan

Epoch : 248
Train Loss     : 0.3134	 | 	Train Accuracy     : 0.8750
Valid Loss     : nan	 | 	Valid Accuracy     : nan

Epoch : 249
Train Loss     : 0.3177	 | 	Train Accuracy     : 0.8828
Valid Loss     : nan	 | 	Valid Accuracy     : nan

Epoch : 250
Train Loss     : 0.3179	 | 	Train Accuracy     : 0.8672
Valid Loss     : nan	 | 	Valid Accuracy     : nan

Epoch : 251
Train Loss     : 0.3271	 | 	Train Accuracy     : 0.8359
Valid Loss     : nan	 | 	Valid Accuracy     : nan

Epoch : 252
Train Loss     : 0.3436	 | 	Train Accuracy     : 0.8281
Valid Loss     : nan	 | 	Valid Accuracy     : nan

Epoch : 253
Train Loss     : 0.3241	 | 	Train Accuracy     : 0.8672
Valid Loss     : nan	 | 	Valid Accuracy     : nan

Epoch : 254
Train Loss     : 0.3004	 | 	Train Accuracy     : 0.8984
Valid Loss     : nan	 | 	Valid Accuracy     : nan

Epoch : 255
Train Loss     : 0.3170	 | 	Train Accuracy     : 0.8828
Valid Loss     : nan	 | 	Valid Accuracy     : nan

Epoch : 256
Train Loss     : 0.3229	 | 	Train Accuracy     : 0.8984
Valid Loss     : nan	 | 	Valid Accuracy     : nan

Epoch : 257
Train Loss     : 0.3229	 | 	Train Accuracy     : 0.8906
Valid Loss     : nan	 | 	Valid Accuracy     : nan

Epoch : 258
Train Loss     : 0.3122	 | 	Train Accuracy     : 0.8516
Valid Loss     : nan	 | 	Valid Accuracy     : nan

Epoch : 259
Train Loss     : 0.3170	 | 	Train Accuracy     : 0.8906
Valid Loss     : nan	 | 	Valid Accuracy     : nan

Epoch : 260
Train Loss     : 0.3126	 | 	Train Accuracy     : 0.8984
Valid Loss     : nan	 | 	Valid Accuracy     : nan

Epoch : 261
Train Loss     : 0.3141	 | 	Train Accuracy     : 0.8672
Valid Loss     : nan	 | 	Valid Accuracy     : nan

Epoch : 262
Train Loss     : 0.3164	 | 	Train Accuracy     : 0.8828
Valid Loss     : nan	 | 	Valid Accuracy     : nan

Epoch : 263
Train Loss     : 0.3075	 | 	Train Accuracy     : 0.8750
Valid Loss     : nan	 | 	Valid Accuracy     : nan

Epoch : 264
Train Loss     : 0.3278	 | 	Train Accuracy     : 0.8359
Valid Loss     : nan	 | 	Valid Accuracy     : nan

Epoch : 265
Train Loss     : 0.3254	 | 	Train Accuracy     : 0.8594
Valid Loss     : nan	 | 	Valid Accuracy     : nan

Epoch : 266
Train Loss     : 0.3251	 | 	Train Accuracy     : 0.8750
Valid Loss     : nan	 | 	Valid Accuracy     : nan

Epoch : 267
Train Loss     : 0.3251	 | 	Train Accuracy     : 0.8516
Valid Loss     : nan	 | 	Valid Accuracy     : nan

Epoch : 268
Train Loss     : 0.3068	 | 	Train Accuracy     : 0.9062
Valid Loss     : nan	 | 	Valid Accuracy     : nan

Epoch : 269
Train Loss     : 0.3142	 | 	Train Accuracy     : 0.8672
Valid Loss     : nan	 | 	Valid Accuracy     : nan

Epoch : 270
Train Loss     : 0.3078	 | 	Train Accuracy     : 0.8984
Valid Loss     : nan	 | 	Valid Accuracy     : nan

Epoch : 271
Train Loss     : 0.3132	 | 	Train Accuracy     : 0.8828
Valid Loss     : nan	 | 	Valid Accuracy     : nan

Epoch : 272
Train Loss     : 0.3170	 | 	Train Accuracy     : 0.8750
Valid Loss     : nan	 | 	Valid Accuracy     : nan

Epoch : 273
Train Loss     : 0.3094	 | 	Train Accuracy     : 0.8828
Valid Loss     : nan	 | 	Valid Accuracy     : nan

Epoch : 274
Train Loss     : 0.3143	 | 	Train Accuracy     : 0.8672
Valid Loss     : nan	 | 	Valid Accuracy     : nan

Epoch : 275
Train Loss     : 0.3076	 | 	Train Accuracy     : 0.8828
Valid Loss     : nan	 | 	Valid Accuracy     : nan

Epoch : 276
Train Loss     : 0.3266	 | 	Train Accuracy     : 0.8672
Valid Loss     : nan	 | 	Valid Accuracy     : nan

Epoch : 277
Train Loss     : 0.3223	 | 	Train Accuracy     : 0.8750
Valid Loss     : nan	 | 	Valid Accuracy     : nan

Epoch : 278
Train Loss     : 0.3079	 | 	Train Accuracy     : 0.8750
Valid Loss     : nan	 | 	Valid Accuracy     : nan

Epoch : 279
Train Loss     : 0.3069	 | 	Train Accuracy     : 0.8828
Valid Loss     : nan	 | 	Valid Accuracy     : nan

Epoch : 280
Train Loss     : 0.3169	 | 	Train Accuracy     : 0.8750
Valid Loss     : nan	 | 	Valid Accuracy     : nan

Epoch : 281
Train Loss     : 0.3233	 | 	Train Accuracy     : 0.8828
Valid Loss     : nan	 | 	Valid Accuracy     : nan

Epoch : 282
Train Loss     : 0.3413	 | 	Train Accuracy     : 0.8359
Valid Loss     : nan	 | 	Valid Accuracy     : nan

Epoch : 283
Train Loss     : 0.3112	 | 	Train Accuracy     : 0.8750
Valid Loss     : nan	 | 	Valid Accuracy     : nan

Epoch : 284
Train Loss     : 0.3337	 | 	Train Accuracy     : 0.8281
Valid Loss     : nan	 | 	Valid Accuracy     : nan

Epoch : 285
Train Loss     : 0.3341	 | 	Train Accuracy     : 0.8672
Valid Loss     : nan	 | 	Valid Accuracy     : nan

Epoch : 286
Train Loss     : 0.3288	 | 	Train Accuracy     : 0.8359
Valid Loss     : nan	 | 	Valid Accuracy     : nan

Epoch : 287
Train Loss     : 0.3200	 | 	Train Accuracy     : 0.8516
Valid Loss     : nan	 | 	Valid Accuracy     : nan

Epoch : 288
Train Loss     : 0.3176	 | 	Train Accuracy     : 0.8672
Valid Loss     : nan	 | 	Valid Accuracy     : nan

Epoch : 289
Train Loss     : 0.3248	 | 	Train Accuracy     : 0.8750
Valid Loss     : nan	 | 	Valid Accuracy     : nan

Epoch : 290
Train Loss     : 0.3045	 | 	Train Accuracy     : 0.8750
Valid Loss     : nan	 | 	Valid Accuracy     : nan

Epoch : 291
Train Loss     : 0.3090	 | 	Train Accuracy     : 0.8750
Valid Loss     : nan	 | 	Valid Accuracy     : nan

Epoch : 292
Train Loss     : 0.2988	 | 	Train Accuracy     : 0.9062
Valid Loss     : nan	 | 	Valid Accuracy     : nan

Epoch : 293
Train Loss     : 0.3275	 | 	Train Accuracy     : 0.8672
Valid Loss     : nan	 | 	Valid Accuracy     : nan

Epoch : 294
Train Loss     : 0.3262	 | 	Train Accuracy     : 0.8516
Valid Loss     : nan	 | 	Valid Accuracy     : nan

Epoch : 295
Train Loss     : 0.3195	 | 	Train Accuracy     : 0.8750
Valid Loss     : nan	 | 	Valid Accuracy     : nan

Epoch : 296
Train Loss     : 0.3195	 | 	Train Accuracy     : 0.8906
Valid Loss     : nan	 | 	Valid Accuracy     : nan

Epoch : 297
Train Loss     : 0.2948	 | 	Train Accuracy     : 0.9141
Valid Loss     : nan	 | 	Valid Accuracy     : nan

Epoch : 298
Train Loss     : 0.3239	 | 	Train Accuracy     : 0.8750
Valid Loss     : nan	 | 	Valid Accuracy     : nan

Epoch : 299
Train Loss     : 0.3472	 | 	Train Accuracy     : 0.8359
Valid Loss     : nan	 | 	Valid Accuracy     : nan

Epoch : 300
Train Loss     : 0.3191	 | 	Train Accuracy     : 0.8594
Valid Loss     : nan	 | 	Valid Accuracy     : nan

Evaluate on the Test set:
Test loss      :3.0044	 | Test Accuracy      : 0.1909

################## Training is Done! #########################
Training time is : 0:00:08.659694
