=============================================
Dataset: sleepEDF
Method:  TS-TCC
Mode:    train_linear
=============================================
Data loaded ...
Training started ....

Epoch : 1
Train Loss     : 0.7589	 | 	Train Accuracy     : 0.7178
Valid Loss     : 0.8256	 | 	Valid Accuracy     : 0.7188

Epoch : 2
Train Loss     : 0.5037	 | 	Train Accuracy     : 0.8213
Valid Loss     : 0.4628	 | 	Valid Accuracy     : 0.8594

Epoch : 3
Train Loss     : 0.4158	 | 	Train Accuracy     : 0.8418
Valid Loss     : 0.4058	 | 	Valid Accuracy     : 0.8750

Epoch : 4
Train Loss     : 0.3716	 | 	Train Accuracy     : 0.8564
Valid Loss     : 0.4269	 | 	Valid Accuracy     : 0.8656

Epoch : 5
Train Loss     : 0.3418	 | 	Train Accuracy     : 0.8711
Valid Loss     : 0.3913	 | 	Valid Accuracy     : 0.8750

Epoch : 6
Train Loss     : 0.3273	 | 	Train Accuracy     : 0.8828
Valid Loss     : 0.3888	 | 	Valid Accuracy     : 0.8781

Epoch : 7
Train Loss     : 0.2537	 | 	Train Accuracy     : 0.9150
Valid Loss     : 0.3748	 | 	Valid Accuracy     : 0.8750

Epoch : 8
Train Loss     : 0.2718	 | 	Train Accuracy     : 0.9043
Valid Loss     : 0.4613	 | 	Valid Accuracy     : 0.8250

Epoch : 9
Train Loss     : 0.2950	 | 	Train Accuracy     : 0.8838
Valid Loss     : 0.4066	 | 	Valid Accuracy     : 0.8531

Epoch : 10
Train Loss     : 0.2301	 | 	Train Accuracy     : 0.9170
Valid Loss     : 0.4151	 | 	Valid Accuracy     : 0.8594

Epoch : 11
Train Loss     : 0.1971	 | 	Train Accuracy     : 0.9277
Valid Loss     : 0.3638	 | 	Valid Accuracy     : 0.8656

Epoch : 12
Train Loss     : 0.2166	 | 	Train Accuracy     : 0.9258
Valid Loss     : 0.4222	 | 	Valid Accuracy     : 0.8656

Epoch : 13
Train Loss     : 0.2079	 | 	Train Accuracy     : 0.9189
Valid Loss     : 0.3639	 | 	Valid Accuracy     : 0.8844

Epoch : 14
Train Loss     : 0.1877	 | 	Train Accuracy     : 0.9346
Valid Loss     : 0.4114	 | 	Valid Accuracy     : 0.8656

Epoch : 15
Train Loss     : 0.2289	 | 	Train Accuracy     : 0.9170
Valid Loss     : 0.4664	 | 	Valid Accuracy     : 0.8500

Epoch : 16
Train Loss     : 0.2042	 | 	Train Accuracy     : 0.9199
Valid Loss     : 0.4107	 | 	Valid Accuracy     : 0.8687

Epoch : 17
Train Loss     : 0.1597	 | 	Train Accuracy     : 0.9482
Valid Loss     : 0.3737	 | 	Valid Accuracy     : 0.8500

Epoch : 18
Train Loss     : 0.1386	 | 	Train Accuracy     : 0.9580
Valid Loss     : 0.3674	 | 	Valid Accuracy     : 0.8687

Epoch : 19
Train Loss     : 0.1448	 | 	Train Accuracy     : 0.9561
Valid Loss     : 0.3761	 | 	Valid Accuracy     : 0.8781

Epoch : 20
Train Loss     : 0.1728	 | 	Train Accuracy     : 0.9385
Valid Loss     : 0.4326	 | 	Valid Accuracy     : 0.8469

Epoch : 21
Train Loss     : 0.1550	 | 	Train Accuracy     : 0.9414
Valid Loss     : 0.3788	 | 	Valid Accuracy     : 0.8687

Epoch : 22
Train Loss     : 0.1123	 | 	Train Accuracy     : 0.9736
Valid Loss     : 0.3858	 | 	Valid Accuracy     : 0.8813

Epoch : 23
Train Loss     : 0.0973	 | 	Train Accuracy     : 0.9766
Valid Loss     : 0.3750	 | 	Valid Accuracy     : 0.8781

Epoch : 24
Train Loss     : 0.1064	 | 	Train Accuracy     : 0.9727
Valid Loss     : 0.3805	 | 	Valid Accuracy     : 0.8719

Epoch : 25
Train Loss     : 0.1121	 | 	Train Accuracy     : 0.9688
Valid Loss     : 0.3703	 | 	Valid Accuracy     : 0.8750

Epoch : 26
Train Loss     : 0.1084	 | 	Train Accuracy     : 0.9697
Valid Loss     : 0.3728	 | 	Valid Accuracy     : 0.8781

Epoch : 27
Train Loss     : 0.0989	 | 	Train Accuracy     : 0.9775
Valid Loss     : 0.3678	 | 	Valid Accuracy     : 0.8750

Epoch : 28
Train Loss     : 0.1120	 | 	Train Accuracy     : 0.9688
Valid Loss     : 0.3763	 | 	Valid Accuracy     : 0.8719

Epoch : 29
Train Loss     : 0.1065	 | 	Train Accuracy     : 0.9727
Valid Loss     : 0.3786	 | 	Valid Accuracy     : 0.8781

Epoch : 30
Train Loss     : 0.1173	 | 	Train Accuracy     : 0.9648
Valid Loss     : 0.3784	 | 	Valid Accuracy     : 0.8719

Epoch : 31
Train Loss     : 0.1068	 | 	Train Accuracy     : 0.9707
Valid Loss     : 0.3749	 | 	Valid Accuracy     : 0.8781

Epoch : 32
Train Loss     : 0.0920	 | 	Train Accuracy     : 0.9775
Valid Loss     : 0.3739	 | 	Valid Accuracy     : 0.8781

Epoch : 33
Train Loss     : 0.1035	 | 	Train Accuracy     : 0.9746
Valid Loss     : 0.3928	 | 	Valid Accuracy     : 0.8687

Epoch : 34
Train Loss     : 0.1017	 | 	Train Accuracy     : 0.9727
Valid Loss     : 0.3878	 | 	Valid Accuracy     : 0.8781

Epoch : 35
Train Loss     : 0.0911	 | 	Train Accuracy     : 0.9766
Valid Loss     : 0.3925	 | 	Valid Accuracy     : 0.8719

Epoch : 36
Train Loss     : 0.1019	 | 	Train Accuracy     : 0.9688
Valid Loss     : 0.3823	 | 	Valid Accuracy     : 0.8750

Epoch : 37
Train Loss     : 0.0942	 | 	Train Accuracy     : 0.9795
Valid Loss     : 0.3834	 | 	Valid Accuracy     : 0.8750

Epoch : 38
Train Loss     : 0.0848	 | 	Train Accuracy     : 0.9824
Valid Loss     : 0.3794	 | 	Valid Accuracy     : 0.8781

Epoch : 39
Train Loss     : 0.1081	 | 	Train Accuracy     : 0.9648
Valid Loss     : 0.3839	 | 	Valid Accuracy     : 0.8719

Epoch : 40
Train Loss     : 0.1002	 | 	Train Accuracy     : 0.9746
Valid Loss     : 0.3831	 | 	Valid Accuracy     : 0.8750

Evaluate on the Test set:
Test loss      :17.5032	 | Test Accuracy      : 0.4442

################## Training is Done! #########################
Training time is : 0:00:24.692613
