=============================================
Dataset: WISDM
Method:  TS-TCC
Mode:    train_linear
=============================================
Data loaded ...
Training started ....

Epoch : 1
Train Loss     : 1.7729	 | 	Train Accuracy     : 0.2344
Valid Loss     : nan	 | 	Valid Accuracy     : nan

Epoch : 2
Train Loss     : 1.0530	 | 	Train Accuracy     : 0.7344
Valid Loss     : nan	 | 	Valid Accuracy     : nan

Epoch : 3
Train Loss     : 0.8564	 | 	Train Accuracy     : 0.7500
Valid Loss     : nan	 | 	Valid Accuracy     : nan

Epoch : 4
Train Loss     : 0.7495	 | 	Train Accuracy     : 0.7344
Valid Loss     : nan	 | 	Valid Accuracy     : nan

Epoch : 5
Train Loss     : 0.5487	 | 	Train Accuracy     : 0.8203
Valid Loss     : nan	 | 	Valid Accuracy     : nan

Epoch : 6
Train Loss     : 0.5252	 | 	Train Accuracy     : 0.8047
Valid Loss     : nan	 | 	Valid Accuracy     : nan

Epoch : 7
Train Loss     : 0.5274	 | 	Train Accuracy     : 0.7969
Valid Loss     : nan	 | 	Valid Accuracy     : nan

Epoch : 8
Train Loss     : 0.4983	 | 	Train Accuracy     : 0.8438
Valid Loss     : nan	 | 	Valid Accuracy     : nan

Epoch : 9
Train Loss     : 0.4497	 | 	Train Accuracy     : 0.8516
Valid Loss     : nan	 | 	Valid Accuracy     : nan

Epoch : 10
Train Loss     : 0.3863	 | 	Train Accuracy     : 0.8203
Valid Loss     : nan	 | 	Valid Accuracy     : nan

Epoch : 11
Train Loss     : 0.4145	 | 	Train Accuracy     : 0.7969
Valid Loss     : nan	 | 	Valid Accuracy     : nan

Epoch : 12
Train Loss     : 0.4075	 | 	Train Accuracy     : 0.8359
Valid Loss     : nan	 | 	Valid Accuracy     : nan

Epoch : 13
Train Loss     : 0.3878	 | 	Train Accuracy     : 0.8594
Valid Loss     : nan	 | 	Valid Accuracy     : nan

Epoch : 14
Train Loss     : 0.3669	 | 	Train Accuracy     : 0.8750
Valid Loss     : nan	 | 	Valid Accuracy     : nan

Epoch : 15
Train Loss     : 0.3931	 | 	Train Accuracy     : 0.8750
Valid Loss     : nan	 | 	Valid Accuracy     : nan

Epoch : 16
Train Loss     : 0.3686	 | 	Train Accuracy     : 0.8672
Valid Loss     : nan	 | 	Valid Accuracy     : nan

Epoch : 17
Train Loss     : 0.3738	 | 	Train Accuracy     : 0.8828
Valid Loss     : nan	 | 	Valid Accuracy     : nan

Epoch : 18
Train Loss     : 0.3713	 | 	Train Accuracy     : 0.8750
Valid Loss     : nan	 | 	Valid Accuracy     : nan

Epoch : 19
Train Loss     : 0.3725	 | 	Train Accuracy     : 0.8750
Valid Loss     : nan	 | 	Valid Accuracy     : nan

Epoch : 20
Train Loss     : 0.3625	 | 	Train Accuracy     : 0.8750
Valid Loss     : nan	 | 	Valid Accuracy     : nan

Epoch : 21
Train Loss     : 0.3453	 | 	Train Accuracy     : 0.9062
Valid Loss     : nan	 | 	Valid Accuracy     : nan

Epoch : 22
Train Loss     : 0.3396	 | 	Train Accuracy     : 0.8984
Valid Loss     : nan	 | 	Valid Accuracy     : nan

Epoch : 23
Train Loss     : 0.3382	 | 	Train Accuracy     : 0.9219
Valid Loss     : nan	 | 	Valid Accuracy     : nan

Epoch : 24
Train Loss     : 0.3443	 | 	Train Accuracy     : 0.8906
Valid Loss     : nan	 | 	Valid Accuracy     : nan

Epoch : 25
Train Loss     : 0.3324	 | 	Train Accuracy     : 0.8828
Valid Loss     : nan	 | 	Valid Accuracy     : nan

Epoch : 26
Train Loss     : 0.3479	 | 	Train Accuracy     : 0.8984
Valid Loss     : nan	 | 	Valid Accuracy     : nan

Epoch : 27
Train Loss     : 0.3326	 | 	Train Accuracy     : 0.9219
Valid Loss     : nan	 | 	Valid Accuracy     : nan

Epoch : 28
Train Loss     : 0.3381	 | 	Train Accuracy     : 0.9141
Valid Loss     : nan	 | 	Valid Accuracy     : nan

Epoch : 29
Train Loss     : 0.3496	 | 	Train Accuracy     : 0.8984
Valid Loss     : nan	 | 	Valid Accuracy     : nan

Epoch : 30
Train Loss     : 0.3565	 | 	Train Accuracy     : 0.8984
Valid Loss     : nan	 | 	Valid Accuracy     : nan

Epoch : 31
Train Loss     : 0.3503	 | 	Train Accuracy     : 0.9141
Valid Loss     : nan	 | 	Valid Accuracy     : nan

Epoch : 32
Train Loss     : 0.3479	 | 	Train Accuracy     : 0.8828
Valid Loss     : nan	 | 	Valid Accuracy     : nan

Epoch : 33
Train Loss     : 0.3484	 | 	Train Accuracy     : 0.9062
Valid Loss     : nan	 | 	Valid Accuracy     : nan

Epoch : 34
Train Loss     : 0.3543	 | 	Train Accuracy     : 0.8906
Valid Loss     : nan	 | 	Valid Accuracy     : nan

Epoch : 35
Train Loss     : 0.3367	 | 	Train Accuracy     : 0.8984
Valid Loss     : nan	 | 	Valid Accuracy     : nan

Epoch : 36
Train Loss     : 0.3430	 | 	Train Accuracy     : 0.9062
Valid Loss     : nan	 | 	Valid Accuracy     : nan

Epoch : 37
Train Loss     : 0.3432	 | 	Train Accuracy     : 0.8906
Valid Loss     : nan	 | 	Valid Accuracy     : nan

Epoch : 38
Train Loss     : 0.3518	 | 	Train Accuracy     : 0.8672
Valid Loss     : nan	 | 	Valid Accuracy     : nan

Epoch : 39
Train Loss     : 0.3429	 | 	Train Accuracy     : 0.9219
Valid Loss     : nan	 | 	Valid Accuracy     : nan

Epoch : 40
Train Loss     : 0.3443	 | 	Train Accuracy     : 0.8984
Valid Loss     : nan	 | 	Valid Accuracy     : nan

Evaluate on the Test set:
Test loss      :1.8348	 | Test Accuracy      : 0.7075

################## Training is Done! #########################
Training time is : 0:00:05.268796
