=============================================
Dataset: WISDM
Method:  TS-TCC
Mode:    train_linear
=============================================
Data loaded ...
Training started ....

Epoch : 1
Train Loss     : nan	 | 	Train Accuracy     : nan
Valid Loss     : nan	 | 	Valid Accuracy     : nan

Epoch : 2
Train Loss     : nan	 | 	Train Accuracy     : nan
Valid Loss     : nan	 | 	Valid Accuracy     : nan

Epoch : 3
Train Loss     : nan	 | 	Train Accuracy     : nan
Valid Loss     : nan	 | 	Valid Accuracy     : nan

Epoch : 4
Train Loss     : nan	 | 	Train Accuracy     : nan
Valid Loss     : nan	 | 	Valid Accuracy     : nan

Epoch : 5
Train Loss     : nan	 | 	Train Accuracy     : nan
Valid Loss     : nan	 | 	Valid Accuracy     : nan

Epoch : 6
Train Loss     : nan	 | 	Train Accuracy     : nan
Valid Loss     : nan	 | 	Valid Accuracy     : nan

Epoch : 7
Train Loss     : nan	 | 	Train Accuracy     : nan
Valid Loss     : nan	 | 	Valid Accuracy     : nan

Epoch : 8
Train Loss     : nan	 | 	Train Accuracy     : nan
Valid Loss     : nan	 | 	Valid Accuracy     : nan

Epoch : 9
Train Loss     : nan	 | 	Train Accuracy     : nan
Valid Loss     : nan	 | 	Valid Accuracy     : nan

Epoch : 10
Train Loss     : nan	 | 	Train Accuracy     : nan
Valid Loss     : nan	 | 	Valid Accuracy     : nan

Epoch : 11
Train Loss     : nan	 | 	Train Accuracy     : nan
Valid Loss     : nan	 | 	Valid Accuracy     : nan

Epoch : 12
Train Loss     : nan	 | 	Train Accuracy     : nan
Valid Loss     : nan	 | 	Valid Accuracy     : nan

Epoch : 13
Train Loss     : nan	 | 	Train Accuracy     : nan
Valid Loss     : nan	 | 	Valid Accuracy     : nan

Epoch : 14
Train Loss     : nan	 | 	Train Accuracy     : nan
Valid Loss     : nan	 | 	Valid Accuracy     : nan

Epoch : 15
Train Loss     : nan	 | 	Train Accuracy     : nan
Valid Loss     : nan	 | 	Valid Accuracy     : nan

Epoch : 16
Train Loss     : nan	 | 	Train Accuracy     : nan
Valid Loss     : nan	 | 	Valid Accuracy     : nan

Epoch : 17
Train Loss     : nan	 | 	Train Accuracy     : nan
Valid Loss     : nan	 | 	Valid Accuracy     : nan

Epoch : 18
Train Loss     : nan	 | 	Train Accuracy     : nan
Valid Loss     : nan	 | 	Valid Accuracy     : nan

Epoch : 19
Train Loss     : nan	 | 	Train Accuracy     : nan
Valid Loss     : nan	 | 	Valid Accuracy     : nan

Epoch : 20
Train Loss     : nan	 | 	Train Accuracy     : nan
Valid Loss     : nan	 | 	Valid Accuracy     : nan

Epoch : 21
Train Loss     : nan	 | 	Train Accuracy     : nan
Valid Loss     : nan	 | 	Valid Accuracy     : nan

Epoch : 22
Train Loss     : nan	 | 	Train Accuracy     : nan
Valid Loss     : nan	 | 	Valid Accuracy     : nan

Epoch : 23
Train Loss     : nan	 | 	Train Accuracy     : nan
Valid Loss     : nan	 | 	Valid Accuracy     : nan

Epoch : 24
Train Loss     : nan	 | 	Train Accuracy     : nan
Valid Loss     : nan	 | 	Valid Accuracy     : nan

Epoch : 25
Train Loss     : nan	 | 	Train Accuracy     : nan
Valid Loss     : nan	 | 	Valid Accuracy     : nan

Epoch : 26
Train Loss     : nan	 | 	Train Accuracy     : nan
Valid Loss     : nan	 | 	Valid Accuracy     : nan

Epoch : 27
Train Loss     : nan	 | 	Train Accuracy     : nan
Valid Loss     : nan	 | 	Valid Accuracy     : nan

Epoch : 28
Train Loss     : nan	 | 	Train Accuracy     : nan
Valid Loss     : nan	 | 	Valid Accuracy     : nan

Epoch : 29
Train Loss     : nan	 | 	Train Accuracy     : nan
Valid Loss     : nan	 | 	Valid Accuracy     : nan

Epoch : 30
Train Loss     : nan	 | 	Train Accuracy     : nan
Valid Loss     : nan	 | 	Valid Accuracy     : nan

Epoch : 31
Train Loss     : nan	 | 	Train Accuracy     : nan
Valid Loss     : nan	 | 	Valid Accuracy     : nan

Epoch : 32
Train Loss     : nan	 | 	Train Accuracy     : nan
Valid Loss     : nan	 | 	Valid Accuracy     : nan

Epoch : 33
Train Loss     : nan	 | 	Train Accuracy     : nan
Valid Loss     : nan	 | 	Valid Accuracy     : nan

Epoch : 34
Train Loss     : nan	 | 	Train Accuracy     : nan
Valid Loss     : nan	 | 	Valid Accuracy     : nan

Epoch : 35
Train Loss     : nan	 | 	Train Accuracy     : nan
Valid Loss     : nan	 | 	Valid Accuracy     : nan

Epoch : 36
Train Loss     : nan	 | 	Train Accuracy     : nan
Valid Loss     : nan	 | 	Valid Accuracy     : nan

Epoch : 37
Train Loss     : nan	 | 	Train Accuracy     : nan
Valid Loss     : nan	 | 	Valid Accuracy     : nan

Epoch : 38
Train Loss     : nan	 | 	Train Accuracy     : nan
Valid Loss     : nan	 | 	Valid Accuracy     : nan

Epoch : 39
Train Loss     : nan	 | 	Train Accuracy     : nan
Valid Loss     : nan	 | 	Valid Accuracy     : nan

Epoch : 40
Train Loss     : nan	 | 	Train Accuracy     : nan
Valid Loss     : nan	 | 	Valid Accuracy     : nan

Epoch : 41
Train Loss     : nan	 | 	Train Accuracy     : nan
Valid Loss     : nan	 | 	Valid Accuracy     : nan

Epoch : 42
Train Loss     : nan	 | 	Train Accuracy     : nan
Valid Loss     : nan	 | 	Valid Accuracy     : nan

Epoch : 43
Train Loss     : nan	 | 	Train Accuracy     : nan
Valid Loss     : nan	 | 	Valid Accuracy     : nan

Epoch : 44
Train Loss     : nan	 | 	Train Accuracy     : nan
Valid Loss     : nan	 | 	Valid Accuracy     : nan

Epoch : 45
Train Loss     : nan	 | 	Train Accuracy     : nan
Valid Loss     : nan	 | 	Valid Accuracy     : nan

Epoch : 46
Train Loss     : nan	 | 	Train Accuracy     : nan
Valid Loss     : nan	 | 	Valid Accuracy     : nan

Epoch : 47
Train Loss     : nan	 | 	Train Accuracy     : nan
Valid Loss     : nan	 | 	Valid Accuracy     : nan

Epoch : 48
Train Loss     : nan	 | 	Train Accuracy     : nan
Valid Loss     : nan	 | 	Valid Accuracy     : nan

Epoch : 49
Train Loss     : nan	 | 	Train Accuracy     : nan
Valid Loss     : nan	 | 	Valid Accuracy     : nan

Epoch : 50
Train Loss     : nan	 | 	Train Accuracy     : nan
Valid Loss     : nan	 | 	Valid Accuracy     : nan

Epoch : 51
Train Loss     : nan	 | 	Train Accuracy     : nan
Valid Loss     : nan	 | 	Valid Accuracy     : nan

Epoch : 52
Train Loss     : nan	 | 	Train Accuracy     : nan
Valid Loss     : nan	 | 	Valid Accuracy     : nan

Epoch : 53
Train Loss     : nan	 | 	Train Accuracy     : nan
Valid Loss     : nan	 | 	Valid Accuracy     : nan

Epoch : 54
Train Loss     : nan	 | 	Train Accuracy     : nan
Valid Loss     : nan	 | 	Valid Accuracy     : nan

Epoch : 55
Train Loss     : nan	 | 	Train Accuracy     : nan
Valid Loss     : nan	 | 	Valid Accuracy     : nan

Epoch : 56
Train Loss     : nan	 | 	Train Accuracy     : nan
Valid Loss     : nan	 | 	Valid Accuracy     : nan

Epoch : 57
Train Loss     : nan	 | 	Train Accuracy     : nan
Valid Loss     : nan	 | 	Valid Accuracy     : nan

Epoch : 58
Train Loss     : nan	 | 	Train Accuracy     : nan
Valid Loss     : nan	 | 	Valid Accuracy     : nan

Epoch : 59
Train Loss     : nan	 | 	Train Accuracy     : nan
Valid Loss     : nan	 | 	Valid Accuracy     : nan

Epoch : 60
Train Loss     : nan	 | 	Train Accuracy     : nan
Valid Loss     : nan	 | 	Valid Accuracy     : nan

Epoch : 61
Train Loss     : nan	 | 	Train Accuracy     : nan
Valid Loss     : nan	 | 	Valid Accuracy     : nan

Epoch : 62
Train Loss     : nan	 | 	Train Accuracy     : nan
Valid Loss     : nan	 | 	Valid Accuracy     : nan

Epoch : 63
Train Loss     : nan	 | 	Train Accuracy     : nan
Valid Loss     : nan	 | 	Valid Accuracy     : nan

Epoch : 64
Train Loss     : nan	 | 	Train Accuracy     : nan
Valid Loss     : nan	 | 	Valid Accuracy     : nan

Epoch : 65
Train Loss     : nan	 | 	Train Accuracy     : nan
Valid Loss     : nan	 | 	Valid Accuracy     : nan

Epoch : 66
Train Loss     : nan	 | 	Train Accuracy     : nan
Valid Loss     : nan	 | 	Valid Accuracy     : nan

Epoch : 67
Train Loss     : nan	 | 	Train Accuracy     : nan
Valid Loss     : nan	 | 	Valid Accuracy     : nan

Epoch : 68
Train Loss     : nan	 | 	Train Accuracy     : nan
Valid Loss     : nan	 | 	Valid Accuracy     : nan

Epoch : 69
Train Loss     : nan	 | 	Train Accuracy     : nan
Valid Loss     : nan	 | 	Valid Accuracy     : nan

Epoch : 70
Train Loss     : nan	 | 	Train Accuracy     : nan
Valid Loss     : nan	 | 	Valid Accuracy     : nan

Epoch : 71
Train Loss     : nan	 | 	Train Accuracy     : nan
Valid Loss     : nan	 | 	Valid Accuracy     : nan

Epoch : 72
Train Loss     : nan	 | 	Train Accuracy     : nan
Valid Loss     : nan	 | 	Valid Accuracy     : nan

Epoch : 73
Train Loss     : nan	 | 	Train Accuracy     : nan
Valid Loss     : nan	 | 	Valid Accuracy     : nan

Epoch : 74
Train Loss     : nan	 | 	Train Accuracy     : nan
Valid Loss     : nan	 | 	Valid Accuracy     : nan

Epoch : 75
Train Loss     : nan	 | 	Train Accuracy     : nan
Valid Loss     : nan	 | 	Valid Accuracy     : nan

Epoch : 76
Train Loss     : nan	 | 	Train Accuracy     : nan
Valid Loss     : nan	 | 	Valid Accuracy     : nan

Epoch : 77
Train Loss     : nan	 | 	Train Accuracy     : nan
Valid Loss     : nan	 | 	Valid Accuracy     : nan

Epoch : 78
Train Loss     : nan	 | 	Train Accuracy     : nan
Valid Loss     : nan	 | 	Valid Accuracy     : nan

Epoch : 79
Train Loss     : nan	 | 	Train Accuracy     : nan
Valid Loss     : nan	 | 	Valid Accuracy     : nan

Epoch : 80
Train Loss     : nan	 | 	Train Accuracy     : nan
Valid Loss     : nan	 | 	Valid Accuracy     : nan

Epoch : 81
Train Loss     : nan	 | 	Train Accuracy     : nan
Valid Loss     : nan	 | 	Valid Accuracy     : nan

Epoch : 82
Train Loss     : nan	 | 	Train Accuracy     : nan
Valid Loss     : nan	 | 	Valid Accuracy     : nan

Epoch : 83
Train Loss     : nan	 | 	Train Accuracy     : nan
Valid Loss     : nan	 | 	Valid Accuracy     : nan

Epoch : 84
Train Loss     : nan	 | 	Train Accuracy     : nan
Valid Loss     : nan	 | 	Valid Accuracy     : nan

Epoch : 85
Train Loss     : nan	 | 	Train Accuracy     : nan
Valid Loss     : nan	 | 	Valid Accuracy     : nan

Epoch : 86
Train Loss     : nan	 | 	Train Accuracy     : nan
Valid Loss     : nan	 | 	Valid Accuracy     : nan

Epoch : 87
Train Loss     : nan	 | 	Train Accuracy     : nan
Valid Loss     : nan	 | 	Valid Accuracy     : nan

Epoch : 88
Train Loss     : nan	 | 	Train Accuracy     : nan
Valid Loss     : nan	 | 	Valid Accuracy     : nan

Epoch : 89
Train Loss     : nan	 | 	Train Accuracy     : nan
Valid Loss     : nan	 | 	Valid Accuracy     : nan

Epoch : 90
Train Loss     : nan	 | 	Train Accuracy     : nan
Valid Loss     : nan	 | 	Valid Accuracy     : nan

Epoch : 91
Train Loss     : nan	 | 	Train Accuracy     : nan
Valid Loss     : nan	 | 	Valid Accuracy     : nan

Epoch : 92
Train Loss     : nan	 | 	Train Accuracy     : nan
Valid Loss     : nan	 | 	Valid Accuracy     : nan

Epoch : 93
Train Loss     : nan	 | 	Train Accuracy     : nan
Valid Loss     : nan	 | 	Valid Accuracy     : nan

Epoch : 94
Train Loss     : nan	 | 	Train Accuracy     : nan
Valid Loss     : nan	 | 	Valid Accuracy     : nan

Epoch : 95
Train Loss     : nan	 | 	Train Accuracy     : nan
Valid Loss     : nan	 | 	Valid Accuracy     : nan

Epoch : 96
Train Loss     : nan	 | 	Train Accuracy     : nan
Valid Loss     : nan	 | 	Valid Accuracy     : nan

Epoch : 97
Train Loss     : nan	 | 	Train Accuracy     : nan
Valid Loss     : nan	 | 	Valid Accuracy     : nan

Epoch : 98
Train Loss     : nan	 | 	Train Accuracy     : nan
Valid Loss     : nan	 | 	Valid Accuracy     : nan

Epoch : 99
Train Loss     : nan	 | 	Train Accuracy     : nan
Valid Loss     : nan	 | 	Valid Accuracy     : nan

Epoch : 100
Train Loss     : nan	 | 	Train Accuracy     : nan
Valid Loss     : nan	 | 	Valid Accuracy     : nan

Epoch : 101
Train Loss     : nan	 | 	Train Accuracy     : nan
Valid Loss     : nan	 | 	Valid Accuracy     : nan

Epoch : 102
Train Loss     : nan	 | 	Train Accuracy     : nan
Valid Loss     : nan	 | 	Valid Accuracy     : nan

Epoch : 103
Train Loss     : nan	 | 	Train Accuracy     : nan
Valid Loss     : nan	 | 	Valid Accuracy     : nan

Epoch : 104
Train Loss     : nan	 | 	Train Accuracy     : nan
Valid Loss     : nan	 | 	Valid Accuracy     : nan

Epoch : 105
Train Loss     : nan	 | 	Train Accuracy     : nan
Valid Loss     : nan	 | 	Valid Accuracy     : nan

Epoch : 106
Train Loss     : nan	 | 	Train Accuracy     : nan
Valid Loss     : nan	 | 	Valid Accuracy     : nan

Epoch : 107
Train Loss     : nan	 | 	Train Accuracy     : nan
Valid Loss     : nan	 | 	Valid Accuracy     : nan

Epoch : 108
Train Loss     : nan	 | 	Train Accuracy     : nan
Valid Loss     : nan	 | 	Valid Accuracy     : nan

Epoch : 109
Train Loss     : nan	 | 	Train Accuracy     : nan
Valid Loss     : nan	 | 	Valid Accuracy     : nan

Epoch : 110
Train Loss     : nan	 | 	Train Accuracy     : nan
Valid Loss     : nan	 | 	Valid Accuracy     : nan

Epoch : 111
Train Loss     : nan	 | 	Train Accuracy     : nan
Valid Loss     : nan	 | 	Valid Accuracy     : nan

Epoch : 112
Train Loss     : nan	 | 	Train Accuracy     : nan
Valid Loss     : nan	 | 	Valid Accuracy     : nan

Epoch : 113
Train Loss     : nan	 | 	Train Accuracy     : nan
Valid Loss     : nan	 | 	Valid Accuracy     : nan

Epoch : 114
Train Loss     : nan	 | 	Train Accuracy     : nan
Valid Loss     : nan	 | 	Valid Accuracy     : nan

Epoch : 115
Train Loss     : nan	 | 	Train Accuracy     : nan
Valid Loss     : nan	 | 	Valid Accuracy     : nan

Epoch : 116
Train Loss     : nan	 | 	Train Accuracy     : nan
Valid Loss     : nan	 | 	Valid Accuracy     : nan

Epoch : 117
Train Loss     : nan	 | 	Train Accuracy     : nan
Valid Loss     : nan	 | 	Valid Accuracy     : nan

Epoch : 118
Train Loss     : nan	 | 	Train Accuracy     : nan
Valid Loss     : nan	 | 	Valid Accuracy     : nan

Epoch : 119
Train Loss     : nan	 | 	Train Accuracy     : nan
Valid Loss     : nan	 | 	Valid Accuracy     : nan

Epoch : 120
Train Loss     : nan	 | 	Train Accuracy     : nan
Valid Loss     : nan	 | 	Valid Accuracy     : nan

Epoch : 121
Train Loss     : nan	 | 	Train Accuracy     : nan
Valid Loss     : nan	 | 	Valid Accuracy     : nan

Epoch : 122
Train Loss     : nan	 | 	Train Accuracy     : nan
Valid Loss     : nan	 | 	Valid Accuracy     : nan

Epoch : 123
Train Loss     : nan	 | 	Train Accuracy     : nan
Valid Loss     : nan	 | 	Valid Accuracy     : nan

Epoch : 124
Train Loss     : nan	 | 	Train Accuracy     : nan
Valid Loss     : nan	 | 	Valid Accuracy     : nan

Epoch : 125
Train Loss     : nan	 | 	Train Accuracy     : nan
Valid Loss     : nan	 | 	Valid Accuracy     : nan

Epoch : 126
Train Loss     : nan	 | 	Train Accuracy     : nan
Valid Loss     : nan	 | 	Valid Accuracy     : nan

Epoch : 127
Train Loss     : nan	 | 	Train Accuracy     : nan
Valid Loss     : nan	 | 	Valid Accuracy     : nan

Epoch : 128
Train Loss     : nan	 | 	Train Accuracy     : nan
Valid Loss     : nan	 | 	Valid Accuracy     : nan

Epoch : 129
Train Loss     : nan	 | 	Train Accuracy     : nan
Valid Loss     : nan	 | 	Valid Accuracy     : nan

Epoch : 130
Train Loss     : nan	 | 	Train Accuracy     : nan
Valid Loss     : nan	 | 	Valid Accuracy     : nan

Epoch : 131
Train Loss     : nan	 | 	Train Accuracy     : nan
Valid Loss     : nan	 | 	Valid Accuracy     : nan

Epoch : 132
Train Loss     : nan	 | 	Train Accuracy     : nan
Valid Loss     : nan	 | 	Valid Accuracy     : nan

Epoch : 133
Train Loss     : nan	 | 	Train Accuracy     : nan
Valid Loss     : nan	 | 	Valid Accuracy     : nan

Epoch : 134
Train Loss     : nan	 | 	Train Accuracy     : nan
Valid Loss     : nan	 | 	Valid Accuracy     : nan

Epoch : 135
Train Loss     : nan	 | 	Train Accuracy     : nan
Valid Loss     : nan	 | 	Valid Accuracy     : nan

Epoch : 136
Train Loss     : nan	 | 	Train Accuracy     : nan
Valid Loss     : nan	 | 	Valid Accuracy     : nan

Epoch : 137
Train Loss     : nan	 | 	Train Accuracy     : nan
Valid Loss     : nan	 | 	Valid Accuracy     : nan

Epoch : 138
Train Loss     : nan	 | 	Train Accuracy     : nan
Valid Loss     : nan	 | 	Valid Accuracy     : nan

Epoch : 139
Train Loss     : nan	 | 	Train Accuracy     : nan
Valid Loss     : nan	 | 	Valid Accuracy     : nan

Epoch : 140
Train Loss     : nan	 | 	Train Accuracy     : nan
Valid Loss     : nan	 | 	Valid Accuracy     : nan

Epoch : 141
Train Loss     : nan	 | 	Train Accuracy     : nan
Valid Loss     : nan	 | 	Valid Accuracy     : nan

Epoch : 142
Train Loss     : nan	 | 	Train Accuracy     : nan
Valid Loss     : nan	 | 	Valid Accuracy     : nan

Epoch : 143
Train Loss     : nan	 | 	Train Accuracy     : nan
Valid Loss     : nan	 | 	Valid Accuracy     : nan

Epoch : 144
Train Loss     : nan	 | 	Train Accuracy     : nan
Valid Loss     : nan	 | 	Valid Accuracy     : nan

Epoch : 145
Train Loss     : nan	 | 	Train Accuracy     : nan
Valid Loss     : nan	 | 	Valid Accuracy     : nan

Epoch : 146
Train Loss     : nan	 | 	Train Accuracy     : nan
Valid Loss     : nan	 | 	Valid Accuracy     : nan

Epoch : 147
Train Loss     : nan	 | 	Train Accuracy     : nan
Valid Loss     : nan	 | 	Valid Accuracy     : nan

Epoch : 148
Train Loss     : nan	 | 	Train Accuracy     : nan
Valid Loss     : nan	 | 	Valid Accuracy     : nan

Epoch : 149
Train Loss     : nan	 | 	Train Accuracy     : nan
Valid Loss     : nan	 | 	Valid Accuracy     : nan

Epoch : 150
Train Loss     : nan	 | 	Train Accuracy     : nan
Valid Loss     : nan	 | 	Valid Accuracy     : nan

Epoch : 151
Train Loss     : nan	 | 	Train Accuracy     : nan
Valid Loss     : nan	 | 	Valid Accuracy     : nan

Epoch : 152
Train Loss     : nan	 | 	Train Accuracy     : nan
Valid Loss     : nan	 | 	Valid Accuracy     : nan

Epoch : 153
Train Loss     : nan	 | 	Train Accuracy     : nan
Valid Loss     : nan	 | 	Valid Accuracy     : nan

Epoch : 154
Train Loss     : nan	 | 	Train Accuracy     : nan
Valid Loss     : nan	 | 	Valid Accuracy     : nan

Epoch : 155
Train Loss     : nan	 | 	Train Accuracy     : nan
Valid Loss     : nan	 | 	Valid Accuracy     : nan

Epoch : 156
Train Loss     : nan	 | 	Train Accuracy     : nan
Valid Loss     : nan	 | 	Valid Accuracy     : nan

Epoch : 157
Train Loss     : nan	 | 	Train Accuracy     : nan
Valid Loss     : nan	 | 	Valid Accuracy     : nan

Epoch : 158
Train Loss     : nan	 | 	Train Accuracy     : nan
Valid Loss     : nan	 | 	Valid Accuracy     : nan

Epoch : 159
Train Loss     : nan	 | 	Train Accuracy     : nan
Valid Loss     : nan	 | 	Valid Accuracy     : nan

Epoch : 160
Train Loss     : nan	 | 	Train Accuracy     : nan
Valid Loss     : nan	 | 	Valid Accuracy     : nan

Epoch : 161
Train Loss     : nan	 | 	Train Accuracy     : nan
Valid Loss     : nan	 | 	Valid Accuracy     : nan

Epoch : 162
Train Loss     : nan	 | 	Train Accuracy     : nan
Valid Loss     : nan	 | 	Valid Accuracy     : nan

Epoch : 163
Train Loss     : nan	 | 	Train Accuracy     : nan
Valid Loss     : nan	 | 	Valid Accuracy     : nan

Epoch : 164
Train Loss     : nan	 | 	Train Accuracy     : nan
Valid Loss     : nan	 | 	Valid Accuracy     : nan

Epoch : 165
Train Loss     : nan	 | 	Train Accuracy     : nan
Valid Loss     : nan	 | 	Valid Accuracy     : nan

Epoch : 166
Train Loss     : nan	 | 	Train Accuracy     : nan
Valid Loss     : nan	 | 	Valid Accuracy     : nan

Epoch : 167
Train Loss     : nan	 | 	Train Accuracy     : nan
Valid Loss     : nan	 | 	Valid Accuracy     : nan

Epoch : 168
Train Loss     : nan	 | 	Train Accuracy     : nan
Valid Loss     : nan	 | 	Valid Accuracy     : nan

Epoch : 169
Train Loss     : nan	 | 	Train Accuracy     : nan
Valid Loss     : nan	 | 	Valid Accuracy     : nan

Epoch : 170
Train Loss     : nan	 | 	Train Accuracy     : nan
Valid Loss     : nan	 | 	Valid Accuracy     : nan

Epoch : 171
Train Loss     : nan	 | 	Train Accuracy     : nan
Valid Loss     : nan	 | 	Valid Accuracy     : nan

Epoch : 172
Train Loss     : nan	 | 	Train Accuracy     : nan
Valid Loss     : nan	 | 	Valid Accuracy     : nan

Epoch : 173
Train Loss     : nan	 | 	Train Accuracy     : nan
Valid Loss     : nan	 | 	Valid Accuracy     : nan

Epoch : 174
Train Loss     : nan	 | 	Train Accuracy     : nan
Valid Loss     : nan	 | 	Valid Accuracy     : nan

Epoch : 175
Train Loss     : nan	 | 	Train Accuracy     : nan
Valid Loss     : nan	 | 	Valid Accuracy     : nan

Epoch : 176
Train Loss     : nan	 | 	Train Accuracy     : nan
Valid Loss     : nan	 | 	Valid Accuracy     : nan

Epoch : 177
Train Loss     : nan	 | 	Train Accuracy     : nan
Valid Loss     : nan	 | 	Valid Accuracy     : nan

Epoch : 178
Train Loss     : nan	 | 	Train Accuracy     : nan
Valid Loss     : nan	 | 	Valid Accuracy     : nan

Epoch : 179
Train Loss     : nan	 | 	Train Accuracy     : nan
Valid Loss     : nan	 | 	Valid Accuracy     : nan

Epoch : 180
Train Loss     : nan	 | 	Train Accuracy     : nan
Valid Loss     : nan	 | 	Valid Accuracy     : nan

Epoch : 181
Train Loss     : nan	 | 	Train Accuracy     : nan
Valid Loss     : nan	 | 	Valid Accuracy     : nan

Epoch : 182
Train Loss     : nan	 | 	Train Accuracy     : nan
Valid Loss     : nan	 | 	Valid Accuracy     : nan

Epoch : 183
Train Loss     : nan	 | 	Train Accuracy     : nan
Valid Loss     : nan	 | 	Valid Accuracy     : nan

Epoch : 184
Train Loss     : nan	 | 	Train Accuracy     : nan
Valid Loss     : nan	 | 	Valid Accuracy     : nan

Epoch : 185
Train Loss     : nan	 | 	Train Accuracy     : nan
Valid Loss     : nan	 | 	Valid Accuracy     : nan

Epoch : 186
Train Loss     : nan	 | 	Train Accuracy     : nan
Valid Loss     : nan	 | 	Valid Accuracy     : nan

Epoch : 187
Train Loss     : nan	 | 	Train Accuracy     : nan
Valid Loss     : nan	 | 	Valid Accuracy     : nan

Epoch : 188
Train Loss     : nan	 | 	Train Accuracy     : nan
Valid Loss     : nan	 | 	Valid Accuracy     : nan

Epoch : 189
Train Loss     : nan	 | 	Train Accuracy     : nan
Valid Loss     : nan	 | 	Valid Accuracy     : nan

Epoch : 190
Train Loss     : nan	 | 	Train Accuracy     : nan
Valid Loss     : nan	 | 	Valid Accuracy     : nan

Epoch : 191
Train Loss     : nan	 | 	Train Accuracy     : nan
Valid Loss     : nan	 | 	Valid Accuracy     : nan

Epoch : 192
Train Loss     : nan	 | 	Train Accuracy     : nan
Valid Loss     : nan	 | 	Valid Accuracy     : nan

Epoch : 193
Train Loss     : nan	 | 	Train Accuracy     : nan
Valid Loss     : nan	 | 	Valid Accuracy     : nan

Epoch : 194
Train Loss     : nan	 | 	Train Accuracy     : nan
Valid Loss     : nan	 | 	Valid Accuracy     : nan

Epoch : 195
Train Loss     : nan	 | 	Train Accuracy     : nan
Valid Loss     : nan	 | 	Valid Accuracy     : nan

Epoch : 196
Train Loss     : nan	 | 	Train Accuracy     : nan
Valid Loss     : nan	 | 	Valid Accuracy     : nan

Epoch : 197
Train Loss     : nan	 | 	Train Accuracy     : nan
Valid Loss     : nan	 | 	Valid Accuracy     : nan

Epoch : 198
Train Loss     : nan	 | 	Train Accuracy     : nan
Valid Loss     : nan	 | 	Valid Accuracy     : nan

Epoch : 199
Train Loss     : nan	 | 	Train Accuracy     : nan
Valid Loss     : nan	 | 	Valid Accuracy     : nan

Epoch : 200
Train Loss     : nan	 | 	Train Accuracy     : nan
Valid Loss     : nan	 | 	Valid Accuracy     : nan

Evaluate on the Test set:
Test loss      :1.7841	 | Test Accuracy      : 0.1807

################## Training is Done! #########################
Training time is : 0:00:05.093636
